Sun Dec  5 00:42:51 2021       
+-----------------------------------------------------------------------------+
| NVIDIA-SMI 418.87.00    Driver Version: 418.87.00    CUDA Version: 10.1     |
|-------------------------------+----------------------+----------------------+
| GPU  Name        Persistence-M| Bus-Id        Disp.A | Volatile Uncorr. ECC |
| Fan  Temp  Perf  Pwr:Usage/Cap|         Memory-Usage | GPU-Util  Compute M. |
|===============================+======================+======================|
|   0  Tesla V100-PCIE...  On   | 00000000:AF:00.0 Off |                    0 |
| N/A   39C    P0    27W / 250W |      0MiB / 32480MiB |      0%      Default |
+-------------------------------+----------------------+----------------------+
                                                                               
+-----------------------------------------------------------------------------+
| Processes:                                                       GPU Memory |
|  GPU       PID   Type   Process name                             Usage      |
|=============================================================================|
|  No running processes found                                                 |
+-----------------------------------------------------------------------------+
Rank 0 - Image MIDRC-RICORD-1C-419639-003251-46647-0.png - Prediction 2 - Time 23.99844741821289
Rank 1 - Image MIDRC-RICORD-1C-SITE2-000001-16794-0.png - Prediction 2 - Time 28.644143104553223
Rank 4 - Image 7817b551-d220-479b-815f-395f83e1dba1.png - Prediction 1 - Time 30.979480028152466
Rank 2 - Image MIDRC-RICORD-1C-419639-000025-89853-0.png - Prediction 2 - Time 25.208441257476807
Rank 3 - Image 168f4fcb-a87d-49fc-b167-4ed42fd1ec43.png - Prediction 0 - Time 25.419116973876953
Rank 0 - Image MIDRC-RICORD-1C-419639-001464-39871-0.png - Prediction 2 - Time 20.7138352394104
Rank 1 - Image MIDRC-RICORD-1C-419639-001571-15270-0.png - Prediction 2 - Time 20.842361450195312
Rank 4 - Image f743c21e-5876-460b-bbd6-2e2dcca41baa.png - Prediction 1 - Time 20.975465536117554
Rank 2 - Image MIDRC-RICORD-1C-419639-001425-17331-0.png - Prediction 2 - Time 20.542075872421265
Rank 3 - Image a8e3ea7d-0b63-45cf-85d8-1078d3e2449d.png - Prediction 0 - Time 20.660934686660767
Rank 0 - Image MIDRC-RICORD-1C-419639-000918-78965-0.png - Prediction 2 - Time 20.495964527130127
Rank 1 - Image MIDRC-RICORD-1C-419639-001903-65209-0.png - Prediction 2 - Time 20.337031841278076
Rank 4 - Image e1d5a233-39ca-41dc-a289-b07c3e78cdb1.png - Prediction 1 - Time 20.796468257904053
Rank 2 - Image MIDRC-RICORD-1C-440808-000009-08.98-0.png - Prediction 2 - Time 20.771995067596436
Rank 3 - Image f31d1fb1-604b-4fec-b320-f07ce2694008.png - Prediction 0 - Time 20.92677402496338
Rank 0 - Image MIDRC-RICORD-1C-419639-003318-64285-0.png - Prediction 2 - Time 20.725572109222412
Rank 1 - Image MIDRC-RICORD-1C-SITE2-000244-77429-0.png - Prediction 2 - Time 20.959879398345947
Rank 4 - Image 40a2f7fd-342e-494b-a7e0-5857b73ec582.png - Prediction 1 - Time 21.03934097290039
Rank 2 - Image MIDRC-RICORD-1C-419639-000086-21140-0.png - Prediction 2 - Time 21.404357433319092
Rank 3 - Image 069cfd47-0169-43e7-89a1-0be0fa24105b.png - Prediction 0 - Time 21.180662393569946
Rank 0 - Image MIDRC-RICORD-1C-419639-001015-81591-0.png - Prediction 2 - Time 19.32661771774292
Rank 1 - Image MIDRC-RICORD-1C-419639-000582-21506-0.png - Prediction 2 - Time 20.1522057056427
Rank 4 - Image bcdd92c8-2cde-4899-a6fc-46b875aaab62.png - Prediction 1 - Time 20.667341232299805
Rank 2 - Image MIDRC-RICORD-1C-SITE2-000270-57009-0.png - Prediction 2 - Time 19.847016096115112
Rank 3 - Image 85d84453-ab2d-4666-98e6-5df3cbb81f5b.png - Prediction 0 - Time 20.906046867370605
Rank 0 - Image MIDRC-RICORD-1C-SITE2-000265-99793-1.png - Prediction 2 - Time 20.255773544311523
Rank 1 - Image MIDRC-RICORD-1C-419639-002088-09388-0.png - Prediction 2 - Time 20.27124261856079
Rank 4 - Image ac648f87-a79f-4ce0-9439-23a8dd886b71.png - Prediction 1 - Time 21.012274980545044
Rank 2 - Image MIDRC-RICORD-1C-419639-000573-31324-0.png - Prediction 2 - Time 20.057644844055176
Rank 3 - Image 8db71746-e837-43c2-bdf1-c44d1ab207e3.png - Prediction 0 - Time 20.96015453338623
Rank 0 - Image MIDRC-RICORD-1C-SITE2-000159-61155-0.png - Prediction 2 - Time 19.324411392211914
Rank 1 - Image MIDRC-RICORD-1C-419639-002050-25234-0.png - Prediction 2 - Time 20.72530508041382
Rank 4 - Image 93b49de9-9267-43c2-a507-6885e4caeaba.png - Prediction 1 - Time 21.081207752227783
Rank 2 - Image MIDRC-RICORD-1C-SITE2-000154-41630-0.png - Prediction 2 - Time 19.895182132720947
Rank 3 - Image 275f9fff-2439-4f3f-9c48-7c21f348701a.png - Prediction 0 - Time 20.76054072380066
Rank 0 - Image MIDRC-RICORD-1C-419639-003169-42019-0.png - Prediction 0 - Time 19.70365285873413
Rank 1 - Image MIDRC-RICORD-1C-SITE2-000235-44451-0.png - Prediction 2 - Time 20.737547636032104
Rank 4 - Image af2ff93b-2f33-4c91-bde1-1490fc435b50.png - Prediction 1 - Time 20.14753532409668
Rank 2 - Image MIDRC-RICORD-1C-SITE2-000168-32448-0.png - Prediction 2 - Time 20.330881118774414
Rank 3 - Image 1d1968e2-88a5-4d72-9237-caf4cbad9423.png - Prediction 0 - Time 21.05587077140808
Rank 0 - Image MIDRC-RICORD-1C-SITE2-000238-25854-1.png - Prediction 2 - Time 20.874553442001343
Rank 1 - Image MIDRC-RICORD-1C-SITE2-000202-80939-0.png - Prediction 2 - Time 20.625797986984253
Rank 4 - Image 31692137-f770-4cfe-a02e-fd207ce813ac.png - Prediction 1 - Time 20.617775440216064
Rank 2 - Image MIDRC-RICORD-1C-SITE2-000125-08616-1.png - Prediction 2 - Time 21.32683825492859
Rank 3 - Image 07aeb82e-773b-4498-95c0-fabdf4985bb2.png - Prediction 0 - Time 21.104968547821045
Rank 0 - Image MIDRC-RICORD-1C-419639-001464-33260-0.png - Prediction 2 - Time 20.21041250228882
Rank 1 - Image MIDRC-RICORD-1C-419639-003203-21209-0.png - Prediction 0 - Time 20.40556049346924
Rank 4 - Image f7379744-be39-44b2-8816-a743857bd6a6.png - Prediction 1 - Time 20.395894765853882
Rank 2 - Image MIDRC-RICORD-1C-SITE2-000096-37358-0.png - Prediction 2 - Time 21.974680423736572
Rank 0 - Image MIDRC-RICORD-1C-SITE2-000018-55212-0.png - Prediction 2 - Time 18.767874479293823
Rank 3 - Image 652d6bb3-56a0-4a89-9631-684ce27cfc4c.png - Prediction 0 - Time 21.475595712661743
Rank 1 - Image MIDRC-RICORD-1C-419639-000025-90087-1.png - Prediction 2 - Time 20.708078861236572
Rank 4 - Image 3186d210-966f-4733-ba72-98729be9551a.png - Prediction 1 - Time 19.958247900009155
Rank 2 - Image MIDRC-RICORD-1C-SITE2-000221-43774-0.png - Prediction 2 - Time 20.676893949508667
Rank 0 - Image MIDRC-RICORD-1C-419639-000025-50888-0.png - Prediction 2 - Time 20.630526065826416
Rank 3 - Image e155c13d-7ac7-4765-bb86-899349978413.png - Prediction 1 - Time 20.924699306488037
Rank 1 - Image MIDRC-RICORD-1C-SITE2-000136-21646-0.png - Prediction 2 - Time 20.571871995925903
Rank 4 - Image b51c3c24-f9aa-4039-9fc1-527a5567dff6.png - Prediction 1 - Time 19.347355127334595
Rank 2 - Image MIDRC-RICORD-1C-SITE2-000179-48742-0.png - Prediction 2 - Time 21.675783395767212
Rank 3 - Image 98bfaf7a-d80b-491e-a7e0-c5c7316bebe9.png - Prediction 0 - Time 19.93766736984253
Rank 0 - Image MIDRC-RICORD-1C-419639-001288-10277-0.png - Prediction 2 - Time 20.81719207763672
Rank 1 - Image MIDRC-RICORD-1C-SITE2-000153-84142-0.png - Prediction 2 - Time 20.949063301086426
Rank 4 - Image e9e58e10-2795-4dec-a738-c9792ea8f685.png - Prediction 1 - Time 19.592666149139404
Rank 0 - Image MIDRC-RICORD-1C-419639-002757-16718-0.png - Prediction 2 - Time 19.50071382522583
Rank 2 - Image MIDRC-RICORD-1C-SITE2-000176-81030-0.png - Prediction 2 - Time 21.612061738967896
Rank 3 - Image 76b180ab-242f-45d3-bce1-68df00c5ef45.png - Prediction 0 - Time 20.989962100982666
Rank 1 - Image MIDRC-RICORD-1C-419639-003216-61144-0.png - Prediction 2 - Time 20.990580081939697
Rank 4 - Image cd9d2d22-4395-4e4d-8837-cfb33c2bdaab.png - Prediction 1 - Time 20.617117166519165
Rank 0 - Image MIDRC-RICORD-1C-SITE2-000135-64564-1.png - Prediction 2 - Time 20.91928458213806
Rank 2 - Image MIDRC-RICORD-1C-419639-003199-43900-0.png - Prediction 2 - Time 21.158848524093628
Rank 3 - Image 372b2fea-2013-4600-a06f-765c3f054a82.png - Prediction 0 - Time 20.857882738113403
Rank 4 - Image b42eaeb8-b6d3-41d7-836c-56fd0922abf6.png - Prediction 1 - Time 19.185956716537476
Rank 1 - Image MIDRC-RICORD-1C-419639-001464-60601-0.png - Prediction 2 - Time 19.921565055847168
Rank 0 - Image MIDRC-RICORD-1C-SITE2-000147-13199-0.png - Prediction 2 - Time 20.90392756462097
Rank 2 - Image MIDRC-RICORD-1C-419639-003191-84953-0.png - Prediction 2 - Time 20.745490789413452
Rank 3 - Image a52aa522-a1b3-4f15-8609-f44bf96da2e3.png - Prediction 0 - Time 20.07284665107727
Rank 4 - Image ae06b30f-ae30-40d3-b237-c934ce499774.png - Prediction 1 - Time 21.26471209526062
Rank 1 - Image MIDRC-RICORD-1C-419639-003380-99227-0.png - Prediction 2 - Time 21.74304723739624
Rank 0 - Image MIDRC-RICORD-1C-419639-002601-92699-0.png - Prediction 2 - Time 20.33220100402832
Rank 2 - Image MIDRC-RICORD-1C-SITE2-000029-97068-0.png - Prediction 2 - Time 20.876924991607666
Rank 3 - Image 6556ce72-1a60-40aa-aaf7-b50dbf07fae7.png - Prediction 0 - Time 20.982264041900635
Rank 4 - Image f59ae80d-d98e-465f-963a-1064764211f8.png - Prediction 1 - Time 20.193360090255737
Rank 1 - Image MIDRC-RICORD-1C-SITE2-000272-41527-0.png - Prediction 2 - Time 20.913894414901733
Rank 0 - Image MIDRC-RICORD-1C-419639-002310-52924-0.png - Prediction 2 - Time 19.693691730499268
Rank 3 - Image 633d9182-1809-41b7-a59b-1e60ac91f0c9.png - Prediction 0 - Time 20.17991065979004
Rank 2 - Image MIDRC-RICORD-1C-419639-002401-32756-0.png - Prediction 2 - Time 21.2689368724823
Rank 4 - Image 03a9498c-549d-4e7d-800b-e74797f7f625.png - Prediction 1 - Time 20.591330766677856
Rank 1 - Image MIDRC-RICORD-1C-419639-003338-57135-0.png - Prediction 2 - Time 20.399192333221436
Rank 0 - Image MIDRC-RICORD-1C-SITE2-000171-45676-0.png - Prediction 2 - Time 20.73745608329773
Rank 3 - Image fd7bad9a-1bff-49ec-9c6c-c9aae9e65726.png - Prediction 0 - Time 19.548836708068848
Rank 2 - Image MIDRC-RICORD-1C-419639-001762-18334-0.png - Prediction 2 - Time 21.09775447845459
Rank 4 - Image 080f2b35-fcd5-473e-864b-a7dea3054cc7.png - Prediction 1 - Time 20.77937388420105
Rank 1 - Image MIDRC-RICORD-1C-419639-003060-04928-0.png - Prediction 2 - Time 20.93381953239441
Rank 0 - Image MIDRC-RICORD-1C-419639-000025-56001-0.png - Prediction 2 - Time 20.469364404678345
Rank 3 - Image 99432aa3-8d61-4ff2-a79a-f0a0218d6fa2.png - Prediction 0 - Time 20.743658304214478
Rank 2 - Image MIDRC-RICORD-1C-SITE2-000210-51719-0.png - Prediction 2 - Time 20.456578493118286
Rank 4 - Image b479635e-4c58-4d27-879b-fb0e87b2a1aa.png - Prediction 1 - Time 20.566709280014038
Rank 1 - Image MIDRC-RICORD-1C-419639-002889-42412-0.png - Prediction 2 - Time 20.74421525001526
Rank 0 - Image MIDRC-RICORD-1C-419639-003340-85716-0.png - Prediction 2 - Time 20.34855604171753
Rank 3 - Image 34bf2fcd-131a-428c-9a21-cd2fa9041f9b.png - Prediction 0 - Time 20.63707399368286
Rank 2 - Image MIDRC-RICORD-1C-SITE2-000200-97745-0.png - Prediction 2 - Time 21.227538585662842
Rank 4 - Image 86853bbd-5af2-4551-8273-f2978dffdd76.png - Prediction 1 - Time 20.753923416137695
Rank 1 - Image MIDRC-RICORD-1C-SITE2-000106-15732-0.png - Prediction 2 - Time 19.948694944381714
Rank 0 - Image MIDRC-RICORD-1C-419639-003257-00787-0.png - Prediction 2 - Time 20.024067878723145
Rank 3 - Image b5007662-ff9c-49ad-9093-85ed7dc44bf4.png - Prediction 0 - Time 20.723088026046753
Rank 2 - Image MIDRC-RICORD-1C-419639-001374-75990-0.png - Prediction 2 - Time 20.50974202156067
Rank 4 - Image acb5c720-f741-415c-993c-65855be08ffa.png - Prediction 1 - Time 20.85910129547119
Rank 1 - Image MIDRC-RICORD-1C-SITE2-000297-71173-1.png - Prediction 2 - Time 20.261253356933594
Rank 0 - Image MIDRC-RICORD-1C-SITE2-000099-22857-0.png - Prediction 2 - Time 21.0675790309906
Rank 3 - Image 06b2f933-3ea2-4477-ac27-18f732d1f4e1.png - Prediction 0 - Time 21.002309560775757
Rank 2 - Image MIDRC-RICORD-1C-419639-003336-50845-0.png - Prediction 2 - Time 20.78348970413208
Rank 4 - Image 1414c7d6-dff3-453c-8322-b25bb5899d78.png - Prediction 1 - Time 21.402171850204468
Rank 1 - Image MIDRC-RICORD-1C-SITE2-000204-24409-0.png - Prediction 2 - Time 21.075114250183105
Rank 0 - Image MIDRC-RICORD-1C-SITE2-000155-37671-0.png - Prediction 2 - Time 20.647493839263916
Rank 3 - Image c2b24ebd-2c40-48c3-ba39-177224dd7db0.png - Prediction 0 - Time 21.35462188720703
Rank 2 - Image MIDRC-RICORD-1C-419639-002929-69159-0.png - Prediction 2 - Time 21.07584285736084
Rank 4 - Image c3a6ca22-c09b-4be0-a59d-e52718fbb645.png - Prediction 1 - Time 20.629302740097046
Rank 1 - Image MIDRC-RICORD-1C-419639-001464-82193-0.png - Prediction 2 - Time 20.99892020225525
Rank 0 - Image MIDRC-RICORD-1C-419639-000235-89929-0.png - Prediction 2 - Time 20.5899498462677
Rank 3 - Image 63192a6c-02ba-48a5-932a-bb82aeacb1bc.png - Prediction 0 - Time 21.26516842842102
Rank 2 - Image MIDRC-RICORD-1C-SITE2-000120-98054-0.png - Prediction 2 - Time 20.15508270263672
Rank 4 - Image bfd795ae-7656-40fc-b44e-566515e52ed2.png - Prediction 1 - Time 20.33966326713562
Rank 1 - Image MIDRC-RICORD-1C-SITE2-000058-42859-0.png - Prediction 2 - Time 21.566869020462036
Rank 0 - Image MIDRC-RICORD-1C-419639-002376-07504-0.png - Prediction 2 - Time 19.972890615463257
Rank 3 - Image 73dca3d1-5c58-4c72-80a9-201deca7ffec.png - Prediction 0 - Time 19.873225688934326
Rank 2 - Image MIDRC-RICORD-1C-SITE2-000127-30661-0.png - Prediction 2 - Time 21.155022382736206
Rank 4 - Image 098906c5-cf22-43d3-9f0d-90e88e602090.png - Prediction 1 - Time 20.13176965713501
Rank 1 - Image MIDRC-RICORD-1C-SITE2-000149-71428-1.png - Prediction 2 - Time 20.968470335006714
Rank 0 - Image MIDRC-RICORD-1C-419639-001433-28259-0.png - Prediction 2 - Time 19.977730751037598
Rank 3 - Image c485a9bd-6e18-4328-8c5c-cf80f71aa35d.png - Prediction 0 - Time 20.372087955474854
Rank 2 - Image MIDRC-RICORD-1C-SITE2-000206-25871-0.png - Prediction 2 - Time 19.814378023147583
Rank 4 - Image b5714c0f-6d0f-4c56-833f-8b83f19e982a.png - Prediction 1 - Time 20.162649393081665
Rank 1 - Image MIDRC-RICORD-1C-419639-002281-83348-0.png - Prediction 2 - Time 21.17767906188965
Rank 0 - Image MIDRC-RICORD-1C-419639-003116-57702-0.png - Prediction 2 - Time 20.527421712875366
Rank 3 - Image b540ba89-72f7-40f5-a916-376546c20014.png - Prediction 0 - Time 20.11550736427307
Rank 2 - Image MIDRC-RICORD-1C-SITE2-000141-46899-0.png - Prediction 2 - Time 19.886316776275635
Rank 4 - Image 875b34e4-b58d-479f-954a-5b015071f448.png - Prediction 1 - Time 20.41624426841736
Rank 1 - Image MIDRC-RICORD-1C-419639-002733-79941-0.png - Prediction 2 - Time 20.30119252204895
Rank 0 - Image MIDRC-RICORD-1C-419639-001629-03737-0.png - Prediction 2 - Time 21.239280223846436
Rank 3 - Image 33e4e43b-054b-4537-9cd6-0fe574f7d337.png - Prediction 0 - Time 20.78000545501709
Rank 2 - Image MIDRC-RICORD-1C-SITE2-000203-08712-0.png - Prediction 2 - Time 20.583910703659058
Rank 4 - Image 91e187a5-771d-4a83-9601-e22ed326bc8e.png - Prediction 1 - Time 20.902089595794678
Rank 1 - Image MIDRC-RICORD-1C-419639-000025-81112-0.png - Prediction 2 - Time 20.861654043197632
Rank 0 - Image MIDRC-RICORD-1C-SITE2-000211-85940-0.png - Prediction 2 - Time 20.17300581932068
Rank 3 - Image 45dd0d26-0740-4c32-bd01-34246a41f3e3.png - Prediction 0 - Time 20.190077304840088
Rank 2 - Image MIDRC-RICORD-1C-SITE2-000045-76077-0.png - Prediction 2 - Time 19.954033613204956
Rank 4 - Image 3abb7176-035d-46cc-844e-820870e8154b.png - Prediction 1 - Time 21.11723256111145
Rank 1 - Image MIDRC-RICORD-1C-419639-003186-86346-0.png - Prediction 2 - Time 20.726134061813354
Rank 0 - Image MIDRC-RICORD-1C-419639-003027-36839-0.png - Prediction 2 - Time 21.086300373077393
Rank 3 - Image ad446933-fb8e-4739-bb40-2063e796ffd8.png - Prediction 0 - Time 19.667871236801147
Rank 2 - Image MIDRC-RICORD-1C-SITE2-000162-64489-0.png - Prediction 2 - Time 19.53066349029541
Rank 4 - Image 3e4ee273-d5ca-4cf8-a75a-05772e0e12fe.png - Prediction 1 - Time 20.026009798049927
Rank 1 - Image MIDRC-RICORD-1C-SITE2-000237-52517-0.png - Prediction 2 - Time 21.193291425704956
Rank 0 - Image MIDRC-RICORD-1C-419639-003021-81745-0.png - Prediction 2 - Time 20.617259979248047
Rank 3 - Image 5b12801f-aaf7-442e-b994-ec8f15ce78e5.png - Prediction 0 - Time 20.70732808113098
Rank 2 - Image MIDRC-RICORD-1C-419639-001505-21193-0.png - Prediction 2 - Time 20.161357879638672
Rank 4 - Image bd9af100-1805-4e0a-8875-4a4b7195f0d8.png - Prediction 1 - Time 20.78825569152832
Rank 1 - Image MIDRC-RICORD-1C-SITE2-000002-65816-0.png - Prediction 2 - Time 20.02510643005371
Rank 2 - Image MIDRC-RICORD-1C-SITE2-000173-80432-1.png - Prediction 2 - Time 19.276552200317383
Rank 3 - Image 3fe1550e-8bcb-4732-a343-725acce70531.png - Prediction 0 - Time 19.89158034324646
Rank 0 - Image MIDRC-RICORD-1C-419639-003024-14703-0.png - Prediction 2 - Time 20.93998646736145
Rank 4 - Image 6804008c-94eb-4870-ba6e-b06514073e71.png - Prediction 1 - Time 20.06562304496765
Rank 1 - Image MIDRC-RICORD-1C-419639-000025-39552-1.png - Prediction 2 - Time 21.17914652824402
Rank 3 - Image 0bb24183-8b59-48f1-8bbf-4d889976fc82.png - Prediction 0 - Time 19.549697399139404
Rank 2 - Image MIDRC-RICORD-1C-419639-002871-45785-0.png - Prediction 2 - Time 21.4263653755188
Rank 0 - Image MIDRC-RICORD-1C-419639-002724-03387-0.png - Prediction 2 - Time 21.24830675125122
Rank 4 - Image 0d9b1283-fc24-4fd3-a520-bc5d563e13e1.png - Prediction 1 - Time 20.866958141326904
Rank 1 - Image MIDRC-RICORD-1C-419639-000082-79663-0.png - Prediction 2 - Time 20.69080948829651
Rank 3 - Image 02e4191e-fb03-4581-914c-f0438a17e53e.png - Prediction 0 - Time 20.535375595092773
Rank 2 - Image MIDRC-RICORD-1C-SITE2-000220-78771-1.png - Prediction 2 - Time 20.37352180480957
Rank 0 - Image MIDRC-RICORD-1C-419639-001464-32013-0.png - Prediction 2 - Time 21.45287847518921
Rank 4 - Image 0a8d486f-1aa6-4fcf-b7be-4bf04fc8628b.png - Prediction 1 - Time 20.56564712524414
Rank 1 - Image MIDRC-RICORD-1C-SITE2-000094-94497-0.png - Prediction 2 - Time 20.359739065170288
Rank 3 - Image a8dfd068-69e9-4486-bb22-2a04f2f2e1a5.png - Prediction 0 - Time 20.61471199989319
Rank 2 - Image MIDRC-RICORD-1C-419639-001661-28330-1.png - Prediction 2 - Time 20.154622554779053
Rank 0 - Image MIDRC-RICORD-1C-SITE2-000116-25889-1.png - Prediction 2 - Time 20.67014455795288
Rank 4 - Image 37f17069-62ce-42ff-9fa4-d6a1056bd075.png - Prediction 1 - Time 20.566890239715576
Rank 1 - Image MIDRC-RICORD-1C-SITE2-000131-16046-1.png - Prediction 2 - Time 20.737454891204834
Rank 3 - Image 63f71157-7db6-476f-b320-ba2fcbe2543f.png - Prediction 0 - Time 19.55012011528015
Rank 2 - Image MIDRC-RICORD-1C-SITE2-000142-56843-0.png - Prediction 2 - Time 21.053871631622314
Rank 0 - Image MIDRC-RICORD-1C-SITE2-000229-76177-0.png - Prediction 2 - Time 21.42611861228943
Rank 4 - Image 3db7e979-5f97-4985-bf0c-cdea7951e246.png - Prediction 1 - Time 19.80442523956299
Rank 1 - Image MIDRC-RICORD-1C-419639-002309-84923-0.png - Prediction 2 - Time 20.615758657455444
Rank 3 - Image 1cdba4ee-0bb8-421d-9a24-7febeb399729.png - Prediction 0 - Time 20.16010570526123
Rank 2 - Image MIDRC-RICORD-1C-419639-003099-52606-0.png - Prediction 2 - Time 20.6175434589386
Rank 0 - Image MIDRC-RICORD-1C-419639-001222-46073-0.png - Prediction 2 - Time 20.04030179977417
Rank 4 - Image e2e89418-6c0e-4f50-a2d9-6cd5e58feef0.png - Prediction 1 - Time 20.70331048965454
Rank 1 - Image MIDRC-RICORD-1C-419639-002768-13069-0.png - Prediction 2 - Time 21.02145552635193
Rank 3 - Image e1d23cbe-213d-48d6-a8c2-672c4e68285d.png - Prediction 0 - Time 20.449124336242676
Rank 2 - Image MIDRC-RICORD-1C-419639-002463-12463-0.png - Prediction 2 - Time 19.91597080230713
Rank 0 - Image MIDRC-RICORD-1C-419639-003360-73998-0.png - Prediction 2 - Time 20.69866967201233
Rank 4 - Image 393b8e45-6d97-4013-8100-27ebf07a1dad.png - Prediction 1 - Time 20.367104291915894
Rank 1 - Image MIDRC-RICORD-1C-SITE2-000108-12642-0.png - Prediction 2 - Time 20.629364013671875
Rank 3 - Image 4b1cab8a-c9bd-40e6-bc86-23c6be98a099.png - Prediction 0 - Time 21.09642720222473
Rank 2 - Image MIDRC-RICORD-1C-419639-001085-09031-0.png - Prediction 2 - Time 20.423452377319336
Rank 0 - Image MIDRC-RICORD-1C-419639-003334-51353-0.png - Prediction 2 - Time 21.406380891799927
Rank 4 - Image 2348e8ba-483f-476d-b29d-5ba8398d7abc.png - Prediction 1 - Time 20.674325466156006
Rank 1 - Image MIDRC-RICORD-1C-SITE2-000170-25974-1.png - Prediction 2 - Time 20.931161165237427
Rank 3 - Image ec0492da-e6be-49cf-8b18-dc143180f1a2.png - Prediction 0 - Time 21.311148405075073
Rank 2 - Image MIDRC-RICORD-1C-419639-002895-42704-0.png - Prediction 2 - Time 20.681568145751953
Rank 0 - Image MIDRC-RICORD-1C-419639-000538-40522-0.png - Prediction 2 - Time 20.305222034454346
Rank 4 - Image aef87dc2-a097-4683-9fb1-d1af6838a16a.png - Prediction 0 - Time 20.719079732894897
Rank 1 - Image MIDRC-RICORD-1C-SITE2-000097-16347-1.png - Prediction 2 - Time 20.268999338150024
Rank 3 - Image 89dd8f63-8320-48f3-b142-d903f40d5c8c.png - Prediction 0 - Time 20.370293855667114
Rank 2 - Image 47c78742-4998-4878-aec4-37b11b1354ac.png - Prediction 0 - Time 20.131613731384277
Rank 0 - Image MIDRC-RICORD-1C-419639-001735-74702-0.png - Prediction 2 - Time 20.27636432647705
Rank 4 - Image afe1b6e2-203e-4ee5-856a-2f205d8bca2a.png - Prediction 1 - Time 20.606369018554688
Rank 1 - Image MIDRC-RICORD-1C-419639-002043-49668-0.png - Prediction 2 - Time 20.987157106399536
Rank 3 - Image b76728e6-f44b-40bf-8688-e703d10d2039.png - Prediction 0 - Time 21.19690227508545
Rank 2 - Image 8989e25c-a698-48fc-b428-fff56931fc8f.png - Prediction 0 - Time 20.472930669784546
Rank 0 - Image MIDRC-RICORD-1C-419639-000299-56159-0.png - Prediction 2 - Time 21.256184101104736
Rank 4 - Image 3d070009-c877-4ed4-ac80-53781cb30fef.png - Prediction 1 - Time 21.46313714981079
Rank 1 - Image MIDRC-RICORD-1C-419639-000785-60200-0.png - Prediction 2 - Time 20.747109174728394
Rank 3 - Image d9884def-b31a-4861-9eea-27f97bffeba2.png - Prediction 0 - Time 19.685922861099243
Rank 2 - Image 7fb3786c-5045-4a90-981d-c55b53d4d5d3.png - Prediction 0 - Time 21.17372179031372
Rank 0 - Image MIDRC-RICORD-1C-SITE2-000178-89752-0.png - Prediction 2 - Time 21.115204572677612
Rank 4 - Image 34fbff70-fa6e-4709-ab07-17f739fce394.png - Prediction 1 - Time 20.77712392807007
Rank 1 - Image MIDRC-RICORD-1C-SITE2-000035-19513-0.png - Prediction 2 - Time 20.434133768081665
Rank 3 - Image ffba6230-71cf-4287-a0d1-887f5d16e95d.png - Prediction 0 - Time 20.449860334396362
Rank 2 - Image 766b8aea-3b43-4a34-b675-09f373ca066b.png - Prediction 0 - Time 21.250651597976685
Rank 0 - Image MIDRC-RICORD-1C-419639-001287-60951-0.png - Prediction 2 - Time 20.766326904296875
Rank 4 - Image 2c68016e-5a63-4430-a834-efe5d43edd0e.png - Prediction 1 - Time 20.6471209526062
Rank 1 - Image MIDRC-RICORD-1C-419639-001155-71955-0.png - Prediction 2 - Time 20.512938022613525
Rank 3 - Image f3b015ab-e337-4e7f-971d-eb7cc3dd4e92.png - Prediction 0 - Time 20.36109972000122
Rank 2 - Image f6236cb5-cc36-4ec4-895c-d11ce043341d.png - Prediction 0 - Time 21.008361339569092
Rank 0 - Image MIDRC-RICORD-1C-SITE2-000182-35476-0.png - Prediction 2 - Time 20.91081690788269
Rank 4 - Image 8ae822ae-a656-47ba-ac5b-848ce2256575.png - Prediction 1 - Time 20.759212255477905
Rank 1 - Image MIDRC-RICORD-1C-SITE2-000207-20956-0.png - Prediction 2 - Time 20.838488340377808
Rank 3 - Image bca4aa4d-0cc9-4cc0-b06d-5b675194bf62.png - Prediction 0 - Time 20.705214738845825
Rank 2 - Image 153b7c2b-4909-4dca-8579-9523582bc4fe.png - Prediction 0 - Time 21.448906183242798
Rank 0 - Image MIDRC-RICORD-1C-419639-000025-17477-0.png - Prediction 2 - Time 20.08229088783264
Rank 4 - Image f661fe70-2fc1-4564-9f53-45504c0b0688.png - Prediction 1 - Time 20.792145013809204
Rank 1 - Image MIDRC-RICORD-1C-419639-002472-45590-0.png - Prediction 2 - Time 19.624032735824585
Rank 3 - Image 9e2ddac8-9a4c-448b-98c8-a840a548d0f7.png - Prediction 0 - Time 19.848133087158203
Rank 2 - Image 1afd6582-da9d-4e5a-a81f-62a188fe9366.png - Prediction 0 - Time 21.36534309387207
Rank 0 - Image MIDRC-RICORD-1C-419639-002528-57471-0.png - Prediction 2 - Time 20.75680947303772
Rank 4 - Image 78c33a1a-8f22-476c-ae97-8190192102df.png - Prediction 1 - Time 19.471322774887085
Rank 1 - Image MIDRC-RICORD-1C-419639-002114-73757-0.png - Prediction 2 - Time 20.398366928100586
Rank 3 - Image fc958b63-5da8-448d-8962-3c5167dc9410.png - Prediction 0 - Time 20.101637601852417
Rank 2 - Image 85bb48fe-e6d6-47de-bb71-d1636aced7dc.png - Prediction 0 - Time 19.80844497680664
Rank 0 - Image MIDRC-RICORD-1C-419639-001932-82193-0.png - Prediction 2 - Time 21.349942445755005
Rank 4 - Image 652b519d-5eb4-4abc-93f7-15ae661a431f.png - Prediction 1 - Time 20.475335836410522
Rank 1 - Image MIDRC-RICORD-1C-419639-002997-12964-0.png - Prediction 2 - Time 20.821285486221313
Rank 3 - Image cb7d021b-b273-436a-bd7a-e68c11ed3f6b.png - Prediction 0 - Time 20.473700761795044
Rank 2 - Image eaeb935a-7294-4dd3-8bf5-73ba781d28af.png - Prediction 0 - Time 19.639816522598267
Rank 0 - Image MIDRC-RICORD-1C-419639-000002-10161-0.png - Prediction 2 - Time 21.663485050201416
Rank 4 - Image 2397b2f6-3dfa-476c-89ea-e9992c5bd9a9.png - Prediction 1 - Time 19.285839080810547
Rank 3 - Image ff332704-48e0-445b-9188-b2a696d1f0d7.png - Prediction 0 - Time 20.12506127357483
Rank 1 - Image MIDRC-RICORD-1C-419639-001464-73170-0.png - Prediction 2 - Time 20.75156259536743
Rank 2 - Image 5f137fa7-6539-499e-b0d5-0e481221bf5a.png - Prediction 1 - Time 20.50908875465393
Rank 0 - Image MIDRC-RICORD-1C-419639-001464-72163-0.png - Prediction 2 - Time 20.997767686843872
Rank 4 - Image ac10f43e-03b8-43d2-bcae-6fe000542397.png - Prediction 0 - Time 20.910645484924316
Rank 3 - Image 3e1b619a-cdd9-495a-bcbf-a9d62b418991.png - Prediction 0 - Time 19.939189195632935
Rank 1 - Image MIDRC-RICORD-1C-419639-003102-68604-0.png - Prediction 2 - Time 20.197110652923584
Rank 2 - Image b5234584-1487-492c-8742-444b9ca41c3d.png - Prediction 0 - Time 19.515584230422974
Rank 0 - Image MIDRC-RICORD-1C-SITE2-000239-21655-0.png - Prediction 2 - Time 21.285901069641113
Rank 4 - Image 3c8cc0d1-be7f-493d-9570-542d851f623b.png - Prediction 1 - Time 20.76335096359253
Rank 3 - Image 0977f16c-c343-42c9-95ed-d7ca996feb16.png - Prediction 1 - Time 20.079863786697388
Rank 1 - Image MIDRC-RICORD-1C-419639-001464-63464-0.png - Prediction 2 - Time 20.580739736557007
Rank 2 - Image 71d8d6ec-253b-4272-a467-311828b2a35b.png - Prediction 0 - Time 19.623541593551636
Rank 0 - Image MIDRC-RICORD-1C-419639-003371-97350-0.png - Prediction 2 - Time 21.57004404067993
Rank 4 - Image 6565a9e6-3f01-4de8-a18d-ade3121c5d7c.png - Prediction 1 - Time 20.903351068496704
Rank 3 - Image f8a11cd6-e541-4765-a41b-3d70b6f3481e.png - Prediction 0 - Time 20.502711296081543
Rank 1 - Image MIDRC-RICORD-1C-419639-001603-23454-0.png - Prediction 2 - Time 21.057512521743774
Rank 2 - Image 0103fadb-1663-40a6-8a9e-09d626cd2091.png - Prediction 0 - Time 20.996214628219604
Rank 0 - Image MIDRC-RICORD-1C-419639-000432-86017-0.png - Prediction 2 - Time 21.242968320846558
Rank 4 - Image ed0c5d1e-934a-4e31-9221-3a6a69ec9c1b.png - Prediction 1 - Time 20.22950053215027
Rank 3 - Image 960131aa-4ce4-4b26-aa12-5f73d8d81453.png - Prediction 0 - Time 19.809410333633423
Rank 1 - Image MIDRC-RICORD-1C-419639-000025-39552-0.png - Prediction 2 - Time 19.90767192840576
Rank 2 - Image e4cd65ae-65de-44fc-a6b2-ebbc46d2e8d8.png - Prediction 0 - Time 20.125558137893677
Rank 0 - Image MIDRC-RICORD-1C-419639-001007-89903-0.png - Prediction 2 - Time 21.1552517414093
Rank 4 - Image 4bc8ce99-2420-48c2-a768-d067da67ced2.png - Prediction 1 - Time 20.294858694076538
Rank 3 - Image 3a5327d8-8830-4ae2-bd6b-293f5aa42d4b.png - Prediction 0 - Time 20.73244047164917
Rank 1 - Image MIDRC-RICORD-1C-SITE2-000291-42841-0.png - Prediction 2 - Time 21.057520627975464
Rank 2 - Image 2f8fbfdc-56db-4eca-bf64-3c9a0637e28c.png - Prediction 0 - Time 19.48694658279419
Rank 0 - Image MIDRC-RICORD-1C-419639-001464-39871-1.png - Prediction 2 - Time 20.70677661895752
Rank 4 - Image 6df82c7a-a91e-487c-ae3a-9022b17d7c7a.png - Prediction 1 - Time 20.275661945343018
Rank 3 - Image a0b9597d-93f4-4a7c-a412-81cb78bccb66.png - Prediction 0 - Time 20.013381958007812
Rank 1 - Image MIDRC-RICORD-1C-419639-001782-15190-0.png - Prediction 2 - Time 20.679691791534424
Rank 2 - Image bc46651a-1314-44af-a834-1eb8a36e589e.png - Prediction 0 - Time 19.969409465789795
Rank 0 - Image MIDRC-RICORD-1C-419639-002374-98411-0.png - Prediction 2 - Time 20.851703882217407
Rank 4 - Image a6c364d2-b2d6-4b0b-a439-40b992ff65c7.png - Prediction 1 - Time 20.26512622833252
Rank 3 - Image cdac0980-033c-4685-b7e4-0a12c86a00a9.png - Prediction 0 - Time 20.652063131332397
Rank 2 - Image 71d25920-4060-4a31-b7aa-cfbf4721a5c5.png - Prediction 0 - Time 20.141822814941406
Rank 1 - Image MIDRC-RICORD-1C-SITE2-000279-56879-0.png - Prediction 2 - Time 21.26199221611023
Rank 0 - Image MIDRC-RICORD-1C-SITE2-000028-53390-0.png - Prediction 2 - Time 20.220443725585938
Rank 4 - Image 32a5977f-f8ab-41c9-9b51-5387248e4675.png - Prediction 0 - Time 20.80506730079651
Rank 3 - Image 7ca5c75a-1ec6-49a7-a3b0-93b6122a3170.png - Prediction 0 - Time 21.07382321357727
Rank 1 - Image MIDRC-RICORD-1C-SITE2-000067-11643-0.png - Prediction 2 - Time 20.181859254837036
Rank 2 - Image ca3c90e4-f7fe-4f6e-b20b-81473deab4f0.png - Prediction 0 - Time 21.456108570098877
Rank 0 - Image MIDRC-RICORD-1C-419639-001070-42385-0.png - Prediction 2 - Time 20.361579656600952
Rank 4 - Image c3751c94-ea6f-4a7c-b3bf-87a54012fa80.png - Prediction 0 - Time 20.54770302772522
Rank 3 - Image d1e0d69c-a4df-485a-983c-535494221d1a.png - Prediction 0 - Time 20.94684863090515
Rank 1 - Image MIDRC-RICORD-1C-SITE2-000015-91071-0.png - Prediction 2 - Time 20.80001187324524
Rank 2 - Image dab2f334-331c-42c7-af09-a997092464b0.png - Prediction 1 - Time 20.315895318984985
Rank 0 - Image MIDRC-RICORD-1C-SITE2-000283-41971-0.png - Prediction 2 - Time 20.814515352249146
Rank 4 - Image 1c0a780d-1cac-4eee-b46d-470ecebc9ae0.png - Prediction 1 - Time 20.0634126663208
Rank 3 - Image 6b969591-8a07-49ed-9f65-fa19a453df59.png - Prediction 1 - Time 20.61397695541382
Rank 2 - Image 436dce2a-06c3-4281-bb8e-840497a49381.png - Prediction 1 - Time 19.237160444259644
Rank 1 - Image MIDRC-RICORD-1C-440808-000016-8.281-0.png - Prediction 0 - Time 20.58043360710144
Rank 0 - Image MIDRC-RICORD-1C-SITE2-000023-20254-0.png - Prediction 2 - Time 20.23660945892334
Rank 4 - Image b852bc3c-0de5-4448-aff8-f96b2cc13d51.png - Prediction 1 - Time 20.76236391067505
Rank 2 - Image af6ef3d9-81c8-434e-bc5a-dbf89bc418aa.png - Prediction 0 - Time 19.646129608154297
Rank 3 - Image bd8facb9-dce0-4048-8249-e6078b28e1b7.png - Prediction 1 - Time 20.92132329940796
Rank 1 - Image MIDRC-RICORD-1C-419639-001829-30276-0.png - Prediction 2 - Time 21.13192629814148
Rank 0 - Image MIDRC-RICORD-1C-SITE2-000181-63935-0.png - Prediction 2 - Time 20.808128356933594
Rank 4 - Image a2616330-1f29-4019-928f-e2d62b3b737b.png - Prediction 1 - Time 20.10844326019287
Rank 3 - Image 4dbc44ca-694a-4814-9a24-bc60c8d8d611.png - Prediction 1 - Time 19.125823974609375
Rank 2 - Image a7aef71b-0fc8-4837-be79-4ced56e03439.png - Prediction 0 - Time 20.101825952529907
Rank 1 - Image MIDRC-RICORD-1C-419639-000025-53641-0.png - Prediction 2 - Time 20.82704758644104
Rank 0 - Image MIDRC-RICORD-1C-419639-003105-50900-0.png - Prediction 2 - Time 20.51404118537903
Rank 4 - Image a6236ddd-6367-4569-b5f1-07d2df9390ad.png - Prediction 1 - Time 20.334052801132202
Rank 3 - Image 3f504abe-2133-4e09-98af-743cdea486f9.png - Prediction 1 - Time 20.664968013763428
Rank 2 - Image dfa57c1f-01fb-4417-a1b5-0641a9b4bb84.png - Prediction 0 - Time 21.14774775505066
Rank 1 - Image MIDRC-RICORD-1C-SITE2-000124-65701-0.png - Prediction 2 - Time 22.03764510154724
Rank 4 - Image b8d6b40d-2a3d-475f-88d3-03560f645223.png - Prediction 1 - Time 19.81375002861023
Rank 0 - Image MIDRC-RICORD-1C-SITE2-000185-39456-0.png - Prediction 2 - Time 20.632044315338135
Rank 3 - Image af169d21-1c39-445e-82d8-5035182a3a8c.png - Prediction 1 - Time 20.27926206588745
Rank 2 - Image 5eb932e2-3455-40fe-93db-ae44f897d9e0.png - Prediction 0 - Time 20.660205841064453
Rank 1 - Image MIDRC-RICORD-1C-419639-001464-85049-0.png - Prediction 2 - Time 21.760856866836548
Rank 4 - Image 49b2fb17-b12c-4e5a-8c4a-02449027c42b.png - Prediction 1 - Time 20.226475715637207
Rank 0 - Image MIDRC-RICORD-1C-419639-003187-73922-0.png - Prediction 2 - Time 20.43127942085266
Rank 3 - Image fcd159f4-21d3-4169-a94b-95a2b5ccddcb.png - Prediction 1 - Time 20.09755802154541
Rank 2 - Image e8485b0f-293d-4ca8-8b71-92db61c8ee3e.png - Prediction 0 - Time 19.941988229751587
Rank 1 - Image MIDRC-RICORD-1C-419639-000025-90087-0.png - Prediction 2 - Time 21.684311151504517
Rank 0 - Image MIDRC-RICORD-1C-SITE2-000066-97290-0.png - Prediction 2 - Time 19.76126003265381
Rank 4 - Image 3766b0a6-1769-4d82-b081-fa53531de34e.png - Prediction 1 - Time 20.373482704162598
Rank 3 - Image b6db3041-1554-43ef-baca-58733b6717d6.png - Prediction 0 - Time 20.135167360305786
Rank 2 - Image 35cda03a-0898-4f8b-92d3-6f263aed23ff.png - Prediction 0 - Time 19.417827367782593
Rank 1 - Image MIDRC-RICORD-1C-SITE2-000098-66227-0.png - Prediction 2 - Time 20.95709729194641
Rank 4 - Image f12d7b12-0398-4533-8f55-8772cc434945.png - Prediction 1 - Time 20.54059338569641
Rank 0 - Image MIDRC-RICORD-1C-SITE2-000105-65881-0.png - Prediction 2 - Time 20.572088479995728
Rank 3 - Image a0a8370a-dc3f-4f70-a440-e3fa9827928a.png - Prediction 1 - Time 19.665464878082275
Rank 2 - Image d82e5841-2f43-4eab-ac17-e98a2d90c51b.png - Prediction 0 - Time 20.195246696472168
Rank 1 - Image MIDRC-RICORD-1C-SITE2-000188-54382-0.png - Prediction 2 - Time 21.070123434066772
Rank 4 - Image 0b7a4fb2-adab-484b-a0f7-23f5111bc745.png - Prediction 1 - Time 20.803430318832397
Rank 0 - Image MIDRC-RICORD-1C-419639-003080-09097-0.png - Prediction 2 - Time 21.112614393234253
Rank 3 - Image 1dad3414-88c9-4c56-af5d-3a1488af452c.png - Prediction 1 - Time 19.700199842453003
Rank 2 - Image af1d168c-4850-41e1-85b8-ff8fc645e671.png - Prediction 0 - Time 20.7451913356781
Rank 1 - Image MIDRC-RICORD-1C-SITE2-000072-79474-0.png - Prediction 2 - Time 21.35031509399414
Rank 4 - Image 1565fd6c-9432-454a-87e4-937fd5ad5b60.png - Prediction 1 - Time 20.36000919342041
Rank 0 - Image MIDRC-RICORD-1C-SITE2-000230-35167-0.png - Prediction 2 - Time 20.184067964553833
Rank 3 - Image f760c946-a103-4991-a6e5-ff60c24cd99f.png - Prediction 1 - Time 20.284807920455933
Rank 2 - Image 585f5059-8938-4885-accb-d7d0b1097c60.png - Prediction 0 - Time 20.2247576713562
Rank 1 - Image MIDRC-RICORD-1C-419639-001882-13628-0.png - Prediction 2 - Time 20.70944833755493
Rank 4 - Image 02002619-3dea-4038-8d4d-458db30ed8de.png - Prediction 1 - Time 21.280213832855225
Rank 0 - Image MIDRC-RICORD-1C-419639-003365-72952-0.png - Prediction 2 - Time 21.444331169128418
Rank 3 - Image b021293c-4dd0-450c-b1a4-2d72cedab0a2.png - Prediction 1 - Time 19.729508638381958
Rank 2 - Image 5d4c7318-4739-4470-89f3-70bbbca95f10.png - Prediction 0 - Time 20.71650767326355
Rank 1 - Image MIDRC-RICORD-1C-419639-000402-60433-0.png - Prediction 2 - Time 21.128944635391235
Rank 0 - Image MIDRC-RICORD-1C-SITE2-000208-34584-0.png - Prediction 2 - Time 19.503079652786255
Rank 4 - Image becefa4b-f719-48c6-a903-85e391e026a4.png - Prediction 1 - Time 20.58497667312622
Rank 3 - Image 349f10b4-dc3e-4f3f-b2e4-a5b81448ce87.png - Prediction 1 - Time 19.796935319900513
Rank 2 - Image d3ad2915-af30-426c-ad2d-1634df8c1b5f.png - Prediction 0 - Time 21.50542688369751
Rank 1 - Image MIDRC-RICORD-1C-440808-000019-8.433-0.png - Prediction 1 - Time 21.186097621917725
Rank 4 - Image 3f2b878e-9e3b-410b-a739-b43d81b98692.png - Prediction 1 - Time 19.56591510772705
Rank 3 - Image 05d3817a-5535-4e77-8dda-d4412e496c81.png - Prediction 1 - Time 19.45248508453369
Rank 0 - Image MIDRC-RICORD-1C-419639-001464-53024-0.png - Prediction 2 - Time 21.382290840148926
Rank 2 - Image dee054ff-0e1a-4167-b814-cbf339cf689c.png - Prediction 0 - Time 21.48512053489685
Rank 1 - Image MIDRC-RICORD-1C-419639-003319-99931-0.png - Prediction 2 - Time 21.242029905319214
Rank 4 - Image adce8349-6836-4328-ab63-f356d0bbe298.png - Prediction 1 - Time 20.96875023841858
Rank 3 - Image c21157da-1f74-4966-ba4e-c144d8f5da2d.png - Prediction 1 - Time 20.53236722946167
Rank 0 - Image MIDRC-RICORD-1C-419639-003157-67493-0.png - Prediction 2 - Time 21.3583242893219
Rank 2 - Image bb068d57-86a8-4347-bee0-e29d59ddef6b.png - Prediction 0 - Time 20.057685613632202
Rank 1 - Image MIDRC-RICORD-1C-SITE2-000217-73086-0.png - Prediction 2 - Time 21.070239543914795
Rank 3 - Image 5acc56a4-1b6e-4394-9364-9772047d583f.png - Prediction 1 - Time 19.517102241516113
Rank 4 - Image 854fee36-d54c-4cde-904d-ab77f5e2e091.png - Prediction 1 - Time 20.87559461593628
Rank 0 - Image MIDRC-RICORD-1C-SITE2-000048-66689-0.png - Prediction 2 - Time 21.048580169677734
Rank 2 - Image 354c3756-43ed-4921-adf8-60be49a8b7e8.png - Prediction 0 - Time 20.442494869232178
Rank 1 - Image MIDRC-RICORD-1C-419639-000586-49647-0.png - Prediction 2 - Time 20.409680366516113
Rank 3 - Image dd4d6a4c-1e67-4911-bda2-7d8af75b1b19.png - Prediction 1 - Time 19.42296314239502
Rank 4 - Image baf8fe18-a7ca-4e9c-b3dc-5c80d474545b.png - Prediction 1 - Time 20.852754592895508
Rank 0 - Image MIDRC-RICORD-1C-440808-000020-8.458-0.png - Prediction 2 - Time 20.628780126571655
Rank 2 - Image b8dd7d32-b177-4d1e-982f-6f0a743828fa.png - Prediction 0 - Time 20.543444633483887
Rank 3 - Image f0ba0019-718f-4677-a723-05c27dba2f3e.png - Prediction 1 - Time 20.52643918991089
Rank 1 - Image MIDRC-RICORD-1C-SITE2-000115-40758-0.png - Prediction 2 - Time 21.244267225265503
Rank 4 - Image a77b32f6-1999-4cc6-8a0d-1ef7e53850f0.png - Prediction 1 - Time 21.147881507873535
Rank 0 - Image MIDRC-RICORD-1C-SITE2-000034-76728-1.png - Prediction 2 - Time 20.96993851661682
Rank 2 - Image a17f7e03-42a6-41d3-82ad-d8a656826936.png - Prediction 0 - Time 21.0976779460907
Rank 3 - Image cc3177c8-6570-497c-aef3-6fbddef692f6.png - Prediction 1 - Time 19.53022074699402
Rank 1 - Image MIDRC-RICORD-1C-419639-000025-56207-0.png - Prediction 2 - Time 21.164129495620728
Rank 4 - Image 41bf2042-53a2-44a8-9a29-55e643af5ac0.png - Prediction 1 - Time 20.472572088241577
Rank 0 - Image MIDRC-RICORD-1C-419639-002784-76664-0.png - Prediction 0 - Time 19.821216344833374
Rank 2 - Image c3c78e4e-1a31-4a92-be4b-0fc3c7f992a4.png - Prediction 0 - Time 20.270657777786255
Rank 3 - Image 0e03c2d7-9cea-4dc7-8e91-794a8b3ff58d.png - Prediction 1 - Time 19.710998058319092
Rank 1 - Image MIDRC-RICORD-1C-419639-001699-69345-0.png - Prediction 2 - Time 20.820389986038208
Rank 4 - Image ec09ddb3-9b0b-4749-9e0d-f94a4a7e5fed.png - Prediction 1 - Time 20.461042881011963
Rank 0 - Image MIDRC-RICORD-1C-SITE2-000014-81802-0.png - Prediction 2 - Time 21.100263833999634
Rank 2 - Image f1c8caa2-a6dc-40c0-ab85-4769688f1eec.png - Prediction 0 - Time 20.661921739578247
Rank 3 - Image 070c921f-171c-420c-915b-e49e3f600c38.png - Prediction 1 - Time 20.78579354286194
Rank 1 - Image MIDRC-RICORD-1C-SITE2-000003-00527-0.png - Prediction 2 - Time 20.88474941253662
Rank 4 - Image abff4044-3c0a-458f-b0c7-04254be7fc0c.png - Prediction 1 - Time 20.801339626312256
Rank 0 - Image MIDRC-RICORD-1C-SITE2-000068-39061-0.png - Prediction 2 - Time 20.18429446220398
Rank 2 - Image d535a3c8-c4a4-4856-b5cd-17f6332eac8b.png - Prediction 0 - Time 20.80785894393921
Rank 3 - Image caa545b4-4eea-4e3a-90b1-c4c0789a1109.png - Prediction 1 - Time 20.846198081970215
Rank 1 - Image MIDRC-RICORD-1C-419639-003232-50592-0.png - Prediction 2 - Time 21.027162790298462
Rank 4 - Image 27b32500-40ef-4c14-ab88-ace5e9ceea27.png - Prediction 1 - Time 20.53544783592224
Rank 0 - Image MIDRC-RICORD-1C-419639-000025-84235-0.png - Prediction 2 - Time 20.428033351898193
Rank 2 - Image 2ed06be4-9f0e-4256-b8bf-a4b396cc6364.png - Prediction 0 - Time 20.261080026626587
Rank 1 - Image MIDRC-RICORD-1C-419639-000025-04760-0.png - Prediction 2 - Time 21.00778341293335
Rank 0 - gathering data of length: 5
Created csv file: /p/project/joaiml/ingolfsson1/COVID_Net/results/covidx_test_5_480_1671.csv
Total inference time: 1671.502429008484
