Sun Dec  5 13:57:09 2021       
+-----------------------------------------------------------------------------+
| NVIDIA-SMI 418.87.00    Driver Version: 418.87.00    CUDA Version: 10.1     |
|-------------------------------+----------------------+----------------------+
| GPU  Name        Persistence-M| Bus-Id        Disp.A | Volatile Uncorr. ECC |
| Fan  Temp  Perf  Pwr:Usage/Cap|         Memory-Usage | GPU-Util  Compute M. |
|===============================+======================+======================|
|   0  Tesla V100-PCIE...  On   | 00000000:AF:00.0 Off |                    0 |
| N/A   47C    P0    29W / 250W |      0MiB / 32480MiB |      0%      Default |
+-------------------------------+----------------------+----------------------+
                                                                               
+-----------------------------------------------------------------------------+
| Processes:                                                       GPU Memory |
|  GPU       PID   Type   Process name                             Usage      |
|=============================================================================|
|  No running processes found                                                 |
+-----------------------------------------------------------------------------+
Rank 0 - Image MIDRC-RICORD-1C-419639-003251-46647-0.png - Prediction 2 - Time 23.497467279434204
Rank 1 - Image MIDRC-RICORD-1C-SITE2-000106-15732-0.png - Prediction 2 - Time 23.703311920166016
Rank 2 - Image 47c78742-4998-4878-aec4-37b11b1354ac.png - Prediction 0 - Time 23.996403455734253
Rank 3 - Image bd8facb9-dce0-4048-8249-e6078b28e1b7.png - Prediction 1 - Time 24.16061568260193
Rank 2 - Image 8989e25c-a698-48fc-b428-fff56931fc8f.png - Prediction 0 - Time 19.468042373657227
Rank 1 - Image MIDRC-RICORD-1C-SITE2-000297-71173-1.png - Prediction 2 - Time 19.778347730636597
Rank 0 - Image MIDRC-RICORD-1C-419639-001464-39871-0.png - Prediction 2 - Time 20.53449034690857
Rank 3 - Image 4dbc44ca-694a-4814-9a24-bc60c8d8d611.png - Prediction 1 - Time 20.510383129119873
Rank 1 - Image MIDRC-RICORD-1C-SITE2-000204-24409-0.png - Prediction 2 - Time 19.08902645111084
Rank 2 - Image 7fb3786c-5045-4a90-981d-c55b53d4d5d3.png - Prediction 0 - Time 20.502607822418213
Rank 3 - Image 3f504abe-2133-4e09-98af-743cdea486f9.png - Prediction 1 - Time 20.00487494468689
Rank 0 - Image MIDRC-RICORD-1C-419639-000918-78965-0.png - Prediction 2 - Time 20.670382261276245
Rank 1 - Image MIDRC-RICORD-1C-419639-001464-82193-0.png - Prediction 2 - Time 19.474212646484375
Rank 2 - Image 766b8aea-3b43-4a34-b675-09f373ca066b.png - Prediction 0 - Time 20.589617013931274
Rank 0 - Image MIDRC-RICORD-1C-419639-003318-64285-0.png - Prediction 2 - Time 20.85675811767578
Rank 3 - Image af169d21-1c39-445e-82d8-5035182a3a8c.png - Prediction 1 - Time 21.266703844070435
Rank 1 - Image MIDRC-RICORD-1C-SITE2-000058-42859-0.png - Prediction 2 - Time 19.143961191177368
Rank 2 - Image f6236cb5-cc36-4ec4-895c-d11ce043341d.png - Prediction 0 - Time 20.71462392807007
Rank 0 - Image MIDRC-RICORD-1C-419639-001015-81591-0.png - Prediction 2 - Time 20.330998420715332
Rank 3 - Image fcd159f4-21d3-4169-a94b-95a2b5ccddcb.png - Prediction 1 - Time 20.02713656425476
Rank 1 - Image MIDRC-RICORD-1C-SITE2-000149-71428-1.png - Prediction 2 - Time 19.255024671554565
Rank 3 - Image b6db3041-1554-43ef-baca-58733b6717d6.png - Prediction 0 - Time 20.260578393936157
Rank 2 - Image 153b7c2b-4909-4dca-8579-9523582bc4fe.png - Prediction 0 - Time 20.977707147598267
Rank 0 - Image MIDRC-RICORD-1C-SITE2-000265-99793-1.png - Prediction 2 - Time 20.60518455505371
Rank 1 - Image MIDRC-RICORD-1C-419639-002281-83348-0.png - Prediction 2 - Time 19.32066559791565
Rank 2 - Image 1afd6582-da9d-4e5a-a81f-62a188fe9366.png - Prediction 0 - Time 20.385459661483765
Rank 3 - Image a0a8370a-dc3f-4f70-a440-e3fa9827928a.png - Prediction 1 - Time 20.48216962814331
Rank 0 - Image MIDRC-RICORD-1C-SITE2-000159-61155-0.png - Prediction 2 - Time 21.766499042510986
Rank 1 - Image MIDRC-RICORD-1C-419639-002733-79941-0.png - Prediction 2 - Time 19.401708126068115
Rank 2 - Image 85bb48fe-e6d6-47de-bb71-d1636aced7dc.png - Prediction 0 - Time 20.27667737007141
Rank 3 - Image 1dad3414-88c9-4c56-af5d-3a1488af452c.png - Prediction 1 - Time 20.591163396835327
Rank 0 - Image MIDRC-RICORD-1C-419639-003169-42019-0.png - Prediction 0 - Time 20.80845808982849
Rank 1 - Image MIDRC-RICORD-1C-419639-000025-81112-0.png - Prediction 2 - Time 19.073328256607056
Rank 2 - Image eaeb935a-7294-4dd3-8bf5-73ba781d28af.png - Prediction 0 - Time 20.261816024780273
Rank 3 - Image f760c946-a103-4991-a6e5-ff60c24cd99f.png - Prediction 1 - Time 20.12116813659668
Rank 0 - Image MIDRC-RICORD-1C-SITE2-000238-25854-1.png - Prediction 2 - Time 20.305058002471924
Rank 1 - Image MIDRC-RICORD-1C-419639-003186-86346-0.png - Prediction 2 - Time 19.412642240524292
Rank 3 - Image b021293c-4dd0-450c-b1a4-2d72cedab0a2.png - Prediction 1 - Time 20.74948525428772
Rank 2 - Image 5f137fa7-6539-499e-b0d5-0e481221bf5a.png - Prediction 1 - Time 21.278137922286987
Rank 0 - Image MIDRC-RICORD-1C-419639-001464-33260-0.png - Prediction 2 - Time 21.068872690200806
Rank 1 - Image MIDRC-RICORD-1C-SITE2-000237-52517-0.png - Prediction 2 - Time 19.088310480117798
Rank 3 - Image 349f10b4-dc3e-4f3f-b2e4-a5b81448ce87.png - Prediction 1 - Time 20.52949285507202
Rank 2 - Image b5234584-1487-492c-8742-444b9ca41c3d.png - Prediction 0 - Time 20.598514080047607
Rank 0 - Image MIDRC-RICORD-1C-SITE2-000018-55212-0.png - Prediction 2 - Time 20.197574853897095
Rank 1 - Image MIDRC-RICORD-1C-SITE2-000002-65816-0.png - Prediction 2 - Time 19.260568141937256
Rank 3 - Image 05d3817a-5535-4e77-8dda-d4412e496c81.png - Prediction 1 - Time 20.539193153381348
Rank 2 - Image 71d8d6ec-253b-4272-a467-311828b2a35b.png - Prediction 0 - Time 21.2769832611084
Rank 0 - Image MIDRC-RICORD-1C-419639-000025-50888-0.png - Prediction 2 - Time 19.77868390083313
Rank 1 - Image MIDRC-RICORD-1C-419639-000025-39552-1.png - Prediction 2 - Time 19.60948133468628
Rank 3 - Image c21157da-1f74-4966-ba4e-c144d8f5da2d.png - Prediction 1 - Time 20.51635980606079
Rank 0 - Image MIDRC-RICORD-1C-419639-001288-10277-0.png - Prediction 2 - Time 20.466440439224243
Rank 2 - Image 0103fadb-1663-40a6-8a9e-09d626cd2091.png - Prediction 0 - Time 21.53885054588318
Rank 1 - Image MIDRC-RICORD-1C-419639-000082-79663-0.png - Prediction 2 - Time 19.30884575843811
Rank 3 - Image 5acc56a4-1b6e-4394-9364-9772047d583f.png - Prediction 1 - Time 20.54337763786316
Rank 0 - Image MIDRC-RICORD-1C-419639-002757-16718-0.png - Prediction 2 - Time 19.548755168914795
Rank 2 - Image e4cd65ae-65de-44fc-a6b2-ebbc46d2e8d8.png - Prediction 0 - Time 20.340707302093506
Rank 1 - Image MIDRC-RICORD-1C-SITE2-000094-94497-0.png - Prediction 2 - Time 19.052922010421753
Rank 3 - Image dd4d6a4c-1e67-4911-bda2-7d8af75b1b19.png - Prediction 1 - Time 20.13278293609619
Rank 0 - Image MIDRC-RICORD-1C-SITE2-000135-64564-1.png - Prediction 2 - Time 20.362412691116333
Rank 2 - Image 2f8fbfdc-56db-4eca-bf64-3c9a0637e28c.png - Prediction 0 - Time 19.64562225341797
Rank 1 - Image MIDRC-RICORD-1C-SITE2-000131-16046-1.png - Prediction 2 - Time 19.668009519577026
Rank 3 - Image f0ba0019-718f-4677-a723-05c27dba2f3e.png - Prediction 1 - Time 21.024914026260376
Rank 0 - Image MIDRC-RICORD-1C-SITE2-000147-13199-0.png - Prediction 2 - Time 20.710403203964233
Rank 2 - Image bc46651a-1314-44af-a834-1eb8a36e589e.png - Prediction 0 - Time 19.759995222091675
Rank 1 - Image MIDRC-RICORD-1C-419639-002309-84923-0.png - Prediction 2 - Time 19.009599208831787
Rank 0 - Image MIDRC-RICORD-1C-419639-002601-92699-0.png - Prediction 2 - Time 20.283947944641113
Rank 3 - Image cc3177c8-6570-497c-aef3-6fbddef692f6.png - Prediction 1 - Time 20.415555953979492
Rank 2 - Image 71d25920-4060-4a31-b7aa-cfbf4721a5c5.png - Prediction 0 - Time 20.326282739639282
Rank 1 - Image MIDRC-RICORD-1C-419639-002768-13069-0.png - Prediction 2 - Time 19.774296522140503
Rank 3 - Image 0e03c2d7-9cea-4dc7-8e91-794a8b3ff58d.png - Prediction 1 - Time 19.85705804824829
Rank 2 - Image ca3c90e4-f7fe-4f6e-b20b-81473deab4f0.png - Prediction 0 - Time 19.996121406555176
Rank 0 - Image MIDRC-RICORD-1C-419639-002310-52924-0.png - Prediction 2 - Time 20.4899160861969
Rank 1 - Image MIDRC-RICORD-1C-SITE2-000108-12642-0.png - Prediction 2 - Time 20.89850115776062
Rank 2 - Image dab2f334-331c-42c7-af09-a997092464b0.png - Prediction 1 - Time 19.830355882644653
Rank 3 - Image 070c921f-171c-420c-915b-e49e3f600c38.png - Prediction 1 - Time 20.647255182266235
Rank 0 - Image MIDRC-RICORD-1C-SITE2-000171-45676-0.png - Prediction 2 - Time 21.271332263946533
Rank 1 - Image MIDRC-RICORD-1C-SITE2-000170-25974-1.png - Prediction 2 - Time 20.68067240715027
Rank 2 - Image 436dce2a-06c3-4281-bb8e-840497a49381.png - Prediction 1 - Time 19.543914794921875
Rank 3 - Image caa545b4-4eea-4e3a-90b1-c4c0789a1109.png - Prediction 1 - Time 20.335811376571655
Rank 0 - Image MIDRC-RICORD-1C-419639-000025-56001-0.png - Prediction 2 - Time 21.23046898841858
Rank 1 - Image MIDRC-RICORD-1C-SITE2-000097-16347-1.png - Prediction 2 - Time 20.990293502807617
Rank 2 - Image af6ef3d9-81c8-434e-bc5a-dbf89bc418aa.png - Prediction 0 - Time 20.973036527633667
Rank 3 - Image 7817b551-d220-479b-815f-395f83e1dba1.png - Prediction 1 - Time 19.88329005241394
Rank 1 - Image MIDRC-RICORD-1C-419639-002043-49668-0.png - Prediction 2 - Time 20.413777112960815
Rank 0 - Image MIDRC-RICORD-1C-419639-003340-85716-0.png - Prediction 2 - Time 20.704047918319702
Rank 3 - Image f743c21e-5876-460b-bbd6-2e2dcca41baa.png - Prediction 1 - Time 20.076797485351562
Rank 2 - Image a7aef71b-0fc8-4837-be79-4ced56e03439.png - Prediction 0 - Time 20.935020208358765
Rank 1 - Image MIDRC-RICORD-1C-419639-000785-60200-0.png - Prediction 2 - Time 20.793551445007324
Rank 0 - Image MIDRC-RICORD-1C-419639-003257-00787-0.png - Prediction 2 - Time 20.89024782180786
Rank 3 - Image e1d5a233-39ca-41dc-a289-b07c3e78cdb1.png - Prediction 1 - Time 20.001630783081055
Rank 2 - Image dfa57c1f-01fb-4417-a1b5-0641a9b4bb84.png - Prediction 0 - Time 20.61478590965271
Rank 0 - Image MIDRC-RICORD-1C-SITE2-000099-22857-0.png - Prediction 2 - Time 19.938403367996216
Rank 1 - Image MIDRC-RICORD-1C-SITE2-000035-19513-0.png - Prediction 2 - Time 20.449455738067627
Rank 3 - Image 40a2f7fd-342e-494b-a7e0-5857b73ec582.png - Prediction 1 - Time 20.41046714782715
Rank 2 - Image 5eb932e2-3455-40fe-93db-ae44f897d9e0.png - Prediction 0 - Time 21.090041399002075
Rank 0 - Image MIDRC-RICORD-1C-SITE2-000155-37671-0.png - Prediction 2 - Time 20.30979084968567
Rank 1 - Image MIDRC-RICORD-1C-419639-001155-71955-0.png - Prediction 2 - Time 20.825456380844116
Rank 3 - Image bcdd92c8-2cde-4899-a6fc-46b875aaab62.png - Prediction 1 - Time 20.44409990310669
Rank 0 - Image MIDRC-RICORD-1C-419639-000235-89929-0.png - Prediction 2 - Time 19.613844871520996
Rank 2 - Image e8485b0f-293d-4ca8-8b71-92db61c8ee3e.png - Prediction 0 - Time 21.54242467880249
Rank 1 - Image MIDRC-RICORD-1C-SITE2-000207-20956-0.png - Prediction 2 - Time 20.449766874313354
Rank 3 - Image ac648f87-a79f-4ce0-9439-23a8dd886b71.png - Prediction 1 - Time 20.12387204170227
Rank 0 - Image MIDRC-RICORD-1C-419639-002376-07504-0.png - Prediction 2 - Time 19.68829870223999
Rank 2 - Image 35cda03a-0898-4f8b-92d3-6f263aed23ff.png - Prediction 0 - Time 20.982957124710083
Rank 1 - Image MIDRC-RICORD-1C-419639-002472-45590-0.png - Prediction 2 - Time 20.87722420692444
Rank 3 - Image 93b49de9-9267-43c2-a507-6885e4caeaba.png - Prediction 1 - Time 20.850502490997314
Rank 0 - Image MIDRC-RICORD-1C-419639-001433-28259-0.png - Prediction 2 - Time 19.757704257965088
Rank 2 - Image d82e5841-2f43-4eab-ac17-e98a2d90c51b.png - Prediction 0 - Time 20.767343759536743
Rank 1 - Image MIDRC-RICORD-1C-419639-002114-73757-0.png - Prediction 2 - Time 20.961592435836792
Rank 3 - Image af2ff93b-2f33-4c91-bde1-1490fc435b50.png - Prediction 1 - Time 20.60529637336731
Rank 0 - Image MIDRC-RICORD-1C-419639-003116-57702-0.png - Prediction 2 - Time 21.754273891448975
Rank 2 - Image af1d168c-4850-41e1-85b8-ff8fc645e671.png - Prediction 0 - Time 21.11242175102234
Rank 1 - Image MIDRC-RICORD-1C-419639-002997-12964-0.png - Prediction 2 - Time 20.477372884750366
Rank 3 - Image 31692137-f770-4cfe-a02e-fd207ce813ac.png - Prediction 1 - Time 21.4578058719635
Rank 0 - Image MIDRC-RICORD-1C-419639-001629-03737-0.png - Prediction 2 - Time 20.519301176071167
Rank 2 - Image 585f5059-8938-4885-accb-d7d0b1097c60.png - Prediction 0 - Time 20.752245903015137
Rank 1 - Image MIDRC-RICORD-1C-419639-001464-73170-0.png - Prediction 2 - Time 20.248188018798828
Rank 3 - Image f7379744-be39-44b2-8816-a743857bd6a6.png - Prediction 1 - Time 20.460213661193848
Rank 0 - Image MIDRC-RICORD-1C-SITE2-000211-85940-0.png - Prediction 2 - Time 20.050904750823975
Rank 2 - Image 5d4c7318-4739-4470-89f3-70bbbca95f10.png - Prediction 0 - Time 20.23724913597107
Rank 1 - Image MIDRC-RICORD-1C-419639-003102-68604-0.png - Prediction 2 - Time 20.903740406036377
Rank 3 - Image 3186d210-966f-4733-ba72-98729be9551a.png - Prediction 1 - Time 21.55124282836914
Rank 0 - Image MIDRC-RICORD-1C-419639-003027-36839-0.png - Prediction 2 - Time 21.15805673599243
Rank 1 - Image MIDRC-RICORD-1C-419639-001464-63464-0.png - Prediction 2 - Time 19.938443422317505
Rank 2 - Image d3ad2915-af30-426c-ad2d-1634df8c1b5f.png - Prediction 0 - Time 21.25225305557251
Rank 3 - Image b51c3c24-f9aa-4039-9fc1-527a5567dff6.png - Prediction 1 - Time 20.267945289611816
Rank 0 - Image MIDRC-RICORD-1C-419639-003021-81745-0.png - Prediction 2 - Time 19.759341716766357
Rank 1 - Image MIDRC-RICORD-1C-419639-001603-23454-0.png - Prediction 2 - Time 20.59127640724182
Rank 2 - Image dee054ff-0e1a-4167-b814-cbf339cf689c.png - Prediction 0 - Time 20.771804094314575
Rank 3 - Image e9e58e10-2795-4dec-a738-c9792ea8f685.png - Prediction 1 - Time 20.525604009628296
Rank 0 - Image MIDRC-RICORD-1C-419639-003024-14703-0.png - Prediction 2 - Time 20.567988872528076
Rank 2 - Image bb068d57-86a8-4347-bee0-e29d59ddef6b.png - Prediction 0 - Time 20.06905198097229
Rank 1 - Image MIDRC-RICORD-1C-419639-000025-39552-0.png - Prediction 2 - Time 21.683767080307007
Rank 0 - Image MIDRC-RICORD-1C-419639-002724-03387-0.png - Prediction 2 - Time 20.360310554504395
Rank 3 - Image cd9d2d22-4395-4e4d-8837-cfb33c2bdaab.png - Prediction 1 - Time 21.558263063430786
Rank 2 - Image 354c3756-43ed-4921-adf8-60be49a8b7e8.png - Prediction 0 - Time 19.50792932510376
Rank 1 - Image MIDRC-RICORD-1C-SITE2-000291-42841-0.png - Prediction 2 - Time 20.902048587799072
Rank 0 - Image MIDRC-RICORD-1C-419639-001464-32013-0.png - Prediction 2 - Time 19.3514506816864
Rank 3 - Image b42eaeb8-b6d3-41d7-836c-56fd0922abf6.png - Prediction 1 - Time 19.834715604782104
Rank 2 - Image b8dd7d32-b177-4d1e-982f-6f0a743828fa.png - Prediction 0 - Time 20.811501502990723
Rank 1 - Image MIDRC-RICORD-1C-419639-001782-15190-0.png - Prediction 2 - Time 21.102121829986572
Rank 0 - Image MIDRC-RICORD-1C-SITE2-000116-25889-1.png - Prediction 2 - Time 20.417346000671387
Rank 3 - Image ae06b30f-ae30-40d3-b237-c934ce499774.png - Prediction 1 - Time 20.756242513656616
Rank 2 - Image a17f7e03-42a6-41d3-82ad-d8a656826936.png - Prediction 0 - Time 20.958678245544434
Rank 1 - Image MIDRC-RICORD-1C-SITE2-000279-56879-0.png - Prediction 2 - Time 19.961967706680298
Rank 0 - Image MIDRC-RICORD-1C-SITE2-000229-76177-0.png - Prediction 2 - Time 21.168095350265503
Rank 3 - Image f59ae80d-d98e-465f-963a-1064764211f8.png - Prediction 1 - Time 20.211663484573364
Rank 2 - Image c3c78e4e-1a31-4a92-be4b-0fc3c7f992a4.png - Prediction 0 - Time 21.002153396606445
Rank 1 - Image MIDRC-RICORD-1C-SITE2-000067-11643-0.png - Prediction 2 - Time 21.210867404937744
Rank 0 - Image MIDRC-RICORD-1C-419639-001222-46073-0.png - Prediction 2 - Time 21.07385516166687
Rank 3 - Image 03a9498c-549d-4e7d-800b-e74797f7f625.png - Prediction 1 - Time 21.21458673477173
Rank 2 - Image f1c8caa2-a6dc-40c0-ab85-4769688f1eec.png - Prediction 0 - Time 21.11288547515869
Rank 1 - Image MIDRC-RICORD-1C-SITE2-000015-91071-0.png - Prediction 2 - Time 20.071887493133545
Rank 0 - Image MIDRC-RICORD-1C-419639-003360-73998-0.png - Prediction 2 - Time 20.43194603919983
Rank 3 - Image 080f2b35-fcd5-473e-864b-a7dea3054cc7.png - Prediction 1 - Time 20.306992053985596
Rank 2 - Image d535a3c8-c4a4-4856-b5cd-17f6332eac8b.png - Prediction 0 - Time 21.419443130493164
Rank 1 - Image MIDRC-RICORD-1C-440808-000016-8.281-0.png - Prediction 0 - Time 21.10464358329773
Rank 0 - Image MIDRC-RICORD-1C-419639-003334-51353-0.png - Prediction 2 - Time 20.735177516937256
Rank 3 - Image b479635e-4c58-4d27-879b-fb0e87b2a1aa.png - Prediction 1 - Time 20.066492319107056
Rank 1 - Image MIDRC-RICORD-1C-419639-001829-30276-0.png - Prediction 2 - Time 20.370206832885742
Rank 2 - Image 2ed06be4-9f0e-4256-b8bf-a4b396cc6364.png - Prediction 0 - Time 21.459002256393433
Rank 3 - Image 86853bbd-5af2-4551-8273-f2978dffdd76.png - Prediction 1 - Time 20.053658723831177
Rank 0 - Image MIDRC-RICORD-1C-419639-000538-40522-0.png - Prediction 2 - Time 20.362858772277832
Rank 1 - Image MIDRC-RICORD-1C-419639-000025-53641-0.png - Prediction 2 - Time 20.55837917327881
Rank 2 - Image 168f4fcb-a87d-49fc-b167-4ed42fd1ec43.png - Prediction 0 - Time 20.82250142097473
Rank 3 - Image acb5c720-f741-415c-993c-65855be08ffa.png - Prediction 1 - Time 19.65129780769348
Rank 0 - Image MIDRC-RICORD-1C-419639-001735-74702-0.png - Prediction 2 - Time 20.012750387191772
Rank 1 - Image MIDRC-RICORD-1C-SITE2-000124-65701-0.png - Prediction 2 - Time 20.945072650909424
Rank 2 - Image a8e3ea7d-0b63-45cf-85d8-1078d3e2449d.png - Prediction 0 - Time 21.017497539520264
Rank 3 - Image 1414c7d6-dff3-453c-8322-b25bb5899d78.png - Prediction 1 - Time 20.805031538009644
Rank 0 - Image MIDRC-RICORD-1C-419639-000299-56159-0.png - Prediction 2 - Time 20.89794921875
Rank 1 - Image MIDRC-RICORD-1C-419639-001464-85049-0.png - Prediction 2 - Time 20.5347261428833
Rank 2 - Image f31d1fb1-604b-4fec-b320-f07ce2694008.png - Prediction 0 - Time 20.8679358959198
Rank 0 - Image MIDRC-RICORD-1C-SITE2-000178-89752-0.png - Prediction 2 - Time 20.15186071395874
Rank 3 - Image c3a6ca22-c09b-4be0-a59d-e52718fbb645.png - Prediction 1 - Time 21.105675220489502
Rank 1 - Image MIDRC-RICORD-1C-419639-000025-90087-0.png - Prediction 2 - Time 19.904200315475464
Rank 2 - Image 069cfd47-0169-43e7-89a1-0be0fa24105b.png - Prediction 0 - Time 20.76688313484192
Rank 0 - Image MIDRC-RICORD-1C-419639-001287-60951-0.png - Prediction 2 - Time 20.2821626663208
Rank 3 - Image bfd795ae-7656-40fc-b44e-566515e52ed2.png - Prediction 1 - Time 20.64397144317627
Rank 1 - Image MIDRC-RICORD-1C-SITE2-000098-66227-0.png - Prediction 2 - Time 20.942565202713013
Rank 2 - Image 85d84453-ab2d-4666-98e6-5df3cbb81f5b.png - Prediction 0 - Time 20.581164836883545
Rank 0 - Image MIDRC-RICORD-1C-SITE2-000182-35476-0.png - Prediction 2 - Time 20.93521499633789
Rank 3 - Image 098906c5-cf22-43d3-9f0d-90e88e602090.png - Prediction 1 - Time 21.008479833602905
Rank 1 - Image MIDRC-RICORD-1C-SITE2-000188-54382-0.png - Prediction 2 - Time 20.382763147354126
Rank 2 - Image 8db71746-e837-43c2-bdf1-c44d1ab207e3.png - Prediction 0 - Time 20.33613085746765
Rank 0 - Image MIDRC-RICORD-1C-419639-000025-17477-0.png - Prediction 2 - Time 19.339024305343628
Rank 3 - Image b5714c0f-6d0f-4c56-833f-8b83f19e982a.png - Prediction 1 - Time 20.7476806640625
Rank 1 - Image MIDRC-RICORD-1C-SITE2-000072-79474-0.png - Prediction 2 - Time 20.525665998458862
Rank 2 - Image 275f9fff-2439-4f3f-9c48-7c21f348701a.png - Prediction 0 - Time 21.022533178329468
Rank 0 - Image MIDRC-RICORD-1C-419639-002528-57471-0.png - Prediction 2 - Time 20.46301531791687
Rank 3 - Image 875b34e4-b58d-479f-954a-5b015071f448.png - Prediction 1 - Time 20.820122480392456
Rank 1 - Image MIDRC-RICORD-1C-419639-001882-13628-0.png - Prediction 2 - Time 21.61750864982605
Rank 2 - Image 1d1968e2-88a5-4d72-9237-caf4cbad9423.png - Prediction 0 - Time 21.207441091537476
Rank 0 - Image MIDRC-RICORD-1C-419639-001932-82193-0.png - Prediction 2 - Time 21.07233190536499
Rank 3 - Image 91e187a5-771d-4a83-9601-e22ed326bc8e.png - Prediction 1 - Time 21.776224851608276
Rank 1 - Image MIDRC-RICORD-1C-419639-000402-60433-0.png - Prediction 2 - Time 20.437848806381226
Rank 2 - Image 07aeb82e-773b-4498-95c0-fabdf4985bb2.png - Prediction 0 - Time 20.82149863243103
Rank 0 - Image MIDRC-RICORD-1C-419639-000002-10161-0.png - Prediction 2 - Time 20.53598976135254
Rank 3 - Image 3abb7176-035d-46cc-844e-820870e8154b.png - Prediction 1 - Time 20.617653369903564
Rank 1 - Image MIDRC-RICORD-1C-440808-000019-8.433-0.png - Prediction 1 - Time 20.56517481803894
Rank 2 - Image 652d6bb3-56a0-4a89-9631-684ce27cfc4c.png - Prediction 0 - Time 20.981939554214478
Rank 0 - Image MIDRC-RICORD-1C-419639-001464-72163-0.png - Prediction 2 - Time 20.838711977005005
Rank 3 - Image 3e4ee273-d5ca-4cf8-a75a-05772e0e12fe.png - Prediction 1 - Time 20.77366280555725
Rank 1 - Image MIDRC-RICORD-1C-419639-003319-99931-0.png - Prediction 2 - Time 20.244468688964844
Rank 2 - Image e155c13d-7ac7-4765-bb86-899349978413.png - Prediction 1 - Time 20.413862705230713
Rank 0 - Image MIDRC-RICORD-1C-SITE2-000239-21655-0.png - Prediction 2 - Time 19.568183660507202
Rank 3 - Image bd9af100-1805-4e0a-8875-4a4b7195f0d8.png - Prediction 1 - Time 20.99474287033081
Rank 1 - Image MIDRC-RICORD-1C-SITE2-000217-73086-0.png - Prediction 2 - Time 20.982155561447144
Rank 2 - Image 98bfaf7a-d80b-491e-a7e0-c5c7316bebe9.png - Prediction 0 - Time 20.500228881835938
Rank 0 - Image MIDRC-RICORD-1C-419639-003371-97350-0.png - Prediction 2 - Time 20.9662663936615
Rank 3 - Image 6804008c-94eb-4870-ba6e-b06514073e71.png - Prediction 1 - Time 19.817052364349365
Rank 1 - Image MIDRC-RICORD-1C-419639-000586-49647-0.png - Prediction 2 - Time 20.70724105834961
Rank 2 - Image 76b180ab-242f-45d3-bce1-68df00c5ef45.png - Prediction 0 - Time 21.137339115142822
Rank 0 - Image MIDRC-RICORD-1C-419639-000432-86017-0.png - Prediction 2 - Time 19.2271466255188
Rank 3 - Image 0d9b1283-fc24-4fd3-a520-bc5d563e13e1.png - Prediction 1 - Time 19.2042019367218
Rank 1 - Image MIDRC-RICORD-1C-SITE2-000115-40758-0.png - Prediction 2 - Time 20.71922278404236
Rank 2 - Image 372b2fea-2013-4600-a06f-765c3f054a82.png - Prediction 0 - Time 20.061685800552368
Rank 0 - Image MIDRC-RICORD-1C-419639-001007-89903-0.png - Prediction 2 - Time 19.64574098587036
Rank 3 - Image 0a8d486f-1aa6-4fcf-b7be-4bf04fc8628b.png - Prediction 1 - Time 20.458466053009033
Rank 1 - Image MIDRC-RICORD-1C-419639-000025-56207-0.png - Prediction 2 - Time 19.563358545303345
Rank 2 - Image a52aa522-a1b3-4f15-8609-f44bf96da2e3.png - Prediction 0 - Time 21.072705507278442
Rank 0 - Image MIDRC-RICORD-1C-419639-001464-39871-1.png - Prediction 2 - Time 19.788996696472168
Rank 3 - Image 37f17069-62ce-42ff-9fa4-d6a1056bd075.png - Prediction 1 - Time 20.91830587387085
Rank 1 - Image MIDRC-RICORD-1C-419639-001699-69345-0.png - Prediction 2 - Time 20.464999198913574
Rank 2 - Image 6556ce72-1a60-40aa-aaf7-b50dbf07fae7.png - Prediction 0 - Time 20.52964735031128
Rank 0 - Image MIDRC-RICORD-1C-419639-002374-98411-0.png - Prediction 2 - Time 20.922844648361206
Rank 3 - Image 3db7e979-5f97-4985-bf0c-cdea7951e246.png - Prediction 1 - Time 21.21390676498413
Rank 1 - Image MIDRC-RICORD-1C-SITE2-000003-00527-0.png - Prediction 2 - Time 20.911365032196045
Rank 2 - Image 633d9182-1809-41b7-a59b-1e60ac91f0c9.png - Prediction 0 - Time 20.647267818450928
Rank 0 - Image MIDRC-RICORD-1C-SITE2-000028-53390-0.png - Prediction 2 - Time 21.3042209148407
Rank 3 - Image e2e89418-6c0e-4f50-a2d9-6cd5e58feef0.png - Prediction 1 - Time 21.484407424926758
Rank 1 - Image MIDRC-RICORD-1C-419639-003232-50592-0.png - Prediction 2 - Time 20.47780179977417
Rank 2 - Image fd7bad9a-1bff-49ec-9c6c-c9aae9e65726.png - Prediction 0 - Time 21.171067714691162
Rank 0 - Image MIDRC-RICORD-1C-419639-001070-42385-0.png - Prediction 2 - Time 19.927403688430786
Rank 3 - Image 393b8e45-6d97-4013-8100-27ebf07a1dad.png - Prediction 1 - Time 21.00631093978882
Rank 1 - Image MIDRC-RICORD-1C-419639-000025-04760-0.png - Prediction 2 - Time 20.587127923965454
Rank 2 - Image 99432aa3-8d61-4ff2-a79a-f0a0218d6fa2.png - Prediction 0 - Time 20.628217935562134
Rank 0 - Image MIDRC-RICORD-1C-SITE2-000283-41971-0.png - Prediction 2 - Time 20.292112827301025
Rank 3 - Image 2348e8ba-483f-476d-b29d-5ba8398d7abc.png - Prediction 1 - Time 20.647019624710083
Rank 1 - Image MIDRC-RICORD-1C-419639-000025-89853-0.png - Prediction 2 - Time 21.086556434631348
Rank 2 - Image 34bf2fcd-131a-428c-9a21-cd2fa9041f9b.png - Prediction 0 - Time 20.180394411087036
Rank 0 - Image MIDRC-RICORD-1C-SITE2-000023-20254-0.png - Prediction 2 - Time 21.03125238418579
Rank 3 - Image aef87dc2-a097-4683-9fb1-d1af6838a16a.png - Prediction 0 - Time 20.893672466278076
Rank 1 - Image MIDRC-RICORD-1C-419639-001425-17331-0.png - Prediction 2 - Time 20.429970502853394
Rank 2 - Image b5007662-ff9c-49ad-9093-85ed7dc44bf4.png - Prediction 0 - Time 20.32425284385681
Rank 0 - Image MIDRC-RICORD-1C-SITE2-000181-63935-0.png - Prediction 2 - Time 21.079229593276978
Rank 3 - Image afe1b6e2-203e-4ee5-856a-2f205d8bca2a.png - Prediction 1 - Time 20.686099529266357
Rank 1 - Image MIDRC-RICORD-1C-440808-000009-08.98-0.png - Prediction 2 - Time 20.342124462127686
Rank 2 - Image 06b2f933-3ea2-4477-ac27-18f732d1f4e1.png - Prediction 0 - Time 19.8439302444458
Rank 0 - Image MIDRC-RICORD-1C-419639-003105-50900-0.png - Prediction 2 - Time 20.353962182998657
Rank 3 - Image 3d070009-c877-4ed4-ac80-53781cb30fef.png - Prediction 1 - Time 20.895623207092285
Rank 1 - Image MIDRC-RICORD-1C-419639-000086-21140-0.png - Prediction 2 - Time 20.817281007766724
Rank 2 - Image c2b24ebd-2c40-48c3-ba39-177224dd7db0.png - Prediction 0 - Time 20.20345425605774
Rank 0 - Image MIDRC-RICORD-1C-SITE2-000185-39456-0.png - Prediction 2 - Time 19.890003442764282
Rank 3 - Image 34fbff70-fa6e-4709-ab07-17f739fce394.png - Prediction 1 - Time 20.99298596382141
Rank 1 - Image MIDRC-RICORD-1C-SITE2-000270-57009-0.png - Prediction 2 - Time 20.417827129364014
Rank 2 - Image 63192a6c-02ba-48a5-932a-bb82aeacb1bc.png - Prediction 0 - Time 19.784169673919678
Rank 0 - Image MIDRC-RICORD-1C-419639-003187-73922-0.png - Prediction 2 - Time 21.224933624267578
Rank 3 - Image 2c68016e-5a63-4430-a834-efe5d43edd0e.png - Prediction 1 - Time 21.11837100982666
Rank 1 - Image MIDRC-RICORD-1C-419639-000573-31324-0.png - Prediction 2 - Time 20.12068819999695
Rank 2 - Image 73dca3d1-5c58-4c72-80a9-201deca7ffec.png - Prediction 0 - Time 20.33027744293213
Rank 0 - Image MIDRC-RICORD-1C-SITE2-000066-97290-0.png - Prediction 2 - Time 20.36299777030945
Rank 3 - Image 8ae822ae-a656-47ba-ac5b-848ce2256575.png - Prediction 1 - Time 19.619503259658813
Rank 1 - Image MIDRC-RICORD-1C-SITE2-000154-41630-0.png - Prediction 2 - Time 20.357845306396484
Rank 2 - Image c485a9bd-6e18-4328-8c5c-cf80f71aa35d.png - Prediction 0 - Time 20.198698043823242
Rank 0 - Image MIDRC-RICORD-1C-SITE2-000105-65881-0.png - Prediction 2 - Time 20.806180953979492
Rank 3 - Image f661fe70-2fc1-4564-9f53-45504c0b0688.png - Prediction 1 - Time 19.34196639060974
Rank 1 - Image MIDRC-RICORD-1C-SITE2-000168-32448-0.png - Prediction 2 - Time 20.434919595718384
Rank 2 - Image b540ba89-72f7-40f5-a916-376546c20014.png - Prediction 0 - Time 21.636444091796875
Rank 0 - Image MIDRC-RICORD-1C-419639-003080-09097-0.png - Prediction 2 - Time 20.618463039398193
Rank 3 - Image 78c33a1a-8f22-476c-ae97-8190192102df.png - Prediction 1 - Time 20.75080418586731
Rank 1 - Image MIDRC-RICORD-1C-SITE2-000125-08616-1.png - Prediction 2 - Time 20.363468170166016
Rank 2 - Image 33e4e43b-054b-4537-9cd6-0fe574f7d337.png - Prediction 0 - Time 21.315998077392578
Rank 0 - Image MIDRC-RICORD-1C-SITE2-000230-35167-0.png - Prediction 2 - Time 20.426559925079346
Rank 3 - Image 652b519d-5eb4-4abc-93f7-15ae661a431f.png - Prediction 1 - Time 20.424752712249756
Rank 1 - Image MIDRC-RICORD-1C-SITE2-000096-37358-0.png - Prediction 2 - Time 21.434813737869263
Rank 2 - Image 45dd0d26-0740-4c32-bd01-34246a41f3e3.png - Prediction 0 - Time 20.785255432128906
Rank 0 - Image MIDRC-RICORD-1C-419639-003365-72952-0.png - Prediction 2 - Time 20.665286540985107
Rank 3 - Image 2397b2f6-3dfa-476c-89ea-e9992c5bd9a9.png - Prediction 1 - Time 21.067541360855103
Rank 1 - Image MIDRC-RICORD-1C-SITE2-000221-43774-0.png - Prediction 2 - Time 19.889989376068115
Rank 2 - Image ad446933-fb8e-4739-bb40-2063e796ffd8.png - Prediction 0 - Time 20.931488752365112
Rank 0 - Image MIDRC-RICORD-1C-SITE2-000208-34584-0.png - Prediction 2 - Time 20.106351613998413
Rank 3 - Image ac10f43e-03b8-43d2-bcae-6fe000542397.png - Prediction 0 - Time 19.336735010147095
Rank 1 - Image MIDRC-RICORD-1C-SITE2-000179-48742-0.png - Prediction 2 - Time 20.951948165893555
Rank 2 - Image 5b12801f-aaf7-442e-b994-ec8f15ce78e5.png - Prediction 0 - Time 20.578128814697266
Rank 0 - Image MIDRC-RICORD-1C-419639-001464-53024-0.png - Prediction 2 - Time 20.38663911819458
Rank 3 - Image 3c8cc0d1-be7f-493d-9570-542d851f623b.png - Prediction 1 - Time 20.52644991874695
Rank 1 - Image MIDRC-RICORD-1C-SITE2-000176-81030-0.png - Prediction 2 - Time 20.86997151374817
Rank 2 - Image 3fe1550e-8bcb-4732-a343-725acce70531.png - Prediction 0 - Time 20.606937885284424
Rank 0 - Image MIDRC-RICORD-1C-419639-003157-67493-0.png - Prediction 2 - Time 19.81054949760437
Rank 3 - Image 6565a9e6-3f01-4de8-a18d-ade3121c5d7c.png - Prediction 1 - Time 19.699526071548462
Rank 1 - Image MIDRC-RICORD-1C-419639-003199-43900-0.png - Prediction 2 - Time 20.544812202453613
Rank 2 - Image 0bb24183-8b59-48f1-8bbf-4d889976fc82.png - Prediction 0 - Time 20.75143575668335
Rank 0 - Image MIDRC-RICORD-1C-SITE2-000048-66689-0.png - Prediction 2 - Time 21.31792712211609
Rank 3 - Image ed0c5d1e-934a-4e31-9221-3a6a69ec9c1b.png - Prediction 1 - Time 19.4203097820282
Rank 1 - Image MIDRC-RICORD-1C-419639-003191-84953-0.png - Prediction 2 - Time 20.494163274765015
Rank 2 - Image 02e4191e-fb03-4581-914c-f0438a17e53e.png - Prediction 0 - Time 20.710041999816895
Rank 0 - Image MIDRC-RICORD-1C-440808-000020-8.458-0.png - Prediction 2 - Time 20.478782892227173
Rank 3 - Image 4bc8ce99-2420-48c2-a768-d067da67ced2.png - Prediction 1 - Time 20.781266450881958
Rank 1 - Image MIDRC-RICORD-1C-SITE2-000029-97068-0.png - Prediction 2 - Time 20.996246576309204
Rank 2 - Image a8dfd068-69e9-4486-bb22-2a04f2f2e1a5.png - Prediction 0 - Time 20.53681206703186
Rank 0 - Image MIDRC-RICORD-1C-SITE2-000034-76728-1.png - Prediction 2 - Time 20.9405357837677
Rank 3 - Image 6df82c7a-a91e-487c-ae3a-9022b17d7c7a.png - Prediction 1 - Time 19.737107276916504
Rank 1 - Image MIDRC-RICORD-1C-419639-002401-32756-0.png - Prediction 2 - Time 20.196266174316406
Rank 2 - Image 63f71157-7db6-476f-b320-ba2fcbe2543f.png - Prediction 0 - Time 20.635257720947266
Rank 0 - Image MIDRC-RICORD-1C-419639-002784-76664-0.png - Prediction 0 - Time 20.217944383621216
Rank 3 - Image a6c364d2-b2d6-4b0b-a439-40b992ff65c7.png - Prediction 1 - Time 20.702008962631226
Rank 1 - Image MIDRC-RICORD-1C-419639-001762-18334-0.png - Prediction 2 - Time 20.53815531730652
Rank 2 - Image 1cdba4ee-0bb8-421d-9a24-7febeb399729.png - Prediction 0 - Time 20.02572727203369
Rank 0 - Image MIDRC-RICORD-1C-SITE2-000014-81802-0.png - Prediction 2 - Time 20.6422119140625
Rank 3 - Image 32a5977f-f8ab-41c9-9b51-5387248e4675.png - Prediction 0 - Time 20.642331838607788
Rank 1 - Image MIDRC-RICORD-1C-SITE2-000210-51719-0.png - Prediction 2 - Time 20.610494375228882
Rank 2 - Image e1d23cbe-213d-48d6-a8c2-672c4e68285d.png - Prediction 0 - Time 19.907317399978638
Rank 0 - Image MIDRC-RICORD-1C-SITE2-000068-39061-0.png - Prediction 2 - Time 20.97633409500122
Rank 3 - Image c3751c94-ea6f-4a7c-b3bf-87a54012fa80.png - Prediction 0 - Time 21.137162923812866
Rank 1 - Image MIDRC-RICORD-1C-SITE2-000200-97745-0.png - Prediction 2 - Time 20.601001501083374
Rank 2 - Image 4b1cab8a-c9bd-40e6-bc86-23c6be98a099.png - Prediction 0 - Time 20.6962730884552
Rank 0 - Image MIDRC-RICORD-1C-419639-000025-84235-0.png - Prediction 2 - Time 20.526984930038452
Rank 3 - Image 1c0a780d-1cac-4eee-b46d-470ecebc9ae0.png - Prediction 1 - Time 21.180490970611572
Rank 1 - Image MIDRC-RICORD-1C-419639-001374-75990-0.png - Prediction 2 - Time 19.741990327835083
Rank 2 - Image ec0492da-e6be-49cf-8b18-dc143180f1a2.png - Prediction 0 - Time 20.408396005630493
Rank 0 - Image MIDRC-RICORD-1C-SITE2-000001-16794-0.png - Prediction 2 - Time 21.188917875289917
Rank 3 - Image b852bc3c-0de5-4448-aff8-f96b2cc13d51.png - Prediction 1 - Time 20.970033407211304
Rank 1 - Image MIDRC-RICORD-1C-419639-003336-50845-0.png - Prediction 2 - Time 20.242913484573364
Rank 2 - Image 89dd8f63-8320-48f3-b142-d903f40d5c8c.png - Prediction 0 - Time 19.628134965896606
Rank 0 - Image MIDRC-RICORD-1C-419639-001571-15270-0.png - Prediction 2 - Time 20.495352268218994
Rank 3 - Image a2616330-1f29-4019-928f-e2d62b3b737b.png - Prediction 1 - Time 20.076025009155273
Rank 1 - Image MIDRC-RICORD-1C-419639-002929-69159-0.png - Prediction 2 - Time 20.03259825706482
Rank 2 - Image b76728e6-f44b-40bf-8688-e703d10d2039.png - Prediction 0 - Time 20.162470817565918
Rank 0 - Image MIDRC-RICORD-1C-419639-001903-65209-0.png - Prediction 2 - Time 21.02622389793396
Rank 3 - Image a6236ddd-6367-4569-b5f1-07d2df9390ad.png - Prediction 1 - Time 21.21749520301819
Rank 1 - Image MIDRC-RICORD-1C-SITE2-000120-98054-0.png - Prediction 2 - Time 20.33779001235962
Rank 2 - Image d9884def-b31a-4861-9eea-27f97bffeba2.png - Prediction 0 - Time 19.709068775177002
Rank 0 - Image MIDRC-RICORD-1C-SITE2-000244-77429-0.png - Prediction 2 - Time 20.691317081451416
Rank 3 - Image b8d6b40d-2a3d-475f-88d3-03560f645223.png - Prediction 1 - Time 20.21587324142456
Rank 2 - Image ffba6230-71cf-4287-a0d1-887f5d16e95d.png - Prediction 0 - Time 19.216501235961914
Rank 1 - Image MIDRC-RICORD-1C-SITE2-000127-30661-0.png - Prediction 2 - Time 21.3910014629364
Rank 0 - Image MIDRC-RICORD-1C-419639-000582-21506-0.png - Prediction 2 - Time 20.91623592376709
Rank 3 - Image 49b2fb17-b12c-4e5a-8c4a-02449027c42b.png - Prediction 1 - Time 20.8677237033844
Rank 1 - Image MIDRC-RICORD-1C-SITE2-000206-25871-0.png - Prediction 2 - Time 19.851719617843628
Rank 2 - Image f3b015ab-e337-4e7f-971d-eb7cc3dd4e92.png - Prediction 0 - Time 21.226094961166382
Rank 0 - Image MIDRC-RICORD-1C-419639-002088-09388-0.png - Prediction 2 - Time 20.432243585586548
Rank 3 - Image 3766b0a6-1769-4d82-b081-fa53531de34e.png - Prediction 1 - Time 20.13775110244751
Rank 2 - Image bca4aa4d-0cc9-4cc0-b06d-5b675194bf62.png - Prediction 0 - Time 19.10050368309021
Rank 1 - Image MIDRC-RICORD-1C-SITE2-000141-46899-0.png - Prediction 2 - Time 20.974457263946533
Rank 0 - Image MIDRC-RICORD-1C-419639-002050-25234-0.png - Prediction 2 - Time 20.668988704681396
Rank 3 - Image f12d7b12-0398-4533-8f55-8772cc434945.png - Prediction 1 - Time 20.783308744430542
Rank 2 - Image 9e2ddac8-9a4c-448b-98c8-a840a548d0f7.png - Prediction 0 - Time 19.755416870117188
Rank 1 - Image MIDRC-RICORD-1C-SITE2-000203-08712-0.png - Prediction 2 - Time 21.514496326446533
Rank 0 - Image MIDRC-RICORD-1C-SITE2-000235-44451-0.png - Prediction 2 - Time 20.92463231086731
Rank 3 - Image 0b7a4fb2-adab-484b-a0f7-23f5111bc745.png - Prediction 1 - Time 20.155309200286865
Rank 2 - Image fc958b63-5da8-448d-8962-3c5167dc9410.png - Prediction 0 - Time 20.53844976425171
Rank 1 - Image MIDRC-RICORD-1C-SITE2-000045-76077-0.png - Prediction 2 - Time 21.065540075302124
Rank 0 - Image MIDRC-RICORD-1C-SITE2-000202-80939-0.png - Prediction 2 - Time 20.457788944244385
Rank 3 - Image 1565fd6c-9432-454a-87e4-937fd5ad5b60.png - Prediction 1 - Time 20.11139488220215
Rank 2 - Image cb7d021b-b273-436a-bd7a-e68c11ed3f6b.png - Prediction 0 - Time 19.848655223846436
Rank 1 - Image MIDRC-RICORD-1C-SITE2-000162-64489-0.png - Prediction 2 - Time 20.502134799957275
Rank 0 - Image MIDRC-RICORD-1C-419639-003203-21209-0.png - Prediction 0 - Time 20.2411687374115
Rank 3 - Image 02002619-3dea-4038-8d4d-458db30ed8de.png - Prediction 1 - Time 19.808940410614014
Rank 2 - Image ff332704-48e0-445b-9188-b2a696d1f0d7.png - Prediction 0 - Time 20.385108709335327
Rank 1 - Image MIDRC-RICORD-1C-419639-001505-21193-0.png - Prediction 2 - Time 21.03641104698181
Rank 0 - Image MIDRC-RICORD-1C-419639-000025-90087-1.png - Prediction 2 - Time 20.497607231140137
Rank 3 - Image becefa4b-f719-48c6-a903-85e391e026a4.png - Prediction 1 - Time 20.58655881881714
Rank 2 - Image 3e1b619a-cdd9-495a-bcbf-a9d62b418991.png - Prediction 0 - Time 20.14476203918457
Rank 1 - Image MIDRC-RICORD-1C-SITE2-000173-80432-1.png - Prediction 2 - Time 20.50655436515808
Rank 0 - Image MIDRC-RICORD-1C-SITE2-000136-21646-0.png - Prediction 2 - Time 20.067500829696655
Rank 3 - Image 3f2b878e-9e3b-410b-a739-b43d81b98692.png - Prediction 1 - Time 20.57352066040039
Rank 2 - Image 0977f16c-c343-42c9-95ed-d7ca996feb16.png - Prediction 1 - Time 19.385637521743774
Rank 1 - Image MIDRC-RICORD-1C-419639-002871-45785-0.png - Prediction 2 - Time 20.490384101867676
Rank 0 - Image MIDRC-RICORD-1C-SITE2-000153-84142-0.png - Prediction 2 - Time 20.489020586013794
Rank 3 - Image adce8349-6836-4328-ab63-f356d0bbe298.png - Prediction 1 - Time 19.570353746414185
Rank 2 - Image f8a11cd6-e541-4765-a41b-3d70b6f3481e.png - Prediction 0 - Time 19.901328086853027
Rank 1 - Image MIDRC-RICORD-1C-SITE2-000220-78771-1.png - Prediction 2 - Time 21.192769050598145
Rank 0 - Image MIDRC-RICORD-1C-419639-003216-61144-0.png - Prediction 2 - Time 20.589537620544434
Rank 3 - Image 854fee36-d54c-4cde-904d-ab77f5e2e091.png - Prediction 1 - Time 20.728875398635864
Rank 2 - Image 960131aa-4ce4-4b26-aa12-5f73d8d81453.png - Prediction 0 - Time 19.504956245422363
Rank 1 - Image MIDRC-RICORD-1C-419639-001661-28330-1.png - Prediction 2 - Time 20.4015851020813
Rank 0 - Image MIDRC-RICORD-1C-419639-001464-60601-0.png - Prediction 2 - Time 20.889485359191895
Rank 2 - Image 3a5327d8-8830-4ae2-bd6b-293f5aa42d4b.png - Prediction 0 - Time 19.18118119239807
Rank 3 - Image baf8fe18-a7ca-4e9c-b3dc-5c80d474545b.png - Prediction 1 - Time 19.66469383239746
Rank 1 - Image MIDRC-RICORD-1C-SITE2-000142-56843-0.png - Prediction 2 - Time 20.26613426208496
Rank 3 - Image a77b32f6-1999-4cc6-8a0d-1ef7e53850f0.png - Prediction 1 - Time 19.350811004638672
Rank 0 - Image MIDRC-RICORD-1C-419639-003380-99227-0.png - Prediction 2 - Time 20.123767137527466
Rank 2 - Image a0b9597d-93f4-4a7c-a412-81cb78bccb66.png - Prediction 0 - Time 20.26806354522705
Rank 1 - Image MIDRC-RICORD-1C-419639-003099-52606-0.png - Prediction 2 - Time 20.74578070640564
Rank 0 - Image MIDRC-RICORD-1C-SITE2-000272-41527-0.png - Prediction 2 - Time 20.610352754592896
Rank 3 - Image 41bf2042-53a2-44a8-9a29-55e643af5ac0.png - Prediction 1 - Time 21.210556745529175
Rank 2 - Image cdac0980-033c-4685-b7e4-0a12c86a00a9.png - Prediction 0 - Time 20.71388292312622
Rank 1 - Image MIDRC-RICORD-1C-419639-002463-12463-0.png - Prediction 2 - Time 20.84376835823059
Rank 0 - Image MIDRC-RICORD-1C-419639-003338-57135-0.png - Prediction 2 - Time 20.374503135681152
Rank 3 - Image ec09ddb3-9b0b-4749-9e0d-f94a4a7e5fed.png - Prediction 1 - Time 20.11942172050476
Rank 2 - Image 7ca5c75a-1ec6-49a7-a3b0-93b6122a3170.png - Prediction 0 - Time 19.874406099319458
Rank 1 - Image MIDRC-RICORD-1C-419639-001085-09031-0.png - Prediction 2 - Time 19.57129454612732
Rank 2 - Image d1e0d69c-a4df-485a-983c-535494221d1a.png - Prediction 0 - Time 18.935513734817505
Rank 0 - Image MIDRC-RICORD-1C-419639-003060-04928-0.png - Prediction 2 - Time 20.337050676345825
Rank 3 - Image abff4044-3c0a-458f-b0c7-04254be7fc0c.png - Prediction 1 - Time 20.683935403823853
Rank 1 - Image MIDRC-RICORD-1C-419639-002895-42704-0.png - Prediction 2 - Time 21.29417395591736
Rank 2 - Image 6b969591-8a07-49ed-9f65-fa19a453df59.png - Prediction 1 - Time 20.26296639442444
Rank 0 - Image MIDRC-RICORD-1C-419639-002889-42412-0.png - Prediction 2 - Time 20.16510272026062
Rank 3 - Image 27b32500-40ef-4c14-ab88-ace5e9ceea27.png - Prediction 1 - Time 20.15317416191101
Rank 0 - gathering data of length: 4
Created csv file: /p/project/joaiml/ingolfsson1/COVID_Net/results/covidx_test_4_480_2053.csv
Total inference time: 2053.20157289505
