Tue Feb 22 08:10:55 2022       
+-----------------------------------------------------------------------------+
| NVIDIA-SMI 418.87.00    Driver Version: 470.57.02    CUDA Version: 11.4     |
|-------------------------------+----------------------+----------------------+
| GPU  Name        Persistence-M| Bus-Id        Disp.A | Volatile Uncorr. ECC |
| Fan  Temp  Perf  Pwr:Usage/Cap|         Memory-Usage | GPU-Util  Compute M. |
|===============================+======================+======================|
|   0  Tesla V100-PCIE...  On   | 00000000:AF:00.0 Off |                    0 |
| N/A   30C    P0    25W / 250W |      0MiB / 32510MiB |      0%      Default |
+-------------------------------+----------------------+----------------------+
                                                                               
+-----------------------------------------------------------------------------+
| Processes:                                                       GPU Memory |
|  GPU       PID   Type   Process name                             Usage      |
|=============================================================================|
|  No running processes found                                                 |
+-----------------------------------------------------------------------------+
[1645513856.328080] [dp-dam04:27724:0]          ib_md.c:1948 UCX  ERROR ibv_query_device(mlx5_0) returned 38: No space left on device
[1645513856.342647] [dp-dam04:27724:0]          ib_md.c:1948 UCX  ERROR ibv_query_device(mlx5_1) returned 38: No space left on device
[1645513856.363606] [dp-dam06:21305:0]          ib_md.c:1948 UCX  ERROR ibv_query_device(mlx5_0) returned 38: No space left on device
[1645513856.367059] [dp-dam06:21305:0]          ib_md.c:1948 UCX  ERROR ibv_query_device(mlx5_1) returned 38: No space left on device
[1645513856.404936] [dp-dam07:14887:0]          ib_md.c:1948 UCX  ERROR ibv_query_device(mlx5_0) returned 38: No space left on device
[1645513856.408255] [dp-dam07:14887:0]          ib_md.c:1948 UCX  ERROR ibv_query_device(mlx5_1) returned 38: No space left on device
[1645513856.421345] [dp-dam08:720  :0]          ib_md.c:1948 UCX  ERROR ibv_query_device(mlx5_0) returned 38: No space left on device
[1645513856.437326] [dp-dam08:720  :0]          ib_md.c:1948 UCX  ERROR ibv_query_device(mlx5_1) returned 38: No space left on device
[1645513858.369377] [dp-dam10:27775:0]          ib_md.c:1948 UCX  ERROR ibv_query_device(mlx5_0) returned 38: No space left on device
[1645513858.373629] [dp-dam10:27775:0]          ib_md.c:1948 UCX  ERROR ibv_query_device(mlx5_1) returned 38: Protocol not supported
[1645513858.419775] [dp-dam05:30154:0]          ib_md.c:1948 UCX  ERROR ibv_query_device(mlx5_0) returned 38: No space left on device
[1645513858.423331] [dp-dam05:30154:0]          ib_md.c:1948 UCX  ERROR ibv_query_device(mlx5_1) returned 38: No space left on device
[1645513858.454404] [dp-dam09:969  :0]          ib_md.c:1948 UCX  ERROR ibv_query_device(mlx5_0) returned 38: No space left on device
[1645513858.458801] [dp-dam09:969  :0]          ib_md.c:1948 UCX  ERROR ibv_query_device(mlx5_1) returned 38: Protocol not supported
Rank 3 - Image MIDRC-RICORD-1C-SITE2-000176-81030-0.png - Prediction 2 - Time 9.395431995391846
Rank 2 - Image MIDRC-RICORD-1C-SITE2-000131-16046-1.png - Prediction 2 - Time 10.437936544418335
Rank 0 - Image MIDRC-RICORD-1C-419639-003251-46647-0.png - Prediction 2 - Time 10.544144868850708
Rank 4 - Image 5d4c7318-4739-4470-89f3-70bbbca95f10.png - Prediction 0 - Time 12.93252968788147
Rank 3 - Image MIDRC-RICORD-1C-419639-003199-43900-0.png - Prediction 2 - Time 6.02263879776001
Rank 2 - Image MIDRC-RICORD-1C-419639-002309-84923-0.png - Prediction 2 - Time 6.0190205574035645
Rank 0 - Image MIDRC-RICORD-1C-419639-001464-39871-0.png - Prediction 1 - Time 6.0502166748046875
Rank 4 - Image d3ad2915-af30-426c-ad2d-1634df8c1b5f.png - Prediction 0 - Time 7.540067911148071
Rank 3 - Image MIDRC-RICORD-1C-419639-003191-84953-0.png - Prediction 0 - Time 6.034736633300781
Rank 2 - Image MIDRC-RICORD-1C-419639-002768-13069-0.png - Prediction 2 - Time 6.020329236984253
Rank 0 - Image MIDRC-RICORD-1C-419639-000918-78965-0.png - Prediction 2 - Time 6.086562871932983
Rank 3 - Image MIDRC-RICORD-1C-SITE2-000029-97068-0.png - Prediction 2 - Time 5.902930974960327
Rank 2 - Image MIDRC-RICORD-1C-SITE2-000108-12642-0.png - Prediction 2 - Time 5.891526699066162
Rank 4 - Image dee054ff-0e1a-4167-b814-cbf339cf689c.png - Prediction 0 - Time 7.296562433242798
Rank 0 - Image MIDRC-RICORD-1C-419639-003318-64285-0.png - Prediction 2 - Time 5.89108681678772
Rank 3 - Image MIDRC-RICORD-1C-419639-002401-32756-0.png - Prediction 0 - Time 6.329992294311523
Rank 2 - Image MIDRC-RICORD-1C-SITE2-000170-25974-1.png - Prediction 2 - Time 6.433734893798828
Rank 0 - Image MIDRC-RICORD-1C-419639-001015-81591-0.png - Prediction 0 - Time 6.506746053695679
Rank 4 - Image bb068d57-86a8-4347-bee0-e29d59ddef6b.png - Prediction 0 - Time 8.320282697677612
Rank 3 - Image MIDRC-RICORD-1C-419639-001762-18334-0.png - Prediction 2 - Time 6.3095104694366455
Rank 2 - Image MIDRC-RICORD-1C-SITE2-000097-16347-1.png - Prediction 2 - Time 6.106115341186523
Rank 0 - Image MIDRC-RICORD-1C-SITE2-000265-99793-1.png - Prediction 2 - Time 6.125035762786865
Rank 5 - Image 9e2ddac8-9a4c-448b-98c8-a840a548d0f7.png - Prediction 0 - Time 37.660353899002075
Rank 4 - Image 354c3756-43ed-4921-adf8-60be49a8b7e8.png - Prediction 0 - Time 7.328918218612671
Rank 1 - Image MIDRC-RICORD-1C-419639-001070-42385-0.png - Prediction 2 - Time 38.60948610305786
Rank 6 - Image c3a6ca22-c09b-4be0-a59d-e52718fbb645.png - Prediction 1 - Time 39.705639362335205
Rank 3 - Image MIDRC-RICORD-1C-SITE2-000210-51719-0.png - Prediction 2 - Time 5.99275803565979
Rank 2 - Image MIDRC-RICORD-1C-419639-002043-49668-0.png - Prediction 2 - Time 5.873359680175781
Rank 0 - Image MIDRC-RICORD-1C-SITE2-000159-61155-0.png - Prediction 2 - Time 5.894986629486084
Rank 5 - Image fc958b63-5da8-448d-8962-3c5167dc9410.png - Prediction 0 - Time 6.617324113845825
Rank 4 - Image b8dd7d32-b177-4d1e-982f-6f0a743828fa.png - Prediction 0 - Time 7.208965301513672
Rank 3 - Image MIDRC-RICORD-1C-SITE2-000200-97745-0.png - Prediction 2 - Time 5.905425310134888
Rank 6 - Image bfd795ae-7656-40fc-b44e-566515e52ed2.png - Prediction 1 - Time 6.878684759140015
Rank 2 - Image MIDRC-RICORD-1C-419639-000785-60200-0.png - Prediction 0 - Time 5.804957151412964
Rank 0 - Image MIDRC-RICORD-1C-419639-003169-42019-0.png - Prediction 0 - Time 5.70295524597168
Rank 1 - Image MIDRC-RICORD-1C-SITE2-000283-41971-0.png - Prediction 2 - Time 8.466501235961914
Rank 5 - Image cb7d021b-b273-436a-bd7a-e68c11ed3f6b.png - Prediction 0 - Time 6.523327112197876
Rank 3 - Image MIDRC-RICORD-1C-419639-001374-75990-0.png - Prediction 2 - Time 5.891548156738281
Rank 6 - Image 098906c5-cf22-43d3-9f0d-90e88e602090.png - Prediction 1 - Time 6.127257585525513
Rank 2 - Image MIDRC-RICORD-1C-SITE2-000035-19513-0.png - Prediction 2 - Time 5.925077438354492
Rank 4 - Image a17f7e03-42a6-41d3-82ad-d8a656826936.png - Prediction 0 - Time 7.262477874755859
Rank 0 - Image MIDRC-RICORD-1C-SITE2-000238-25854-1.png - Prediction 2 - Time 5.83906626701355
Rank 1 - Image MIDRC-RICORD-1C-SITE2-000023-20254-0.png - Prediction 2 - Time 7.04646635055542
Rank 5 - Image ff332704-48e0-445b-9188-b2a696d1f0d7.png - Prediction 0 - Time 6.377513885498047
Rank 3 - Image MIDRC-RICORD-1C-419639-003336-50845-0.png - Prediction 2 - Time 5.833333492279053
Rank 6 - Image b5714c0f-6d0f-4c56-833f-8b83f19e982a.png - Prediction 1 - Time 5.761520862579346
Rank 2 - Image MIDRC-RICORD-1C-419639-001155-71955-0.png - Prediction 2 - Time 5.80945897102356
Rank 0 - Image MIDRC-RICORD-1C-419639-001464-33260-0.png - Prediction 2 - Time 5.715960741043091
Rank 4 - Image c3c78e4e-1a31-4a92-be4b-0fc3c7f992a4.png - Prediction 0 - Time 7.185872793197632
Rank 1 - Image MIDRC-RICORD-1C-SITE2-000181-63935-0.png - Prediction 2 - Time 6.813644886016846
Rank 5 - Image 3e1b619a-cdd9-495a-bcbf-a9d62b418991.png - Prediction 0 - Time 6.33055305480957
Rank 3 - Image MIDRC-RICORD-1C-419639-002929-69159-0.png - Prediction 2 - Time 5.914173364639282
Rank 6 - Image 875b34e4-b58d-479f-954a-5b015071f448.png - Prediction 1 - Time 5.790119886398315
Rank 0 - Image MIDRC-RICORD-1C-SITE2-000018-55212-0.png - Prediction 2 - Time 5.833044528961182
Rank 2 - Image MIDRC-RICORD-1C-SITE2-000207-20956-0.png - Prediction 2 - Time 5.9402015209198
Rank 4 - Image f1c8caa2-a6dc-40c0-ab85-4769688f1eec.png - Prediction 0 - Time 7.244260549545288
Rank 1 - Image MIDRC-RICORD-1C-419639-003105-50900-0.png - Prediction 0 - Time 6.823749542236328
Rank 6 - Image 91e187a5-771d-4a83-9601-e22ed326bc8e.png - Prediction 1 - Time 5.611250877380371
Rank 3 - Image MIDRC-RICORD-1C-SITE2-000120-98054-0.png - Prediction 2 - Time 5.785266160964966
Rank 5 - Image 0977f16c-c343-42c9-95ed-d7ca996feb16.png - Prediction 0 - Time 6.3008644580841064
Rank 0 - Image MIDRC-RICORD-1C-419639-000025-50888-0.png - Prediction 2 - Time 5.731381416320801
Rank 2 - Image MIDRC-RICORD-1C-419639-002472-45590-0.png - Prediction 2 - Time 5.803372859954834
Rank 4 - Image d535a3c8-c4a4-4856-b5cd-17f6332eac8b.png - Prediction 0 - Time 7.072834730148315
Rank 1 - Image MIDRC-RICORD-1C-SITE2-000185-39456-0.png - Prediction 2 - Time 6.722267150878906
Rank 6 - Image 3abb7176-035d-46cc-844e-820870e8154b.png - Prediction 1 - Time 5.677957773208618
Rank 3 - Image MIDRC-RICORD-1C-SITE2-000127-30661-0.png - Prediction 2 - Time 5.8568339347839355
Rank 0 - Image MIDRC-RICORD-1C-419639-001288-10277-0.png - Prediction 2 - Time 5.699458599090576
Rank 2 - Image MIDRC-RICORD-1C-419639-002114-73757-0.png - Prediction 0 - Time 5.8025758266448975
Rank 5 - Image f8a11cd6-e541-4765-a41b-3d70b6f3481e.png - Prediction 0 - Time 6.295360088348389
Rank 6 - Image 3e4ee273-d5ca-4cf8-a75a-05772e0e12fe.png - Prediction 1 - Time 5.61196756362915
Rank 1 - Image MIDRC-RICORD-1C-419639-003187-73922-0.png - Prediction 2 - Time 6.7164294719696045
Rank 4 - Image 2ed06be4-9f0e-4256-b8bf-a4b396cc6364.png - Prediction 0 - Time 7.08214259147644
Rank 3 - Image MIDRC-RICORD-1C-SITE2-000206-25871-0.png - Prediction 2 - Time 5.950810432434082
Rank 0 - Image MIDRC-RICORD-1C-419639-002757-16718-0.png - Prediction 2 - Time 5.782387971878052
Rank 2 - Image MIDRC-RICORD-1C-419639-002997-12964-0.png - Prediction 2 - Time 5.7089807987213135
Rank 5 - Image 960131aa-4ce4-4b26-aa12-5f73d8d81453.png - Prediction 0 - Time 6.400062561035156
Rank 6 - Image bd9af100-1805-4e0a-8875-4a4b7195f0d8.png - Prediction 1 - Time 5.670336008071899
Rank 3 - Image MIDRC-RICORD-1C-SITE2-000141-46899-0.png - Prediction 2 - Time 5.917219638824463
Rank 0 - Image MIDRC-RICORD-1C-SITE2-000135-64564-1.png - Prediction 2 - Time 5.771734237670898
Rank 2 - Image MIDRC-RICORD-1C-419639-001464-73170-0.png - Prediction 2 - Time 5.7000815868377686
Rank 1 - Image MIDRC-RICORD-1C-SITE2-000066-97290-0.png - Prediction 2 - Time 6.7483344078063965
Rank 4 - Image 168f4fcb-a87d-49fc-b167-4ed42fd1ec43.png - Prediction 0 - Time 7.005501985549927
Rank 5 - Image 3a5327d8-8830-4ae2-bd6b-293f5aa42d4b.png - Prediction 0 - Time 6.310668468475342
Rank 6 - Image 6804008c-94eb-4870-ba6e-b06514073e71.png - Prediction 1 - Time 5.604168653488159
Rank 0 - Image MIDRC-RICORD-1C-SITE2-000147-13199-0.png - Prediction 2 - Time 5.7227935791015625
Rank 2 - Image MIDRC-RICORD-1C-419639-003102-68604-0.png - Prediction 2 - Time 5.630977392196655
Rank 3 - Image MIDRC-RICORD-1C-SITE2-000203-08712-0.png - Prediction 2 - Time 5.855332136154175
Rank 1 - Image MIDRC-RICORD-1C-SITE2-000105-65881-0.png - Prediction 2 - Time 6.8811845779418945
Rank 5 - Image a0b9597d-93f4-4a7c-a412-81cb78bccb66.png - Prediction 0 - Time 6.394329309463501
Rank 4 - Image a8e3ea7d-0b63-45cf-85d8-1078d3e2449d.png - Prediction 0 - Time 6.90368390083313
Rank 6 - Image 0d9b1283-fc24-4fd3-a520-bc5d563e13e1.png - Prediction 0 - Time 5.670018434524536
Rank 2 - Image MIDRC-RICORD-1C-419639-001464-63464-0.png - Prediction 2 - Time 5.707457780838013
Rank 0 - Image MIDRC-RICORD-1C-419639-002601-92699-0.png - Prediction 2 - Time 5.773247957229614
Rank 3 - Image MIDRC-RICORD-1C-SITE2-000045-76077-0.png - Prediction 2 - Time 6.019193887710571
Rank 1 - Image MIDRC-RICORD-1C-419639-003080-09097-0.png - Prediction 2 - Time 6.566684007644653
Rank 5 - Image cdac0980-033c-4685-b7e4-0a12c86a00a9.png - Prediction 0 - Time 6.31605339050293
Rank 4 - Image f31d1fb1-604b-4fec-b320-f07ce2694008.png - Prediction 0 - Time 7.005707025527954
Rank 6 - Image 0a8d486f-1aa6-4fcf-b7be-4bf04fc8628b.png - Prediction 1 - Time 5.606663227081299
Rank 2 - Image MIDRC-RICORD-1C-419639-001603-23454-0.png - Prediction 2 - Time 5.619765996932983
Rank 0 - Image MIDRC-RICORD-1C-419639-002310-52924-0.png - Prediction 2 - Time 5.712436199188232
Rank 3 - Image MIDRC-RICORD-1C-SITE2-000162-64489-0.png - Prediction 2 - Time 5.858792304992676
Rank 5 - Image 7ca5c75a-1ec6-49a7-a3b0-93b6122a3170.png - Prediction 0 - Time 6.247771739959717
Rank 1 - Image MIDRC-RICORD-1C-SITE2-000230-35167-0.png - Prediction 2 - Time 6.5843284130096436
Rank 6 - Image 37f17069-62ce-42ff-9fa4-d6a1056bd075.png - Prediction 1 - Time 5.611631870269775
Rank 4 - Image 069cfd47-0169-43e7-89a1-0be0fa24105b.png - Prediction 0 - Time 6.972290277481079
Rank 2 - Image MIDRC-RICORD-1C-419639-000025-39552-0.png - Prediction 2 - Time 5.620584011077881
Rank 0 - Image MIDRC-RICORD-1C-SITE2-000171-45676-0.png - Prediction 2 - Time 5.676607131958008
Rank 3 - Image MIDRC-RICORD-1C-419639-001505-21193-0.png - Prediction 2 - Time 5.900444269180298
Rank 5 - Image d1e0d69c-a4df-485a-983c-535494221d1a.png - Prediction 0 - Time 6.261595249176025
Rank 1 - Image MIDRC-RICORD-1C-419639-003365-72952-0.png - Prediction 2 - Time 6.43564510345459
Rank 6 - Image 3db7e979-5f97-4985-bf0c-cdea7951e246.png - Prediction 1 - Time 5.649755954742432
Rank 2 - Image MIDRC-RICORD-1C-SITE2-000291-42841-0.png - Prediction 2 - Time 5.691055774688721
Rank 0 - Image MIDRC-RICORD-1C-419639-000025-56001-0.png - Prediction 2 - Time 5.758783340454102
Rank 4 - Image 85d84453-ab2d-4666-98e6-5df3cbb81f5b.png - Prediction 0 - Time 6.938678979873657
Rank 3 - Image MIDRC-RICORD-1C-SITE2-000173-80432-1.png - Prediction 2 - Time 5.989434719085693
Rank 6 - Image e2e89418-6c0e-4f50-a2d9-6cd5e58feef0.png - Prediction 1 - Time 5.662564516067505
Rank 5 - Image 6b969591-8a07-49ed-9f65-fa19a453df59.png - Prediction 0 - Time 6.295574188232422
Rank 1 - Image MIDRC-RICORD-1C-SITE2-000208-34584-0.png - Prediction 2 - Time 6.5269622802734375
Rank 2 - Image MIDRC-RICORD-1C-419639-001782-15190-0.png - Prediction 2 - Time 5.611374378204346
Rank 0 - Image MIDRC-RICORD-1C-419639-003340-85716-0.png - Prediction 2 - Time 5.724899053573608
Rank 3 - Image MIDRC-RICORD-1C-419639-002871-45785-0.png - Prediction 2 - Time 5.887646913528442
Rank 4 - Image 8db71746-e837-43c2-bdf1-c44d1ab207e3.png - Prediction 0 - Time 6.977196216583252
Rank 6 - Image 393b8e45-6d97-4013-8100-27ebf07a1dad.png - Prediction 1 - Time 5.583711624145508
Rank 5 - Image bd8facb9-dce0-4048-8249-e6078b28e1b7.png - Prediction 1 - Time 6.3149590492248535
Rank 2 - Image MIDRC-RICORD-1C-SITE2-000279-56879-0.png - Prediction 2 - Time 5.730307579040527
Rank 0 - Image MIDRC-RICORD-1C-419639-003257-00787-0.png - Prediction 2 - Time 5.745265007019043
Rank 1 - Image MIDRC-RICORD-1C-419639-001464-53024-0.png - Prediction 1 - Time 6.563848257064819
Rank 3 - Image MIDRC-RICORD-1C-SITE2-000220-78771-1.png - Prediction 0 - Time 5.8735511302948
Rank 4 - Image 275f9fff-2439-4f3f-9c48-7c21f348701a.png - Prediction 0 - Time 6.938199043273926
Rank 6 - Image 2348e8ba-483f-476d-b29d-5ba8398d7abc.png - Prediction 1 - Time 5.664159536361694
Rank 2 - Image MIDRC-RICORD-1C-SITE2-000067-11643-0.png - Prediction 1 - Time 5.686930894851685
Rank 5 - Image 4dbc44ca-694a-4814-9a24-bc60c8d8d611.png - Prediction 1 - Time 6.251757621765137
Rank 0 - Image MIDRC-RICORD-1C-SITE2-000099-22857-0.png - Prediction 2 - Time 5.7084784507751465
Rank 1 - Image MIDRC-RICORD-1C-419639-003157-67493-0.png - Prediction 2 - Time 6.543444395065308
Rank 3 - Image MIDRC-RICORD-1C-419639-001661-28330-1.png - Prediction 2 - Time 5.716778516769409
Rank 4 - Image 1d1968e2-88a5-4d72-9237-caf4cbad9423.png - Prediction 0 - Time 6.90242600440979
Rank 6 - Image aef87dc2-a097-4683-9fb1-d1af6838a16a.png - Prediction 0 - Time 5.591244697570801
Rank 2 - Image MIDRC-RICORD-1C-SITE2-000015-91071-0.png - Prediction 2 - Time 5.725592374801636
Rank 0 - Image MIDRC-RICORD-1C-SITE2-000155-37671-0.png - Prediction 2 - Time 5.689596891403198
Rank 5 - Image 3f504abe-2133-4e09-98af-743cdea486f9.png - Prediction 1 - Time 6.442331790924072
Rank 3 - Image MIDRC-RICORD-1C-SITE2-000142-56843-0.png - Prediction 2 - Time 5.797152042388916
Rank 1 - Image MIDRC-RICORD-1C-SITE2-000048-66689-0.png - Prediction 2 - Time 6.551125764846802
Rank 6 - Image afe1b6e2-203e-4ee5-856a-2f205d8bca2a.png - Prediction 1 - Time 5.595232963562012
Rank 4 - Image 07aeb82e-773b-4498-95c0-fabdf4985bb2.png - Prediction 0 - Time 6.976404905319214
Rank 2 - Image MIDRC-RICORD-1C-440808-000016-8.281-0.png - Prediction 0 - Time 5.6368348598480225
Rank 0 - Image MIDRC-RICORD-1C-419639-000235-89929-0.png - Prediction 0 - Time 5.54987907409668
Rank 5 - Image af169d21-1c39-445e-82d8-5035182a3a8c.png - Prediction 2 - Time 6.3815038204193115
Rank 3 - Image MIDRC-RICORD-1C-419639-003099-52606-0.png - Prediction 0 - Time 5.729860067367554
Rank 1 - Image MIDRC-RICORD-1C-440808-000020-8.458-0.png - Prediction 2 - Time 6.547759771347046
Rank 6 - Image 3d070009-c877-4ed4-ac80-53781cb30fef.png - Prediction 1 - Time 5.639835357666016
Rank 2 - Image MIDRC-RICORD-1C-419639-001829-30276-0.png - Prediction 2 - Time 5.741389036178589
Rank 0 - Image MIDRC-RICORD-1C-419639-002376-07504-0.png - Prediction 2 - Time 5.594534635543823
Rank 4 - Image 652d6bb3-56a0-4a89-9631-684ce27cfc4c.png - Prediction 0 - Time 6.919867277145386
Rank 3 - Image MIDRC-RICORD-1C-419639-002463-12463-0.png - Prediction 2 - Time 5.794531583786011
Rank 5 - Image fcd159f4-21d3-4169-a94b-95a2b5ccddcb.png - Prediction 1 - Time 6.2389397621154785
Rank 1 - Image MIDRC-RICORD-1C-SITE2-000034-76728-1.png - Prediction 2 - Time 6.519493579864502
Rank 6 - Image 34fbff70-fa6e-4709-ab07-17f739fce394.png - Prediction 1 - Time 5.591073036193848
Rank 2 - Image MIDRC-RICORD-1C-419639-000025-53641-0.png - Prediction 2 - Time 5.61601448059082
Rank 0 - Image MIDRC-RICORD-1C-419639-001433-28259-0.png - Prediction 0 - Time 5.538071155548096
Rank 3 - Image MIDRC-RICORD-1C-419639-001085-09031-0.png - Prediction 0 - Time 5.703158617019653
Rank 4 - Image e155c13d-7ac7-4765-bb86-899349978413.png - Prediction 0 - Time 7.009494304656982
Rank 5 - Image b6db3041-1554-43ef-baca-58733b6717d6.png - Prediction 0 - Time 6.296722888946533
Rank 6 - Image 2c68016e-5a63-4430-a834-efe5d43edd0e.png - Prediction 1 - Time 5.655133485794067
Rank 1 - Image MIDRC-RICORD-1C-419639-002784-76664-0.png - Prediction 0 - Time 6.416990518569946
Rank 0 - Image MIDRC-RICORD-1C-419639-003116-57702-0.png - Prediction 2 - Time 5.607684135437012
Rank 2 - Image MIDRC-RICORD-1C-SITE2-000124-65701-0.png - Prediction 2 - Time 5.741098403930664
Rank 3 - Image MIDRC-RICORD-1C-419639-002895-42704-0.png - Prediction 0 - Time 5.79109787940979
Rank 5 - Image a0a8370a-dc3f-4f70-a440-e3fa9827928a.png - Prediction 1 - Time 6.214736223220825
Rank 4 - Image 98bfaf7a-d80b-491e-a7e0-c5c7316bebe9.png - Prediction 0 - Time 6.90459132194519
Rank 6 - Image 8ae822ae-a656-47ba-ac5b-848ce2256575.png - Prediction 1 - Time 5.582235813140869
Rank 0 - Image MIDRC-RICORD-1C-419639-001629-03737-0.png - Prediction 0 - Time 5.5451390743255615
Rank 1 - Image MIDRC-RICORD-1C-SITE2-000014-81802-0.png - Prediction 2 - Time 6.612854719161987
Rank 2 - Image MIDRC-RICORD-1C-419639-001464-85049-0.png - Prediction 2 - Time 5.636804580688477
Rank 3 - Image 47c78742-4998-4878-aec4-37b11b1354ac.png - Prediction 0 - Time 5.6698997020721436
Rank 5 - Image 1dad3414-88c9-4c56-af5d-3a1488af452c.png - Prediction 1 - Time 6.274304628372192
Rank 6 - Image f661fe70-2fc1-4564-9f53-45504c0b0688.png - Prediction 1 - Time 5.741868257522583
Rank 4 - Image 76b180ab-242f-45d3-bce1-68df00c5ef45.png - Prediction 0 - Time 6.992095947265625
Rank 0 - Image MIDRC-RICORD-1C-SITE2-000211-85940-0.png - Prediction 2 - Time 5.647838354110718
Rank 2 - Image MIDRC-RICORD-1C-419639-000025-90087-0.png - Prediction 2 - Time 5.685947418212891
Rank 1 - Image MIDRC-RICORD-1C-SITE2-000068-39061-0.png - Prediction 2 - Time 6.51093864440918
Rank 3 - Image 8989e25c-a698-48fc-b428-fff56931fc8f.png - Prediction 0 - Time 5.758305549621582
Rank 6 - Image 78c33a1a-8f22-476c-ae97-8190192102df.png - Prediction 1 - Time 5.58972954750061
Rank 5 - Image f760c946-a103-4991-a6e5-ff60c24cd99f.png - Prediction 1 - Time 6.232678174972534
Rank 0 - Image MIDRC-RICORD-1C-419639-003027-36839-0.png - Prediction 2 - Time 5.527592420578003
Rank 2 - Image MIDRC-RICORD-1C-SITE2-000098-66227-0.png - Prediction 2 - Time 5.604497909545898
Rank 4 - Image 372b2fea-2013-4600-a06f-765c3f054a82.png - Prediction 0 - Time 6.90350079536438
Rank 1 - Image MIDRC-RICORD-1C-419639-000025-84235-0.png - Prediction 2 - Time 6.473299503326416
Rank 3 - Image 7fb3786c-5045-4a90-981d-c55b53d4d5d3.png - Prediction 0 - Time 5.668205976486206
Rank 6 - Image 652b519d-5eb4-4abc-93f7-15ae661a431f.png - Prediction 1 - Time 5.630393028259277
Rank 5 - Image b021293c-4dd0-450c-b1a4-2d72cedab0a2.png - Prediction 1 - Time 6.317161560058594
Rank 0 - Image MIDRC-RICORD-1C-419639-003021-81745-0.png - Prediction 2 - Time 5.611915111541748
Rank 2 - Image MIDRC-RICORD-1C-SITE2-000188-54382-0.png - Prediction 2 - Time 5.749065160751343
Rank 4 - Image a52aa522-a1b3-4f15-8609-f44bf96da2e3.png - Prediction 0 - Time 7.00027060508728
Rank 3 - Image 766b8aea-3b43-4a34-b675-09f373ca066b.png - Prediction 0 - Time 5.73923659324646
Rank 1 - Image MIDRC-RICORD-1C-SITE2-000001-16794-0.png - Prediction 2 - Time 6.5143067836761475
Rank 6 - Image 2397b2f6-3dfa-476c-89ea-e9992c5bd9a9.png - Prediction 1 - Time 5.591711044311523
Rank 0 - Image MIDRC-RICORD-1C-419639-003024-14703-0.png - Prediction 2 - Time 5.545973777770996
Rank 2 - Image MIDRC-RICORD-1C-SITE2-000072-79474-0.png - Prediction 2 - Time 5.631314516067505
Rank 5 - Image 349f10b4-dc3e-4f3f-b2e4-a5b81448ce87.png - Prediction 1 - Time 6.230798721313477
Rank 3 - Image f6236cb5-cc36-4ec4-895c-d11ce043341d.png - Prediction 0 - Time 5.689867258071899
Rank 4 - Image 6556ce72-1a60-40aa-aaf7-b50dbf07fae7.png - Prediction 0 - Time 6.919984579086304
Rank 1 - Image MIDRC-RICORD-1C-419639-001571-15270-0.png - Prediction 2 - Time 6.493120431900024
Rank 6 - Image ac10f43e-03b8-43d2-bcae-6fe000542397.png - Prediction 0 - Time 5.632844924926758
Rank 0 - Image MIDRC-RICORD-1C-419639-002724-03387-0.png - Prediction 2 - Time 5.600598573684692
Rank 2 - Image MIDRC-RICORD-1C-419639-001882-13628-0.png - Prediction 2 - Time 5.694563388824463
Rank 5 - Image 05d3817a-5535-4e77-8dda-d4412e496c81.png - Prediction 1 - Time 6.2892069816589355
Rank 3 - Image 153b7c2b-4909-4dca-8579-9523582bc4fe.png - Prediction 0 - Time 5.749953746795654
Rank 6 - Image 3c8cc0d1-be7f-493d-9570-542d851f623b.png - Prediction 1 - Time 5.576289892196655
Rank 1 - Image MIDRC-RICORD-1C-419639-001903-65209-0.png - Prediction 2 - Time 6.440953254699707
Rank 4 - Image 633d9182-1809-41b7-a59b-1e60ac91f0c9.png - Prediction 0 - Time 6.984040975570679
Rank 0 - Image MIDRC-RICORD-1C-419639-001464-32013-0.png - Prediction 1 - Time 5.532318592071533
Rank 2 - Image MIDRC-RICORD-1C-419639-000402-60433-0.png - Prediction 0 - Time 5.62277889251709
Rank 5 - Image c21157da-1f74-4966-ba4e-c144d8f5da2d.png - Prediction 1 - Time 6.243382930755615
Rank 3 - Image 1afd6582-da9d-4e5a-a81f-62a188fe9366.png - Prediction 0 - Time 5.666668176651001
Rank 6 - Image 6565a9e6-3f01-4de8-a18d-ade3121c5d7c.png - Prediction 1 - Time 5.635501384735107
Rank 1 - Image MIDRC-RICORD-1C-SITE2-000244-77429-0.png - Prediction 2 - Time 6.535713195800781
Rank 0 - Image MIDRC-RICORD-1C-SITE2-000116-25889-1.png - Prediction 0 - Time 5.628207206726074
Rank 2 - Image MIDRC-RICORD-1C-440808-000019-8.433-0.png - Prediction 1 - Time 5.674654245376587
Rank 4 - Image fd7bad9a-1bff-49ec-9c6c-c9aae9e65726.png - Prediction 0 - Time 6.921816825866699
Rank 5 - Image 5acc56a4-1b6e-4394-9364-9772047d583f.png - Prediction 2 - Time 6.296820402145386
Rank 3 - Image 85bb48fe-e6d6-47de-bb71-d1636aced7dc.png - Prediction 0 - Time 5.65922737121582
Rank 6 - Image ed0c5d1e-934a-4e31-9221-3a6a69ec9c1b.png - Prediction 1 - Time 5.570619344711304
Rank 0 - Image MIDRC-RICORD-1C-SITE2-000229-76177-0.png - Prediction 2 - Time 5.52102255821228
Rank 2 - Image MIDRC-RICORD-1C-419639-003319-99931-0.png - Prediction 2 - Time 5.61644983291626
Rank 1 - Image MIDRC-RICORD-1C-419639-000582-21506-0.png - Prediction 2 - Time 6.44605278968811
Rank 4 - Image 99432aa3-8d61-4ff2-a79a-f0a0218d6fa2.png - Prediction 0 - Time 6.989184617996216
Rank 3 - Image eaeb935a-7294-4dd3-8bf5-73ba781d28af.png - Prediction 0 - Time 5.584799289703369
Rank 5 - Image dd4d6a4c-1e67-4911-bda2-7d8af75b1b19.png - Prediction 1 - Time 6.214948892593384
Rank 6 - Image 4bc8ce99-2420-48c2-a768-d067da67ced2.png - Prediction 1 - Time 5.646220445632935
Rank 0 - Image MIDRC-RICORD-1C-419639-001222-46073-0.png - Prediction 1 - Time 5.53355860710144
Rank 2 - Image MIDRC-RICORD-1C-SITE2-000217-73086-0.png - Prediction 2 - Time 5.737845182418823
Rank 1 - Image MIDRC-RICORD-1C-419639-002088-09388-0.png - Prediction 2 - Time 6.511975526809692
Rank 3 - Image 5f137fa7-6539-499e-b0d5-0e481221bf5a.png - Prediction 0 - Time 5.648364543914795
Rank 4 - Image 34bf2fcd-131a-428c-9a21-cd2fa9041f9b.png - Prediction 0 - Time 6.9216930866241455
Rank 5 - Image f0ba0019-718f-4677-a723-05c27dba2f3e.png - Prediction 1 - Time 6.266107082366943
Rank 6 - Image 6df82c7a-a91e-487c-ae3a-9022b17d7c7a.png - Prediction 1 - Time 5.619218587875366
Rank 0 - Image MIDRC-RICORD-1C-419639-003360-73998-0.png - Prediction 2 - Time 5.513266563415527
Rank 2 - Image MIDRC-RICORD-1C-419639-000586-49647-0.png - Prediction 2 - Time 5.623304843902588
Rank 1 - Image MIDRC-RICORD-1C-419639-002050-25234-0.png - Prediction 2 - Time 6.4250335693359375
Rank 3 - Image b5234584-1487-492c-8742-444b9ca41c3d.png - Prediction 0 - Time 5.594244003295898
Rank 6 - Image a6c364d2-b2d6-4b0b-a439-40b992ff65c7.png - Prediction 1 - Time 5.636234283447266
Rank 5 - Image cc3177c8-6570-497c-aef3-6fbddef692f6.png - Prediction 1 - Time 6.235552787780762
Rank 4 - Image b5007662-ff9c-49ad-9093-85ed7dc44bf4.png - Prediction 0 - Time 6.996688365936279
Rank 0 - Image MIDRC-RICORD-1C-419639-003334-51353-0.png - Prediction 2 - Time 5.591165542602539
Rank 2 - Image MIDRC-RICORD-1C-SITE2-000115-40758-0.png - Prediction 2 - Time 5.729792594909668
Rank 3 - Image 71d8d6ec-253b-4272-a467-311828b2a35b.png - Prediction 0 - Time 5.68410587310791
Rank 1 - Image MIDRC-RICORD-1C-SITE2-000235-44451-0.png - Prediction 2 - Time 6.5910844802856445
Rank 6 - Image 32a5977f-f8ab-41c9-9b51-5387248e4675.png - Prediction 0 - Time 5.59759521484375
Rank 5 - Image 0e03c2d7-9cea-4dc7-8e91-794a8b3ff58d.png - Prediction 1 - Time 6.297837257385254
Rank 0 - Image MIDRC-RICORD-1C-419639-000538-40522-0.png - Prediction 2 - Time 5.523727893829346
Rank 4 - Image 06b2f933-3ea2-4477-ac27-18f732d1f4e1.png - Prediction 0 - Time 6.936742782592773
Rank 2 - Image MIDRC-RICORD-1C-419639-000025-56207-0.png - Prediction 2 - Time 5.623462677001953
Rank 3 - Image 0103fadb-1663-40a6-8a9e-09d626cd2091.png - Prediction 0 - Time 5.6061811447143555
Rank 1 - Image MIDRC-RICORD-1C-SITE2-000202-80939-0.png - Prediction 2 - Time 6.405782222747803
Rank 6 - Image c3751c94-ea6f-4a7c-b3bf-87a54012fa80.png - Prediction 0 - Time 5.654982328414917
Rank 0 - Image MIDRC-RICORD-1C-419639-001735-74702-0.png - Prediction 2 - Time 5.48427939414978
Rank 5 - Image 070c921f-171c-420c-915b-e49e3f600c38.png - Prediction 1 - Time 6.222121715545654
Rank 2 - Image MIDRC-RICORD-1C-419639-001699-69345-0.png - Prediction 2 - Time 5.612355947494507
Rank 4 - Image c2b24ebd-2c40-48c3-ba39-177224dd7db0.png - Prediction 0 - Time 6.968441486358643
Rank 3 - Image e4cd65ae-65de-44fc-a6b2-ebbc46d2e8d8.png - Prediction 0 - Time 5.585800886154175
Rank 6 - Image 1c0a780d-1cac-4eee-b46d-470ecebc9ae0.png - Prediction 1 - Time 5.567348957061768
Rank 0 - Image MIDRC-RICORD-1C-419639-000299-56159-0.png - Prediction 2 - Time 5.573962450027466
Rank 1 - Image MIDRC-RICORD-1C-419639-003203-21209-0.png - Prediction 2 - Time 6.477166652679443
Rank 5 - Image caa545b4-4eea-4e3a-90b1-c4c0789a1109.png - Prediction 1 - Time 6.272217512130737
Rank 2 - Image MIDRC-RICORD-1C-SITE2-000003-00527-0.png - Prediction 2 - Time 5.710137367248535
Rank 3 - Image 2f8fbfdc-56db-4eca-bf64-3c9a0637e28c.png - Prediction 0 - Time 5.685351610183716
Rank 4 - Image 63192a6c-02ba-48a5-932a-bb82aeacb1bc.png - Prediction 0 - Time 6.910293340682983
Rank 6 - Image b852bc3c-0de5-4448-aff8-f96b2cc13d51.png - Prediction 1 - Time 5.629148006439209
Rank 0 - Image MIDRC-RICORD-1C-SITE2-000178-89752-0.png - Prediction 2 - Time 5.595582723617554
Rank 1 - Image MIDRC-RICORD-1C-419639-000025-90087-1.png - Prediction 2 - Time 6.458824634552002
Rank 2 - Image MIDRC-RICORD-1C-419639-003232-50592-0.png - Prediction 2 - Time 5.687954664230347
Rank 5 - Image 7817b551-d220-479b-815f-395f83e1dba1.png - Prediction 1 - Time 6.056300163269043
Rank 3 - Image bc46651a-1314-44af-a834-1eb8a36e589e.png - Prediction 0 - Time 5.672846794128418
Rank 6 - Image a2616330-1f29-4019-928f-e2d62b3b737b.png - Prediction 1 - Time 5.5850746631622314
Rank 4 - Image 73dca3d1-5c58-4c72-80a9-201deca7ffec.png - Prediction 0 - Time 6.973329544067383
Rank 0 - Image MIDRC-RICORD-1C-419639-001287-60951-0.png - Prediction 2 - Time 5.510488510131836
Rank 2 - Image MIDRC-RICORD-1C-419639-000025-04760-0.png - Prediction 2 - Time 5.652736663818359
Rank 1 - Image MIDRC-RICORD-1C-SITE2-000136-21646-0.png - Prediction 2 - Time 6.548334121704102
Rank 5 - Image f743c21e-5876-460b-bbd6-2e2dcca41baa.png - Prediction 1 - Time 6.1842169761657715
Rank 3 - Image 71d25920-4060-4a31-b7aa-cfbf4721a5c5.png - Prediction 0 - Time 5.637445688247681
Rank 6 - Image a6236ddd-6367-4569-b5f1-07d2df9390ad.png - Prediction 1 - Time 5.625695466995239
Rank 0 - Image MIDRC-RICORD-1C-SITE2-000182-35476-0.png - Prediction 2 - Time 5.64374041557312
Rank 4 - Image c485a9bd-6e18-4328-8c5c-cf80f71aa35d.png - Prediction 0 - Time 6.893584966659546
Rank 2 - Image MIDRC-RICORD-1C-419639-000025-89853-0.png - Prediction 2 - Time 5.750213861465454
Rank 1 - Image MIDRC-RICORD-1C-SITE2-000153-84142-0.png - Prediction 2 - Time 6.313965082168579
Rank 5 - Image e1d5a233-39ca-41dc-a289-b07c3e78cdb1.png - Prediction 1 - Time 6.038842439651489
Rank 3 - Image ca3c90e4-f7fe-4f6e-b20b-81473deab4f0.png - Prediction 0 - Time 5.655133962631226
Rank 6 - Image b8d6b40d-2a3d-475f-88d3-03560f645223.png - Prediction 1 - Time 5.542940139770508
Rank 0 - Image MIDRC-RICORD-1C-419639-000025-17477-0.png - Prediction 2 - Time 5.502731561660767
Rank 2 - Image MIDRC-RICORD-1C-419639-001425-17331-0.png - Prediction 2 - Time 5.681157827377319
Rank 4 - Image b540ba89-72f7-40f5-a916-376546c20014.png - Prediction 0 - Time 7.00304102897644
Rank 1 - Image MIDRC-RICORD-1C-419639-003216-61144-0.png - Prediction 2 - Time 6.308382272720337
Rank 5 - Image 40a2f7fd-342e-494b-a7e0-5857b73ec582.png - Prediction 1 - Time 6.115942001342773
Rank 3 - Image dab2f334-331c-42c7-af09-a997092464b0.png - Prediction 0 - Time 5.585844993591309
Rank 6 - Image 49b2fb17-b12c-4e5a-8c4a-02449027c42b.png - Prediction 1 - Time 5.534958124160767
Rank 0 - Image MIDRC-RICORD-1C-419639-002528-57471-0.png - Prediction 1 - Time 5.511499643325806
Rank 2 - Image MIDRC-RICORD-1C-440808-000009-08.98-0.png - Prediction 2 - Time 5.6809611320495605
Rank 4 - Image 33e4e43b-054b-4537-9cd6-0fe574f7d337.png - Prediction 0 - Time 6.893579483032227
Rank 3 - Image 436dce2a-06c3-4281-bb8e-840497a49381.png - Prediction 1 - Time 5.585211515426636
Rank 5 - Image bcdd92c8-2cde-4899-a6fc-46b875aaab62.png - Prediction 1 - Time 6.051436901092529
Rank 1 - Image MIDRC-RICORD-1C-419639-001464-60601-0.png - Prediction 2 - Time 6.247713804244995
Rank 6 - Image 3766b0a6-1769-4d82-b081-fa53531de34e.png - Prediction 1 - Time 5.593038320541382
Rank 0 - Image MIDRC-RICORD-1C-419639-001932-82193-0.png - Prediction 2 - Time 5.568383455276489
Rank 2 - Image MIDRC-RICORD-1C-419639-000086-21140-0.png - Prediction 2 - Time 5.733041524887085
Rank 3 - Image af6ef3d9-81c8-434e-bc5a-dbf89bc418aa.png - Prediction 0 - Time 5.660409212112427
Rank 5 - Image ac648f87-a79f-4ce0-9439-23a8dd886b71.png - Prediction 1 - Time 6.134101152420044
Rank 1 - Image MIDRC-RICORD-1C-419639-003380-99227-0.png - Prediction 0 - Time 6.30358099937439
Rank 6 - Image f12d7b12-0398-4533-8f55-8772cc434945.png - Prediction 1 - Time 5.616723537445068
Rank 4 - Image 45dd0d26-0740-4c32-bd01-34246a41f3e3.png - Prediction 0 - Time 6.969329118728638
Rank 0 - Image MIDRC-RICORD-1C-419639-000002-10161-0.png - Prediction 2 - Time 5.519317150115967
Rank 2 - Image MIDRC-RICORD-1C-SITE2-000270-57009-0.png - Prediction 2 - Time 5.709537744522095
Rank 3 - Image a7aef71b-0fc8-4837-be79-4ced56e03439.png - Prediction 0 - Time 5.6071202754974365
Rank 6 - Image 0b7a4fb2-adab-484b-a0f7-23f5111bc745.png - Prediction 1 - Time 5.541592836380005
Rank 5 - Image 93b49de9-9267-43c2-a507-6885e4caeaba.png - Prediction 1 - Time 6.069928407669067
Rank 0 - Image MIDRC-RICORD-1C-419639-001464-72163-0.png - Prediction 1 - Time 5.589681386947632
Rank 1 - Image MIDRC-RICORD-1C-SITE2-000272-41527-0.png - Prediction 2 - Time 6.264034986495972
Rank 4 - Image ad446933-fb8e-4739-bb40-2063e796ffd8.png - Prediction 0 - Time 6.915797233581543
Rank 2 - Image MIDRC-RICORD-1C-419639-000573-31324-0.png - Prediction 2 - Time 5.728672981262207
Rank 3 - Image dfa57c1f-01fb-4417-a1b5-0641a9b4bb84.png - Prediction 0 - Time 5.648143291473389
Rank 6 - Image 1565fd6c-9432-454a-87e4-937fd5ad5b60.png - Prediction 1 - Time 5.605445623397827
Rank 0 - Image MIDRC-RICORD-1C-SITE2-000239-21655-0.png - Prediction 2 - Time 5.538111448287964
Rank 5 - Image af2ff93b-2f33-4c91-bde1-1490fc435b50.png - Prediction 1 - Time 6.014655828475952
Rank 1 - Image MIDRC-RICORD-1C-419639-003338-57135-0.png - Prediction 2 - Time 6.29989218711853
Rank 4 - Image 5b12801f-aaf7-442e-b994-ec8f15ce78e5.png - Prediction 0 - Time 6.909619569778442
Rank 2 - Image MIDRC-RICORD-1C-SITE2-000154-41630-0.png - Prediction 2 - Time 5.697612524032593
Rank 3 - Image 5eb932e2-3455-40fe-93db-ae44f897d9e0.png - Prediction 0 - Time 5.606456995010376
Rank 6 - Image 02002619-3dea-4038-8d4d-458db30ed8de.png - Prediction 1 - Time 5.558188438415527
Rank 0 - Image MIDRC-RICORD-1C-419639-003371-97350-0.png - Prediction 2 - Time 5.603224277496338
Rank 5 - Image 31692137-f770-4cfe-a02e-fd207ce813ac.png - Prediction 1 - Time 6.095609664916992
Rank 1 - Image MIDRC-RICORD-1C-419639-003060-04928-0.png - Prediction 2 - Time 6.2574303150177
Rank 2 - Image MIDRC-RICORD-1C-SITE2-000168-32448-0.png - Prediction 2 - Time 5.7241370677948
Rank 4 - Image 3fe1550e-8bcb-4732-a343-725acce70531.png - Prediction 0 - Time 6.962069272994995
Rank 3 - Image e8485b0f-293d-4ca8-8b71-92db61c8ee3e.png - Prediction 0 - Time 5.667222023010254
Rank 6 - Image becefa4b-f719-48c6-a903-85e391e026a4.png - Prediction 1 - Time 5.567208766937256
Rank 0 - Image MIDRC-RICORD-1C-419639-000432-86017-0.png - Prediction 2 - Time 5.503624677658081
Rank 5 - Image f7379744-be39-44b2-8816-a743857bd6a6.png - Prediction 1 - Time 6.120443105697632
Rank 1 - Image MIDRC-RICORD-1C-419639-002889-42412-0.png - Prediction 2 - Time 6.270011901855469
Rank 2 - Image MIDRC-RICORD-1C-SITE2-000125-08616-1.png - Prediction 2 - Time 5.74565577507019
Rank 3 - Image 35cda03a-0898-4f8b-92d3-6f263aed23ff.png - Prediction 0 - Time 5.605141639709473
Rank 4 - Image 0bb24183-8b59-48f1-8bbf-4d889976fc82.png - Prediction 0 - Time 6.968180179595947
Rank 6 - Image 3f2b878e-9e3b-410b-a739-b43d81b98692.png - Prediction 1 - Time 5.617804527282715
Rank 0 - Image MIDRC-RICORD-1C-419639-001007-89903-0.png - Prediction 2 - Time 5.5709898471832275
Rank 5 - Image 3186d210-966f-4733-ba72-98729be9551a.png - Prediction 1 - Time 6.046417713165283
Rank 1 - Image MIDRC-RICORD-1C-SITE2-000106-15732-0.png - Prediction 2 - Time 6.373760938644409
Rank 2 - Image MIDRC-RICORD-1C-SITE2-000096-37358-0.png - Prediction 2 - Time 5.7646164894104
Rank 3 - Image d82e5841-2f43-4eab-ac17-e98a2d90c51b.png - Prediction 0 - Time 5.690232276916504
Rank 6 - Image adce8349-6836-4328-ab63-f356d0bbe298.png - Prediction 1 - Time 5.571905851364136
Rank 0 - Image MIDRC-RICORD-1C-419639-001464-39871-1.png - Prediction 2 - Time 5.50263524055481
Rank 4 - Image 02e4191e-fb03-4581-914c-f0438a17e53e.png - Prediction 0 - Time 6.904272794723511
Rank 5 - Image b51c3c24-f9aa-4039-9fc1-527a5567dff6.png - Prediction 0 - Time 6.10702109336853
Rank 2 - Image MIDRC-RICORD-1C-SITE2-000221-43774-0.png - Prediction 2 - Time 5.7467920780181885
Rank 1 - Image MIDRC-RICORD-1C-SITE2-000297-71173-1.png - Prediction 2 - Time 6.254458665847778
Rank 3 - Image af1d168c-4850-41e1-85b8-ff8fc645e671.png - Prediction 0 - Time 5.617475986480713
Rank 6 - Image 854fee36-d54c-4cde-904d-ab77f5e2e091.png - Prediction 1 - Time 5.62800145149231
Rank 0 - Image MIDRC-RICORD-1C-419639-002374-98411-0.png - Prediction 2 - Time 5.5528645515441895
Rank 4 - Image a8dfd068-69e9-4486-bb22-2a04f2f2e1a5.png - Prediction 0 - Time 6.9889976978302
Rank 5 - Image e9e58e10-2795-4dec-a738-c9792ea8f685.png - Prediction 1 - Time 6.20261025428772
Rank 2 - Image MIDRC-RICORD-1C-SITE2-000179-48742-0.png - Prediction 2 - Time 5.825138092041016
Rank 1 - Image MIDRC-RICORD-1C-SITE2-000204-24409-0.png - Prediction 1 - Time 6.178141117095947
Rank 3 - Image 585f5059-8938-4885-accb-d7d0b1097c60.png - Prediction 0 - Time 5.677618503570557
Rank 6 - Image baf8fe18-a7ca-4e9c-b3dc-5c80d474545b.png - Prediction 1 - Time 5.522253513336182
Rank 0 - Image MIDRC-RICORD-1C-SITE2-000028-53390-0.png - Prediction 2 - Time 5.521829843521118
Rank 5 - Image cd9d2d22-4395-4e4d-8837-cfb33c2bdaab.png - Prediction 1 - Time 6.021474123001099
Rank 4 - Image 63f71157-7db6-476f-b320-ba2fcbe2543f.png - Prediction 0 - Time 6.90057373046875
Rank 1 - Image MIDRC-RICORD-1C-419639-001464-82193-0.png - Prediction 2 - Time 6.170470476150513
Rank 6 - Image a77b32f6-1999-4cc6-8a0d-1ef7e53850f0.png - Prediction 1 - Time 5.625134706497192
Rank 5 - Image b42eaeb8-b6d3-41d7-836c-56fd0922abf6.png - Prediction 1 - Time 6.083724021911621
Rank 4 - Image 1cdba4ee-0bb8-421d-9a24-7febeb399729.png - Prediction 0 - Time 6.942221164703369
Rank 6 - Image 41bf2042-53a2-44a8-9a29-55e643af5ac0.png - Prediction 1 - Time 5.569926500320435
Rank 1 - Image MIDRC-RICORD-1C-SITE2-000058-42859-0.png - Prediction 2 - Time 6.183335065841675
Rank 5 - Image ae06b30f-ae30-40d3-b237-c934ce499774.png - Prediction 1 - Time 6.0396928787231445
Rank 6 - Image ec09ddb3-9b0b-4749-9e0d-f94a4a7e5fed.png - Prediction 1 - Time 5.629719257354736
Rank 1 - Image MIDRC-RICORD-1C-SITE2-000149-71428-1.png - Prediction 2 - Time 6.08581018447876
Rank 4 - Image e1d23cbe-213d-48d6-a8c2-672c4e68285d.png - Prediction 0 - Time 6.981290817260742
Rank 5 - Image f59ae80d-d98e-465f-963a-1064764211f8.png - Prediction 1 - Time 6.086344957351685
Rank 6 - Image abff4044-3c0a-458f-b0c7-04254be7fc0c.png - Prediction 1 - Time 5.5632452964782715
Rank 1 - Image MIDRC-RICORD-1C-419639-002281-83348-0.png - Prediction 2 - Time 6.16310715675354
Rank 4 - Image 4b1cab8a-c9bd-40e6-bc86-23c6be98a099.png - Prediction 0 - Time 6.895334720611572
Rank 5 - Image 03a9498c-549d-4e7d-800b-e74797f7f625.png - Prediction 1 - Time 6.016449213027954
Rank 6 - Image 27b32500-40ef-4c14-ab88-ace5e9ceea27.png - Prediction 1 - Time 5.664607048034668
Rank 1 - Image MIDRC-RICORD-1C-419639-002733-79941-0.png - Prediction 2 - Time 6.1211395263671875
Rank 4 - Image ec0492da-e6be-49cf-8b18-dc143180f1a2.png - Prediction 0 - Time 6.990960597991943
Rank 5 - Image 080f2b35-fcd5-473e-864b-a7dea3054cc7.png - Prediction 1 - Time 6.115732192993164
Rank 1 - Image MIDRC-RICORD-1C-419639-000025-81112-0.png - Prediction 2 - Time 6.16499137878418
Rank 4 - Image 89dd8f63-8320-48f3-b142-d903f40d5c8c.png - Prediction 0 - Time 6.894794702529907
Rank 5 - Image b479635e-4c58-4d27-879b-fb0e87b2a1aa.png - Prediction 1 - Time 6.055893182754517
Rank 1 - Image MIDRC-RICORD-1C-419639-003186-86346-0.png - Prediction 0 - Time 6.104353189468384
Rank 4 - Image b76728e6-f44b-40bf-8688-e703d10d2039.png - Prediction 0 - Time 6.967556715011597
Rank 5 - Image 86853bbd-5af2-4551-8273-f2978dffdd76.png - Prediction 0 - Time 6.100411653518677
Rank 1 - Image MIDRC-RICORD-1C-SITE2-000237-52517-0.png - Prediction 0 - Time 6.219603061676025
Rank 5 - Image acb5c720-f741-415c-993c-65855be08ffa.png - Prediction 1 - Time 6.036066770553589
Rank 4 - Image d9884def-b31a-4861-9eea-27f97bffeba2.png - Prediction 0 - Time 6.908591270446777
Rank 1 - Image MIDRC-RICORD-1C-SITE2-000002-65816-0.png - Prediction 2 - Time 6.147008657455444
Rank 5 - Image 1414c7d6-dff3-453c-8322-b25bb5899d78.png - Prediction 1 - Time 6.105163812637329
Rank 4 - Image ffba6230-71cf-4287-a0d1-887f5d16e95d.png - Prediction 0 - Time 6.962250709533691
Rank 1 - Image MIDRC-RICORD-1C-419639-000025-39552-1.png - Prediction 2 - Time 6.158624887466431
Rank 4 - Image f3b015ab-e337-4e7f-971d-eb7cc3dd4e92.png - Prediction 0 - Time 6.895453214645386
Rank 1 - Image MIDRC-RICORD-1C-419639-000082-79663-0.png - Prediction 2 - Time 6.096553325653076
Rank 1 - Image MIDRC-RICORD-1C-SITE2-000094-94497-0.png - Prediction 2 - Time 6.193318605422974
Rank 4 - Image bca4aa4d-0cc9-4cc0-b06d-5b675194bf62.png - Prediction 0 - Time 6.972832679748535
Rank 0 - gathering data of length: 7
Created csv file: /p/project/joaiml/ingolfsson1/COVID_Net/results/covidx_test_7_224_406.csv
Total inference time: 406.89684891700745
