Wed Dec  8 09:11:49 2021       
+-----------------------------------------------------------------------------+
| NVIDIA-SMI 418.87.00    Driver Version: 418.87.00    CUDA Version: 10.1     |
|-------------------------------+----------------------+----------------------+
| GPU  Name        Persistence-M| Bus-Id        Disp.A | Volatile Uncorr. ECC |
| Fan  Temp  Perf  Pwr:Usage/Cap|         Memory-Usage | GPU-Util  Compute M. |
|===============================+======================+======================|
|   0  Tesla V100-PCIE...  On   | 00000000:AF:00.0 Off |                    0 |
| N/A   29C    P0    26W / 250W |      0MiB / 32480MiB |      0%      Default |
+-------------------------------+----------------------+----------------------+
                                                                               
+-----------------------------------------------------------------------------+
| Processes:                                                       GPU Memory |
|  GPU       PID   Type   Process name                             Usage      |
|=============================================================================|
|  No running processes found                                                 |
+-----------------------------------------------------------------------------+
Rank 8 - Image 3db7e979-5f97-4985-bf0c-cdea7951e246.png - Prediction 1 - Time 23.510015964508057
Rank 0 - Image MIDRC-RICORD-1C-419639-003251-46647-0.png - Prediction 2 - Time 24.139606714248657
Rank 2 - Image MIDRC-RICORD-1C-419639-000025-90087-1.png - Prediction 2 - Time 24.22880458831787
Rank 3 - Image MIDRC-RICORD-1C-419639-001782-15190-0.png - Prediction 2 - Time 24.630849599838257
Rank 4 - Image MIDRC-RICORD-1C-419639-001374-75990-0.png - Prediction 2 - Time 23.74475646018982
Rank 6 - Image 45dd0d26-0740-4c32-bd01-34246a41f3e3.png - Prediction 0 - Time 24.478174924850464
Rank 7 - Image c21157da-1f74-4966-ba4e-c144d8f5da2d.png - Prediction 1 - Time 24.78679323196411
Rank 1 - Image MIDRC-RICORD-1C-SITE2-000182-35476-0.png - Prediction 2 - Time 29.384246587753296
Rank 8 - Image e2e89418-6c0e-4f50-a2d9-6cd5e58feef0.png - Prediction 1 - Time 19.52976703643799
Rank 3 - Image MIDRC-RICORD-1C-SITE2-000279-56879-0.png - Prediction 2 - Time 19.644161462783813
Rank 0 - Image MIDRC-RICORD-1C-419639-001464-39871-0.png - Prediction 2 - Time 20.65261745452881
Rank 2 - Image MIDRC-RICORD-1C-SITE2-000136-21646-0.png - Prediction 2 - Time 21.1130428314209
Rank 5 - Image e8485b0f-293d-4ca8-8b71-92db61c8ee3e.png - Prediction 0 - Time 25.470502376556396
Rank 6 - Image ad446933-fb8e-4739-bb40-2063e796ffd8.png - Prediction 0 - Time 19.90122699737549
Rank 4 - Image MIDRC-RICORD-1C-419639-003336-50845-0.png - Prediction 2 - Time 20.87939977645874
Rank 7 - Image 5acc56a4-1b6e-4394-9364-9772047d583f.png - Prediction 1 - Time 20.581852912902832
Rank 8 - Image 393b8e45-6d97-4013-8100-27ebf07a1dad.png - Prediction 1 - Time 19.095003366470337
Rank 3 - Image MIDRC-RICORD-1C-SITE2-000067-11643-0.png - Prediction 2 - Time 19.960367679595947
Rank 0 - Image MIDRC-RICORD-1C-419639-000918-78965-0.png - Prediction 2 - Time 20.280495643615723
Rank 1 - Image MIDRC-RICORD-1C-419639-000025-17477-0.png - Prediction 2 - Time 24.602509021759033
Rank 2 - Image MIDRC-RICORD-1C-SITE2-000153-84142-0.png - Prediction 2 - Time 21.283724308013916
Rank 5 - Image 35cda03a-0898-4f8b-92d3-6f263aed23ff.png - Prediction 0 - Time 20.5226891040802
Rank 4 - Image MIDRC-RICORD-1C-419639-002929-69159-0.png - Prediction 2 - Time 19.94401741027832
Rank 6 - Image 5b12801f-aaf7-442e-b994-ec8f15ce78e5.png - Prediction 0 - Time 20.31367540359497
Rank 7 - Image dd4d6a4c-1e67-4911-bda2-7d8af75b1b19.png - Prediction 1 - Time 20.137465953826904
Rank 8 - Image 2348e8ba-483f-476d-b29d-5ba8398d7abc.png - Prediction 1 - Time 21.27620577812195
Rank 3 - Image MIDRC-RICORD-1C-SITE2-000015-91071-0.png - Prediction 2 - Time 21.22324848175049
Rank 0 - Image MIDRC-RICORD-1C-419639-003318-64285-0.png - Prediction 2 - Time 20.877021074295044
Rank 5 - Image d82e5841-2f43-4eab-ac17-e98a2d90c51b.png - Prediction 0 - Time 19.88672971725464
Rank 2 - Image MIDRC-RICORD-1C-419639-003216-61144-0.png - Prediction 2 - Time 21.028194904327393
Rank 1 - Image MIDRC-RICORD-1C-419639-002528-57471-0.png - Prediction 2 - Time 23.57172393798828
Rank 4 - Image MIDRC-RICORD-1C-SITE2-000120-98054-0.png - Prediction 2 - Time 20.488590717315674
Rank 6 - Image 3fe1550e-8bcb-4732-a343-725acce70531.png - Prediction 0 - Time 20.893779754638672
Rank 7 - Image f0ba0019-718f-4677-a723-05c27dba2f3e.png - Prediction 1 - Time 20.755887985229492
Rank 8 - Image aef87dc2-a097-4683-9fb1-d1af6838a16a.png - Prediction 0 - Time 19.269618272781372
Rank 3 - Image MIDRC-RICORD-1C-440808-000016-8.281-0.png - Prediction 0 - Time 20.02558183670044
Rank 0 - Image MIDRC-RICORD-1C-419639-001015-81591-0.png - Prediction 2 - Time 19.598443031311035
Rank 2 - Image MIDRC-RICORD-1C-419639-001464-60601-0.png - Prediction 2 - Time 20.058552503585815
Rank 5 - Image af1d168c-4850-41e1-85b8-ff8fc645e671.png - Prediction 0 - Time 20.670085906982422
Rank 1 - Image MIDRC-RICORD-1C-419639-001932-82193-0.png - Prediction 2 - Time 24.665892839431763
Rank 4 - Image MIDRC-RICORD-1C-SITE2-000127-30661-0.png - Prediction 2 - Time 19.05156898498535
Rank 6 - Image 0bb24183-8b59-48f1-8bbf-4d889976fc82.png - Prediction 0 - Time 20.073812246322632
Rank 7 - Image cc3177c8-6570-497c-aef3-6fbddef692f6.png - Prediction 1 - Time 19.839268684387207
Rank 8 - Image afe1b6e2-203e-4ee5-856a-2f205d8bca2a.png - Prediction 1 - Time 19.21837091445923
Rank 3 - Image MIDRC-RICORD-1C-419639-001829-30276-0.png - Prediction 2 - Time 20.242295742034912
Rank 0 - Image MIDRC-RICORD-1C-SITE2-000265-99793-1.png - Prediction 2 - Time 20.510541915893555
Rank 5 - Image 585f5059-8938-4885-accb-d7d0b1097c60.png - Prediction 0 - Time 20.2321560382843
Rank 2 - Image MIDRC-RICORD-1C-419639-003380-99227-0.png - Prediction 2 - Time 20.499273538589478
Rank 4 - Image MIDRC-RICORD-1C-SITE2-000206-25871-0.png - Prediction 2 - Time 20.136550188064575
Rank 7 - Image 0e03c2d7-9cea-4dc7-8e91-794a8b3ff58d.png - Prediction 1 - Time 20.113823890686035
Rank 6 - Image 02e4191e-fb03-4581-914c-f0438a17e53e.png - Prediction 0 - Time 21.06981086730957
Rank 1 - Image MIDRC-RICORD-1C-419639-000002-10161-0.png - Prediction 2 - Time 23.876163959503174
Rank 8 - Image 3d070009-c877-4ed4-ac80-53781cb30fef.png - Prediction 1 - Time 19.29862904548645
Rank 3 - Image MIDRC-RICORD-1C-419639-000025-53641-0.png - Prediction 2 - Time 21.050471544265747
Rank 0 - Image MIDRC-RICORD-1C-SITE2-000159-61155-0.png - Prediction 2 - Time 20.84766173362732
Rank 5 - Image 5d4c7318-4739-4470-89f3-70bbbca95f10.png - Prediction 0 - Time 20.170186281204224
Rank 2 - Image MIDRC-RICORD-1C-SITE2-000272-41527-0.png - Prediction 2 - Time 20.8178973197937
Rank 4 - Image MIDRC-RICORD-1C-SITE2-000141-46899-0.png - Prediction 2 - Time 20.16524338722229
Rank 7 - Image 070c921f-171c-420c-915b-e49e3f600c38.png - Prediction 1 - Time 20.89153504371643
Rank 6 - Image a8dfd068-69e9-4486-bb22-2a04f2f2e1a5.png - Prediction 0 - Time 21.351497411727905
Rank 1 - Image MIDRC-RICORD-1C-419639-001464-72163-0.png - Prediction 2 - Time 23.95146679878235
Rank 8 - Image 34fbff70-fa6e-4709-ab07-17f739fce394.png - Prediction 1 - Time 20.551252841949463
Rank 0 - Image MIDRC-RICORD-1C-419639-003169-42019-0.png - Prediction 0 - Time 20.21347165107727
Rank 3 - Image MIDRC-RICORD-1C-SITE2-000124-65701-0.png - Prediction 2 - Time 20.484827280044556
Rank 5 - Image d3ad2915-af30-426c-ad2d-1634df8c1b5f.png - Prediction 0 - Time 20.263962268829346
Rank 2 - Image MIDRC-RICORD-1C-419639-003338-57135-0.png - Prediction 2 - Time 20.07914662361145
Rank 4 - Image MIDRC-RICORD-1C-SITE2-000203-08712-0.png - Prediction 2 - Time 20.183387517929077
Rank 7 - Image caa545b4-4eea-4e3a-90b1-c4c0789a1109.png - Prediction 1 - Time 20.306675910949707
Rank 6 - Image 63f71157-7db6-476f-b320-ba2fcbe2543f.png - Prediction 0 - Time 20.5713472366333
Rank 8 - Image 2c68016e-5a63-4430-a834-efe5d43edd0e.png - Prediction 1 - Time 20.108325958251953
Rank 1 - Image MIDRC-RICORD-1C-SITE2-000239-21655-0.png - Prediction 2 - Time 24.622795343399048
Rank 3 - Image MIDRC-RICORD-1C-419639-001464-85049-0.png - Prediction 2 - Time 20.01664900779724
Rank 0 - Image MIDRC-RICORD-1C-SITE2-000238-25854-1.png - Prediction 2 - Time 20.280318021774292
Rank 5 - Image dee054ff-0e1a-4167-b814-cbf339cf689c.png - Prediction 0 - Time 20.058619022369385
Rank 2 - Image MIDRC-RICORD-1C-419639-003060-04928-0.png - Prediction 2 - Time 20.092246532440186
Rank 4 - Image MIDRC-RICORD-1C-SITE2-000045-76077-0.png - Prediction 2 - Time 20.206403255462646
Rank 7 - Image 7817b551-d220-479b-815f-395f83e1dba1.png - Prediction 1 - Time 19.83252215385437
Rank 6 - Image 1cdba4ee-0bb8-421d-9a24-7febeb399729.png - Prediction 0 - Time 20.262623071670532
Rank 8 - Image 8ae822ae-a656-47ba-ac5b-848ce2256575.png - Prediction 1 - Time 20.930171728134155
Rank 0 - Image MIDRC-RICORD-1C-419639-001464-33260-0.png - Prediction 2 - Time 20.944451093673706
Rank 3 - Image MIDRC-RICORD-1C-419639-000025-90087-0.png - Prediction 2 - Time 21.491941213607788
Rank 5 - Image bb068d57-86a8-4347-bee0-e29d59ddef6b.png - Prediction 0 - Time 20.458354949951172
Rank 2 - Image MIDRC-RICORD-1C-419639-002889-42412-0.png - Prediction 2 - Time 20.980860948562622
Rank 1 - Image MIDRC-RICORD-1C-419639-003371-97350-0.png - Prediction 2 - Time 24.923614740371704
Rank 4 - Image MIDRC-RICORD-1C-SITE2-000162-64489-0.png - Prediction 2 - Time 21.298739433288574
Rank 7 - Image f743c21e-5876-460b-bbd6-2e2dcca41baa.png - Prediction 1 - Time 20.256975650787354
Rank 6 - Image e1d23cbe-213d-48d6-a8c2-672c4e68285d.png - Prediction 0 - Time 20.656869411468506
Rank 8 - Image f661fe70-2fc1-4564-9f53-45504c0b0688.png - Prediction 1 - Time 20.61710500717163
Rank 3 - Image MIDRC-RICORD-1C-SITE2-000098-66227-0.png - Prediction 2 - Time 19.684377431869507
Rank 0 - Image MIDRC-RICORD-1C-SITE2-000018-55212-0.png - Prediction 2 - Time 20.48976230621338
Rank 5 - Image 354c3756-43ed-4921-adf8-60be49a8b7e8.png - Prediction 0 - Time 21.105509996414185
Rank 2 - Image MIDRC-RICORD-1C-SITE2-000106-15732-0.png - Prediction 2 - Time 20.55856704711914
Rank 1 - Image MIDRC-RICORD-1C-419639-000432-86017-0.png - Prediction 2 - Time 24.552019357681274
Rank 4 - Image MIDRC-RICORD-1C-419639-001505-21193-0.png - Prediction 2 - Time 20.57265067100525
Rank 7 - Image e1d5a233-39ca-41dc-a289-b07c3e78cdb1.png - Prediction 1 - Time 20.418368101119995
Rank 6 - Image 4b1cab8a-c9bd-40e6-bc86-23c6be98a099.png - Prediction 0 - Time 19.231356382369995
Rank 8 - Image 78c33a1a-8f22-476c-ae97-8190192102df.png - Prediction 1 - Time 19.906540870666504
Rank 3 - Image MIDRC-RICORD-1C-SITE2-000188-54382-0.png - Prediction 2 - Time 20.872475624084473
Rank 0 - Image MIDRC-RICORD-1C-419639-000025-50888-0.png - Prediction 2 - Time 21.007281064987183
Rank 2 - Image MIDRC-RICORD-1C-SITE2-000297-71173-1.png - Prediction 2 - Time 20.24086594581604
Rank 5 - Image b8dd7d32-b177-4d1e-982f-6f0a743828fa.png - Prediction 0 - Time 20.86792278289795
Rank 4 - Image MIDRC-RICORD-1C-SITE2-000173-80432-1.png - Prediction 2 - Time 20.885867834091187
Rank 7 - Image 40a2f7fd-342e-494b-a7e0-5857b73ec582.png - Prediction 1 - Time 20.23149538040161
Rank 6 - Image ec0492da-e6be-49cf-8b18-dc143180f1a2.png - Prediction 0 - Time 20.212360620498657
Rank 1 - Image MIDRC-RICORD-1C-419639-001007-89903-0.png - Prediction 2 - Time 25.341334104537964
Rank 8 - Image 652b519d-5eb4-4abc-93f7-15ae661a431f.png - Prediction 1 - Time 20.66010880470276
Rank 3 - Image MIDRC-RICORD-1C-SITE2-000072-79474-0.png - Prediction 2 - Time 20.233641624450684
Rank 2 - Image MIDRC-RICORD-1C-SITE2-000204-24409-0.png - Prediction 2 - Time 19.618008852005005
Rank 0 - Image MIDRC-RICORD-1C-419639-001288-10277-0.png - Prediction 2 - Time 21.239521503448486
Rank 5 - Image a17f7e03-42a6-41d3-82ad-d8a656826936.png - Prediction 0 - Time 20.800735235214233
Rank 4 - Image MIDRC-RICORD-1C-419639-002871-45785-0.png - Prediction 2 - Time 20.72620439529419
Rank 6 - Image 89dd8f63-8320-48f3-b142-d903f40d5c8c.png - Prediction 0 - Time 19.495798110961914
Rank 7 - Image bcdd92c8-2cde-4899-a6fc-46b875aaab62.png - Prediction 1 - Time 20.398886919021606
Rank 8 - Image 2397b2f6-3dfa-476c-89ea-e9992c5bd9a9.png - Prediction 1 - Time 20.363487005233765
Rank 1 - Image MIDRC-RICORD-1C-419639-001464-39871-1.png - Prediction 2 - Time 24.625816822052002
Rank 3 - Image MIDRC-RICORD-1C-419639-001882-13628-0.png - Prediction 2 - Time 19.79058837890625
Rank 2 - Image MIDRC-RICORD-1C-419639-001464-82193-0.png - Prediction 2 - Time 20.214348793029785
Rank 0 - Image MIDRC-RICORD-1C-419639-002757-16718-0.png - Prediction 2 - Time 20.769679069519043
Rank 5 - Image c3c78e4e-1a31-4a92-be4b-0fc3c7f992a4.png - Prediction 0 - Time 20.938862085342407
Rank 7 - Image ac648f87-a79f-4ce0-9439-23a8dd886b71.png - Prediction 1 - Time 20.223759412765503
Rank 4 - Image MIDRC-RICORD-1C-SITE2-000220-78771-1.png - Prediction 2 - Time 20.878887176513672
Rank 6 - Image b76728e6-f44b-40bf-8688-e703d10d2039.png - Prediction 0 - Time 20.748876094818115
Rank 8 - Image ac10f43e-03b8-43d2-bcae-6fe000542397.png - Prediction 0 - Time 19.995055675506592
Rank 3 - Image MIDRC-RICORD-1C-419639-000402-60433-0.png - Prediction 2 - Time 19.473063945770264
Rank 1 - Image MIDRC-RICORD-1C-419639-002374-98411-0.png - Prediction 2 - Time 25.249621391296387
Rank 2 - Image MIDRC-RICORD-1C-SITE2-000058-42859-0.png - Prediction 2 - Time 20.413132429122925
Rank 0 - Image MIDRC-RICORD-1C-SITE2-000135-64564-1.png - Prediction 2 - Time 19.422621488571167
Rank 5 - Image f1c8caa2-a6dc-40c0-ab85-4769688f1eec.png - Prediction 0 - Time 20.05763077735901
Rank 6 - Image d9884def-b31a-4861-9eea-27f97bffeba2.png - Prediction 0 - Time 19.548394203186035
Rank 7 - Image 93b49de9-9267-43c2-a507-6885e4caeaba.png - Prediction 1 - Time 20.146607637405396
Rank 4 - Image MIDRC-RICORD-1C-419639-001661-28330-1.png - Prediction 2 - Time 20.135951280593872
Rank 8 - Image 3c8cc0d1-be7f-493d-9570-542d851f623b.png - Prediction 1 - Time 20.935960054397583
Rank 3 - Image MIDRC-RICORD-1C-440808-000019-8.433-0.png - Prediction 1 - Time 21.811327934265137
Rank 2 - Image MIDRC-RICORD-1C-SITE2-000149-71428-1.png - Prediction 2 - Time 19.7438862323761
Rank 5 - Image d535a3c8-c4a4-4856-b5cd-17f6332eac8b.png - Prediction 0 - Time 19.352516174316406
Rank 0 - Image MIDRC-RICORD-1C-SITE2-000147-13199-0.png - Prediction 2 - Time 21.22847557067871
Rank 1 - Image MIDRC-RICORD-1C-SITE2-000028-53390-0.png - Prediction 2 - Time 24.457784175872803
Rank 4 - Image MIDRC-RICORD-1C-SITE2-000142-56843-0.png - Prediction 2 - Time 20.557992935180664
Rank 6 - Image ffba6230-71cf-4287-a0d1-887f5d16e95d.png - Prediction 0 - Time 21.199000120162964
Rank 7 - Image af2ff93b-2f33-4c91-bde1-1490fc435b50.png - Prediction 1 - Time 21.618033409118652
Rank 8 - Image 6565a9e6-3f01-4de8-a18d-ade3121c5d7c.png - Prediction 1 - Time 20.067193746566772
Rank 2 - Image MIDRC-RICORD-1C-419639-002281-83348-0.png - Prediction 2 - Time 19.260355472564697
Rank 3 - Image MIDRC-RICORD-1C-419639-003319-99931-0.png - Prediction 2 - Time 20.408561944961548
Rank 5 - Image 2ed06be4-9f0e-4256-b8bf-a4b396cc6364.png - Prediction 0 - Time 20.691556453704834
Rank 0 - Image MIDRC-RICORD-1C-419639-002601-92699-0.png - Prediction 2 - Time 20.455170154571533
Rank 4 - Image MIDRC-RICORD-1C-419639-003099-52606-0.png - Prediction 2 - Time 20.367143392562866
Rank 1 - Image MIDRC-RICORD-1C-419639-001070-42385-0.png - Prediction 2 - Time 25.684290647506714
Rank 7 - Image 31692137-f770-4cfe-a02e-fd207ce813ac.png - Prediction 1 - Time 20.16529631614685
Rank 6 - Image f3b015ab-e337-4e7f-971d-eb7cc3dd4e92.png - Prediction 0 - Time 20.96714758872986
Rank 8 - Image ed0c5d1e-934a-4e31-9221-3a6a69ec9c1b.png - Prediction 1 - Time 20.383214473724365
Rank 2 - Image MIDRC-RICORD-1C-419639-002733-79941-0.png - Prediction 2 - Time 19.659329175949097
Rank 5 - Image 168f4fcb-a87d-49fc-b167-4ed42fd1ec43.png - Prediction 0 - Time 19.261611700057983
Rank 3 - Image MIDRC-RICORD-1C-SITE2-000217-73086-0.png - Prediction 2 - Time 21.22020387649536
Rank 0 - Image MIDRC-RICORD-1C-419639-002310-52924-0.png - Prediction 2 - Time 20.623958110809326
Rank 4 - Image MIDRC-RICORD-1C-419639-002463-12463-0.png - Prediction 2 - Time 20.429274559020996
Rank 7 - Image f7379744-be39-44b2-8816-a743857bd6a6.png - Prediction 1 - Time 21.348394632339478
Rank 6 - Image bca4aa4d-0cc9-4cc0-b06d-5b675194bf62.png - Prediction 0 - Time 21.42795443534851
Rank 1 - Image MIDRC-RICORD-1C-SITE2-000283-41971-0.png - Prediction 2 - Time 24.05883479118347
Rank 8 - Image 4bc8ce99-2420-48c2-a768-d067da67ced2.png - Prediction 1 - Time 20.977994680404663
Rank 2 - Image MIDRC-RICORD-1C-419639-000025-81112-0.png - Prediction 2 - Time 19.58131432533264
Rank 5 - Image a8e3ea7d-0b63-45cf-85d8-1078d3e2449d.png - Prediction 0 - Time 19.9445321559906
Rank 3 - Image MIDRC-RICORD-1C-419639-000586-49647-0.png - Prediction 2 - Time 21.15698742866516
Rank 0 - Image MIDRC-RICORD-1C-SITE2-000171-45676-0.png - Prediction 2 - Time 20.8483669757843
Rank 4 - Image MIDRC-RICORD-1C-419639-001085-09031-0.png - Prediction 2 - Time 20.906545639038086
Rank 6 - Image 9e2ddac8-9a4c-448b-98c8-a840a548d0f7.png - Prediction 0 - Time 19.768626928329468
Rank 7 - Image 3186d210-966f-4733-ba72-98729be9551a.png - Prediction 1 - Time 20.793267965316772
Rank 8 - Image 6df82c7a-a91e-487c-ae3a-9022b17d7c7a.png - Prediction 1 - Time 21.151729345321655
Rank 2 - Image MIDRC-RICORD-1C-419639-003186-86346-0.png - Prediction 2 - Time 19.995227098464966
Rank 1 - Image MIDRC-RICORD-1C-SITE2-000023-20254-0.png - Prediction 2 - Time 25.507235288619995
Rank 5 - Image f31d1fb1-604b-4fec-b320-f07ce2694008.png - Prediction 0 - Time 19.73142957687378
Rank 3 - Image MIDRC-RICORD-1C-SITE2-000115-40758-0.png - Prediction 2 - Time 20.20559000968933
Rank 0 - Image MIDRC-RICORD-1C-419639-000025-56001-0.png - Prediction 2 - Time 20.737921237945557
Rank 4 - Image MIDRC-RICORD-1C-419639-002895-42704-0.png - Prediction 2 - Time 20.418220281600952
Rank 7 - Image b51c3c24-f9aa-4039-9fc1-527a5567dff6.png - Prediction 1 - Time 19.531222343444824
Rank 6 - Image fc958b63-5da8-448d-8962-3c5167dc9410.png - Prediction 0 - Time 20.44420099258423
Rank 8 - Image a6c364d2-b2d6-4b0b-a439-40b992ff65c7.png - Prediction 1 - Time 20.15325665473938
Rank 2 - Image MIDRC-RICORD-1C-SITE2-000237-52517-0.png - Prediction 2 - Time 21.147955417633057
Rank 5 - Image 069cfd47-0169-43e7-89a1-0be0fa24105b.png - Prediction 0 - Time 20.502299547195435
Rank 3 - Image MIDRC-RICORD-1C-419639-000025-56207-0.png - Prediction 2 - Time 20.428741931915283
Rank 1 - Image MIDRC-RICORD-1C-SITE2-000181-63935-0.png - Prediction 2 - Time 24.386804342269897
Rank 0 - Image MIDRC-RICORD-1C-419639-003340-85716-0.png - Prediction 2 - Time 20.275306940078735
Rank 6 - Image cb7d021b-b273-436a-bd7a-e68c11ed3f6b.png - Prediction 0 - Time 19.434125423431396
Rank 7 - Image e9e58e10-2795-4dec-a738-c9792ea8f685.png - Prediction 1 - Time 19.958885431289673
Rank 4 - Image 47c78742-4998-4878-aec4-37b11b1354ac.png - Prediction 0 - Time 20.395963191986084
Rank 8 - Image 32a5977f-f8ab-41c9-9b51-5387248e4675.png - Prediction 0 - Time 20.676260232925415
Rank 2 - Image MIDRC-RICORD-1C-SITE2-000002-65816-0.png - Prediction 2 - Time 19.80196499824524
Rank 5 - Image 85d84453-ab2d-4666-98e6-5df3cbb81f5b.png - Prediction 0 - Time 19.597947120666504
Rank 3 - Image MIDRC-RICORD-1C-419639-001699-69345-0.png - Prediction 2 - Time 20.612377166748047
Rank 0 - Image MIDRC-RICORD-1C-419639-003257-00787-0.png - Prediction 2 - Time 20.584304809570312
Rank 1 - Image MIDRC-RICORD-1C-419639-003105-50900-0.png - Prediction 2 - Time 23.877950191497803
Rank 7 - Image cd9d2d22-4395-4e4d-8837-cfb33c2bdaab.png - Prediction 1 - Time 19.392797470092773
Rank 6 - Image ff332704-48e0-445b-9188-b2a696d1f0d7.png - Prediction 0 - Time 20.438286781311035
Rank 4 - Image 8989e25c-a698-48fc-b428-fff56931fc8f.png - Prediction 0 - Time 21.233748197555542
Rank 8 - Image c3751c94-ea6f-4a7c-b3bf-87a54012fa80.png - Prediction 0 - Time 21.66526436805725
Rank 2 - Image MIDRC-RICORD-1C-419639-000025-39552-1.png - Prediction 2 - Time 20.335914373397827
Rank 5 - Image 8db71746-e837-43c2-bdf1-c44d1ab207e3.png - Prediction 0 - Time 20.576487064361572
Rank 3 - Image MIDRC-RICORD-1C-SITE2-000003-00527-0.png - Prediction 2 - Time 20.80946922302246
Rank 0 - Image MIDRC-RICORD-1C-SITE2-000099-22857-0.png - Prediction 2 - Time 21.306522846221924
Rank 7 - Image b42eaeb8-b6d3-41d7-836c-56fd0922abf6.png - Prediction 1 - Time 20.361379623413086
Rank 6 - Image 3e1b619a-cdd9-495a-bcbf-a9d62b418991.png - Prediction 0 - Time 20.818787813186646
Rank 1 - Image MIDRC-RICORD-1C-SITE2-000185-39456-0.png - Prediction 2 - Time 25.104841709136963
Rank 4 - Image 7fb3786c-5045-4a90-981d-c55b53d4d5d3.png - Prediction 0 - Time 21.105895280838013
Rank 8 - Image 1c0a780d-1cac-4eee-b46d-470ecebc9ae0.png - Prediction 1 - Time 20.802284955978394
Rank 2 - Image MIDRC-RICORD-1C-419639-000082-79663-0.png - Prediction 2 - Time 20.481914043426514
Rank 5 - Image 275f9fff-2439-4f3f-9c48-7c21f348701a.png - Prediction 0 - Time 19.945117950439453
Rank 3 - Image MIDRC-RICORD-1C-419639-003232-50592-0.png - Prediction 2 - Time 20.644058227539062
Rank 0 - Image MIDRC-RICORD-1C-SITE2-000155-37671-0.png - Prediction 2 - Time 20.0522358417511
Rank 7 - Image ae06b30f-ae30-40d3-b237-c934ce499774.png - Prediction 1 - Time 20.23555040359497
Rank 6 - Image 0977f16c-c343-42c9-95ed-d7ca996feb16.png - Prediction 1 - Time 19.722489833831787
Rank 4 - Image 766b8aea-3b43-4a34-b675-09f373ca066b.png - Prediction 0 - Time 19.33956217765808
Rank 1 - Image MIDRC-RICORD-1C-419639-003187-73922-0.png - Prediction 2 - Time 24.39826726913452
Rank 2 - Image MIDRC-RICORD-1C-SITE2-000094-94497-0.png - Prediction 2 - Time 19.623818397521973
Rank 8 - Image b852bc3c-0de5-4448-aff8-f96b2cc13d51.png - Prediction 1 - Time 21.127232551574707
Rank 5 - Image 1d1968e2-88a5-4d72-9237-caf4cbad9423.png - Prediction 0 - Time 20.051329135894775
Rank 3 - Image MIDRC-RICORD-1C-419639-000025-04760-0.png - Prediction 2 - Time 20.48906421661377
Rank 0 - Image MIDRC-RICORD-1C-419639-000235-89929-0.png - Prediction 2 - Time 20.739879608154297
Rank 7 - Image f59ae80d-d98e-465f-963a-1064764211f8.png - Prediction 1 - Time 21.31228756904602
Rank 6 - Image f8a11cd6-e541-4765-a41b-3d70b6f3481e.png - Prediction 0 - Time 20.64503002166748
Rank 4 - Image f6236cb5-cc36-4ec4-895c-d11ce043341d.png - Prediction 0 - Time 21.17488121986389
Rank 2 - Image MIDRC-RICORD-1C-SITE2-000131-16046-1.png - Prediction 2 - Time 20.306176900863647
Rank 8 - Image a2616330-1f29-4019-928f-e2d62b3b737b.png - Prediction 1 - Time 19.59121537208557
Rank 1 - Image MIDRC-RICORD-1C-SITE2-000066-97290-0.png - Prediction 2 - Time 24.30778193473816
Rank 5 - Image 07aeb82e-773b-4498-95c0-fabdf4985bb2.png - Prediction 0 - Time 20.390172958374023
Rank 3 - Image MIDRC-RICORD-1C-419639-000025-89853-0.png - Prediction 2 - Time 20.25125765800476
Rank 0 - Image MIDRC-RICORD-1C-419639-002376-07504-0.png - Prediction 2 - Time 19.264667510986328
Rank 7 - Image 03a9498c-549d-4e7d-800b-e74797f7f625.png - Prediction 1 - Time 19.377665281295776
Rank 6 - Image 960131aa-4ce4-4b26-aa12-5f73d8d81453.png - Prediction 0 - Time 20.25477933883667
Rank 4 - Image 153b7c2b-4909-4dca-8579-9523582bc4fe.png - Prediction 0 - Time 20.031044006347656
Rank 2 - Image MIDRC-RICORD-1C-419639-002309-84923-0.png - Prediction 2 - Time 19.88262677192688
Rank 8 - Image a6236ddd-6367-4569-b5f1-07d2df9390ad.png - Prediction 1 - Time 21.098156213760376
Rank 5 - Image 652d6bb3-56a0-4a89-9631-684ce27cfc4c.png - Prediction 0 - Time 20.48772954940796
Rank 3 - Image MIDRC-RICORD-1C-419639-001425-17331-0.png - Prediction 2 - Time 19.79949688911438
Rank 1 - Image MIDRC-RICORD-1C-SITE2-000105-65881-0.png - Prediction 2 - Time 24.567464351654053
Rank 0 - Image MIDRC-RICORD-1C-419639-001433-28259-0.png - Prediction 2 - Time 20.971339225769043
Rank 7 - Image 080f2b35-fcd5-473e-864b-a7dea3054cc7.png - Prediction 1 - Time 20.390055894851685
Rank 6 - Image 3a5327d8-8830-4ae2-bd6b-293f5aa42d4b.png - Prediction 0 - Time 20.24948525428772
Rank 4 - Image 1afd6582-da9d-4e5a-a81f-62a188fe9366.png - Prediction 0 - Time 20.55953812599182
Rank 2 - Image MIDRC-RICORD-1C-419639-002768-13069-0.png - Prediction 2 - Time 21.185582160949707
Rank 5 - Image e155c13d-7ac7-4765-bb86-899349978413.png - Prediction 1 - Time 19.337159872055054
Rank 8 - Image b8d6b40d-2a3d-475f-88d3-03560f645223.png - Prediction 1 - Time 19.76945972442627
Rank 3 - Image MIDRC-RICORD-1C-440808-000009-08.98-0.png - Prediction 2 - Time 20.635234832763672
Rank 0 - Image MIDRC-RICORD-1C-419639-003116-57702-0.png - Prediction 2 - Time 21.435500860214233
Rank 1 - Image MIDRC-RICORD-1C-419639-003080-09097-0.png - Prediction 2 - Time 25.227071285247803
Rank 7 - Image b479635e-4c58-4d27-879b-fb0e87b2a1aa.png - Prediction 1 - Time 20.627865314483643
Rank 6 - Image a0b9597d-93f4-4a7c-a412-81cb78bccb66.png - Prediction 0 - Time 20.679988384246826
Rank 4 - Image 85bb48fe-e6d6-47de-bb71-d1636aced7dc.png - Prediction 0 - Time 20.583318948745728
Rank 5 - Image 98bfaf7a-d80b-491e-a7e0-c5c7316bebe9.png - Prediction 0 - Time 19.610260009765625
Rank 2 - Image MIDRC-RICORD-1C-SITE2-000108-12642-0.png - Prediction 2 - Time 20.150827884674072
Rank 8 - Image 49b2fb17-b12c-4e5a-8c4a-02449027c42b.png - Prediction 1 - Time 20.036802291870117
Rank 3 - Image MIDRC-RICORD-1C-419639-000086-21140-0.png - Prediction 2 - Time 20.437946557998657
Rank 0 - Image MIDRC-RICORD-1C-419639-001629-03737-0.png - Prediction 2 - Time 21.318216800689697
Rank 7 - Image 86853bbd-5af2-4551-8273-f2978dffdd76.png - Prediction 1 - Time 19.908563137054443
Rank 6 - Image cdac0980-033c-4685-b7e4-0a12c86a00a9.png - Prediction 0 - Time 20.60450839996338
Rank 1 - Image MIDRC-RICORD-1C-SITE2-000230-35167-0.png - Prediction 2 - Time 23.943458318710327
Rank 4 - Image eaeb935a-7294-4dd3-8bf5-73ba781d28af.png - Prediction 0 - Time 20.567336559295654
Rank 2 - Image MIDRC-RICORD-1C-SITE2-000170-25974-1.png - Prediction 2 - Time 20.664301872253418
Rank 8 - Image 3766b0a6-1769-4d82-b081-fa53531de34e.png - Prediction 1 - Time 20.59657311439514
Rank 5 - Image 76b180ab-242f-45d3-bce1-68df00c5ef45.png - Prediction 0 - Time 21.137796878814697
Rank 3 - Image MIDRC-RICORD-1C-SITE2-000270-57009-0.png - Prediction 2 - Time 19.921239614486694
Rank 0 - Image MIDRC-RICORD-1C-SITE2-000211-85940-0.png - Prediction 2 - Time 21.122787475585938
Rank 7 - Image acb5c720-f741-415c-993c-65855be08ffa.png - Prediction 1 - Time 20.376461505889893
Rank 6 - Image 7ca5c75a-1ec6-49a7-a3b0-93b6122a3170.png - Prediction 0 - Time 20.667062759399414
Rank 4 - Image 5f137fa7-6539-499e-b0d5-0e481221bf5a.png - Prediction 1 - Time 20.493127584457397
Rank 1 - Image MIDRC-RICORD-1C-419639-003365-72952-0.png - Prediction 2 - Time 24.978508710861206
Rank 8 - Image f12d7b12-0398-4533-8f55-8772cc434945.png - Prediction 1 - Time 20.24382996559143
Rank 5 - Image 372b2fea-2013-4600-a06f-765c3f054a82.png - Prediction 0 - Time 20.52101469039917
Rank 2 - Image MIDRC-RICORD-1C-SITE2-000097-16347-1.png - Prediction 2 - Time 21.13997483253479
Rank 3 - Image MIDRC-RICORD-1C-419639-000573-31324-0.png - Prediction 2 - Time 20.93305778503418
Rank 0 - Image MIDRC-RICORD-1C-419639-003027-36839-0.png - Prediction 2 - Time 21.0898756980896
Rank 7 - Image 1414c7d6-dff3-453c-8322-b25bb5899d78.png - Prediction 1 - Time 20.576601266860962
Rank 6 - Image d1e0d69c-a4df-485a-983c-535494221d1a.png - Prediction 0 - Time 21.671575784683228
Rank 4 - Image b5234584-1487-492c-8742-444b9ca41c3d.png - Prediction 0 - Time 21.121086597442627
Rank 8 - Image 0b7a4fb2-adab-484b-a0f7-23f5111bc745.png - Prediction 1 - Time 19.997856855392456
Rank 2 - Image MIDRC-RICORD-1C-419639-002043-49668-0.png - Prediction 2 - Time 20.56971287727356
Rank 5 - Image a52aa522-a1b3-4f15-8609-f44bf96da2e3.png - Prediction 0 - Time 21.011765003204346
Rank 1 - Image MIDRC-RICORD-1C-SITE2-000208-34584-0.png - Prediction 2 - Time 24.849124908447266
Rank 3 - Image MIDRC-RICORD-1C-SITE2-000154-41630-0.png - Prediction 2 - Time 20.158774852752686
Rank 0 - Image MIDRC-RICORD-1C-419639-003021-81745-0.png - Prediction 2 - Time 20.58828067779541
Rank 7 - Image c3a6ca22-c09b-4be0-a59d-e52718fbb645.png - Prediction 1 - Time 20.22964596748352
Rank 6 - Image 6b969591-8a07-49ed-9f65-fa19a453df59.png - Prediction 1 - Time 20.19199514389038
Rank 4 - Image 71d8d6ec-253b-4272-a467-311828b2a35b.png - Prediction 0 - Time 20.607392072677612
Rank 8 - Image 1565fd6c-9432-454a-87e4-937fd5ad5b60.png - Prediction 1 - Time 20.6261785030365
Rank 2 - Image MIDRC-RICORD-1C-419639-000785-60200-0.png - Prediction 2 - Time 20.533515214920044
Rank 5 - Image 6556ce72-1a60-40aa-aaf7-b50dbf07fae7.png - Prediction 0 - Time 20.73155975341797
Rank 3 - Image MIDRC-RICORD-1C-SITE2-000168-32448-0.png - Prediction 2 - Time 20.379371643066406
Rank 1 - Image MIDRC-RICORD-1C-419639-001464-53024-0.png - Prediction 2 - Time 25.297504901885986
Rank 0 - Image MIDRC-RICORD-1C-419639-003024-14703-0.png - Prediction 2 - Time 20.98209500312805
Rank 7 - Image bfd795ae-7656-40fc-b44e-566515e52ed2.png - Prediction 1 - Time 20.069621562957764
Rank 6 - Image bd8facb9-dce0-4048-8249-e6078b28e1b7.png - Prediction 1 - Time 20.600614547729492
Rank 4 - Image 0103fadb-1663-40a6-8a9e-09d626cd2091.png - Prediction 0 - Time 20.798476696014404
Rank 8 - Image 02002619-3dea-4038-8d4d-458db30ed8de.png - Prediction 1 - Time 20.083832502365112
Rank 2 - Image MIDRC-RICORD-1C-SITE2-000035-19513-0.png - Prediction 2 - Time 20.407207489013672
Rank 5 - Image 633d9182-1809-41b7-a59b-1e60ac91f0c9.png - Prediction 0 - Time 21.118653535842896
Rank 3 - Image MIDRC-RICORD-1C-SITE2-000125-08616-1.png - Prediction 2 - Time 21.16236114501953
Rank 0 - Image MIDRC-RICORD-1C-419639-002724-03387-0.png - Prediction 2 - Time 19.954320430755615
Rank 7 - Image 098906c5-cf22-43d3-9f0d-90e88e602090.png - Prediction 1 - Time 20.794039964675903
Rank 1 - Image MIDRC-RICORD-1C-419639-003157-67493-0.png - Prediction 2 - Time 25.811021089553833
Rank 6 - Image 4dbc44ca-694a-4814-9a24-bc60c8d8d611.png - Prediction 1 - Time 20.57637882232666
Rank 4 - Image e4cd65ae-65de-44fc-a6b2-ebbc46d2e8d8.png - Prediction 0 - Time 20.984633684158325
Rank 8 - Image becefa4b-f719-48c6-a903-85e391e026a4.png - Prediction 1 - Time 20.377153635025024
Rank 2 - Image MIDRC-RICORD-1C-419639-001155-71955-0.png - Prediction 2 - Time 20.984273672103882
Rank 5 - Image fd7bad9a-1bff-49ec-9c6c-c9aae9e65726.png - Prediction 0 - Time 21.109511137008667
Rank 3 - Image MIDRC-RICORD-1C-SITE2-000096-37358-0.png - Prediction 2 - Time 20.625407695770264
Rank 0 - Image MIDRC-RICORD-1C-419639-001464-32013-0.png - Prediction 2 - Time 20.43955707550049
Rank 7 - Image b5714c0f-6d0f-4c56-833f-8b83f19e982a.png - Prediction 1 - Time 20.595183610916138
Rank 6 - Image 3f504abe-2133-4e09-98af-743cdea486f9.png - Prediction 1 - Time 20.849480390548706
Rank 1 - Image MIDRC-RICORD-1C-SITE2-000048-66689-0.png - Prediction 2 - Time 25.124650478363037
Rank 4 - Image 2f8fbfdc-56db-4eca-bf64-3c9a0637e28c.png - Prediction 0 - Time 21.083354234695435
Rank 8 - Image 3f2b878e-9e3b-410b-a739-b43d81b98692.png - Prediction 1 - Time 19.990722179412842
Rank 2 - Image MIDRC-RICORD-1C-SITE2-000207-20956-0.png - Prediction 2 - Time 20.355659008026123
Rank 5 - Image 99432aa3-8d61-4ff2-a79a-f0a0218d6fa2.png - Prediction 0 - Time 21.015305519104004
Rank 3 - Image MIDRC-RICORD-1C-SITE2-000221-43774-0.png - Prediction 2 - Time 20.32879328727722
Rank 0 - Image MIDRC-RICORD-1C-SITE2-000116-25889-1.png - Prediction 2 - Time 19.334981203079224
Rank 7 - Image 875b34e4-b58d-479f-954a-5b015071f448.png - Prediction 1 - Time 20.12422275543213
Rank 6 - Image af169d21-1c39-445e-82d8-5035182a3a8c.png - Prediction 1 - Time 20.213805198669434
Rank 4 - Image bc46651a-1314-44af-a834-1eb8a36e589e.png - Prediction 0 - Time 20.33612608909607
Rank 8 - Image adce8349-6836-4328-ab63-f356d0bbe298.png - Prediction 1 - Time 19.866960287094116
Rank 1 - Image MIDRC-RICORD-1C-440808-000020-8.458-0.png - Prediction 2 - Time 24.224586009979248
Rank 2 - Image MIDRC-RICORD-1C-419639-002472-45590-0.png - Prediction 2 - Time 20.233760833740234
Rank 5 - Image 34bf2fcd-131a-428c-9a21-cd2fa9041f9b.png - Prediction 0 - Time 20.59132409095764
Rank 3 - Image MIDRC-RICORD-1C-SITE2-000179-48742-0.png - Prediction 2 - Time 19.47283387184143
Rank 0 - Image MIDRC-RICORD-1C-SITE2-000229-76177-0.png - Prediction 2 - Time 21.197835206985474
Rank 7 - Image 91e187a5-771d-4a83-9601-e22ed326bc8e.png - Prediction 1 - Time 20.798424005508423
Rank 6 - Image fcd159f4-21d3-4169-a94b-95a2b5ccddcb.png - Prediction 1 - Time 20.307535409927368
Rank 4 - Image 71d25920-4060-4a31-b7aa-cfbf4721a5c5.png - Prediction 0 - Time 19.61371350288391
Rank 8 - Image 854fee36-d54c-4cde-904d-ab77f5e2e091.png - Prediction 1 - Time 20.28080415725708
Rank 2 - Image MIDRC-RICORD-1C-419639-002114-73757-0.png - Prediction 2 - Time 20.805859327316284
Rank 5 - Image b5007662-ff9c-49ad-9093-85ed7dc44bf4.png - Prediction 0 - Time 19.954391956329346
Rank 3 - Image MIDRC-RICORD-1C-SITE2-000176-81030-0.png - Prediction 2 - Time 20.875383853912354
Rank 1 - Image MIDRC-RICORD-1C-SITE2-000034-76728-1.png - Prediction 2 - Time 25.53127932548523
Rank 0 - Image MIDRC-RICORD-1C-419639-001222-46073-0.png - Prediction 2 - Time 20.975279331207275
Rank 7 - Image 3abb7176-035d-46cc-844e-820870e8154b.png - Prediction 1 - Time 19.735185861587524
Rank 6 - Image b6db3041-1554-43ef-baca-58733b6717d6.png - Prediction 0 - Time 19.833001136779785
Rank 4 - Image ca3c90e4-f7fe-4f6e-b20b-81473deab4f0.png - Prediction 0 - Time 20.90642786026001
Rank 8 - Image baf8fe18-a7ca-4e9c-b3dc-5c80d474545b.png - Prediction 1 - Time 20.287229776382446
Rank 2 - Image MIDRC-RICORD-1C-419639-002997-12964-0.png - Prediction 2 - Time 20.458631992340088
Rank 5 - Image 06b2f933-3ea2-4477-ac27-18f732d1f4e1.png - Prediction 0 - Time 21.396721839904785
Rank 3 - Image MIDRC-RICORD-1C-419639-003199-43900-0.png - Prediction 2 - Time 20.286537885665894
Rank 1 - Image MIDRC-RICORD-1C-419639-002784-76664-0.png - Prediction 0 - Time 24.428654432296753
Rank 0 - Image MIDRC-RICORD-1C-419639-003360-73998-0.png - Prediction 2 - Time 20.363266229629517
Rank 7 - Image 3e4ee273-d5ca-4cf8-a75a-05772e0e12fe.png - Prediction 1 - Time 20.410171031951904
Rank 6 - Image a0a8370a-dc3f-4f70-a440-e3fa9827928a.png - Prediction 1 - Time 20.35656476020813
Rank 4 - Image dab2f334-331c-42c7-af09-a997092464b0.png - Prediction 1 - Time 19.55154538154602
Rank 8 - Image a77b32f6-1999-4cc6-8a0d-1ef7e53850f0.png - Prediction 1 - Time 20.931934595108032
Rank 2 - Image MIDRC-RICORD-1C-419639-001464-73170-0.png - Prediction 2 - Time 20.964978218078613
Rank 5 - Image c2b24ebd-2c40-48c3-ba39-177224dd7db0.png - Prediction 0 - Time 20.924377918243408
Rank 3 - Image MIDRC-RICORD-1C-419639-003191-84953-0.png - Prediction 2 - Time 20.745161533355713
Rank 7 - Image bd9af100-1805-4e0a-8875-4a4b7195f0d8.png - Prediction 1 - Time 19.778717279434204
Rank 0 - Image MIDRC-RICORD-1C-419639-003334-51353-0.png - Prediction 2 - Time 20.9546480178833
Rank 1 - Image MIDRC-RICORD-1C-SITE2-000014-81802-0.png - Prediction 2 - Time 24.773056507110596
Rank 6 - Image 1dad3414-88c9-4c56-af5d-3a1488af452c.png - Prediction 1 - Time 21.418026447296143
Rank 4 - Image 436dce2a-06c3-4281-bb8e-840497a49381.png - Prediction 1 - Time 19.894580364227295
Rank 8 - Image 41bf2042-53a2-44a8-9a29-55e643af5ac0.png - Prediction 1 - Time 20.59514546394348
Rank 2 - Image MIDRC-RICORD-1C-419639-003102-68604-0.png - Prediction 2 - Time 19.992021799087524
Rank 3 - Image MIDRC-RICORD-1C-SITE2-000029-97068-0.png - Prediction 2 - Time 19.51934027671814
Rank 5 - Image 63192a6c-02ba-48a5-932a-bb82aeacb1bc.png - Prediction 0 - Time 21.27879786491394
Rank 0 - Image MIDRC-RICORD-1C-419639-000538-40522-0.png - Prediction 2 - Time 20.195683479309082
Rank 7 - Image 6804008c-94eb-4870-ba6e-b06514073e71.png - Prediction 1 - Time 20.823862314224243
Rank 6 - Image f760c946-a103-4991-a6e5-ff60c24cd99f.png - Prediction 1 - Time 20.151304721832275
Rank 4 - Image af6ef3d9-81c8-434e-bc5a-dbf89bc418aa.png - Prediction 0 - Time 19.976712226867676
Rank 1 - Image MIDRC-RICORD-1C-SITE2-000068-39061-0.png - Prediction 2 - Time 25.44158434867859
Rank 8 - Image ec09ddb3-9b0b-4749-9e0d-f94a4a7e5fed.png - Prediction 1 - Time 20.39843201637268
Rank 2 - Image MIDRC-RICORD-1C-419639-001464-63464-0.png - Prediction 2 - Time 20.5313777923584
Rank 5 - Image 73dca3d1-5c58-4c72-80a9-201deca7ffec.png - Prediction 0 - Time 19.318962574005127
Rank 3 - Image MIDRC-RICORD-1C-419639-002401-32756-0.png - Prediction 2 - Time 20.443367958068848
Rank 0 - Image MIDRC-RICORD-1C-419639-001735-74702-0.png - Prediction 2 - Time 20.38093376159668
Rank 7 - Image 0d9b1283-fc24-4fd3-a520-bc5d563e13e1.png - Prediction 1 - Time 21.400758981704712
Rank 4 - Image a7aef71b-0fc8-4837-be79-4ced56e03439.png - Prediction 0 - Time 19.968050479888916
Rank 6 - Image b021293c-4dd0-450c-b1a4-2d72cedab0a2.png - Prediction 1 - Time 21.232210874557495
Rank 8 - Image abff4044-3c0a-458f-b0c7-04254be7fc0c.png - Prediction 1 - Time 20.65441131591797
Rank 2 - Image MIDRC-RICORD-1C-419639-001603-23454-0.png - Prediction 2 - Time 20.844825744628906
Rank 1 - Image MIDRC-RICORD-1C-419639-000025-84235-0.png - Prediction 2 - Time 24.54678440093994
Rank 5 - Image c485a9bd-6e18-4328-8c5c-cf80f71aa35d.png - Prediction 0 - Time 20.939300775527954
Rank 3 - Image MIDRC-RICORD-1C-419639-001762-18334-0.png - Prediction 2 - Time 21.10224676132202
Rank 0 - Image MIDRC-RICORD-1C-419639-000299-56159-0.png - Prediction 2 - Time 20.558979749679565
Rank 7 - Image 0a8d486f-1aa6-4fcf-b7be-4bf04fc8628b.png - Prediction 1 - Time 21.21472454071045
Rank 4 - Image dfa57c1f-01fb-4417-a1b5-0641a9b4bb84.png - Prediction 0 - Time 20.211998224258423
Rank 6 - Image 349f10b4-dc3e-4f3f-b2e4-a5b81448ce87.png - Prediction 1 - Time 20.45609188079834
Rank 8 - Image 27b32500-40ef-4c14-ab88-ace5e9ceea27.png - Prediction 1 - Time 20.448394060134888
Rank 2 - Image MIDRC-RICORD-1C-419639-000025-39552-0.png - Prediction 2 - Time 19.6976261138916
Rank 5 - Image b540ba89-72f7-40f5-a916-376546c20014.png - Prediction 0 - Time 20.2071373462677
Rank 3 - Image MIDRC-RICORD-1C-SITE2-000210-51719-0.png - Prediction 2 - Time 20.54131317138672
Rank 1 - Image MIDRC-RICORD-1C-SITE2-000001-16794-0.png - Prediction 2 - Time 25.18468451499939
Rank 0 - Image MIDRC-RICORD-1C-SITE2-000178-89752-0.png - Prediction 2 - Time 20.818498849868774
Rank 7 - Image 37f17069-62ce-42ff-9fa4-d6a1056bd075.png - Prediction 1 - Time 21.40765142440796
Rank 4 - Image 5eb932e2-3455-40fe-93db-ae44f897d9e0.png - Prediction 0 - Time 20.29109001159668
Rank 6 - Image 05d3817a-5535-4e77-8dda-d4412e496c81.png - Prediction 1 - Time 19.39381456375122
Rank 2 - Image MIDRC-RICORD-1C-SITE2-000291-42841-0.png - Prediction 2 - Time 20.398914337158203
Rank 5 - Image 33e4e43b-054b-4537-9cd6-0fe574f7d337.png - Prediction 0 - Time 20.509695768356323
Rank 3 - Image MIDRC-RICORD-1C-SITE2-000200-97745-0.png - Prediction 2 - Time 20.39025640487671
Rank 0 - Image MIDRC-RICORD-1C-419639-001287-60951-0.png - Prediction 2 - Time 20.141006231307983
Rank 1 - Image MIDRC-RICORD-1C-419639-001571-15270-0.png - Prediction 2 - Time 24.704811573028564
Rank 1 - Image MIDRC-RICORD-1C-419639-001903-65209-0.png - Prediction 2 - Time 24.74899983406067
Rank 1 - Image MIDRC-RICORD-1C-SITE2-000244-77429-0.png - Prediction 2 - Time 24.537190914154053
Rank 1 - Image MIDRC-RICORD-1C-419639-000582-21506-0.png - Prediction 2 - Time 24.65358304977417
Rank 1 - Image MIDRC-RICORD-1C-419639-002088-09388-0.png - Prediction 2 - Time 24.832401037216187
Rank 1 - Image MIDRC-RICORD-1C-419639-002050-25234-0.png - Prediction 2 - Time 25.299795866012573
Rank 1 - Image MIDRC-RICORD-1C-SITE2-000235-44451-0.png - Prediction 2 - Time 25.939995288848877
Rank 1 - Image MIDRC-RICORD-1C-SITE2-000202-80939-0.png - Prediction 2 - Time 25.18780541419983
Rank 1 - Image MIDRC-RICORD-1C-419639-003203-21209-0.png - Prediction 0 - Time 24.88899064064026
Rank 0 - gathering data of length: 9
Created csv file: /p/project/joaiml/ingolfsson1/COVID_Net/results/covidx_test_9_480_1131.csv
Total inference time: 1131.2921566963196
