Tue Feb 22 07:55:11 2022       
+-----------------------------------------------------------------------------+
| NVIDIA-SMI 418.87.00    Driver Version: 470.57.02    CUDA Version: 11.4     |
|-------------------------------+----------------------+----------------------+
| GPU  Name        Persistence-M| Bus-Id        Disp.A | Volatile Uncorr. ECC |
| Fan  Temp  Perf  Pwr:Usage/Cap|         Memory-Usage | GPU-Util  Compute M. |
|===============================+======================+======================|
|   0  Tesla V100-PCIE...  On   | 00000000:AF:00.0 Off |                    0 |
| N/A   38C    P0    27W / 250W |      0MiB / 32510MiB |      0%      Default |
+-------------------------------+----------------------+----------------------+
                                                                               
+-----------------------------------------------------------------------------+
| Processes:                                                       GPU Memory |
|  GPU       PID   Type   Process name                             Usage      |
|=============================================================================|
|  No running processes found                                                 |
+-----------------------------------------------------------------------------+
[1645512911.961358] [dp-dam07:5220 :0]          ib_md.c:1948 UCX  ERROR ibv_query_device(mlx5_0) returned 38: No space left on device
[1645512911.961601] [dp-dam05:24701:0]          ib_md.c:1948 UCX  ERROR ibv_query_device(mlx5_0) returned 38: No space left on device
[1645512911.964650] [dp-dam07:5220 :0]          ib_md.c:1948 UCX  ERROR ibv_query_device(mlx5_1) returned 38: No space left on device
[1645512911.965213] [dp-dam05:24701:0]          ib_md.c:1948 UCX  ERROR ibv_query_device(mlx5_1) returned 38: No space left on device
[1645512911.972842] [dp-dam01:10391:0]          ib_md.c:1948 UCX  ERROR ibv_query_device(mlx5_0) returned 38: No space left on device
[1645512911.976258] [dp-dam01:10391:0]          ib_md.c:1948 UCX  ERROR ibv_query_device(mlx5_1) returned 38: No space left on device
[1645512911.978120] [dp-dam06:11602:0]          ib_md.c:1948 UCX  ERROR ibv_query_device(mlx5_0) returned 38: No space left on device
[1645512911.978329] [dp-dam04:17892:0]          ib_md.c:1948 UCX  ERROR ibv_query_device(mlx5_0) returned 38: No space left on device
[1645512911.981358] [dp-dam06:11602:0]          ib_md.c:1948 UCX  ERROR ibv_query_device(mlx5_1) returned 38: No space left on device
[1645512911.993580] [dp-dam04:17892:0]          ib_md.c:1948 UCX  ERROR ibv_query_device(mlx5_1) returned 38: No space left on device
[1645512912.028245] [dp-dam08:23212:0]          ib_md.c:1948 UCX  ERROR ibv_query_device(mlx5_0) returned 38: No space left on device
[1645512912.044202] [dp-dam08:23212:0]          ib_md.c:1948 UCX  ERROR ibv_query_device(mlx5_1) returned 38: No space left on device
Rank 4 - Image 45dd0d26-0740-4c32-bd01-34246a41f3e3.png - Prediction 0 - Time 9.004902601242065
Rank 0 - Image MIDRC-RICORD-1C-419639-003251-46647-0.png - Prediction 2 - Time 9.080165147781372
Rank 3 - Image 8989e25c-a698-48fc-b428-fff56931fc8f.png - Prediction 0 - Time 10.371962308883667
Rank 1 - Image MIDRC-RICORD-1C-419639-003080-09097-0.png - Prediction 2 - Time 10.511037111282349
Rank 2 - Image MIDRC-RICORD-1C-SITE2-000291-42841-0.png - Prediction 2 - Time 10.638353109359741
Rank 5 - Image b42eaeb8-b6d3-41d7-836c-56fd0922abf6.png - Prediction 1 - Time 13.3379647731781
Rank 4 - Image ad446933-fb8e-4739-bb40-2063e796ffd8.png - Prediction 0 - Time 5.911920785903931
Rank 0 - Image MIDRC-RICORD-1C-419639-001464-39871-0.png - Prediction 1 - Time 6.0130860805511475
Rank 3 - Image 7fb3786c-5045-4a90-981d-c55b53d4d5d3.png - Prediction 0 - Time 5.8650596141815186
Rank 1 - Image MIDRC-RICORD-1C-SITE2-000230-35167-0.png - Prediction 2 - Time 6.085146903991699
Rank 2 - Image MIDRC-RICORD-1C-419639-001782-15190-0.png - Prediction 2 - Time 7.230102777481079
Rank 4 - Image 5b12801f-aaf7-442e-b994-ec8f15ce78e5.png - Prediction 0 - Time 5.859229326248169
Rank 0 - Image MIDRC-RICORD-1C-419639-000918-78965-0.png - Prediction 2 - Time 5.8977460861206055
Rank 5 - Image ae06b30f-ae30-40d3-b237-c934ce499774.png - Prediction 1 - Time 7.634599685668945
Rank 3 - Image 766b8aea-3b43-4a34-b675-09f373ca066b.png - Prediction 0 - Time 5.73047399520874
Rank 1 - Image MIDRC-RICORD-1C-419639-003365-72952-0.png - Prediction 2 - Time 5.960995197296143
Rank 2 - Image MIDRC-RICORD-1C-SITE2-000279-56879-0.png - Prediction 2 - Time 6.911692142486572
Rank 4 - Image 3fe1550e-8bcb-4732-a343-725acce70531.png - Prediction 0 - Time 5.815678596496582
Rank 0 - Image MIDRC-RICORD-1C-419639-003318-64285-0.png - Prediction 2 - Time 5.862893342971802
Rank 3 - Image f6236cb5-cc36-4ec4-895c-d11ce043341d.png - Prediction 0 - Time 5.710542678833008
Rank 1 - Image MIDRC-RICORD-1C-SITE2-000208-34584-0.png - Prediction 2 - Time 6.053086280822754
Rank 5 - Image f59ae80d-d98e-465f-963a-1064764211f8.png - Prediction 1 - Time 7.4715471267700195
Rank 2 - Image MIDRC-RICORD-1C-SITE2-000067-11643-0.png - Prediction 1 - Time 6.635560512542725
Rank 4 - Image 0bb24183-8b59-48f1-8bbf-4d889976fc82.png - Prediction 0 - Time 5.856271266937256
Rank 0 - Image MIDRC-RICORD-1C-419639-001015-81591-0.png - Prediction 0 - Time 5.9030468463897705
Rank 3 - Image 153b7c2b-4909-4dca-8579-9523582bc4fe.png - Prediction 0 - Time 5.7709784507751465
Rank 1 - Image MIDRC-RICORD-1C-419639-001464-53024-0.png - Prediction 1 - Time 5.963752508163452
Rank 5 - Image 03a9498c-549d-4e7d-800b-e74797f7f625.png - Prediction 1 - Time 7.246308088302612
Rank 2 - Image MIDRC-RICORD-1C-SITE2-000015-91071-0.png - Prediction 2 - Time 6.6995484828948975
Rank 4 - Image 02e4191e-fb03-4581-914c-f0438a17e53e.png - Prediction 0 - Time 5.852617025375366
Rank 0 - Image MIDRC-RICORD-1C-SITE2-000265-99793-1.png - Prediction 2 - Time 5.836185455322266
Rank 3 - Image 1afd6582-da9d-4e5a-a81f-62a188fe9366.png - Prediction 0 - Time 5.69423508644104
Rank 1 - Image MIDRC-RICORD-1C-419639-003157-67493-0.png - Prediction 2 - Time 5.89900803565979
Rank 5 - Image 080f2b35-fcd5-473e-864b-a7dea3054cc7.png - Prediction 1 - Time 7.21406888961792
Rank 4 - Image a8dfd068-69e9-4486-bb22-2a04f2f2e1a5.png - Prediction 0 - Time 5.833596229553223
Rank 0 - Image MIDRC-RICORD-1C-SITE2-000159-61155-0.png - Prediction 2 - Time 5.962215423583984
Rank 2 - Image MIDRC-RICORD-1C-440808-000016-8.281-0.png - Prediction 0 - Time 6.548288822174072
Rank 3 - Image 85bb48fe-e6d6-47de-bb71-d1636aced7dc.png - Prediction 0 - Time 5.753389120101929
Rank 1 - Image MIDRC-RICORD-1C-SITE2-000048-66689-0.png - Prediction 2 - Time 6.045225143432617
Rank 4 - Image 63f71157-7db6-476f-b320-ba2fcbe2543f.png - Prediction 0 - Time 5.781634092330933
Rank 0 - Image MIDRC-RICORD-1C-419639-003169-42019-0.png - Prediction 0 - Time 5.810449600219727
Rank 3 - Image eaeb935a-7294-4dd3-8bf5-73ba781d28af.png - Prediction 0 - Time 5.696068048477173
Rank 5 - Image b479635e-4c58-4d27-879b-fb0e87b2a1aa.png - Prediction 1 - Time 7.1066484451293945
Rank 2 - Image MIDRC-RICORD-1C-419639-001829-30276-0.png - Prediction 2 - Time 6.599198341369629
Rank 1 - Image MIDRC-RICORD-1C-440808-000020-8.458-0.png - Prediction 2 - Time 5.883033037185669
Rank 4 - Image 1cdba4ee-0bb8-421d-9a24-7febeb399729.png - Prediction 0 - Time 5.878610849380493
Rank 0 - Image MIDRC-RICORD-1C-SITE2-000238-25854-1.png - Prediction 2 - Time 5.936591863632202
Rank 3 - Image 5f137fa7-6539-499e-b0d5-0e481221bf5a.png - Prediction 0 - Time 5.766109943389893
Rank 2 - Image MIDRC-RICORD-1C-419639-000025-53641-0.png - Prediction 2 - Time 6.456815719604492
Rank 5 - Image 86853bbd-5af2-4551-8273-f2978dffdd76.png - Prediction 0 - Time 7.197292327880859
Rank 1 - Image MIDRC-RICORD-1C-SITE2-000034-76728-1.png - Prediction 2 - Time 5.982778787612915
Rank 4 - Image e1d23cbe-213d-48d6-a8c2-672c4e68285d.png - Prediction 0 - Time 5.8270018100738525
Rank 3 - Image b5234584-1487-492c-8742-444b9ca41c3d.png - Prediction 0 - Time 5.7206315994262695
Rank 0 - Image MIDRC-RICORD-1C-419639-001464-33260-0.png - Prediction 2 - Time 5.842767238616943
Rank 1 - Image MIDRC-RICORD-1C-419639-002784-76664-0.png - Prediction 0 - Time 5.844626426696777
Rank 2 - Image MIDRC-RICORD-1C-SITE2-000124-65701-0.png - Prediction 2 - Time 6.588005065917969
Rank 5 - Image acb5c720-f741-415c-993c-65855be08ffa.png - Prediction 1 - Time 7.142606496810913
Rank 4 - Image 4b1cab8a-c9bd-40e6-bc86-23c6be98a099.png - Prediction 0 - Time 5.831722259521484
Rank 3 - Image 71d8d6ec-253b-4272-a467-311828b2a35b.png - Prediction 0 - Time 5.8119847774505615
Rank 0 - Image MIDRC-RICORD-1C-SITE2-000018-55212-0.png - Prediction 2 - Time 5.937552213668823
Rank 1 - Image MIDRC-RICORD-1C-SITE2-000014-81802-0.png - Prediction 2 - Time 5.970605850219727
Rank 2 - Image MIDRC-RICORD-1C-419639-001464-85049-0.png - Prediction 2 - Time 6.434178590774536
Rank 5 - Image 1414c7d6-dff3-453c-8322-b25bb5899d78.png - Prediction 1 - Time 7.281042575836182
Rank 4 - Image ec0492da-e6be-49cf-8b18-dc143180f1a2.png - Prediction 0 - Time 5.739164113998413
Rank 3 - Image 0103fadb-1663-40a6-8a9e-09d626cd2091.png - Prediction 0 - Time 5.759271860122681
Rank 0 - Image MIDRC-RICORD-1C-419639-000025-50888-0.png - Prediction 2 - Time 5.807492971420288
Rank 1 - Image MIDRC-RICORD-1C-SITE2-000068-39061-0.png - Prediction 2 - Time 5.850121259689331
Rank 2 - Image MIDRC-RICORD-1C-419639-000025-90087-0.png - Prediction 2 - Time 6.509711742401123
Rank 4 - Image 89dd8f63-8320-48f3-b142-d903f40d5c8c.png - Prediction 0 - Time 5.8262481689453125
Rank 3 - Image e4cd65ae-65de-44fc-a6b2-ebbc46d2e8d8.png - Prediction 0 - Time 5.786550045013428
Rank 0 - Image MIDRC-RICORD-1C-419639-001288-10277-0.png - Prediction 2 - Time 5.78971266746521
Rank 5 - Image c3a6ca22-c09b-4be0-a59d-e52718fbb645.png - Prediction 1 - Time 7.175380706787109
Rank 1 - Image MIDRC-RICORD-1C-419639-000025-84235-0.png - Prediction 2 - Time 5.713953971862793
Rank 2 - Image MIDRC-RICORD-1C-SITE2-000098-66227-0.png - Prediction 2 - Time 6.411367893218994
Rank 4 - Image b76728e6-f44b-40bf-8688-e703d10d2039.png - Prediction 0 - Time 5.8541412353515625
Rank 3 - Image 2f8fbfdc-56db-4eca-bf64-3c9a0637e28c.png - Prediction 0 - Time 5.845957517623901
Rank 0 - Image MIDRC-RICORD-1C-419639-002757-16718-0.png - Prediction 2 - Time 5.893297433853149
Rank 5 - Image bfd795ae-7656-40fc-b44e-566515e52ed2.png - Prediction 1 - Time 7.206364154815674
Rank 1 - Image MIDRC-RICORD-1C-SITE2-000001-16794-0.png - Prediction 2 - Time 5.8539674282073975
Rank 2 - Image MIDRC-RICORD-1C-SITE2-000188-54382-0.png - Prediction 2 - Time 6.497010946273804
Rank 4 - Image d9884def-b31a-4861-9eea-27f97bffeba2.png - Prediction 0 - Time 5.8780357837677
Rank 3 - Image bc46651a-1314-44af-a834-1eb8a36e589e.png - Prediction 0 - Time 5.846913576126099
Rank 0 - Image MIDRC-RICORD-1C-SITE2-000135-64564-1.png - Prediction 2 - Time 5.89677095413208
Rank 1 - Image MIDRC-RICORD-1C-419639-001571-15270-0.png - Prediction 2 - Time 5.806530237197876
Rank 5 - Image 098906c5-cf22-43d3-9f0d-90e88e602090.png - Prediction 1 - Time 7.12652850151062
Rank 4 - Image ffba6230-71cf-4287-a0d1-887f5d16e95d.png - Prediction 0 - Time 5.815035104751587
Rank 2 - Image MIDRC-RICORD-1C-SITE2-000072-79474-0.png - Prediction 2 - Time 6.516115665435791
Rank 3 - Image 71d25920-4060-4a31-b7aa-cfbf4721a5c5.png - Prediction 0 - Time 5.795401096343994
Rank 0 - Image MIDRC-RICORD-1C-SITE2-000147-13199-0.png - Prediction 2 - Time 5.837969779968262
Rank 1 - Image MIDRC-RICORD-1C-419639-001903-65209-0.png - Prediction 2 - Time 5.741830825805664
Rank 5 - Image b5714c0f-6d0f-4c56-833f-8b83f19e982a.png - Prediction 1 - Time 7.190556287765503
Rank 4 - Image f3b015ab-e337-4e7f-971d-eb7cc3dd4e92.png - Prediction 0 - Time 5.841427326202393
Rank 3 - Image ca3c90e4-f7fe-4f6e-b20b-81473deab4f0.png - Prediction 0 - Time 5.833197593688965
Rank 2 - Image MIDRC-RICORD-1C-419639-001882-13628-0.png - Prediction 2 - Time 6.507875204086304
Rank 0 - Image MIDRC-RICORD-1C-419639-002601-92699-0.png - Prediction 2 - Time 5.885769844055176
Rank 1 - Image MIDRC-RICORD-1C-SITE2-000244-77429-0.png - Prediction 2 - Time 5.822879076004028
Rank 4 - Image bca4aa4d-0cc9-4cc0-b06d-5b675194bf62.png - Prediction 0 - Time 5.769137859344482
Rank 5 - Image 875b34e4-b58d-479f-954a-5b015071f448.png - Prediction 1 - Time 7.28287935256958
Rank 3 - Image dab2f334-331c-42c7-af09-a997092464b0.png - Prediction 0 - Time 5.787487506866455
Rank 0 - Image MIDRC-RICORD-1C-419639-002310-52924-0.png - Prediction 2 - Time 5.811312675476074
Rank 2 - Image MIDRC-RICORD-1C-419639-000402-60433-0.png - Prediction 0 - Time 6.456480026245117
Rank 1 - Image MIDRC-RICORD-1C-419639-000582-21506-0.png - Prediction 2 - Time 5.755636692047119
Rank 4 - Image 9e2ddac8-9a4c-448b-98c8-a840a548d0f7.png - Prediction 0 - Time 5.827593088150024
Rank 3 - Image 436dce2a-06c3-4281-bb8e-840497a49381.png - Prediction 1 - Time 5.767557859420776
Rank 0 - Image MIDRC-RICORD-1C-SITE2-000171-45676-0.png - Prediction 2 - Time 5.781510829925537
Rank 5 - Image 91e187a5-771d-4a83-9601-e22ed326bc8e.png - Prediction 1 - Time 7.248932123184204
Rank 2 - Image MIDRC-RICORD-1C-440808-000019-8.433-0.png - Prediction 1 - Time 6.512462615966797
Rank 1 - Image MIDRC-RICORD-1C-419639-002088-09388-0.png - Prediction 2 - Time 5.733553647994995
Rank 4 - Image fc958b63-5da8-448d-8962-3c5167dc9410.png - Prediction 0 - Time 5.8625428676605225
Rank 3 - Image af6ef3d9-81c8-434e-bc5a-dbf89bc418aa.png - Prediction 0 - Time 5.824151515960693
Rank 0 - Image MIDRC-RICORD-1C-419639-000025-56001-0.png - Prediction 2 - Time 5.877301216125488
Rank 1 - Image MIDRC-RICORD-1C-419639-002050-25234-0.png - Prediction 2 - Time 5.781147003173828
Rank 2 - Image MIDRC-RICORD-1C-419639-003319-99931-0.png - Prediction 2 - Time 6.4237120151519775
Rank 5 - Image 3abb7176-035d-46cc-844e-820870e8154b.png - Prediction 1 - Time 7.162146091461182
Rank 4 - Image cb7d021b-b273-436a-bd7a-e68c11ed3f6b.png - Prediction 0 - Time 5.8150293827056885
Rank 3 - Image a7aef71b-0fc8-4837-be79-4ced56e03439.png - Prediction 0 - Time 5.768249034881592
Rank 0 - Image MIDRC-RICORD-1C-419639-003340-85716-0.png - Prediction 2 - Time 5.783154487609863
Rank 1 - Image MIDRC-RICORD-1C-SITE2-000235-44451-0.png - Prediction 2 - Time 5.789731979370117
Rank 2 - Image MIDRC-RICORD-1C-SITE2-000217-73086-0.png - Prediction 2 - Time 6.475237607955933
Rank 5 - Image 3e4ee273-d5ca-4cf8-a75a-05772e0e12fe.png - Prediction 1 - Time 7.219332695007324
Rank 4 - Image ff332704-48e0-445b-9188-b2a696d1f0d7.png - Prediction 0 - Time 5.809162139892578
Rank 3 - Image dfa57c1f-01fb-4417-a1b5-0641a9b4bb84.png - Prediction 0 - Time 5.817898750305176
Rank 0 - Image MIDRC-RICORD-1C-419639-003257-00787-0.png - Prediction 2 - Time 5.870915412902832
Rank 1 - Image MIDRC-RICORD-1C-SITE2-000202-80939-0.png - Prediction 2 - Time 5.7739152908325195
Rank 2 - Image MIDRC-RICORD-1C-419639-000586-49647-0.png - Prediction 2 - Time 6.507090091705322
Rank 5 - Image bd9af100-1805-4e0a-8875-4a4b7195f0d8.png - Prediction 1 - Time 7.131545543670654
Rank 4 - Image 3e1b619a-cdd9-495a-bcbf-a9d62b418991.png - Prediction 0 - Time 5.808631420135498
Rank 3 - Image 5eb932e2-3455-40fe-93db-ae44f897d9e0.png - Prediction 0 - Time 5.757804870605469
Rank 0 - Image MIDRC-RICORD-1C-SITE2-000099-22857-0.png - Prediction 2 - Time 5.814772844314575
Rank 1 - Image MIDRC-RICORD-1C-419639-003203-21209-0.png - Prediction 2 - Time 5.731642246246338
Rank 2 - Image MIDRC-RICORD-1C-SITE2-000115-40758-0.png - Prediction 2 - Time 6.310817241668701
Rank 4 - Image 0977f16c-c343-42c9-95ed-d7ca996feb16.png - Prediction 0 - Time 5.818685293197632
Rank 3 - Image e8485b0f-293d-4ca8-8b71-92db61c8ee3e.png - Prediction 0 - Time 5.834340333938599
Rank 0 - Image MIDRC-RICORD-1C-SITE2-000155-37671-0.png - Prediction 2 - Time 5.91196084022522
Rank 5 - Image 6804008c-94eb-4870-ba6e-b06514073e71.png - Prediction 1 - Time 7.162121295928955
Rank 1 - Image MIDRC-RICORD-1C-419639-000025-90087-1.png - Prediction 2 - Time 5.770581483840942
Rank 2 - Image MIDRC-RICORD-1C-419639-000025-56207-0.png - Prediction 2 - Time 6.322404384613037
Rank 4 - Image f8a11cd6-e541-4765-a41b-3d70b6f3481e.png - Prediction 0 - Time 5.7298994064331055
Rank 3 - Image 35cda03a-0898-4f8b-92d3-6f263aed23ff.png - Prediction 0 - Time 5.761052131652832
Rank 0 - Image MIDRC-RICORD-1C-419639-000235-89929-0.png - Prediction 0 - Time 5.8125786781311035
Rank 1 - Image MIDRC-RICORD-1C-SITE2-000136-21646-0.png - Prediction 2 - Time 5.750588417053223
Rank 5 - Image 0d9b1283-fc24-4fd3-a520-bc5d563e13e1.png - Prediction 0 - Time 7.231366872787476
Rank 2 - Image MIDRC-RICORD-1C-419639-001699-69345-0.png - Prediction 2 - Time 6.253133296966553
Rank 4 - Image 960131aa-4ce4-4b26-aa12-5f73d8d81453.png - Prediction 0 - Time 5.91850733757019
Rank 3 - Image d82e5841-2f43-4eab-ac17-e98a2d90c51b.png - Prediction 0 - Time 5.818936824798584
Rank 0 - Image MIDRC-RICORD-1C-419639-002376-07504-0.png - Prediction 2 - Time 5.844916820526123
Rank 1 - Image MIDRC-RICORD-1C-SITE2-000153-84142-0.png - Prediction 2 - Time 5.804436445236206
Rank 5 - Image 0a8d486f-1aa6-4fcf-b7be-4bf04fc8628b.png - Prediction 1 - Time 7.185315847396851
Rank 4 - Image 3a5327d8-8830-4ae2-bd6b-293f5aa42d4b.png - Prediction 0 - Time 5.801364898681641
Rank 3 - Image af1d168c-4850-41e1-85b8-ff8fc645e671.png - Prediction 0 - Time 5.761400461196899
Rank 2 - Image MIDRC-RICORD-1C-SITE2-000003-00527-0.png - Prediction 2 - Time 6.356147050857544
Rank 0 - Image MIDRC-RICORD-1C-419639-001433-28259-0.png - Prediction 0 - Time 5.776086091995239
Rank 1 - Image MIDRC-RICORD-1C-419639-003216-61144-0.png - Prediction 2 - Time 5.683340787887573
Rank 5 - Image 37f17069-62ce-42ff-9fa4-d6a1056bd075.png - Prediction 1 - Time 7.1896302700042725
Rank 4 - Image a0b9597d-93f4-4a7c-a412-81cb78bccb66.png - Prediction 0 - Time 5.834611415863037
Rank 3 - Image 585f5059-8938-4885-accb-d7d0b1097c60.png - Prediction 0 - Time 5.818345308303833
Rank 2 - Image MIDRC-RICORD-1C-419639-003232-50592-0.png - Prediction 2 - Time 6.226470232009888
Rank 0 - Image MIDRC-RICORD-1C-419639-003116-57702-0.png - Prediction 2 - Time 5.823594570159912
Rank 1 - Image MIDRC-RICORD-1C-419639-001464-60601-0.png - Prediction 2 - Time 5.76119065284729
Rank 4 - Image cdac0980-033c-4685-b7e4-0a12c86a00a9.png - Prediction 0 - Time 5.794607639312744
Rank 3 - Image 5d4c7318-4739-4470-89f3-70bbbca95f10.png - Prediction 0 - Time 5.783322334289551
Rank 0 - Image MIDRC-RICORD-1C-419639-001629-03737-0.png - Prediction 0 - Time 5.72961163520813
Rank 5 - Image 3db7e979-5f97-4985-bf0c-cdea7951e246.png - Prediction 1 - Time 7.192864894866943
Rank 2 - Image MIDRC-RICORD-1C-419639-000025-04760-0.png - Prediction 2 - Time 6.298757791519165
Rank 1 - Image MIDRC-RICORD-1C-419639-003380-99227-0.png - Prediction 0 - Time 5.692202568054199
Rank 4 - Image 7ca5c75a-1ec6-49a7-a3b0-93b6122a3170.png - Prediction 0 - Time 5.853776216506958
Rank 3 - Image d3ad2915-af30-426c-ad2d-1634df8c1b5f.png - Prediction 0 - Time 5.8263020515441895
Rank 0 - Image MIDRC-RICORD-1C-SITE2-000211-85940-0.png - Prediction 2 - Time 5.826737880706787
Rank 2 - Image MIDRC-RICORD-1C-419639-000025-89853-0.png - Prediction 2 - Time 6.242290019989014
Rank 1 - Image MIDRC-RICORD-1C-SITE2-000272-41527-0.png - Prediction 2 - Time 5.7734153270721436
Rank 5 - Image e2e89418-6c0e-4f50-a2d9-6cd5e58feef0.png - Prediction 1 - Time 7.208728075027466
Rank 4 - Image d1e0d69c-a4df-485a-983c-535494221d1a.png - Prediction 0 - Time 5.787440061569214
Rank 3 - Image dee054ff-0e1a-4167-b814-cbf339cf689c.png - Prediction 0 - Time 5.7658045291900635
Rank 0 - Image MIDRC-RICORD-1C-419639-003027-36839-0.png - Prediction 2 - Time 5.725956201553345
Rank 1 - Image MIDRC-RICORD-1C-419639-003338-57135-0.png - Prediction 2 - Time 5.687947750091553
Rank 2 - Image MIDRC-RICORD-1C-419639-001425-17331-0.png - Prediction 2 - Time 6.2981486320495605
Rank 5 - Image 393b8e45-6d97-4013-8100-27ebf07a1dad.png - Prediction 1 - Time 7.107186317443848
Rank 3 - Image bb068d57-86a8-4347-bee0-e29d59ddef6b.png - Prediction 0 - Time 5.822681188583374
Rank 4 - Image 6b969591-8a07-49ed-9f65-fa19a453df59.png - Prediction 0 - Time 5.858144283294678
Rank 0 - Image MIDRC-RICORD-1C-419639-003021-81745-0.png - Prediction 2 - Time 5.796895503997803
Rank 1 - Image MIDRC-RICORD-1C-419639-003060-04928-0.png - Prediction 2 - Time 5.758842706680298
Rank 2 - Image MIDRC-RICORD-1C-440808-000009-08.98-0.png - Prediction 2 - Time 6.236265420913696
Rank 5 - Image 2348e8ba-483f-476d-b29d-5ba8398d7abc.png - Prediction 1 - Time 7.238048791885376
Rank 4 - Image bd8facb9-dce0-4048-8249-e6078b28e1b7.png - Prediction 1 - Time 5.7447919845581055
Rank 3 - Image 354c3756-43ed-4921-adf8-60be49a8b7e8.png - Prediction 0 - Time 5.773719549179077
Rank 0 - Image MIDRC-RICORD-1C-419639-003024-14703-0.png - Prediction 2 - Time 5.730080604553223
Rank 1 - Image MIDRC-RICORD-1C-419639-002889-42412-0.png - Prediction 2 - Time 5.690053939819336
Rank 2 - Image MIDRC-RICORD-1C-419639-000086-21140-0.png - Prediction 2 - Time 6.297816514968872
Rank 4 - Image 4dbc44ca-694a-4814-9a24-bc60c8d8d611.png - Prediction 1 - Time 5.781506299972534
Rank 3 - Image b8dd7d32-b177-4d1e-982f-6f0a743828fa.png - Prediction 0 - Time 5.831492900848389
Rank 0 - Image MIDRC-RICORD-1C-419639-002724-03387-0.png - Prediction 2 - Time 5.7975852489471436
Rank 5 - Image aef87dc2-a097-4683-9fb1-d1af6838a16a.png - Prediction 0 - Time 7.157817125320435
Rank 1 - Image MIDRC-RICORD-1C-SITE2-000106-15732-0.png - Prediction 2 - Time 5.827416658401489
Rank 2 - Image MIDRC-RICORD-1C-SITE2-000270-57009-0.png - Prediction 2 - Time 6.256953239440918
Rank 4 - Image 3f504abe-2133-4e09-98af-743cdea486f9.png - Prediction 1 - Time 5.73203706741333
Rank 3 - Image a17f7e03-42a6-41d3-82ad-d8a656826936.png - Prediction 0 - Time 5.7600719928741455
Rank 0 - Image MIDRC-RICORD-1C-419639-001464-32013-0.png - Prediction 1 - Time 5.730365037918091
Rank 1 - Image MIDRC-RICORD-1C-SITE2-000297-71173-1.png - Prediction 2 - Time 5.765771150588989
Rank 5 - Image afe1b6e2-203e-4ee5-856a-2f205d8bca2a.png - Prediction 1 - Time 7.237000226974487
Rank 2 - Image MIDRC-RICORD-1C-419639-000573-31324-0.png - Prediction 2 - Time 6.343325138092041
Rank 4 - Image af169d21-1c39-445e-82d8-5035182a3a8c.png - Prediction 2 - Time 5.860072612762451
Rank 3 - Image c3c78e4e-1a31-4a92-be4b-0fc3c7f992a4.png - Prediction 0 - Time 5.847925662994385
Rank 0 - Image MIDRC-RICORD-1C-SITE2-000116-25889-1.png - Prediction 0 - Time 5.870818853378296
Rank 1 - Image MIDRC-RICORD-1C-SITE2-000204-24409-0.png - Prediction 1 - Time 5.7891480922698975
Rank 5 - Image 3d070009-c877-4ed4-ac80-53781cb30fef.png - Prediction 1 - Time 7.046299934387207
Rank 2 - Image MIDRC-RICORD-1C-SITE2-000154-41630-0.png - Prediction 2 - Time 6.258313179016113
Rank 4 - Image fcd159f4-21d3-4169-a94b-95a2b5ccddcb.png - Prediction 1 - Time 5.724563360214233
Rank 3 - Image f1c8caa2-a6dc-40c0-ab85-4769688f1eec.png - Prediction 0 - Time 5.77072286605835
Rank 0 - Image MIDRC-RICORD-1C-SITE2-000229-76177-0.png - Prediction 2 - Time 5.770563364028931
Rank 1 - Image MIDRC-RICORD-1C-419639-001464-82193-0.png - Prediction 2 - Time 5.6884729862213135
Rank 5 - Image 34fbff70-fa6e-4709-ab07-17f739fce394.png - Prediction 1 - Time 7.108185768127441
Rank 2 - Image MIDRC-RICORD-1C-SITE2-000168-32448-0.png - Prediction 2 - Time 6.290861129760742
Rank 4 - Image b6db3041-1554-43ef-baca-58733b6717d6.png - Prediction 0 - Time 5.805263996124268
Rank 3 - Image d535a3c8-c4a4-4856-b5cd-17f6332eac8b.png - Prediction 0 - Time 5.705211162567139
Rank 0 - Image MIDRC-RICORD-1C-419639-001222-46073-0.png - Prediction 1 - Time 5.790419340133667
Rank 1 - Image MIDRC-RICORD-1C-SITE2-000058-42859-0.png - Prediction 2 - Time 5.8057944774627686
Rank 2 - Image MIDRC-RICORD-1C-SITE2-000125-08616-1.png - Prediction 2 - Time 6.328763961791992
Rank 3 - Image 2ed06be4-9f0e-4256-b8bf-a4b396cc6364.png - Prediction 0 - Time 5.632006406784058
Rank 4 - Image a0a8370a-dc3f-4f70-a440-e3fa9827928a.png - Prediction 1 - Time 5.794140577316284
Rank 5 - Image 2c68016e-5a63-4430-a834-efe5d43edd0e.png - Prediction 1 - Time 6.9783947467803955
Rank 0 - Image MIDRC-RICORD-1C-419639-003360-73998-0.png - Prediction 2 - Time 5.7355711460113525
Rank 1 - Image MIDRC-RICORD-1C-SITE2-000149-71428-1.png - Prediction 2 - Time 5.677367687225342
Rank 3 - Image 168f4fcb-a87d-49fc-b167-4ed42fd1ec43.png - Prediction 0 - Time 5.676464557647705
Rank 4 - Image 1dad3414-88c9-4c56-af5d-3a1488af452c.png - Prediction 1 - Time 5.819015979766846
Rank 2 - Image MIDRC-RICORD-1C-SITE2-000096-37358-0.png - Prediction 2 - Time 6.350435018539429
Rank 0 - Image MIDRC-RICORD-1C-419639-003334-51353-0.png - Prediction 2 - Time 5.818350791931152
Rank 1 - Image MIDRC-RICORD-1C-419639-002281-83348-0.png - Prediction 2 - Time 5.758002996444702
Rank 5 - Image 8ae822ae-a656-47ba-ac5b-848ce2256575.png - Prediction 1 - Time 7.01517653465271
Rank 3 - Image a8e3ea7d-0b63-45cf-85d8-1078d3e2449d.png - Prediction 0 - Time 5.621245384216309
Rank 4 - Image f760c946-a103-4991-a6e5-ff60c24cd99f.png - Prediction 1 - Time 5.796888589859009
Rank 0 - Image MIDRC-RICORD-1C-419639-000538-40522-0.png - Prediction 2 - Time 5.741161823272705
Rank 2 - Image MIDRC-RICORD-1C-SITE2-000221-43774-0.png - Prediction 2 - Time 6.327371835708618
Rank 1 - Image MIDRC-RICORD-1C-419639-002733-79941-0.png - Prediction 2 - Time 5.683897972106934
Rank 5 - Image f661fe70-2fc1-4564-9f53-45504c0b0688.png - Prediction 1 - Time 6.888885736465454
Rank 3 - Image f31d1fb1-604b-4fec-b320-f07ce2694008.png - Prediction 0 - Time 5.611454963684082
Rank 4 - Image b021293c-4dd0-450c-b1a4-2d72cedab0a2.png - Prediction 1 - Time 5.72536301612854
Rank 0 - Image MIDRC-RICORD-1C-419639-001735-74702-0.png - Prediction 2 - Time 5.73643684387207
Rank 1 - Image MIDRC-RICORD-1C-419639-000025-81112-0.png - Prediction 2 - Time 5.583889484405518
Rank 2 - Image MIDRC-RICORD-1C-SITE2-000179-48742-0.png - Prediction 2 - Time 6.370867729187012
Rank 5 - Image 78c33a1a-8f22-476c-ae97-8190192102df.png - Prediction 1 - Time 6.968960523605347
Rank 3 - Image 069cfd47-0169-43e7-89a1-0be0fa24105b.png - Prediction 0 - Time 5.670652151107788
Rank 4 - Image 349f10b4-dc3e-4f3f-b2e4-a5b81448ce87.png - Prediction 1 - Time 5.845869302749634
Rank 0 - Image MIDRC-RICORD-1C-419639-000299-56159-0.png - Prediction 2 - Time 5.789828300476074
Rank 1 - Image MIDRC-RICORD-1C-419639-003186-86346-0.png - Prediction 0 - Time 5.606749534606934
Rank 2 - Image MIDRC-RICORD-1C-SITE2-000176-81030-0.png - Prediction 2 - Time 6.3216423988342285
Rank 5 - Image 652b519d-5eb4-4abc-93f7-15ae661a431f.png - Prediction 1 - Time 6.909493684768677
Rank 3 - Image 85d84453-ab2d-4666-98e6-5df3cbb81f5b.png - Prediction 0 - Time 5.672150373458862
Rank 4 - Image 05d3817a-5535-4e77-8dda-d4412e496c81.png - Prediction 1 - Time 5.855088472366333
Rank 0 - Image MIDRC-RICORD-1C-SITE2-000178-89752-0.png - Prediction 2 - Time 5.8255226612091064
Rank 1 - Image MIDRC-RICORD-1C-SITE2-000237-52517-0.png - Prediction 0 - Time 5.637153625488281
Rank 2 - Image MIDRC-RICORD-1C-419639-003199-43900-0.png - Prediction 2 - Time 6.312737464904785
Rank 3 - Image 8db71746-e837-43c2-bdf1-c44d1ab207e3.png - Prediction 0 - Time 5.620066404342651
Rank 4 - Image c21157da-1f74-4966-ba4e-c144d8f5da2d.png - Prediction 1 - Time 5.638023853302002
Rank 5 - Image 2397b2f6-3dfa-476c-89ea-e9992c5bd9a9.png - Prediction 1 - Time 7.094775199890137
Rank 0 - Image MIDRC-RICORD-1C-419639-001287-60951-0.png - Prediction 2 - Time 5.601114988327026
Rank 1 - Image MIDRC-RICORD-1C-SITE2-000002-65816-0.png - Prediction 2 - Time 5.5786919593811035
Rank 2 - Image MIDRC-RICORD-1C-419639-003191-84953-0.png - Prediction 0 - Time 6.283080816268921
Rank 3 - Image 275f9fff-2439-4f3f-9c48-7c21f348701a.png - Prediction 0 - Time 5.672679901123047
Rank 4 - Image 5acc56a4-1b6e-4394-9364-9772047d583f.png - Prediction 2 - Time 5.627807378768921
Rank 1 - Image MIDRC-RICORD-1C-419639-000025-39552-1.png - Prediction 2 - Time 5.603601932525635
Rank 0 - Image MIDRC-RICORD-1C-SITE2-000182-35476-0.png - Prediction 2 - Time 5.7149817943573
Rank 5 - Image ac10f43e-03b8-43d2-bcae-6fe000542397.png - Prediction 0 - Time 6.906511306762695
Rank 2 - Image MIDRC-RICORD-1C-SITE2-000029-97068-0.png - Prediction 2 - Time 6.263789653778076
Rank 3 - Image 1d1968e2-88a5-4d72-9237-caf4cbad9423.png - Prediction 0 - Time 5.638731241226196
Rank 4 - Image dd4d6a4c-1e67-4911-bda2-7d8af75b1b19.png - Prediction 1 - Time 5.561044692993164
Rank 1 - Image MIDRC-RICORD-1C-419639-000082-79663-0.png - Prediction 2 - Time 5.546022891998291
Rank 0 - Image MIDRC-RICORD-1C-419639-000025-17477-0.png - Prediction 2 - Time 5.576067924499512
Rank 5 - Image 3c8cc0d1-be7f-493d-9570-542d851f623b.png - Prediction 1 - Time 6.983231782913208
Rank 2 - Image MIDRC-RICORD-1C-419639-002401-32756-0.png - Prediction 0 - Time 6.305283308029175
Rank 3 - Image 07aeb82e-773b-4498-95c0-fabdf4985bb2.png - Prediction 0 - Time 5.601896286010742
Rank 4 - Image f0ba0019-718f-4677-a723-05c27dba2f3e.png - Prediction 1 - Time 5.623779058456421
Rank 1 - Image MIDRC-RICORD-1C-SITE2-000094-94497-0.png - Prediction 2 - Time 5.559085130691528
Rank 0 - Image MIDRC-RICORD-1C-419639-002528-57471-0.png - Prediction 1 - Time 5.575421094894409
Rank 5 - Image 6565a9e6-3f01-4de8-a18d-ade3121c5d7c.png - Prediction 1 - Time 6.969643831253052
Rank 3 - Image 652d6bb3-56a0-4a89-9631-684ce27cfc4c.png - Prediction 0 - Time 5.658798456192017
Rank 2 - Image MIDRC-RICORD-1C-419639-001762-18334-0.png - Prediction 2 - Time 6.313208818435669
Rank 4 - Image cc3177c8-6570-497c-aef3-6fbddef692f6.png - Prediction 1 - Time 5.707674026489258
Rank 1 - Image MIDRC-RICORD-1C-SITE2-000131-16046-1.png - Prediction 2 - Time 5.558966875076294
Rank 0 - Image MIDRC-RICORD-1C-419639-001932-82193-0.png - Prediction 2 - Time 5.644581079483032
Rank 3 - Image e155c13d-7ac7-4765-bb86-899349978413.png - Prediction 0 - Time 5.591858148574829
Rank 4 - Image 0e03c2d7-9cea-4dc7-8e91-794a8b3ff58d.png - Prediction 1 - Time 5.580188035964966
Rank 5 - Image ed0c5d1e-934a-4e31-9221-3a6a69ec9c1b.png - Prediction 1 - Time 6.952328205108643
Rank 2 - Image MIDRC-RICORD-1C-SITE2-000210-51719-0.png - Prediction 2 - Time 6.341152191162109
Rank 1 - Image MIDRC-RICORD-1C-419639-002309-84923-0.png - Prediction 2 - Time 5.52507758140564
Rank 0 - Image MIDRC-RICORD-1C-419639-000002-10161-0.png - Prediction 2 - Time 5.605331659317017
Rank 3 - Image 98bfaf7a-d80b-491e-a7e0-c5c7316bebe9.png - Prediction 0 - Time 5.665945291519165
Rank 4 - Image 070c921f-171c-420c-915b-e49e3f600c38.png - Prediction 1 - Time 5.620833396911621
Rank 1 - Image MIDRC-RICORD-1C-419639-002768-13069-0.png - Prediction 2 - Time 5.6063830852508545
Rank 0 - Image MIDRC-RICORD-1C-419639-001464-72163-0.png - Prediction 1 - Time 5.6517181396484375
Rank 2 - Image MIDRC-RICORD-1C-SITE2-000200-97745-0.png - Prediction 2 - Time 6.38541054725647
Rank 5 - Image 4bc8ce99-2420-48c2-a768-d067da67ced2.png - Prediction 1 - Time 6.92799973487854
Rank 3 - Image 76b180ab-242f-45d3-bce1-68df00c5ef45.png - Prediction 0 - Time 5.6100687980651855
Rank 4 - Image caa545b4-4eea-4e3a-90b1-c4c0789a1109.png - Prediction 1 - Time 5.561199903488159
Rank 1 - Image MIDRC-RICORD-1C-SITE2-000108-12642-0.png - Prediction 2 - Time 5.585291147232056
Rank 0 - Image MIDRC-RICORD-1C-SITE2-000239-21655-0.png - Prediction 2 - Time 5.612687110900879
Rank 2 - Image MIDRC-RICORD-1C-419639-001374-75990-0.png - Prediction 2 - Time 6.244046688079834
Rank 5 - Image 6df82c7a-a91e-487c-ae3a-9022b17d7c7a.png - Prediction 1 - Time 6.876884460449219
Rank 3 - Image 372b2fea-2013-4600-a06f-765c3f054a82.png - Prediction 0 - Time 5.678560018539429
Rank 4 - Image 7817b551-d220-479b-815f-395f83e1dba1.png - Prediction 1 - Time 5.695865631103516
Rank 1 - Image MIDRC-RICORD-1C-SITE2-000170-25974-1.png - Prediction 2 - Time 5.6213743686676025
Rank 0 - Image MIDRC-RICORD-1C-419639-003371-97350-0.png - Prediction 2 - Time 5.6566784381866455
Rank 2 - Image MIDRC-RICORD-1C-419639-003336-50845-0.png - Prediction 2 - Time 6.231039762496948
Rank 5 - Image a6c364d2-b2d6-4b0b-a439-40b992ff65c7.png - Prediction 1 - Time 6.98662257194519
Rank 3 - Image a52aa522-a1b3-4f15-8609-f44bf96da2e3.png - Prediction 0 - Time 5.596980571746826
Rank 4 - Image f743c21e-5876-460b-bbd6-2e2dcca41baa.png - Prediction 1 - Time 5.632536888122559
Rank 1 - Image MIDRC-RICORD-1C-SITE2-000097-16347-1.png - Prediction 2 - Time 5.562782287597656
Rank 0 - Image MIDRC-RICORD-1C-419639-000432-86017-0.png - Prediction 2 - Time 5.587887763977051
Rank 2 - Image MIDRC-RICORD-1C-419639-002929-69159-0.png - Prediction 2 - Time 6.3193254470825195
Rank 3 - Image 6556ce72-1a60-40aa-aaf7-b50dbf07fae7.png - Prediction 0 - Time 5.650625705718994
Rank 5 - Image 32a5977f-f8ab-41c9-9b51-5387248e4675.png - Prediction 0 - Time 6.998840570449829
Rank 4 - Image e1d5a233-39ca-41dc-a289-b07c3e78cdb1.png - Prediction 1 - Time 5.631430387496948
Rank 1 - Image MIDRC-RICORD-1C-419639-002043-49668-0.png - Prediction 2 - Time 5.577845573425293
Rank 0 - Image MIDRC-RICORD-1C-419639-001007-89903-0.png - Prediction 2 - Time 5.643456697463989
Rank 2 - Image MIDRC-RICORD-1C-SITE2-000120-98054-0.png - Prediction 2 - Time 6.23152232170105
Rank 3 - Image 633d9182-1809-41b7-a59b-1e60ac91f0c9.png - Prediction 0 - Time 5.599036931991577
Rank 1 - Image MIDRC-RICORD-1C-419639-000785-60200-0.png - Prediction 0 - Time 5.528737306594849
Rank 4 - Image 40a2f7fd-342e-494b-a7e0-5857b73ec582.png - Prediction 1 - Time 5.570810317993164
Rank 0 - Image MIDRC-RICORD-1C-419639-001464-39871-1.png - Prediction 2 - Time 5.578622579574585
Rank 5 - Image c3751c94-ea6f-4a7c-b3bf-87a54012fa80.png - Prediction 0 - Time 6.934552192687988
Rank 2 - Image MIDRC-RICORD-1C-SITE2-000127-30661-0.png - Prediction 2 - Time 6.329591512680054
Rank 3 - Image fd7bad9a-1bff-49ec-9c6c-c9aae9e65726.png - Prediction 0 - Time 5.671957969665527
Rank 1 - Image MIDRC-RICORD-1C-SITE2-000035-19513-0.png - Prediction 2 - Time 5.645337104797363
Rank 4 - Image bcdd92c8-2cde-4899-a6fc-46b875aaab62.png - Prediction 1 - Time 5.6270740032196045
Rank 0 - Image MIDRC-RICORD-1C-419639-002374-98411-0.png - Prediction 2 - Time 5.600754499435425
Rank 5 - Image 1c0a780d-1cac-4eee-b46d-470ecebc9ae0.png - Prediction 1 - Time 6.961682319641113
Rank 3 - Image 99432aa3-8d61-4ff2-a79a-f0a0218d6fa2.png - Prediction 0 - Time 5.595085144042969
Rank 2 - Image MIDRC-RICORD-1C-SITE2-000206-25871-0.png - Prediction 2 - Time 6.302873611450195
Rank 1 - Image MIDRC-RICORD-1C-419639-001155-71955-0.png - Prediction 2 - Time 5.5387420654296875
Rank 4 - Image ac648f87-a79f-4ce0-9439-23a8dd886b71.png - Prediction 1 - Time 5.625429153442383
Rank 0 - Image MIDRC-RICORD-1C-SITE2-000028-53390-0.png - Prediction 2 - Time 5.5287957191467285
Rank 5 - Image b852bc3c-0de5-4448-aff8-f96b2cc13d51.png - Prediction 1 - Time 6.89506721496582
Rank 3 - Image 34bf2fcd-131a-428c-9a21-cd2fa9041f9b.png - Prediction 0 - Time 5.6562416553497314
Rank 2 - Image MIDRC-RICORD-1C-SITE2-000141-46899-0.png - Prediction 2 - Time 6.339491844177246
Rank 1 - Image MIDRC-RICORD-1C-SITE2-000207-20956-0.png - Prediction 2 - Time 5.670530557632446
Rank 4 - Image 93b49de9-9267-43c2-a507-6885e4caeaba.png - Prediction 1 - Time 5.653332710266113
Rank 0 - Image MIDRC-RICORD-1C-419639-001070-42385-0.png - Prediction 2 - Time 5.604308605194092
Rank 3 - Image b5007662-ff9c-49ad-9093-85ed7dc44bf4.png - Prediction 0 - Time 5.596742630004883
Rank 5 - Image a2616330-1f29-4019-928f-e2d62b3b737b.png - Prediction 1 - Time 6.931891918182373
Rank 1 - Image MIDRC-RICORD-1C-419639-002472-45590-0.png - Prediction 2 - Time 5.54418683052063
Rank 4 - Image af2ff93b-2f33-4c91-bde1-1490fc435b50.png - Prediction 1 - Time 5.5549516677856445
Rank 0 - Image MIDRC-RICORD-1C-SITE2-000283-41971-0.png - Prediction 2 - Time 5.595226764678955
Rank 2 - Image MIDRC-RICORD-1C-SITE2-000203-08712-0.png - Prediction 2 - Time 6.262817621231079
Rank 3 - Image 06b2f933-3ea2-4477-ac27-18f732d1f4e1.png - Prediction 0 - Time 5.658193826675415
Rank 1 - Image MIDRC-RICORD-1C-419639-002114-73757-0.png - Prediction 0 - Time 5.6106555461883545
Rank 4 - Image 31692137-f770-4cfe-a02e-fd207ce813ac.png - Prediction 1 - Time 5.611683368682861
Rank 0 - Image MIDRC-RICORD-1C-SITE2-000023-20254-0.png - Prediction 2 - Time 5.594465255737305
Rank 5 - Image a6236ddd-6367-4569-b5f1-07d2df9390ad.png - Prediction 1 - Time 6.999056577682495
Rank 2 - Image MIDRC-RICORD-1C-SITE2-000045-76077-0.png - Prediction 2 - Time 6.379797458648682
Rank 3 - Image c2b24ebd-2c40-48c3-ba39-177224dd7db0.png - Prediction 0 - Time 5.593794584274292
Rank 1 - Image MIDRC-RICORD-1C-419639-002997-12964-0.png - Prediction 2 - Time 5.540554523468018
Rank 4 - Image f7379744-be39-44b2-8816-a743857bd6a6.png - Prediction 1 - Time 5.557497978210449
Rank 0 - Image MIDRC-RICORD-1C-SITE2-000181-63935-0.png - Prediction 2 - Time 5.603754758834839
Rank 5 - Image b8d6b40d-2a3d-475f-88d3-03560f645223.png - Prediction 1 - Time 6.753775596618652
Rank 2 - Image MIDRC-RICORD-1C-SITE2-000162-64489-0.png - Prediction 2 - Time 6.209360361099243
Rank 3 - Image 63192a6c-02ba-48a5-932a-bb82aeacb1bc.png - Prediction 0 - Time 5.652297258377075
Rank 1 - Image MIDRC-RICORD-1C-419639-001464-73170-0.png - Prediction 2 - Time 5.593963384628296
Rank 4 - Image 3186d210-966f-4733-ba72-98729be9551a.png - Prediction 1 - Time 5.685492515563965
Rank 0 - Image MIDRC-RICORD-1C-419639-003105-50900-0.png - Prediction 0 - Time 5.643195867538452
Rank 2 - Image MIDRC-RICORD-1C-419639-001505-21193-0.png - Prediction 2 - Time 6.292664289474487
Rank 5 - Image 49b2fb17-b12c-4e5a-8c4a-02449027c42b.png - Prediction 1 - Time 6.81294059753418
Rank 3 - Image 73dca3d1-5c58-4c72-80a9-201deca7ffec.png - Prediction 0 - Time 5.535970449447632
Rank 1 - Image MIDRC-RICORD-1C-419639-003102-68604-0.png - Prediction 2 - Time 5.548585653305054
Rank 4 - Image b51c3c24-f9aa-4039-9fc1-527a5567dff6.png - Prediction 0 - Time 5.6247758865356445
Rank 0 - Image MIDRC-RICORD-1C-SITE2-000185-39456-0.png - Prediction 2 - Time 5.5878496170043945
Rank 2 - Image MIDRC-RICORD-1C-SITE2-000173-80432-1.png - Prediction 2 - Time 6.294832468032837
Rank 5 - Image 3766b0a6-1769-4d82-b081-fa53531de34e.png - Prediction 1 - Time 6.747118711471558
Rank 3 - Image c485a9bd-6e18-4328-8c5c-cf80f71aa35d.png - Prediction 0 - Time 5.525033950805664
Rank 1 - Image MIDRC-RICORD-1C-419639-001464-63464-0.png - Prediction 2 - Time 5.601054906845093
Rank 4 - Image e9e58e10-2795-4dec-a738-c9792ea8f685.png - Prediction 1 - Time 5.626667737960815
Rank 0 - Image MIDRC-RICORD-1C-419639-003187-73922-0.png - Prediction 2 - Time 5.593279838562012
Rank 2 - Image MIDRC-RICORD-1C-419639-002871-45785-0.png - Prediction 2 - Time 6.3041486740112305
Rank 3 - Image b540ba89-72f7-40f5-a916-376546c20014.png - Prediction 0 - Time 5.476069688796997
Rank 1 - Image MIDRC-RICORD-1C-419639-001603-23454-0.png - Prediction 2 - Time 5.525514602661133
Rank 5 - Image f12d7b12-0398-4533-8f55-8772cc434945.png - Prediction 1 - Time 6.86095666885376
Rank 4 - Image cd9d2d22-4395-4e4d-8837-cfb33c2bdaab.png - Prediction 1 - Time 5.629783391952515
Rank 0 - Image MIDRC-RICORD-1C-SITE2-000066-97290-0.png - Prediction 2 - Time 5.602605104446411
Rank 3 - Image 33e4e43b-054b-4537-9cd6-0fe574f7d337.png - Prediction 0 - Time 5.583727598190308
Rank 2 - Image MIDRC-RICORD-1C-SITE2-000220-78771-1.png - Prediction 0 - Time 6.227074146270752
Rank 1 - Image MIDRC-RICORD-1C-419639-000025-39552-0.png - Prediction 2 - Time 5.580129861831665
Rank 0 - Image MIDRC-RICORD-1C-SITE2-000105-65881-0.png - Prediction 2 - Time 5.660290479660034
Rank 5 - Image 0b7a4fb2-adab-484b-a0f7-23f5111bc745.png - Prediction 1 - Time 6.818102836608887
Rank 2 - Image MIDRC-RICORD-1C-419639-001661-28330-1.png - Prediction 2 - Time 6.268429279327393
Rank 5 - Image 1565fd6c-9432-454a-87e4-937fd5ad5b60.png - Prediction 1 - Time 6.757936477661133
Rank 2 - Image MIDRC-RICORD-1C-SITE2-000142-56843-0.png - Prediction 2 - Time 6.242872476577759
Rank 5 - Image 02002619-3dea-4038-8d4d-458db30ed8de.png - Prediction 1 - Time 6.69789981842041
Rank 2 - Image MIDRC-RICORD-1C-419639-003099-52606-0.png - Prediction 0 - Time 6.305693626403809
Rank 5 - Image becefa4b-f719-48c6-a903-85e391e026a4.png - Prediction 1 - Time 6.773547410964966
Rank 2 - Image MIDRC-RICORD-1C-419639-002463-12463-0.png - Prediction 2 - Time 6.246930360794067
Rank 5 - Image 3f2b878e-9e3b-410b-a739-b43d81b98692.png - Prediction 1 - Time 6.764537572860718
Rank 2 - Image MIDRC-RICORD-1C-419639-001085-09031-0.png - Prediction 0 - Time 6.281380891799927
Rank 5 - Image adce8349-6836-4328-ab63-f356d0bbe298.png - Prediction 1 - Time 6.753593683242798
Rank 2 - Image MIDRC-RICORD-1C-419639-002895-42704-0.png - Prediction 0 - Time 6.2245728969573975
Rank 5 - Image 854fee36-d54c-4cde-904d-ab77f5e2e091.png - Prediction 1 - Time 6.7051496505737305
Rank 2 - Image 47c78742-4998-4878-aec4-37b11b1354ac.png - Prediction 0 - Time 6.241664409637451
Rank 5 - Image baf8fe18-a7ca-4e9c-b3dc-5c80d474545b.png - Prediction 1 - Time 6.79010272026062
Rank 5 - Image a77b32f6-1999-4cc6-8a0d-1ef7e53850f0.png - Prediction 1 - Time 6.71711540222168
Rank 5 - Image 41bf2042-53a2-44a8-9a29-55e643af5ac0.png - Prediction 1 - Time 6.81095814704895
Rank 5 - Image ec09ddb3-9b0b-4749-9e0d-f94a4a7e5fed.png - Prediction 1 - Time 6.7711944580078125
Rank 5 - Image abff4044-3c0a-458f-b0c7-04254be7fc0c.png - Prediction 1 - Time 6.806697368621826
Rank 5 - Image 27b32500-40ef-4c14-ab88-ace5e9ceea27.png - Prediction 1 - Time 6.778688430786133
Rank 0 - gathering data of length: 6
Created csv file: /p/project/joaiml/ingolfsson1/COVID_Net/results/covidx_test_6_224_470.csv
Total inference time: 470.7192451953888
