Tue Jan 18 10:32:53 2022       
+-----------------------------------------------------------------------------+
| NVIDIA-SMI 418.87.00    Driver Version: 418.87.00    CUDA Version: 10.1     |
|-------------------------------+----------------------+----------------------+
| GPU  Name        Persistence-M| Bus-Id        Disp.A | Volatile Uncorr. ECC |
| Fan  Temp  Perf  Pwr:Usage/Cap|         Memory-Usage | GPU-Util  Compute M. |
|===============================+======================+======================|
|   0  Tesla V100-PCIE...  On   | 00000000:AF:00.0 Off |                    0 |
| N/A   38C    P0    27W / 250W |      0MiB / 32480MiB |      0%      Default |
+-------------------------------+----------------------+----------------------+
                                                                               
+-----------------------------------------------------------------------------+
| Processes:                                                       GPU Memory |
|  GPU       PID   Type   Process name                             Usage      |
|=============================================================================|
|  No running processes found                                                 |
+-----------------------------------------------------------------------------+
Rank 1 - Image MIDRC-RICORD-1C-419639-003080-09097-0.png - Prediction 2 - Time 13.25269365310669
Rank 5 - Image b42eaeb8-b6d3-41d7-836c-56fd0922abf6.png - Prediction 1 - Time 15.472890615463257
Rank 4 - Image 45dd0d26-0740-4c32-bd01-34246a41f3e3.png - Prediction 0 - Time 16.879205226898193
Rank 1 - Image MIDRC-RICORD-1C-SITE2-000230-35167-0.png - Prediction 2 - Time 8.98424506187439
Rank 5 - Image ae06b30f-ae30-40d3-b237-c934ce499774.png - Prediction 1 - Time 8.264203310012817
Rank 4 - Image ad446933-fb8e-4739-bb40-2063e796ffd8.png - Prediction 0 - Time 6.993797302246094
Rank 3 - Image 8989e25c-a698-48fc-b428-fff56931fc8f.png - Prediction 0 - Time 16.432580947875977
Rank 2 - Image MIDRC-RICORD-1C-SITE2-000291-42841-0.png - Prediction 1 - Time 17.601998567581177
Rank 1 - Image MIDRC-RICORD-1C-419639-003365-72952-0.png - Prediction 2 - Time 8.373706817626953
Rank 4 - Image 5b12801f-aaf7-442e-b994-ec8f15ce78e5.png - Prediction 0 - Time 6.740053415298462
Rank 5 - Image f59ae80d-d98e-465f-963a-1064764211f8.png - Prediction 1 - Time 7.827605485916138
Rank 3 - Image 7fb3786c-5045-4a90-981d-c55b53d4d5d3.png - Prediction 0 - Time 7.710111856460571
Rank 0 - Image MIDRC-RICORD-1C-419639-003251-46647-0.png - Prediction 2 - Time 32.2036452293396
Rank 2 - Image MIDRC-RICORD-1C-419639-001782-15190-0.png - Prediction 2 - Time 7.628425121307373
Rank 4 - Image 3fe1550e-8bcb-4732-a343-725acce70531.png - Prediction 0 - Time 6.61137843132019
Rank 3 - Image 766b8aea-3b43-4a34-b675-09f373ca066b.png - Prediction 0 - Time 6.845804452896118
Rank 5 - Image 03a9498c-549d-4e7d-800b-e74797f7f625.png - Prediction 1 - Time 7.6103010177612305
Rank 1 - Image MIDRC-RICORD-1C-SITE2-000208-34584-0.png - Prediction 2 - Time 9.114354848861694
Rank 2 - Image MIDRC-RICORD-1C-SITE2-000279-56879-0.png - Prediction 1 - Time 6.982612371444702
Rank 0 - Image MIDRC-RICORD-1C-419639-001464-39871-0.png - Prediction 1 - Time 8.161871194839478
Rank 4 - Image 0bb24183-8b59-48f1-8bbf-4d889976fc82.png - Prediction 0 - Time 6.813760757446289
Rank 3 - Image f6236cb5-cc36-4ec4-895c-d11ce043341d.png - Prediction 0 - Time 6.815437078475952
Rank 2 - Image MIDRC-RICORD-1C-SITE2-000067-11643-0.png - Prediction 2 - Time 6.845466375350952
Rank 5 - Image 080f2b35-fcd5-473e-864b-a7dea3054cc7.png - Prediction 1 - Time 7.451896905899048
Rank 1 - Image MIDRC-RICORD-1C-419639-001464-53024-0.png - Prediction 1 - Time 8.493250608444214
Rank 0 - Image MIDRC-RICORD-1C-419639-000918-78965-0.png - Prediction 2 - Time 8.419700860977173
Rank 4 - Image 02e4191e-fb03-4581-914c-f0438a17e53e.png - Prediction 0 - Time 6.535010814666748
Rank 3 - Image 153b7c2b-4909-4dca-8579-9523582bc4fe.png - Prediction 0 - Time 6.714380979537964
Rank 2 - Image MIDRC-RICORD-1C-SITE2-000015-91071-0.png - Prediction 2 - Time 6.8037097454071045
Rank 5 - Image b479635e-4c58-4d27-879b-fb0e87b2a1aa.png - Prediction 1 - Time 8.784911870956421
Rank 0 - Image MIDRC-RICORD-1C-419639-003318-64285-0.png - Prediction 2 - Time 7.39527440071106
Rank 1 - Image MIDRC-RICORD-1C-419639-003157-67493-0.png - Prediction 2 - Time 8.12155532836914
Rank 4 - Image a8dfd068-69e9-4486-bb22-2a04f2f2e1a5.png - Prediction 0 - Time 6.7364232540130615
Rank 3 - Image 1afd6582-da9d-4e5a-a81f-62a188fe9366.png - Prediction 0 - Time 6.659650802612305
Rank 2 - Image MIDRC-RICORD-1C-440808-000016-8.281-0.png - Prediction 0 - Time 6.72753119468689
Rank 0 - Image MIDRC-RICORD-1C-419639-001015-81591-0.png - Prediction 0 - Time 6.84733510017395
Rank 5 - Image 86853bbd-5af2-4551-8273-f2978dffdd76.png - Prediction 1 - Time 7.961755752563477
Rank 4 - Image 63f71157-7db6-476f-b320-ba2fcbe2543f.png - Prediction 0 - Time 6.638835191726685
Rank 1 - Image MIDRC-RICORD-1C-SITE2-000048-66689-0.png - Prediction 2 - Time 7.76965069770813
Rank 3 - Image 85bb48fe-e6d6-47de-bb71-d1636aced7dc.png - Prediction 0 - Time 6.6544647216796875
Rank 2 - Image MIDRC-RICORD-1C-419639-001829-30276-0.png - Prediction 2 - Time 6.855599880218506
Rank 5 - Image acb5c720-f741-415c-993c-65855be08ffa.png - Prediction 1 - Time 7.416223764419556
Rank 0 - Image MIDRC-RICORD-1C-SITE2-000265-99793-1.png - Prediction 2 - Time 7.964712142944336
Rank 4 - Image 1cdba4ee-0bb8-421d-9a24-7febeb399729.png - Prediction 0 - Time 7.08288836479187
Rank 1 - Image MIDRC-RICORD-1C-440808-000020-8.458-0.png - Prediction 2 - Time 7.724776744842529
Rank 3 - Image eaeb935a-7294-4dd3-8bf5-73ba781d28af.png - Prediction 0 - Time 6.628923654556274
Rank 2 - Image MIDRC-RICORD-1C-419639-000025-53641-0.png - Prediction 2 - Time 6.762772560119629
Rank 5 - Image 1414c7d6-dff3-453c-8322-b25bb5899d78.png - Prediction 1 - Time 7.828258514404297
Rank 3 - Image 5f137fa7-6539-499e-b0d5-0e481221bf5a.png - Prediction 1 - Time 6.672365665435791
Rank 4 - Image e1d23cbe-213d-48d6-a8c2-672c4e68285d.png - Prediction 1 - Time 7.796513795852661
Rank 1 - Image MIDRC-RICORD-1C-SITE2-000034-76728-1.png - Prediction 2 - Time 7.27820348739624
Rank 0 - Image MIDRC-RICORD-1C-SITE2-000159-61155-0.png - Prediction 2 - Time 9.028187036514282
Rank 2 - Image MIDRC-RICORD-1C-SITE2-000124-65701-0.png - Prediction 2 - Time 6.823173999786377
Rank 4 - Image 4b1cab8a-c9bd-40e6-bc86-23c6be98a099.png - Prediction 0 - Time 6.50036883354187
Rank 3 - Image b5234584-1487-492c-8742-444b9ca41c3d.png - Prediction 0 - Time 6.662657260894775
Rank 5 - Image c3a6ca22-c09b-4be0-a59d-e52718fbb645.png - Prediction 1 - Time 6.771444082260132
Rank 1 - Image MIDRC-RICORD-1C-419639-002784-76664-0.png - Prediction 0 - Time 6.941266298294067
Rank 2 - Image MIDRC-RICORD-1C-419639-001464-85049-0.png - Prediction 2 - Time 6.766386270523071
Rank 0 - Image MIDRC-RICORD-1C-419639-003169-42019-0.png - Prediction 0 - Time 8.423608541488647
Rank 3 - Image 71d8d6ec-253b-4272-a467-311828b2a35b.png - Prediction 0 - Time 6.68954610824585
Rank 1 - Image MIDRC-RICORD-1C-SITE2-000014-81802-0.png - Prediction 2 - Time 7.222654819488525
Rank 2 - Image MIDRC-RICORD-1C-419639-000025-90087-0.png - Prediction 2 - Time 6.770654678344727
Rank 4 - Image ec0492da-e6be-49cf-8b18-dc143180f1a2.png - Prediction 0 - Time 8.877684593200684
Rank 5 - Image bfd795ae-7656-40fc-b44e-566515e52ed2.png - Prediction 1 - Time 8.890632629394531
Rank 0 - Image MIDRC-RICORD-1C-SITE2-000238-25854-1.png - Prediction 2 - Time 8.541442394256592
Rank 3 - Image 0103fadb-1663-40a6-8a9e-09d626cd2091.png - Prediction 0 - Time 6.698823928833008
Rank 1 - Image MIDRC-RICORD-1C-SITE2-000068-39061-0.png - Prediction 2 - Time 7.527925968170166
Rank 4 - Image 89dd8f63-8320-48f3-b142-d903f40d5c8c.png - Prediction 0 - Time 6.604540109634399
Rank 5 - Image 098906c5-cf22-43d3-9f0d-90e88e602090.png - Prediction 1 - Time 7.668188810348511
Rank 2 - Image MIDRC-RICORD-1C-SITE2-000098-66227-0.png - Prediction 2 - Time 8.006253242492676
Rank 0 - Image MIDRC-RICORD-1C-419639-001464-33260-0.png - Prediction 2 - Time 7.013369798660278
Rank 3 - Image e4cd65ae-65de-44fc-a6b2-ebbc46d2e8d8.png - Prediction 0 - Time 6.562656402587891
Rank 1 - Image MIDRC-RICORD-1C-419639-000025-84235-0.png - Prediction 2 - Time 7.054361343383789
Rank 4 - Image b76728e6-f44b-40bf-8688-e703d10d2039.png - Prediction 0 - Time 7.151366710662842
Rank 2 - Image MIDRC-RICORD-1C-SITE2-000188-54382-0.png - Prediction 2 - Time 6.835824251174927
Rank 5 - Image b5714c0f-6d0f-4c56-833f-8b83f19e982a.png - Prediction 1 - Time 7.809786796569824
Rank 3 - Image 2f8fbfdc-56db-4eca-bf64-3c9a0637e28c.png - Prediction 0 - Time 6.680227041244507
Rank 0 - Image MIDRC-RICORD-1C-SITE2-000018-55212-0.png - Prediction 2 - Time 8.971733093261719
Rank 1 - Image MIDRC-RICORD-1C-SITE2-000001-16794-0.png - Prediction 2 - Time 7.6486592292785645
Rank 4 - Image d9884def-b31a-4861-9eea-27f97bffeba2.png - Prediction 0 - Time 7.783066272735596
Rank 2 - Image MIDRC-RICORD-1C-SITE2-000072-79474-0.png - Prediction 2 - Time 8.220577478408813
Rank 5 - Image 875b34e4-b58d-479f-954a-5b015071f448.png - Prediction 1 - Time 7.932954788208008
Rank 3 - Image bc46651a-1314-44af-a834-1eb8a36e589e.png - Prediction 0 - Time 6.679754972457886
Rank 0 - Image MIDRC-RICORD-1C-419639-000025-50888-0.png - Prediction 2 - Time 8.23261570930481
Rank 4 - Image ffba6230-71cf-4287-a0d1-887f5d16e95d.png - Prediction 0 - Time 7.726207494735718
Rank 1 - Image MIDRC-RICORD-1C-419639-001571-15270-0.png - Prediction 2 - Time 8.389883279800415
Rank 3 - Image 71d25920-4060-4a31-b7aa-cfbf4721a5c5.png - Prediction 0 - Time 6.611926078796387
Rank 5 - Image 91e187a5-771d-4a83-9601-e22ed326bc8e.png - Prediction 1 - Time 7.811936855316162
Rank 2 - Image MIDRC-RICORD-1C-419639-001882-13628-0.png - Prediction 2 - Time 9.407951354980469
Rank 0 - Image MIDRC-RICORD-1C-419639-001288-10277-0.png - Prediction 2 - Time 7.823075294494629
Rank 1 - Image MIDRC-RICORD-1C-419639-001903-65209-0.png - Prediction 2 - Time 7.667799472808838
Rank 4 - Image f3b015ab-e337-4e7f-971d-eb7cc3dd4e92.png - Prediction 0 - Time 8.718604803085327
Rank 3 - Image ca3c90e4-f7fe-4f6e-b20b-81473deab4f0.png - Prediction 0 - Time 8.290638208389282
Rank 5 - Image 3abb7176-035d-46cc-844e-820870e8154b.png - Prediction 1 - Time 8.566842794418335
Rank 2 - Image MIDRC-RICORD-1C-419639-000402-60433-0.png - Prediction 0 - Time 8.428837060928345
Rank 0 - Image MIDRC-RICORD-1C-419639-002757-16718-0.png - Prediction 2 - Time 7.7293970584869385
Rank 1 - Image MIDRC-RICORD-1C-SITE2-000244-77429-0.png - Prediction 2 - Time 7.716802597045898
Rank 4 - Image bca4aa4d-0cc9-4cc0-b06d-5b675194bf62.png - Prediction 0 - Time 7.128952741622925
Rank 3 - Image dab2f334-331c-42c7-af09-a997092464b0.png - Prediction 0 - Time 7.032571077346802
Rank 5 - Image 3e4ee273-d5ca-4cf8-a75a-05772e0e12fe.png - Prediction 1 - Time 7.746596336364746
Rank 0 - Image MIDRC-RICORD-1C-SITE2-000135-64564-1.png - Prediction 2 - Time 6.889455556869507
Rank 2 - Image MIDRC-RICORD-1C-440808-000019-8.433-0.png - Prediction 1 - Time 8.88841462135315
Rank 1 - Image MIDRC-RICORD-1C-419639-000582-21506-0.png - Prediction 2 - Time 7.255527019500732
Rank 4 - Image 9e2ddac8-9a4c-448b-98c8-a840a548d0f7.png - Prediction 0 - Time 7.7663068771362305
Rank 3 - Image 436dce2a-06c3-4281-bb8e-840497a49381.png - Prediction 1 - Time 8.166116952896118
Rank 5 - Image bd9af100-1805-4e0a-8875-4a4b7195f0d8.png - Prediction 1 - Time 7.6813366413116455
Rank 0 - Image MIDRC-RICORD-1C-SITE2-000147-13199-0.png - Prediction 2 - Time 8.1164071559906
Rank 2 - Image MIDRC-RICORD-1C-419639-003319-99931-0.png - Prediction 2 - Time 8.242280960083008
Rank 1 - Image MIDRC-RICORD-1C-419639-002088-09388-0.png - Prediction 2 - Time 7.222110271453857
Rank 4 - Image fc958b63-5da8-448d-8962-3c5167dc9410.png - Prediction 0 - Time 7.571566581726074
Rank 3 - Image af6ef3d9-81c8-434e-bc5a-dbf89bc418aa.png - Prediction 0 - Time 7.182327508926392
Rank 5 - Image 6804008c-94eb-4870-ba6e-b06514073e71.png - Prediction 1 - Time 8.324302673339844
Rank 2 - Image MIDRC-RICORD-1C-SITE2-000217-73086-0.png - Prediction 2 - Time 8.82232403755188
Rank 0 - Image MIDRC-RICORD-1C-419639-002601-92699-0.png - Prediction 2 - Time 9.399282693862915
Rank 1 - Image MIDRC-RICORD-1C-419639-002050-25234-0.png - Prediction 2 - Time 8.019243478775024
Rank 4 - Image cb7d021b-b273-436a-bd7a-e68c11ed3f6b.png - Prediction 0 - Time 7.814570903778076
Rank 3 - Image a7aef71b-0fc8-4837-be79-4ced56e03439.png - Prediction 0 - Time 7.990330934524536
Rank 5 - Image 0d9b1283-fc24-4fd3-a520-bc5d563e13e1.png - Prediction 1 - Time 8.015255451202393
Rank 2 - Image MIDRC-RICORD-1C-419639-000586-49647-0.png - Prediction 2 - Time 8.081499099731445
Rank 1 - Image MIDRC-RICORD-1C-SITE2-000235-44451-0.png - Prediction 2 - Time 7.25567364692688
Rank 0 - Image MIDRC-RICORD-1C-419639-002310-52924-0.png - Prediction 2 - Time 8.115923404693604
Rank 4 - Image ff332704-48e0-445b-9188-b2a696d1f0d7.png - Prediction 0 - Time 7.493904113769531
Rank 3 - Image dfa57c1f-01fb-4417-a1b5-0641a9b4bb84.png - Prediction 0 - Time 7.250444412231445
Rank 5 - Image 0a8d486f-1aa6-4fcf-b7be-4bf04fc8628b.png - Prediction 1 - Time 7.859155178070068
Rank 1 - Image MIDRC-RICORD-1C-SITE2-000202-80939-0.png - Prediction 2 - Time 7.177048206329346
Rank 4 - Image 3e1b619a-cdd9-495a-bcbf-a9d62b418991.png - Prediction 0 - Time 6.818268775939941
Rank 0 - Image MIDRC-RICORD-1C-SITE2-000171-45676-0.png - Prediction 2 - Time 7.8974926471710205
Rank 2 - Image MIDRC-RICORD-1C-SITE2-000115-40758-0.png - Prediction 2 - Time 8.344487190246582
Rank 3 - Image 5eb932e2-3455-40fe-93db-ae44f897d9e0.png - Prediction 0 - Time 7.991571664810181
Rank 5 - Image 37f17069-62ce-42ff-9fa4-d6a1056bd075.png - Prediction 2 - Time 7.650711536407471
Rank 4 - Image 0977f16c-c343-42c9-95ed-d7ca996feb16.png - Prediction 0 - Time 6.661380767822266
Rank 0 - Image MIDRC-RICORD-1C-419639-000025-56001-0.png - Prediction 2 - Time 7.015359401702881
Rank 1 - Image MIDRC-RICORD-1C-419639-003203-21209-0.png - Prediction 2 - Time 8.921065330505371
Rank 2 - Image MIDRC-RICORD-1C-419639-000025-56207-0.png - Prediction 2 - Time 8.450647354125977
Rank 3 - Image e8485b0f-293d-4ca8-8b71-92db61c8ee3e.png - Prediction 0 - Time 7.1557252407073975
Rank 5 - Image 3db7e979-5f97-4985-bf0c-cdea7951e246.png - Prediction 1 - Time 7.849026441574097
Rank 4 - Image f8a11cd6-e541-4765-a41b-3d70b6f3481e.png - Prediction 0 - Time 8.211326360702515
Rank 0 - Image MIDRC-RICORD-1C-419639-003340-85716-0.png - Prediction 2 - Time 7.9152233600616455
Rank 1 - Image MIDRC-RICORD-1C-419639-000025-90087-1.png - Prediction 2 - Time 7.7629029750823975
Rank 2 - Image MIDRC-RICORD-1C-419639-001699-69345-0.png - Prediction 2 - Time 8.260971069335938
Rank 3 - Image 35cda03a-0898-4f8b-92d3-6f263aed23ff.png - Prediction 0 - Time 8.324686527252197
Rank 5 - Image e2e89418-6c0e-4f50-a2d9-6cd5e58feef0.png - Prediction 1 - Time 6.860107183456421
Rank 4 - Image 960131aa-4ce4-4b26-aa12-5f73d8d81453.png - Prediction 0 - Time 7.266589879989624
Rank 0 - Image MIDRC-RICORD-1C-419639-003257-00787-0.png - Prediction 2 - Time 6.937029123306274
Rank 1 - Image MIDRC-RICORD-1C-SITE2-000136-21646-0.png - Prediction 2 - Time 8.014276266098022
Rank 2 - Image MIDRC-RICORD-1C-SITE2-000003-00527-0.png - Prediction 2 - Time 8.31925344467163
Rank 3 - Image d82e5841-2f43-4eab-ac17-e98a2d90c51b.png - Prediction 0 - Time 7.776569128036499
Rank 5 - Image 393b8e45-6d97-4013-8100-27ebf07a1dad.png - Prediction 1 - Time 6.793623447418213
Rank 4 - Image 3a5327d8-8830-4ae2-bd6b-293f5aa42d4b.png - Prediction 0 - Time 6.841291427612305
Rank 0 - Image MIDRC-RICORD-1C-SITE2-000099-22857-0.png - Prediction 2 - Time 6.805000066757202
Rank 1 - Image MIDRC-RICORD-1C-SITE2-000153-84142-0.png - Prediction 2 - Time 7.601656198501587
Rank 5 - Image 2348e8ba-483f-476d-b29d-5ba8398d7abc.png - Prediction 1 - Time 7.223296403884888
Rank 2 - Image MIDRC-RICORD-1C-419639-003232-50592-0.png - Prediction 2 - Time 7.975775718688965
Rank 3 - Image af1d168c-4850-41e1-85b8-ff8fc645e671.png - Prediction 0 - Time 8.094944715499878
Rank 0 - Image MIDRC-RICORD-1C-SITE2-000155-37671-0.png - Prediction 2 - Time 6.820827484130859
Rank 4 - Image a0b9597d-93f4-4a7c-a412-81cb78bccb66.png - Prediction 0 - Time 8.397030591964722
Rank 1 - Image MIDRC-RICORD-1C-419639-003216-61144-0.png - Prediction 2 - Time 8.317190170288086
Rank 3 - Image 585f5059-8938-4885-accb-d7d0b1097c60.png - Prediction 0 - Time 7.300615310668945
Rank 5 - Image aef87dc2-a097-4683-9fb1-d1af6838a16a.png - Prediction 0 - Time 7.89297342300415
Rank 2 - Image MIDRC-RICORD-1C-419639-000025-04760-0.png - Prediction 2 - Time 8.243044376373291
Rank 0 - Image MIDRC-RICORD-1C-419639-000235-89929-0.png - Prediction 0 - Time 6.693840742111206
Rank 4 - Image cdac0980-033c-4685-b7e4-0a12c86a00a9.png - Prediction 0 - Time 7.902252912521362
Rank 1 - Image MIDRC-RICORD-1C-419639-001464-60601-0.png - Prediction 2 - Time 8.205581188201904
Rank 5 - Image afe1b6e2-203e-4ee5-856a-2f205d8bca2a.png - Prediction 1 - Time 7.967868804931641
Rank 3 - Image 5d4c7318-4739-4470-89f3-70bbbca95f10.png - Prediction 0 - Time 8.316187858581543
Rank 0 - Image MIDRC-RICORD-1C-419639-002376-07504-0.png - Prediction 2 - Time 6.8223488330841064
Rank 2 - Image MIDRC-RICORD-1C-419639-000025-89853-0.png - Prediction 2 - Time 8.003599882125854
Rank 4 - Image 7ca5c75a-1ec6-49a7-a3b0-93b6122a3170.png - Prediction 0 - Time 7.9335455894470215
Rank 1 - Image MIDRC-RICORD-1C-419639-003380-99227-0.png - Prediction 0 - Time 7.367634296417236
Rank 5 - Image 3d070009-c877-4ed4-ac80-53781cb30fef.png - Prediction 1 - Time 6.748592138290405
Rank 0 - Image MIDRC-RICORD-1C-419639-001433-28259-0.png - Prediction 2 - Time 6.638841867446899
Rank 3 - Image d3ad2915-af30-426c-ad2d-1634df8c1b5f.png - Prediction 0 - Time 7.851872205734253
Rank 2 - Image MIDRC-RICORD-1C-419639-001425-17331-0.png - Prediction 2 - Time 8.321163892745972
Rank 4 - Image d1e0d69c-a4df-485a-983c-535494221d1a.png - Prediction 0 - Time 7.662973642349243
Rank 1 - Image MIDRC-RICORD-1C-SITE2-000272-41527-0.png - Prediction 2 - Time 8.19338345527649
Rank 5 - Image 34fbff70-fa6e-4709-ab07-17f739fce394.png - Prediction 1 - Time 8.057584285736084
Rank 0 - Image MIDRC-RICORD-1C-419639-003116-57702-0.png - Prediction 2 - Time 8.527615785598755
Rank 3 - Image dee054ff-0e1a-4167-b814-cbf339cf689c.png - Prediction 0 - Time 8.127560377120972
Rank 2 - Image MIDRC-RICORD-1C-440808-000009-08.98-0.png - Prediction 2 - Time 7.7874391078948975
Rank 4 - Image 6b969591-8a07-49ed-9f65-fa19a453df59.png - Prediction 0 - Time 7.703164100646973
Rank 5 - Image 2c68016e-5a63-4430-a834-efe5d43edd0e.png - Prediction 1 - Time 7.127063035964966
Rank 1 - Image MIDRC-RICORD-1C-419639-003338-57135-0.png - Prediction 2 - Time 7.5018932819366455
Rank 0 - Image MIDRC-RICORD-1C-419639-001629-03737-0.png - Prediction 0 - Time 6.989705324172974
Rank 3 - Image bb068d57-86a8-4347-bee0-e29d59ddef6b.png - Prediction 0 - Time 7.713385343551636
Rank 2 - Image MIDRC-RICORD-1C-419639-000086-21140-0.png - Prediction 2 - Time 7.87867546081543
Rank 4 - Image bd8facb9-dce0-4048-8249-e6078b28e1b7.png - Prediction 1 - Time 7.783901214599609
Rank 0 - Image MIDRC-RICORD-1C-SITE2-000211-85940-0.png - Prediction 2 - Time 6.720281362533569
Rank 5 - Image 8ae822ae-a656-47ba-ac5b-848ce2256575.png - Prediction 1 - Time 7.887828826904297
Rank 1 - Image MIDRC-RICORD-1C-419639-003060-04928-0.png - Prediction 2 - Time 7.961337089538574
Rank 3 - Image 354c3756-43ed-4921-adf8-60be49a8b7e8.png - Prediction 0 - Time 8.044515371322632
Rank 2 - Image MIDRC-RICORD-1C-SITE2-000270-57009-0.png - Prediction 2 - Time 7.859839677810669
Rank 4 - Image 4dbc44ca-694a-4814-9a24-bc60c8d8d611.png - Prediction 1 - Time 8.368875980377197
Rank 0 - Image MIDRC-RICORD-1C-419639-003027-36839-0.png - Prediction 2 - Time 7.244874000549316
Rank 5 - Image f661fe70-2fc1-4564-9f53-45504c0b0688.png - Prediction 1 - Time 6.721178293228149
Rank 1 - Image MIDRC-RICORD-1C-419639-002889-42412-0.png - Prediction 2 - Time 7.8007519245147705
Rank 3 - Image b8dd7d32-b177-4d1e-982f-6f0a743828fa.png - Prediction 0 - Time 8.13895869255066
Rank 2 - Image MIDRC-RICORD-1C-419639-000573-31324-0.png - Prediction 2 - Time 8.123637199401855
Rank 0 - Image MIDRC-RICORD-1C-419639-003021-81745-0.png - Prediction 2 - Time 6.6718974113464355
Rank 4 - Image 3f504abe-2133-4e09-98af-743cdea486f9.png - Prediction 1 - Time 8.034850120544434
Rank 5 - Image 78c33a1a-8f22-476c-ae97-8190192102df.png - Prediction 1 - Time 7.323033571243286
Rank 1 - Image MIDRC-RICORD-1C-SITE2-000106-15732-0.png - Prediction 2 - Time 7.912975788116455
Rank 3 - Image a17f7e03-42a6-41d3-82ad-d8a656826936.png - Prediction 0 - Time 7.801241159439087
Rank 2 - Image MIDRC-RICORD-1C-SITE2-000154-41630-0.png - Prediction 2 - Time 7.889882802963257
Rank 0 - Image MIDRC-RICORD-1C-419639-003024-14703-0.png - Prediction 2 - Time 7.818999767303467
Rank 4 - Image af169d21-1c39-445e-82d8-5035182a3a8c.png - Prediction 1 - Time 7.613090991973877
Rank 5 - Image 652b519d-5eb4-4abc-93f7-15ae661a431f.png - Prediction 1 - Time 7.501192092895508
Rank 1 - Image MIDRC-RICORD-1C-SITE2-000297-71173-1.png - Prediction 2 - Time 7.939479112625122
Rank 3 - Image c3c78e4e-1a31-4a92-be4b-0fc3c7f992a4.png - Prediction 0 - Time 8.010548830032349
Rank 2 - Image MIDRC-RICORD-1C-SITE2-000168-32448-0.png - Prediction 2 - Time 8.002960443496704
Rank 0 - Image MIDRC-RICORD-1C-419639-002724-03387-0.png - Prediction 2 - Time 6.800739049911499
Rank 5 - Image 2397b2f6-3dfa-476c-89ea-e9992c5bd9a9.png - Prediction 1 - Time 6.775346994400024
Rank 4 - Image fcd159f4-21d3-4169-a94b-95a2b5ccddcb.png - Prediction 1 - Time 8.023818016052246
Rank 1 - Image MIDRC-RICORD-1C-SITE2-000204-24409-0.png - Prediction 1 - Time 8.710989713668823
Rank 3 - Image f1c8caa2-a6dc-40c0-ab85-4769688f1eec.png - Prediction 0 - Time 7.780891180038452
Rank 2 - Image MIDRC-RICORD-1C-SITE2-000125-08616-1.png - Prediction 2 - Time 7.221249580383301
Rank 0 - Image MIDRC-RICORD-1C-419639-001464-32013-0.png - Prediction 1 - Time 6.686666250228882
Rank 5 - Image ac10f43e-03b8-43d2-bcae-6fe000542397.png - Prediction 0 - Time 7.758368253707886
Rank 4 - Image b6db3041-1554-43ef-baca-58733b6717d6.png - Prediction 0 - Time 8.46142292022705
Rank 1 - Image MIDRC-RICORD-1C-419639-001464-82193-0.png - Prediction 2 - Time 7.788792610168457
Rank 0 - Image MIDRC-RICORD-1C-SITE2-000116-25889-1.png - Prediction 2 - Time 6.894045829772949
Rank 3 - Image d535a3c8-c4a4-4856-b5cd-17f6332eac8b.png - Prediction 0 - Time 8.080508470535278
Rank 2 - Image MIDRC-RICORD-1C-SITE2-000096-37358-0.png - Prediction 2 - Time 8.255782842636108
Rank 5 - Image 3c8cc0d1-be7f-493d-9570-542d851f623b.png - Prediction 1 - Time 7.943803787231445
Rank 4 - Image a0a8370a-dc3f-4f70-a440-e3fa9827928a.png - Prediction 1 - Time 7.271669626235962
Rank 0 - Image MIDRC-RICORD-1C-SITE2-000229-76177-0.png - Prediction 2 - Time 6.820437431335449
Rank 1 - Image MIDRC-RICORD-1C-SITE2-000058-42859-0.png - Prediction 2 - Time 7.9711713790893555
Rank 2 - Image MIDRC-RICORD-1C-SITE2-000221-43774-0.png - Prediction 2 - Time 7.961394548416138
Rank 3 - Image 2ed06be4-9f0e-4256-b8bf-a4b396cc6364.png - Prediction 0 - Time 8.360550165176392
Rank 5 - Image 6565a9e6-3f01-4de8-a18d-ade3121c5d7c.png - Prediction 1 - Time 7.960290431976318
Rank 4 - Image 1dad3414-88c9-4c56-af5d-3a1488af452c.png - Prediction 1 - Time 8.056514739990234
Rank 0 - Image MIDRC-RICORD-1C-419639-001222-46073-0.png - Prediction 2 - Time 6.603355407714844
Rank 1 - Image MIDRC-RICORD-1C-SITE2-000149-71428-1.png - Prediction 2 - Time 7.701555252075195
Rank 3 - Image 168f4fcb-a87d-49fc-b167-4ed42fd1ec43.png - Prediction 0 - Time 7.472738742828369
Rank 2 - Image MIDRC-RICORD-1C-SITE2-000179-48742-0.png - Prediction 2 - Time 8.139507532119751
Rank 5 - Image ed0c5d1e-934a-4e31-9221-3a6a69ec9c1b.png - Prediction 1 - Time 7.3499932289123535
Rank 0 - Image MIDRC-RICORD-1C-419639-003360-73998-0.png - Prediction 2 - Time 6.697150230407715
Rank 4 - Image f760c946-a103-4991-a6e5-ff60c24cd99f.png - Prediction 1 - Time 8.632668018341064
Rank 1 - Image MIDRC-RICORD-1C-419639-002281-83348-0.png - Prediction 2 - Time 8.22701644897461
Rank 3 - Image a8e3ea7d-0b63-45cf-85d8-1078d3e2449d.png - Prediction 0 - Time 7.276694059371948
Rank 2 - Image MIDRC-RICORD-1C-SITE2-000176-81030-0.png - Prediction 2 - Time 8.02111005783081
Rank 5 - Image 4bc8ce99-2420-48c2-a768-d067da67ced2.png - Prediction 1 - Time 7.980646133422852
Rank 0 - Image MIDRC-RICORD-1C-419639-003334-51353-0.png - Prediction 2 - Time 6.8022236824035645
Rank 4 - Image b021293c-4dd0-450c-b1a4-2d72cedab0a2.png - Prediction 1 - Time 7.912045955657959
Rank 3 - Image f31d1fb1-604b-4fec-b320-f07ce2694008.png - Prediction 0 - Time 7.15582275390625
Rank 1 - Image MIDRC-RICORD-1C-419639-002733-79941-0.png - Prediction 2 - Time 7.848253965377808
Rank 2 - Image MIDRC-RICORD-1C-419639-003199-43900-0.png - Prediction 2 - Time 6.929248332977295
Rank 5 - Image 6df82c7a-a91e-487c-ae3a-9022b17d7c7a.png - Prediction 1 - Time 7.63809609413147
Rank 0 - Image MIDRC-RICORD-1C-419639-000538-40522-0.png - Prediction 2 - Time 7.734643220901489
Rank 4 - Image 349f10b4-dc3e-4f3f-b2e4-a5b81448ce87.png - Prediction 1 - Time 7.734803676605225
Rank 3 - Image 069cfd47-0169-43e7-89a1-0be0fa24105b.png - Prediction 0 - Time 7.907442331314087
Rank 1 - Image MIDRC-RICORD-1C-419639-000025-81112-0.png - Prediction 2 - Time 8.052632093429565
Rank 2 - Image MIDRC-RICORD-1C-419639-003191-84953-0.png - Prediction 0 - Time 8.049801111221313
Rank 0 - Image MIDRC-RICORD-1C-419639-001735-74702-0.png - Prediction 2 - Time 6.705871105194092
Rank 5 - Image a6c364d2-b2d6-4b0b-a439-40b992ff65c7.png - Prediction 1 - Time 7.907318353652954
Rank 4 - Image 05d3817a-5535-4e77-8dda-d4412e496c81.png - Prediction 1 - Time 7.811320066452026
Rank 3 - Image 85d84453-ab2d-4666-98e6-5df3cbb81f5b.png - Prediction 0 - Time 7.034282207489014
Rank 1 - Image MIDRC-RICORD-1C-419639-003186-86346-0.png - Prediction 2 - Time 7.719997882843018
Rank 2 - Image MIDRC-RICORD-1C-SITE2-000029-97068-0.png - Prediction 2 - Time 8.109996557235718
Rank 0 - Image MIDRC-RICORD-1C-419639-000299-56159-0.png - Prediction 2 - Time 6.702436208724976
Rank 5 - Image 32a5977f-f8ab-41c9-9b51-5387248e4675.png - Prediction 0 - Time 7.523400068283081
Rank 4 - Image c21157da-1f74-4966-ba4e-c144d8f5da2d.png - Prediction 1 - Time 7.655609130859375
Rank 3 - Image 8db71746-e837-43c2-bdf1-c44d1ab207e3.png - Prediction 0 - Time 6.825230360031128
Rank 1 - Image MIDRC-RICORD-1C-SITE2-000237-52517-0.png - Prediction 0 - Time 7.97115683555603
Rank 0 - Image MIDRC-RICORD-1C-SITE2-000178-89752-0.png - Prediction 2 - Time 6.831088066101074
Rank 2 - Image MIDRC-RICORD-1C-419639-002401-32756-0.png - Prediction 0 - Time 7.572991132736206
Rank 5 - Image c3751c94-ea6f-4a7c-b3bf-87a54012fa80.png - Prediction 0 - Time 7.993194103240967
Rank 4 - Image 5acc56a4-1b6e-4394-9364-9772047d583f.png - Prediction 2 - Time 7.190307855606079
Rank 3 - Image 275f9fff-2439-4f3f-9c48-7c21f348701a.png - Prediction 0 - Time 7.247907876968384
Rank 0 - Image MIDRC-RICORD-1C-419639-001287-60951-0.png - Prediction 2 - Time 6.686017274856567
Rank 1 - Image MIDRC-RICORD-1C-SITE2-000002-65816-0.png - Prediction 2 - Time 7.7959229946136475
Rank 2 - Image MIDRC-RICORD-1C-419639-001762-18334-0.png - Prediction 2 - Time 7.98568320274353
Rank 5 - Image 1c0a780d-1cac-4eee-b46d-470ecebc9ae0.png - Prediction 1 - Time 7.660678863525391
Rank 4 - Image dd4d6a4c-1e67-4911-bda2-7d8af75b1b19.png - Prediction 1 - Time 7.8726184368133545
Rank 3 - Image 1d1968e2-88a5-4d72-9237-caf4cbad9423.png - Prediction 0 - Time 7.0159828662872314
Rank 1 - Image MIDRC-RICORD-1C-419639-000025-39552-1.png - Prediction 2 - Time 7.81654167175293
Rank 0 - Image MIDRC-RICORD-1C-SITE2-000182-35476-0.png - Prediction 2 - Time 9.020350694656372
Rank 2 - Image MIDRC-RICORD-1C-SITE2-000210-51719-0.png - Prediction 2 - Time 7.9704859256744385
Rank 5 - Image b852bc3c-0de5-4448-aff8-f96b2cc13d51.png - Prediction 1 - Time 7.7981250286102295
Rank 3 - Image 07aeb82e-773b-4498-95c0-fabdf4985bb2.png - Prediction 0 - Time 7.915047645568848
Rank 4 - Image f0ba0019-718f-4677-a723-05c27dba2f3e.png - Prediction 1 - Time 8.324917793273926
Rank 1 - Image MIDRC-RICORD-1C-419639-000082-79663-0.png - Prediction 2 - Time 8.137638330459595
Rank 0 - Image MIDRC-RICORD-1C-419639-000025-17477-0.png - Prediction 2 - Time 7.966679096221924
Rank 2 - Image MIDRC-RICORD-1C-SITE2-000200-97745-0.png - Prediction 2 - Time 8.05731749534607
Rank 5 - Image a2616330-1f29-4019-928f-e2d62b3b737b.png - Prediction 1 - Time 7.658048152923584
Rank 3 - Image 652d6bb3-56a0-4a89-9631-684ce27cfc4c.png - Prediction 0 - Time 6.659512042999268
Rank 4 - Image cc3177c8-6570-497c-aef3-6fbddef692f6.png - Prediction 1 - Time 8.334246397018433
Rank 0 - Image MIDRC-RICORD-1C-419639-002528-57471-0.png - Prediction 2 - Time 6.578336715698242
Rank 1 - Image MIDRC-RICORD-1C-SITE2-000094-94497-0.png - Prediction 2 - Time 7.575402498245239
Rank 2 - Image MIDRC-RICORD-1C-419639-001374-75990-0.png - Prediction 2 - Time 8.047533750534058
Rank 3 - Image e155c13d-7ac7-4765-bb86-899349978413.png - Prediction 0 - Time 6.659243106842041
Rank 5 - Image a6236ddd-6367-4569-b5f1-07d2df9390ad.png - Prediction 1 - Time 8.88491177558899
Rank 4 - Image 0e03c2d7-9cea-4dc7-8e91-794a8b3ff58d.png - Prediction 1 - Time 7.7055439949035645
Rank 0 - Image MIDRC-RICORD-1C-419639-001932-82193-0.png - Prediction 2 - Time 6.689960479736328
Rank 1 - Image MIDRC-RICORD-1C-SITE2-000131-16046-1.png - Prediction 2 - Time 7.8037285804748535
Rank 3 - Image 98bfaf7a-d80b-491e-a7e0-c5c7316bebe9.png - Prediction 0 - Time 7.087120294570923
Rank 2 - Image MIDRC-RICORD-1C-419639-003336-50845-0.png - Prediction 2 - Time 7.989434003829956
Rank 5 - Image b8d6b40d-2a3d-475f-88d3-03560f645223.png - Prediction 1 - Time 7.911694049835205
Rank 4 - Image 070c921f-171c-420c-915b-e49e3f600c38.png - Prediction 1 - Time 7.55276346206665
Rank 0 - Image MIDRC-RICORD-1C-419639-000002-10161-0.png - Prediction 2 - Time 6.759402275085449
Rank 1 - Image MIDRC-RICORD-1C-419639-002309-84923-0.png - Prediction 2 - Time 8.060261249542236
Rank 3 - Image 76b180ab-242f-45d3-bce1-68df00c5ef45.png - Prediction 0 - Time 7.842820167541504
Rank 2 - Image MIDRC-RICORD-1C-419639-002929-69159-0.png - Prediction 2 - Time 8.272302865982056
Rank 5 - Image 49b2fb17-b12c-4e5a-8c4a-02449027c42b.png - Prediction 1 - Time 7.562815189361572
Rank 4 - Image caa545b4-4eea-4e3a-90b1-c4c0789a1109.png - Prediction 1 - Time 8.000620603561401
Rank 0 - Image MIDRC-RICORD-1C-419639-001464-72163-0.png - Prediction 1 - Time 8.017569780349731
Rank 1 - Image MIDRC-RICORD-1C-419639-002768-13069-0.png - Prediction 2 - Time 7.415607690811157
Rank 3 - Image 372b2fea-2013-4600-a06f-765c3f054a82.png - Prediction 0 - Time 6.684603691101074
Rank 2 - Image MIDRC-RICORD-1C-SITE2-000120-98054-0.png - Prediction 2 - Time 7.841981649398804
Rank 5 - Image 3766b0a6-1769-4d82-b081-fa53531de34e.png - Prediction 1 - Time 7.372368335723877
Rank 0 - Image MIDRC-RICORD-1C-SITE2-000239-21655-0.png - Prediction 2 - Time 6.658035516738892
Rank 4 - Image 7817b551-d220-479b-815f-395f83e1dba1.png - Prediction 1 - Time 8.710748672485352
Rank 1 - Image MIDRC-RICORD-1C-SITE2-000108-12642-0.png - Prediction 2 - Time 7.767974376678467
Rank 3 - Image a52aa522-a1b3-4f15-8609-f44bf96da2e3.png - Prediction 0 - Time 7.822347640991211
Rank 5 - Image f12d7b12-0398-4533-8f55-8772cc434945.png - Prediction 1 - Time 7.641223430633545
Rank 2 - Image MIDRC-RICORD-1C-SITE2-000127-30661-0.png - Prediction 2 - Time 8.30587387084961
Rank 0 - Image MIDRC-RICORD-1C-419639-003371-97350-0.png - Prediction 2 - Time 8.447152853012085
Rank 4 - Image f743c21e-5876-460b-bbd6-2e2dcca41baa.png - Prediction 1 - Time 8.308324337005615
Rank 3 - Image 6556ce72-1a60-40aa-aaf7-b50dbf07fae7.png - Prediction 0 - Time 6.639418840408325
Rank 1 - Image MIDRC-RICORD-1C-SITE2-000170-25974-1.png - Prediction 2 - Time 7.5956151485443115
Rank 2 - Image MIDRC-RICORD-1C-SITE2-000206-25871-0.png - Prediction 2 - Time 7.048018455505371
Rank 5 - Image 0b7a4fb2-adab-484b-a0f7-23f5111bc745.png - Prediction 1 - Time 7.9892354011535645
Rank 0 - Image MIDRC-RICORD-1C-419639-000432-86017-0.png - Prediction 2 - Time 8.04789686203003
Rank 4 - Image e1d5a233-39ca-41dc-a289-b07c3e78cdb1.png - Prediction 1 - Time 8.113703727722168
Rank 3 - Image 633d9182-1809-41b7-a59b-1e60ac91f0c9.png - Prediction 0 - Time 7.64015531539917
Rank 1 - Image MIDRC-RICORD-1C-SITE2-000097-16347-1.png - Prediction 2 - Time 7.494436740875244
Rank 5 - Image 1565fd6c-9432-454a-87e4-937fd5ad5b60.png - Prediction 1 - Time 6.92626690864563
Rank 2 - Image MIDRC-RICORD-1C-SITE2-000141-46899-0.png - Prediction 2 - Time 8.447253942489624
Rank 0 - Image MIDRC-RICORD-1C-419639-001007-89903-0.png - Prediction 2 - Time 7.857751131057739
Rank 3 - Image fd7bad9a-1bff-49ec-9c6c-c9aae9e65726.png - Prediction 0 - Time 7.18390965461731
Rank 4 - Image 40a2f7fd-342e-494b-a7e0-5857b73ec582.png - Prediction 1 - Time 7.633932828903198
Rank 1 - Image MIDRC-RICORD-1C-419639-002043-49668-0.png - Prediction 2 - Time 8.010220050811768
Rank 5 - Image 02002619-3dea-4038-8d4d-458db30ed8de.png - Prediction 1 - Time 6.779383420944214
Rank 2 - Image MIDRC-RICORD-1C-SITE2-000203-08712-0.png - Prediction 2 - Time 7.159444808959961
Rank 0 - Image MIDRC-RICORD-1C-419639-001464-39871-1.png - Prediction 2 - Time 7.66151762008667
Rank 3 - Image 99432aa3-8d61-4ff2-a79a-f0a0218d6fa2.png - Prediction 0 - Time 6.622798681259155
Rank 4 - Image bcdd92c8-2cde-4899-a6fc-46b875aaab62.png - Prediction 1 - Time 7.587897539138794
Rank 1 - Image MIDRC-RICORD-1C-419639-000785-60200-0.png - Prediction 0 - Time 7.641290903091431
Rank 5 - Image becefa4b-f719-48c6-a903-85e391e026a4.png - Prediction 1 - Time 6.7164881229400635
Rank 2 - Image MIDRC-RICORD-1C-SITE2-000045-76077-0.png - Prediction 2 - Time 8.89507007598877
Rank 0 - Image MIDRC-RICORD-1C-419639-002374-98411-0.png - Prediction 2 - Time 6.742099285125732
Rank 3 - Image 34bf2fcd-131a-428c-9a21-cd2fa9041f9b.png - Prediction 0 - Time 7.9291651248931885
Rank 4 - Image ac648f87-a79f-4ce0-9439-23a8dd886b71.png - Prediction 1 - Time 7.343836784362793
Rank 5 - Image 3f2b878e-9e3b-410b-a739-b43d81b98692.png - Prediction 1 - Time 7.803486585617065
Rank 1 - Image MIDRC-RICORD-1C-SITE2-000035-19513-0.png - Prediction 2 - Time 8.066243886947632
Rank 0 - Image MIDRC-RICORD-1C-SITE2-000028-53390-0.png - Prediction 2 - Time 6.940447092056274
Rank 2 - Image MIDRC-RICORD-1C-SITE2-000162-64489-0.png - Prediction 2 - Time 7.953056335449219
Rank 3 - Image b5007662-ff9c-49ad-9093-85ed7dc44bf4.png - Prediction 0 - Time 6.867321252822876
Rank 4 - Image 93b49de9-9267-43c2-a507-6885e4caeaba.png - Prediction 1 - Time 7.800422430038452
Rank 5 - Image adce8349-6836-4328-ab63-f356d0bbe298.png - Prediction 1 - Time 6.6686036586761475
Rank 1 - Image MIDRC-RICORD-1C-419639-001155-71955-0.png - Prediction 2 - Time 7.373270750045776
Rank 0 - Image MIDRC-RICORD-1C-419639-001070-42385-0.png - Prediction 2 - Time 6.849395275115967
Rank 3 - Image 06b2f933-3ea2-4477-ac27-18f732d1f4e1.png - Prediction 0 - Time 6.9305806159973145
Rank 2 - Image MIDRC-RICORD-1C-419639-001505-21193-0.png - Prediction 2 - Time 8.659738540649414
Rank 5 - Image 854fee36-d54c-4cde-904d-ab77f5e2e091.png - Prediction 1 - Time 6.6831746101379395
Rank 4 - Image af2ff93b-2f33-4c91-bde1-1490fc435b50.png - Prediction 1 - Time 7.453370094299316
Rank 1 - Image MIDRC-RICORD-1C-SITE2-000207-20956-0.png - Prediction 2 - Time 8.251237869262695
Rank 0 - Image MIDRC-RICORD-1C-SITE2-000283-41971-0.png - Prediction 2 - Time 6.770872116088867
Rank 3 - Image c2b24ebd-2c40-48c3-ba39-177224dd7db0.png - Prediction 0 - Time 7.737630844116211
Rank 5 - Image baf8fe18-a7ca-4e9c-b3dc-5c80d474545b.png - Prediction 1 - Time 6.841161251068115
Rank 2 - Image MIDRC-RICORD-1C-SITE2-000173-80432-1.png - Prediction 2 - Time 8.216261148452759
Rank 4 - Image 31692137-f770-4cfe-a02e-fd207ce813ac.png - Prediction 1 - Time 7.303220272064209
Rank 0 - Image MIDRC-RICORD-1C-SITE2-000023-20254-0.png - Prediction 2 - Time 6.684305667877197
Rank 1 - Image MIDRC-RICORD-1C-419639-002472-45590-0.png - Prediction 2 - Time 8.429020166397095
Rank 3 - Image 63192a6c-02ba-48a5-932a-bb82aeacb1bc.png - Prediction 0 - Time 6.930947542190552
Rank 4 - Image f7379744-be39-44b2-8816-a743857bd6a6.png - Prediction 1 - Time 6.889874458312988
Rank 5 - Image a77b32f6-1999-4cc6-8a0d-1ef7e53850f0.png - Prediction 1 - Time 8.234915733337402
Rank 2 - Image MIDRC-RICORD-1C-419639-002871-45785-0.png - Prediction 2 - Time 8.051190853118896
Rank 0 - Image MIDRC-RICORD-1C-SITE2-000181-63935-0.png - Prediction 2 - Time 6.749826192855835
Rank 1 - Image MIDRC-RICORD-1C-419639-002114-73757-0.png - Prediction 0 - Time 7.924161672592163
Rank 3 - Image 73dca3d1-5c58-4c72-80a9-201deca7ffec.png - Prediction 0 - Time 7.9433674812316895
Rank 4 - Image 3186d210-966f-4733-ba72-98729be9551a.png - Prediction 1 - Time 7.820074081420898
Rank 5 - Image 41bf2042-53a2-44a8-9a29-55e643af5ac0.png - Prediction 1 - Time 7.8930487632751465
Rank 2 - Image MIDRC-RICORD-1C-SITE2-000220-78771-1.png - Prediction 2 - Time 7.726067304611206
Rank 0 - Image MIDRC-RICORD-1C-419639-003105-50900-0.png - Prediction 0 - Time 7.386802673339844
Rank 1 - Image MIDRC-RICORD-1C-419639-002997-12964-0.png - Prediction 2 - Time 7.7305989265441895
Rank 3 - Image c485a9bd-6e18-4328-8c5c-cf80f71aa35d.png - Prediction 0 - Time 8.468362092971802
Rank 4 - Image b51c3c24-f9aa-4039-9fc1-527a5567dff6.png - Prediction 1 - Time 7.627181768417358
Rank 5 - Image ec09ddb3-9b0b-4749-9e0d-f94a4a7e5fed.png - Prediction 1 - Time 7.2204930782318115
Rank 0 - Image MIDRC-RICORD-1C-SITE2-000185-39456-0.png - Prediction 2 - Time 6.778235197067261
Rank 2 - Image MIDRC-RICORD-1C-419639-001661-28330-1.png - Prediction 2 - Time 8.13175630569458
Rank 1 - Image MIDRC-RICORD-1C-419639-001464-73170-0.png - Prediction 2 - Time 8.195635795593262
Rank 3 - Image b540ba89-72f7-40f5-a916-376546c20014.png - Prediction 0 - Time 7.864874362945557
Rank 5 - Image abff4044-3c0a-458f-b0c7-04254be7fc0c.png - Prediction 1 - Time 7.978350877761841
Rank 4 - Image e9e58e10-2795-4dec-a738-c9792ea8f685.png - Prediction 1 - Time 8.542223930358887
Rank 2 - Image MIDRC-RICORD-1C-SITE2-000142-56843-0.png - Prediction 2 - Time 8.049805641174316
Rank 0 - Image MIDRC-RICORD-1C-419639-003187-73922-0.png - Prediction 2 - Time 8.573692321777344
Rank 1 - Image MIDRC-RICORD-1C-419639-003102-68604-0.png - Prediction 2 - Time 8.874135255813599
Rank 5 - Image 27b32500-40ef-4c14-ab88-ace5e9ceea27.png - Prediction 1 - Time 6.7210187911987305
Rank 3 - Image 33e4e43b-054b-4537-9cd6-0fe574f7d337.png - Prediction 0 - Time 7.753260135650635
Rank 2 - Image MIDRC-RICORD-1C-419639-003099-52606-0.png - Prediction 0 - Time 7.857793092727661
Rank 4 - Image cd9d2d22-4395-4e4d-8837-cfb33c2bdaab.png - Prediction 1 - Time 8.953429937362671
Rank 0 - Image MIDRC-RICORD-1C-SITE2-000066-97290-0.png - Prediction 2 - Time 9.329342603683472
Rank 1 - Image MIDRC-RICORD-1C-419639-001464-63464-0.png - Prediction 2 - Time 8.138163805007935
Rank 2 - Image MIDRC-RICORD-1C-419639-002463-12463-0.png - Prediction 2 - Time 7.5402796268463135
Rank 0 - Image MIDRC-RICORD-1C-SITE2-000105-65881-0.png - Prediction 2 - Time 8.23149585723877
Rank 1 - Image MIDRC-RICORD-1C-419639-001603-23454-0.png - Prediction 2 - Time 8.053128719329834
Rank 2 - Image MIDRC-RICORD-1C-419639-001085-09031-0.png - Prediction 0 - Time 8.232588052749634
Rank 1 - Image MIDRC-RICORD-1C-419639-000025-39552-0.png - Prediction 2 - Time 8.414154767990112
Rank 2 - Image MIDRC-RICORD-1C-419639-002895-42704-0.png - Prediction 0 - Time 8.253607988357544
Rank 2 - Image 47c78742-4998-4878-aec4-37b11b1354ac.png - Prediction 0 - Time 8.502674102783203
Rank 0 - gathering data of length: 6
Created csv file: /p/project/joaiml/ingolfsson1/COVID_Net/results/covidx_test_6_224_546.csv
Total inference time: 546.125581741333
