Rank: 2 - working on datapoint 47c78742-4998-4878-aec4-37b11b1354ac.png
Rank: 0 - working on datapoint MIDRC-RICORD-1C-419639-003251-46647-0.png
Rank: 3 - working on datapoint bd8facb9-dce0-4048-8249-e6078b28e1b7.png
Rank: 1 - working on datapoint MIDRC-RICORD-1C-SITE2-000106-15732-0.png
Rank: 3 - working on datapoint 4dbc44ca-694a-4814-9a24-bc60c8d8d611.png
Rank: 1 - working on datapoint MIDRC-RICORD-1C-SITE2-000297-71173-1.png
Rank: 0 - working on datapoint MIDRC-RICORD-1C-419639-001464-39871-0.png
Rank: 2 - working on datapoint 8989e25c-a698-48fc-b428-fff56931fc8f.png
Rank: 3 - working on datapoint 3f504abe-2133-4e09-98af-743cdea486f9.png
Rank: 1 - working on datapoint MIDRC-RICORD-1C-SITE2-000204-24409-0.png
Rank: 2 - working on datapoint 7fb3786c-5045-4a90-981d-c55b53d4d5d3.png
Rank: 0 - working on datapoint MIDRC-RICORD-1C-419639-000918-78965-0.png
Rank: 3 - working on datapoint af169d21-1c39-445e-82d8-5035182a3a8c.png
Rank: 1 - working on datapoint MIDRC-RICORD-1C-419639-001464-82193-0.png
Rank: 2 - working on datapoint 766b8aea-3b43-4a34-b675-09f373ca066b.png
Rank: 0 - working on datapoint MIDRC-RICORD-1C-419639-003318-64285-0.png
Rank: 1 - working on datapoint MIDRC-RICORD-1C-SITE2-000058-42859-0.png
Rank: 3 - working on datapoint fcd159f4-21d3-4169-a94b-95a2b5ccddcb.png
Rank: 2 - working on datapoint f6236cb5-cc36-4ec4-895c-d11ce043341d.png
Rank: 0 - working on datapoint MIDRC-RICORD-1C-419639-001015-81591-0.png
Rank: 1 - working on datapoint MIDRC-RICORD-1C-SITE2-000149-71428-1.png
Rank: 3 - working on datapoint b6db3041-1554-43ef-baca-58733b6717d6.png
Rank: 2 - working on datapoint 153b7c2b-4909-4dca-8579-9523582bc4fe.png
Rank: 0 - working on datapoint MIDRC-RICORD-1C-SITE2-000265-99793-1.png
Rank: 1 - working on datapoint MIDRC-RICORD-1C-419639-002281-83348-0.png
Rank: 3 - working on datapoint a0a8370a-dc3f-4f70-a440-e3fa9827928a.png
Rank: 0 - working on datapoint MIDRC-RICORD-1C-SITE2-000159-61155-0.png
Rank: 2 - working on datapoint 1afd6582-da9d-4e5a-a81f-62a188fe9366.png
Rank: 1 - working on datapoint MIDRC-RICORD-1C-419639-002733-79941-0.png
Rank: 3 - working on datapoint 1dad3414-88c9-4c56-af5d-3a1488af452c.png
Rank: 2 - working on datapoint 85bb48fe-e6d6-47de-bb71-d1636aced7dc.png
Rank: 0 - working on datapoint MIDRC-RICORD-1C-419639-003169-42019-0.png
Rank: 1 - working on datapoint MIDRC-RICORD-1C-419639-000025-81112-0.png
Rank: 3 - working on datapoint f760c946-a103-4991-a6e5-ff60c24cd99f.png
Rank: 2 - working on datapoint eaeb935a-7294-4dd3-8bf5-73ba781d28af.png
Rank: 0 - working on datapoint MIDRC-RICORD-1C-SITE2-000238-25854-1.png
Rank: 1 - working on datapoint MIDRC-RICORD-1C-419639-003186-86346-0.png
Rank: 3 - working on datapoint b021293c-4dd0-450c-b1a4-2d72cedab0a2.png
Rank: 2 - working on datapoint 5f137fa7-6539-499e-b0d5-0e481221bf5a.png
Rank: 0 - working on datapoint MIDRC-RICORD-1C-419639-001464-33260-0.png
Rank: 1 - working on datapoint MIDRC-RICORD-1C-SITE2-000237-52517-0.png
Rank: 3 - working on datapoint 349f10b4-dc3e-4f3f-b2e4-a5b81448ce87.png
Rank: 2 - working on datapoint b5234584-1487-492c-8742-444b9ca41c3d.png
Rank: 0 - working on datapoint MIDRC-RICORD-1C-SITE2-000018-55212-0.png
Rank: 1 - working on datapoint MIDRC-RICORD-1C-SITE2-000002-65816-0.png
Rank: 3 - working on datapoint 05d3817a-5535-4e77-8dda-d4412e496c81.png
Rank: 2 - working on datapoint 71d8d6ec-253b-4272-a467-311828b2a35b.png
Rank: 0 - working on datapoint MIDRC-RICORD-1C-419639-000025-50888-0.png
Rank: 1 - working on datapoint MIDRC-RICORD-1C-419639-000025-39552-1.png
Rank: 3 - working on datapoint c21157da-1f74-4966-ba4e-c144d8f5da2d.png
Rank: 2 - working on datapoint 0103fadb-1663-40a6-8a9e-09d626cd2091.png
Rank: 1 - working on datapoint MIDRC-RICORD-1C-419639-000082-79663-0.png
Rank: 0 - working on datapoint MIDRC-RICORD-1C-419639-001288-10277-0.png
Rank: 3 - working on datapoint 5acc56a4-1b6e-4394-9364-9772047d583f.png
Rank: 2 - working on datapoint e4cd65ae-65de-44fc-a6b2-ebbc46d2e8d8.png
Rank: 1 - working on datapoint MIDRC-RICORD-1C-SITE2-000094-94497-0.png
Rank: 3 - working on datapoint dd4d6a4c-1e67-4911-bda2-7d8af75b1b19.png
Rank: 0 - working on datapoint MIDRC-RICORD-1C-419639-002757-16718-0.png
Rank: 2 - working on datapoint 2f8fbfdc-56db-4eca-bf64-3c9a0637e28c.png
Rank: 1 - working on datapoint MIDRC-RICORD-1C-SITE2-000131-16046-1.png
Rank: 3 - working on datapoint f0ba0019-718f-4677-a723-05c27dba2f3e.png
Rank: 0 - working on datapoint MIDRC-RICORD-1C-SITE2-000135-64564-1.png
Rank: 2 - working on datapoint bc46651a-1314-44af-a834-1eb8a36e589e.png
Rank: 1 - working on datapoint MIDRC-RICORD-1C-419639-002309-84923-0.png
Rank: 3 - working on datapoint cc3177c8-6570-497c-aef3-6fbddef692f6.png
Rank: 2 - working on datapoint 71d25920-4060-4a31-b7aa-cfbf4721a5c5.png
Rank: 0 - working on datapoint MIDRC-RICORD-1C-SITE2-000147-13199-0.png
Rank: 1 - working on datapoint MIDRC-RICORD-1C-419639-002768-13069-0.png
Rank: 3 - working on datapoint 0e03c2d7-9cea-4dc7-8e91-794a8b3ff58d.png
Rank: 2 - working on datapoint ca3c90e4-f7fe-4f6e-b20b-81473deab4f0.png
Rank: 0 - working on datapoint MIDRC-RICORD-1C-419639-002601-92699-0.png
Rank: 1 - working on datapoint MIDRC-RICORD-1C-SITE2-000108-12642-0.png
Rank: 3 - working on datapoint 070c921f-171c-420c-915b-e49e3f600c38.png
Rank: 2 - working on datapoint dab2f334-331c-42c7-af09-a997092464b0.png
Rank: 0 - working on datapoint MIDRC-RICORD-1C-419639-002310-52924-0.png
Rank: 1 - working on datapoint MIDRC-RICORD-1C-SITE2-000170-25974-1.png
Rank: 3 - working on datapoint caa545b4-4eea-4e3a-90b1-c4c0789a1109.png
Rank: 2 - working on datapoint 436dce2a-06c3-4281-bb8e-840497a49381.png
Rank: 0 - working on datapoint MIDRC-RICORD-1C-SITE2-000171-45676-0.png
Rank: 1 - working on datapoint MIDRC-RICORD-1C-SITE2-000097-16347-1.png
Rank: 3 - working on datapoint 7817b551-d220-479b-815f-395f83e1dba1.png
Rank: 2 - working on datapoint af6ef3d9-81c8-434e-bc5a-dbf89bc418aa.png
Rank: 0 - working on datapoint MIDRC-RICORD-1C-419639-000025-56001-0.png
Rank: 1 - working on datapoint MIDRC-RICORD-1C-419639-002043-49668-0.png
Rank: 3 - working on datapoint f743c21e-5876-460b-bbd6-2e2dcca41baa.png
Rank: 2 - working on datapoint a7aef71b-0fc8-4837-be79-4ced56e03439.png
Rank: 0 - working on datapoint MIDRC-RICORD-1C-419639-003340-85716-0.png
Rank: 1 - working on datapoint MIDRC-RICORD-1C-419639-000785-60200-0.png
Rank: 3 - working on datapoint e1d5a233-39ca-41dc-a289-b07c3e78cdb1.png
Rank: 2 - working on datapoint dfa57c1f-01fb-4417-a1b5-0641a9b4bb84.png
Rank: 0 - working on datapoint MIDRC-RICORD-1C-419639-003257-00787-0.png
Rank: 1 - working on datapoint MIDRC-RICORD-1C-SITE2-000035-19513-0.png
Rank: 2 - working on datapoint 5eb932e2-3455-40fe-93db-ae44f897d9e0.png
Rank: 3 - working on datapoint 40a2f7fd-342e-494b-a7e0-5857b73ec582.png
Rank: 0 - working on datapoint MIDRC-RICORD-1C-SITE2-000099-22857-0.png
Rank: 1 - working on datapoint MIDRC-RICORD-1C-419639-001155-71955-0.png
Rank: 2 - working on datapoint e8485b0f-293d-4ca8-8b71-92db61c8ee3e.png
Rank: 3 - working on datapoint bcdd92c8-2cde-4899-a6fc-46b875aaab62.png
Rank: 0 - working on datapoint MIDRC-RICORD-1C-SITE2-000155-37671-0.png
Rank: 2 - working on datapoint 35cda03a-0898-4f8b-92d3-6f263aed23ff.png
Rank: 1 - working on datapoint MIDRC-RICORD-1C-SITE2-000207-20956-0.png
Rank: 3 - working on datapoint ac648f87-a79f-4ce0-9439-23a8dd886b71.png
Rank: 0 - working on datapoint MIDRC-RICORD-1C-419639-000235-89929-0.png
Rank: 2 - working on datapoint d82e5841-2f43-4eab-ac17-e98a2d90c51b.png
Rank: 3 - working on datapoint 93b49de9-9267-43c2-a507-6885e4caeaba.png
Rank: 1 - working on datapoint MIDRC-RICORD-1C-419639-002472-45590-0.png
Rank: 0 - working on datapoint MIDRC-RICORD-1C-419639-002376-07504-0.png
Rank: 2 - working on datapoint af1d168c-4850-41e1-85b8-ff8fc645e671.png
Rank: 1 - working on datapoint MIDRC-RICORD-1C-419639-002114-73757-0.png
Rank: 3 - working on datapoint af2ff93b-2f33-4c91-bde1-1490fc435b50.png
Rank: 0 - working on datapoint MIDRC-RICORD-1C-419639-001433-28259-0.png
Rank: 2 - working on datapoint 585f5059-8938-4885-accb-d7d0b1097c60.png
Rank: 1 - working on datapoint MIDRC-RICORD-1C-419639-002997-12964-0.png
Rank: 3 - working on datapoint 31692137-f770-4cfe-a02e-fd207ce813ac.png
Rank: 0 - working on datapoint MIDRC-RICORD-1C-419639-003116-57702-0.png
Rank: 2 - working on datapoint 5d4c7318-4739-4470-89f3-70bbbca95f10.png
Rank: 1 - working on datapoint MIDRC-RICORD-1C-419639-001464-73170-0.png
Rank: 3 - working on datapoint f7379744-be39-44b2-8816-a743857bd6a6.png
Rank: 0 - working on datapoint MIDRC-RICORD-1C-419639-001629-03737-0.png
Rank: 2 - working on datapoint d3ad2915-af30-426c-ad2d-1634df8c1b5f.png
Rank: 1 - working on datapoint MIDRC-RICORD-1C-419639-003102-68604-0.png
Rank: 3 - working on datapoint 3186d210-966f-4733-ba72-98729be9551a.png
Rank: 2 - working on datapoint dee054ff-0e1a-4167-b814-cbf339cf689c.png
Rank: 0 - working on datapoint MIDRC-RICORD-1C-SITE2-000211-85940-0.png
Rank: 3 - working on datapoint b51c3c24-f9aa-4039-9fc1-527a5567dff6.png
Rank: 1 - working on datapoint MIDRC-RICORD-1C-419639-001464-63464-0.png
Rank: 2 - working on datapoint bb068d57-86a8-4347-bee0-e29d59ddef6b.png
Rank: 3 - working on datapoint e9e58e10-2795-4dec-a738-c9792ea8f685.png
Rank: 0 - working on datapoint MIDRC-RICORD-1C-419639-003027-36839-0.png
Rank: 1 - working on datapoint MIDRC-RICORD-1C-419639-001603-23454-0.png
Rank: 2 - working on datapoint 354c3756-43ed-4921-adf8-60be49a8b7e8.png
Rank: 3 - working on datapoint cd9d2d22-4395-4e4d-8837-cfb33c2bdaab.png
Rank: 1 - working on datapoint MIDRC-RICORD-1C-419639-000025-39552-0.png
Rank: 0 - working on datapoint MIDRC-RICORD-1C-419639-003021-81745-0.png
Rank: 2 - working on datapoint b8dd7d32-b177-4d1e-982f-6f0a743828fa.png
Rank: 3 - working on datapoint b42eaeb8-b6d3-41d7-836c-56fd0922abf6.png
Rank: 1 - working on datapoint MIDRC-RICORD-1C-SITE2-000291-42841-0.png
Rank: 0 - working on datapoint MIDRC-RICORD-1C-419639-003024-14703-0.png
Rank: 2 - working on datapoint a17f7e03-42a6-41d3-82ad-d8a656826936.png
Rank: 3 - working on datapoint ae06b30f-ae30-40d3-b237-c934ce499774.png
Rank: 1 - working on datapoint MIDRC-RICORD-1C-419639-001782-15190-0.png
Rank: 0 - working on datapoint MIDRC-RICORD-1C-419639-002724-03387-0.png
Rank: 2 - working on datapoint c3c78e4e-1a31-4a92-be4b-0fc3c7f992a4.png
Rank: 3 - working on datapoint f59ae80d-d98e-465f-963a-1064764211f8.png
Rank: 1 - working on datapoint MIDRC-RICORD-1C-SITE2-000279-56879-0.png
Rank: 0 - working on datapoint MIDRC-RICORD-1C-419639-001464-32013-0.png
Rank: 2 - working on datapoint f1c8caa2-a6dc-40c0-ab85-4769688f1eec.png
Rank: 3 - working on datapoint 03a9498c-549d-4e7d-800b-e74797f7f625.png
Rank: 1 - working on datapoint MIDRC-RICORD-1C-SITE2-000067-11643-0.png
Rank: 0 - working on datapoint MIDRC-RICORD-1C-SITE2-000116-25889-1.png
Rank: 2 - working on datapoint d535a3c8-c4a4-4856-b5cd-17f6332eac8b.png
Rank: 3 - working on datapoint 080f2b35-fcd5-473e-864b-a7dea3054cc7.png
Rank: 1 - working on datapoint MIDRC-RICORD-1C-SITE2-000015-91071-0.png
Rank: 0 - working on datapoint MIDRC-RICORD-1C-SITE2-000229-76177-0.png
Rank: 2 - working on datapoint 2ed06be4-9f0e-4256-b8bf-a4b396cc6364.png
Rank: 3 - working on datapoint b479635e-4c58-4d27-879b-fb0e87b2a1aa.png
Rank: 1 - working on datapoint MIDRC-RICORD-1C-440808-000016-8.281-0.png
Rank: 0 - working on datapoint MIDRC-RICORD-1C-419639-001222-46073-0.png
Rank: 2 - working on datapoint 168f4fcb-a87d-49fc-b167-4ed42fd1ec43.png
Rank: 3 - working on datapoint 86853bbd-5af2-4551-8273-f2978dffdd76.png
Rank: 1 - working on datapoint MIDRC-RICORD-1C-419639-001829-30276-0.png
Rank: 0 - working on datapoint MIDRC-RICORD-1C-419639-003360-73998-0.png
Rank: 2 - working on datapoint a8e3ea7d-0b63-45cf-85d8-1078d3e2449d.png
Rank: 3 - working on datapoint acb5c720-f741-415c-993c-65855be08ffa.png
Rank: 1 - working on datapoint MIDRC-RICORD-1C-419639-000025-53641-0.png
Rank: 0 - working on datapoint MIDRC-RICORD-1C-419639-003334-51353-0.png
Rank: 2 - working on datapoint f31d1fb1-604b-4fec-b320-f07ce2694008.png
Rank: 3 - working on datapoint 1414c7d6-dff3-453c-8322-b25bb5899d78.png
Rank: 1 - working on datapoint MIDRC-RICORD-1C-SITE2-000124-65701-0.png
Rank: 0 - working on datapoint MIDRC-RICORD-1C-419639-000538-40522-0.png
Rank: 2 - working on datapoint 069cfd47-0169-43e7-89a1-0be0fa24105b.png
Rank: 3 - working on datapoint c3a6ca22-c09b-4be0-a59d-e52718fbb645.png
Rank: 1 - working on datapoint MIDRC-RICORD-1C-419639-001464-85049-0.png
Rank: 2 - working on datapoint 85d84453-ab2d-4666-98e6-5df3cbb81f5b.png
Rank: 0 - working on datapoint MIDRC-RICORD-1C-419639-001735-74702-0.png
Rank: 3 - working on datapoint bfd795ae-7656-40fc-b44e-566515e52ed2.png
Rank: 1 - working on datapoint MIDRC-RICORD-1C-419639-000025-90087-0.png
Rank: 2 - working on datapoint 8db71746-e837-43c2-bdf1-c44d1ab207e3.png
Rank: 0 - working on datapoint MIDRC-RICORD-1C-419639-000299-56159-0.png
Rank: 3 - working on datapoint 098906c5-cf22-43d3-9f0d-90e88e602090.png
Rank: 1 - working on datapoint MIDRC-RICORD-1C-SITE2-000098-66227-0.png
Rank: 2 - working on datapoint 275f9fff-2439-4f3f-9c48-7c21f348701a.png
Rank: 0 - working on datapoint MIDRC-RICORD-1C-SITE2-000178-89752-0.png
Rank: 3 - working on datapoint b5714c0f-6d0f-4c56-833f-8b83f19e982a.png
Rank: 1 - working on datapoint MIDRC-RICORD-1C-SITE2-000188-54382-0.png
Rank: 2 - working on datapoint 1d1968e2-88a5-4d72-9237-caf4cbad9423.png
Rank: 0 - working on datapoint MIDRC-RICORD-1C-419639-001287-60951-0.png
Rank: 3 - working on datapoint 875b34e4-b58d-479f-954a-5b015071f448.png
Rank: 1 - working on datapoint MIDRC-RICORD-1C-SITE2-000072-79474-0.png
Rank: 2 - working on datapoint 07aeb82e-773b-4498-95c0-fabdf4985bb2.png
Rank: 0 - working on datapoint MIDRC-RICORD-1C-SITE2-000182-35476-0.png
Rank: 3 - working on datapoint 91e187a5-771d-4a83-9601-e22ed326bc8e.png
Rank: 1 - working on datapoint MIDRC-RICORD-1C-419639-001882-13628-0.png
Rank: 2 - working on datapoint 652d6bb3-56a0-4a89-9631-684ce27cfc4c.png
Rank: 0 - working on datapoint MIDRC-RICORD-1C-419639-000025-17477-0.png
Rank: 3 - working on datapoint 3abb7176-035d-46cc-844e-820870e8154b.png
Rank: 1 - working on datapoint MIDRC-RICORD-1C-419639-000402-60433-0.png
Rank: 2 - working on datapoint e155c13d-7ac7-4765-bb86-899349978413.png
Rank: 1 - working on datapoint MIDRC-RICORD-1C-440808-000019-8.433-0.png
Rank: 3 - working on datapoint 3e4ee273-d5ca-4cf8-a75a-05772e0e12fe.png
Rank: 0 - working on datapoint MIDRC-RICORD-1C-419639-002528-57471-0.png
Rank: 2 - working on datapoint 98bfaf7a-d80b-491e-a7e0-c5c7316bebe9.png
Rank: 3 - working on datapoint bd9af100-1805-4e0a-8875-4a4b7195f0d8.png
Rank: 0 - working on datapoint MIDRC-RICORD-1C-419639-001932-82193-0.png
Rank: 1 - working on datapoint MIDRC-RICORD-1C-419639-003319-99931-0.png
Rank: 2 - working on datapoint 76b180ab-242f-45d3-bce1-68df00c5ef45.png
Rank: 3 - working on datapoint 6804008c-94eb-4870-ba6e-b06514073e71.png
Rank: 1 - working on datapoint MIDRC-RICORD-1C-SITE2-000217-73086-0.png
Rank: 0 - working on datapoint MIDRC-RICORD-1C-419639-000002-10161-0.png
Rank: 2 - working on datapoint 372b2fea-2013-4600-a06f-765c3f054a82.png
Rank: 3 - working on datapoint 0d9b1283-fc24-4fd3-a520-bc5d563e13e1.png
Rank: 1 - working on datapoint MIDRC-RICORD-1C-419639-000586-49647-0.png
Rank: 0 - working on datapoint MIDRC-RICORD-1C-419639-001464-72163-0.png
Rank: 2 - working on datapoint a52aa522-a1b3-4f15-8609-f44bf96da2e3.png
Rank: 3 - working on datapoint 0a8d486f-1aa6-4fcf-b7be-4bf04fc8628b.png
Rank: 1 - working on datapoint MIDRC-RICORD-1C-SITE2-000115-40758-0.png
Rank: 0 - working on datapoint MIDRC-RICORD-1C-SITE2-000239-21655-0.png
Rank: 2 - working on datapoint 6556ce72-1a60-40aa-aaf7-b50dbf07fae7.png
Rank: 3 - working on datapoint 37f17069-62ce-42ff-9fa4-d6a1056bd075.png
Rank: 1 - working on datapoint MIDRC-RICORD-1C-419639-000025-56207-0.png
Rank: 0 - working on datapoint MIDRC-RICORD-1C-419639-003371-97350-0.png
Rank: 2 - working on datapoint 633d9182-1809-41b7-a59b-1e60ac91f0c9.png
Rank: 3 - working on datapoint 3db7e979-5f97-4985-bf0c-cdea7951e246.png
Rank: 1 - working on datapoint MIDRC-RICORD-1C-419639-001699-69345-0.png
Rank: 0 - working on datapoint MIDRC-RICORD-1C-419639-000432-86017-0.png
Rank: 2 - working on datapoint fd7bad9a-1bff-49ec-9c6c-c9aae9e65726.png
Rank: 3 - working on datapoint e2e89418-6c0e-4f50-a2d9-6cd5e58feef0.png
Rank: 1 - working on datapoint MIDRC-RICORD-1C-SITE2-000003-00527-0.png
Rank: 0 - working on datapoint MIDRC-RICORD-1C-419639-001007-89903-0.png
Rank: 2 - working on datapoint 99432aa3-8d61-4ff2-a79a-f0a0218d6fa2.png
Rank: 3 - working on datapoint 393b8e45-6d97-4013-8100-27ebf07a1dad.png
Rank: 1 - working on datapoint MIDRC-RICORD-1C-419639-003232-50592-0.png
Rank: 0 - working on datapoint MIDRC-RICORD-1C-419639-001464-39871-1.png
Rank: 2 - working on datapoint 34bf2fcd-131a-428c-9a21-cd2fa9041f9b.png
Rank: 3 - working on datapoint 2348e8ba-483f-476d-b29d-5ba8398d7abc.png
Rank: 1 - working on datapoint MIDRC-RICORD-1C-419639-000025-04760-0.png
Rank: 2 - working on datapoint b5007662-ff9c-49ad-9093-85ed7dc44bf4.png
Rank: 0 - working on datapoint MIDRC-RICORD-1C-419639-002374-98411-0.png
Rank: 3 - working on datapoint aef87dc2-a097-4683-9fb1-d1af6838a16a.png
Rank: 1 - working on datapoint MIDRC-RICORD-1C-419639-000025-89853-0.png
Rank: 2 - working on datapoint 06b2f933-3ea2-4477-ac27-18f732d1f4e1.png
Rank: 0 - working on datapoint MIDRC-RICORD-1C-SITE2-000028-53390-0.png
Rank: 3 - working on datapoint afe1b6e2-203e-4ee5-856a-2f205d8bca2a.png
Rank: 1 - working on datapoint MIDRC-RICORD-1C-419639-001425-17331-0.png
Rank: 2 - working on datapoint c2b24ebd-2c40-48c3-ba39-177224dd7db0.png
Rank: 0 - working on datapoint MIDRC-RICORD-1C-419639-001070-42385-0.png
Rank: 3 - working on datapoint 3d070009-c877-4ed4-ac80-53781cb30fef.png
Rank: 1 - working on datapoint MIDRC-RICORD-1C-440808-000009-08.98-0.png
Rank: 2 - working on datapoint 63192a6c-02ba-48a5-932a-bb82aeacb1bc.png
Rank: 0 - working on datapoint MIDRC-RICORD-1C-SITE2-000283-41971-0.png
Rank: 3 - working on datapoint 34fbff70-fa6e-4709-ab07-17f739fce394.png
Rank: 1 - working on datapoint MIDRC-RICORD-1C-419639-000086-21140-0.png
Rank: 2 - working on datapoint 73dca3d1-5c58-4c72-80a9-201deca7ffec.png
Rank: 0 - working on datapoint MIDRC-RICORD-1C-SITE2-000023-20254-0.png
Rank: 3 - working on datapoint 2c68016e-5a63-4430-a834-efe5d43edd0e.png
Rank: 1 - working on datapoint MIDRC-RICORD-1C-SITE2-000270-57009-0.png
Rank: 2 - working on datapoint c485a9bd-6e18-4328-8c5c-cf80f71aa35d.png
Rank: 0 - working on datapoint MIDRC-RICORD-1C-SITE2-000181-63935-0.png
Rank: 3 - working on datapoint 8ae822ae-a656-47ba-ac5b-848ce2256575.png
Rank: 1 - working on datapoint MIDRC-RICORD-1C-419639-000573-31324-0.png
Rank: 2 - working on datapoint b540ba89-72f7-40f5-a916-376546c20014.png
Rank: 0 - working on datapoint MIDRC-RICORD-1C-419639-003105-50900-0.png
Rank: 3 - working on datapoint f661fe70-2fc1-4564-9f53-45504c0b0688.png
Rank: 1 - working on datapoint MIDRC-RICORD-1C-SITE2-000154-41630-0.png
Rank: 2 - working on datapoint 33e4e43b-054b-4537-9cd6-0fe574f7d337.png
Rank: 0 - working on datapoint MIDRC-RICORD-1C-SITE2-000185-39456-0.png
Rank: 3 - working on datapoint 78c33a1a-8f22-476c-ae97-8190192102df.png
Rank: 1 - working on datapoint MIDRC-RICORD-1C-SITE2-000168-32448-0.png
Rank: 2 - working on datapoint 45dd0d26-0740-4c32-bd01-34246a41f3e3.png
Rank: 0 - working on datapoint MIDRC-RICORD-1C-419639-003187-73922-0.png
Rank: 3 - working on datapoint 652b519d-5eb4-4abc-93f7-15ae661a431f.png
Rank: 1 - working on datapoint MIDRC-RICORD-1C-SITE2-000125-08616-1.png
Rank: 2 - working on datapoint ad446933-fb8e-4739-bb40-2063e796ffd8.png
Rank: 0 - working on datapoint MIDRC-RICORD-1C-SITE2-000066-97290-0.png
Rank: 1 - working on datapoint MIDRC-RICORD-1C-SITE2-000096-37358-0.png
Rank: 3 - working on datapoint 2397b2f6-3dfa-476c-89ea-e9992c5bd9a9.png
Rank: 2 - working on datapoint 5b12801f-aaf7-442e-b994-ec8f15ce78e5.png
Rank: 0 - working on datapoint MIDRC-RICORD-1C-SITE2-000105-65881-0.png
Rank: 1 - working on datapoint MIDRC-RICORD-1C-SITE2-000221-43774-0.png
Rank: 3 - working on datapoint ac10f43e-03b8-43d2-bcae-6fe000542397.png
Rank: 2 - working on datapoint 3fe1550e-8bcb-4732-a343-725acce70531.png
Rank: 0 - working on datapoint MIDRC-RICORD-1C-419639-003080-09097-0.png
Rank: 3 - working on datapoint 3c8cc0d1-be7f-493d-9570-542d851f623b.png
Rank: 1 - working on datapoint MIDRC-RICORD-1C-SITE2-000179-48742-0.png
Rank: 2 - working on datapoint 0bb24183-8b59-48f1-8bbf-4d889976fc82.png
Rank: 0 - working on datapoint MIDRC-RICORD-1C-SITE2-000230-35167-0.png
Rank: 3 - working on datapoint 6565a9e6-3f01-4de8-a18d-ade3121c5d7c.png
Rank: 1 - working on datapoint MIDRC-RICORD-1C-SITE2-000176-81030-0.png
Rank: 2 - working on datapoint 02e4191e-fb03-4581-914c-f0438a17e53e.png
Rank: 3 - working on datapoint ed0c5d1e-934a-4e31-9221-3a6a69ec9c1b.png
Rank: 0 - working on datapoint MIDRC-RICORD-1C-419639-003365-72952-0.png
Rank: 1 - working on datapoint MIDRC-RICORD-1C-419639-003199-43900-0.png
Rank: 2 - working on datapoint a8dfd068-69e9-4486-bb22-2a04f2f2e1a5.png
Rank: 3 - working on datapoint 4bc8ce99-2420-48c2-a768-d067da67ced2.png
Rank: 1 - working on datapoint MIDRC-RICORD-1C-419639-003191-84953-0.png
Rank: 0 - working on datapoint MIDRC-RICORD-1C-SITE2-000208-34584-0.png
Rank: 2 - working on datapoint 63f71157-7db6-476f-b320-ba2fcbe2543f.png
Rank: 3 - working on datapoint 6df82c7a-a91e-487c-ae3a-9022b17d7c7a.png
Rank: 1 - working on datapoint MIDRC-RICORD-1C-SITE2-000029-97068-0.png
Rank: 0 - working on datapoint MIDRC-RICORD-1C-419639-001464-53024-0.png
Rank: 2 - working on datapoint 1cdba4ee-0bb8-421d-9a24-7febeb399729.png
Rank: 3 - working on datapoint a6c364d2-b2d6-4b0b-a439-40b992ff65c7.png
Rank: 1 - working on datapoint MIDRC-RICORD-1C-419639-002401-32756-0.png
Rank: 0 - working on datapoint MIDRC-RICORD-1C-419639-003157-67493-0.png
Rank: 2 - working on datapoint e1d23cbe-213d-48d6-a8c2-672c4e68285d.png
Rank: 3 - working on datapoint 32a5977f-f8ab-41c9-9b51-5387248e4675.png
Rank: 1 - working on datapoint MIDRC-RICORD-1C-419639-001762-18334-0.png
Rank: 0 - working on datapoint MIDRC-RICORD-1C-SITE2-000048-66689-0.png
Rank: 2 - working on datapoint 4b1cab8a-c9bd-40e6-bc86-23c6be98a099.png
Rank: 3 - working on datapoint c3751c94-ea6f-4a7c-b3bf-87a54012fa80.png
Rank: 1 - working on datapoint MIDRC-RICORD-1C-SITE2-000210-51719-0.png
Rank: 2 - working on datapoint ec0492da-e6be-49cf-8b18-dc143180f1a2.png
Rank: 0 - working on datapoint MIDRC-RICORD-1C-440808-000020-8.458-0.png
Rank: 3 - working on datapoint 1c0a780d-1cac-4eee-b46d-470ecebc9ae0.png
Rank: 1 - working on datapoint MIDRC-RICORD-1C-SITE2-000200-97745-0.png
Rank: 2 - working on datapoint 89dd8f63-8320-48f3-b142-d903f40d5c8c.png
Rank: 0 - working on datapoint MIDRC-RICORD-1C-SITE2-000034-76728-1.png
Rank: 3 - working on datapoint b852bc3c-0de5-4448-aff8-f96b2cc13d51.png
Rank: 1 - working on datapoint MIDRC-RICORD-1C-419639-001374-75990-0.png
Rank: 2 - working on datapoint b76728e6-f44b-40bf-8688-e703d10d2039.png
Rank: 0 - working on datapoint MIDRC-RICORD-1C-419639-002784-76664-0.png
Rank: 1 - working on datapoint MIDRC-RICORD-1C-419639-003336-50845-0.png
Rank: 3 - working on datapoint a2616330-1f29-4019-928f-e2d62b3b737b.png
Rank: 2 - working on datapoint d9884def-b31a-4861-9eea-27f97bffeba2.png
Rank: 0 - working on datapoint MIDRC-RICORD-1C-SITE2-000014-81802-0.png
Rank: 1 - working on datapoint MIDRC-RICORD-1C-419639-002929-69159-0.png
Rank: 3 - working on datapoint a6236ddd-6367-4569-b5f1-07d2df9390ad.png
Rank: 2 - working on datapoint ffba6230-71cf-4287-a0d1-887f5d16e95d.png
Rank: 0 - working on datapoint MIDRC-RICORD-1C-SITE2-000068-39061-0.png
Rank: 1 - working on datapoint MIDRC-RICORD-1C-SITE2-000120-98054-0.png
Rank: 3 - working on datapoint b8d6b40d-2a3d-475f-88d3-03560f645223.png
Rank: 2 - working on datapoint f3b015ab-e337-4e7f-971d-eb7cc3dd4e92.png
Rank: 0 - working on datapoint MIDRC-RICORD-1C-419639-000025-84235-0.png
Rank: 1 - working on datapoint MIDRC-RICORD-1C-SITE2-000127-30661-0.png
Rank: 3 - working on datapoint 49b2fb17-b12c-4e5a-8c4a-02449027c42b.png
Rank: 2 - working on datapoint bca4aa4d-0cc9-4cc0-b06d-5b675194bf62.png
Rank: 0 - working on datapoint MIDRC-RICORD-1C-SITE2-000001-16794-0.png
Rank: 3 - working on datapoint 3766b0a6-1769-4d82-b081-fa53531de34e.png
Rank: 1 - working on datapoint MIDRC-RICORD-1C-SITE2-000206-25871-0.png
Rank: 2 - working on datapoint 9e2ddac8-9a4c-448b-98c8-a840a548d0f7.png
Rank: 0 - working on datapoint MIDRC-RICORD-1C-419639-001571-15270-0.png
Rank: 3 - working on datapoint f12d7b12-0398-4533-8f55-8772cc434945.png
Rank: 1 - working on datapoint MIDRC-RICORD-1C-SITE2-000141-46899-0.png
Rank: 2 - working on datapoint fc958b63-5da8-448d-8962-3c5167dc9410.png
Rank: 0 - working on datapoint MIDRC-RICORD-1C-419639-001903-65209-0.png
Rank: 3 - working on datapoint 0b7a4fb2-adab-484b-a0f7-23f5111bc745.png
Rank: 1 - working on datapoint MIDRC-RICORD-1C-SITE2-000203-08712-0.png
Rank: 2 - working on datapoint cb7d021b-b273-436a-bd7a-e68c11ed3f6b.png
Rank: 0 - working on datapoint MIDRC-RICORD-1C-SITE2-000244-77429-0.png
Rank: 3 - working on datapoint 1565fd6c-9432-454a-87e4-937fd5ad5b60.png
Rank: 1 - working on datapoint MIDRC-RICORD-1C-SITE2-000045-76077-0.png
Rank: 2 - working on datapoint ff332704-48e0-445b-9188-b2a696d1f0d7.png
Rank: 0 - working on datapoint MIDRC-RICORD-1C-419639-000582-21506-0.png
Rank: 3 - working on datapoint 02002619-3dea-4038-8d4d-458db30ed8de.png
Rank: 1 - working on datapoint MIDRC-RICORD-1C-SITE2-000162-64489-0.png
Rank: 2 - working on datapoint 3e1b619a-cdd9-495a-bcbf-a9d62b418991.png
Rank: 0 - working on datapoint MIDRC-RICORD-1C-419639-002088-09388-0.png
Rank: 3 - working on datapoint becefa4b-f719-48c6-a903-85e391e026a4.png
Rank: 1 - working on datapoint MIDRC-RICORD-1C-419639-001505-21193-0.png
Rank: 2 - working on datapoint 0977f16c-c343-42c9-95ed-d7ca996feb16.png
Rank: 0 - working on datapoint MIDRC-RICORD-1C-419639-002050-25234-0.png
Rank: 3 - working on datapoint 3f2b878e-9e3b-410b-a739-b43d81b98692.png
Rank: 1 - working on datapoint MIDRC-RICORD-1C-SITE2-000173-80432-1.png
Rank: 2 - working on datapoint f8a11cd6-e541-4765-a41b-3d70b6f3481e.png
Rank: 0 - working on datapoint MIDRC-RICORD-1C-SITE2-000235-44451-0.png
Rank: 3 - working on datapoint adce8349-6836-4328-ab63-f356d0bbe298.png
Rank: 1 - working on datapoint MIDRC-RICORD-1C-419639-002871-45785-0.png
Rank: 2 - working on datapoint 960131aa-4ce4-4b26-aa12-5f73d8d81453.png
Rank: 3 - working on datapoint 854fee36-d54c-4cde-904d-ab77f5e2e091.png
Rank: 0 - working on datapoint MIDRC-RICORD-1C-SITE2-000202-80939-0.png
Rank: 1 - working on datapoint MIDRC-RICORD-1C-SITE2-000220-78771-1.png
Rank: 2 - working on datapoint 3a5327d8-8830-4ae2-bd6b-293f5aa42d4b.png
Rank: 3 - working on datapoint baf8fe18-a7ca-4e9c-b3dc-5c80d474545b.png
Rank: 0 - working on datapoint MIDRC-RICORD-1C-419639-003203-21209-0.png
Rank: 1 - working on datapoint MIDRC-RICORD-1C-419639-001661-28330-1.png
Rank: 2 - working on datapoint a0b9597d-93f4-4a7c-a412-81cb78bccb66.png
Rank: 3 - working on datapoint a77b32f6-1999-4cc6-8a0d-1ef7e53850f0.png
Rank: 0 - working on datapoint MIDRC-RICORD-1C-419639-000025-90087-1.png
Rank: 1 - working on datapoint MIDRC-RICORD-1C-SITE2-000142-56843-0.png
Rank: 2 - working on datapoint cdac0980-033c-4685-b7e4-0a12c86a00a9.png
Rank: 3 - working on datapoint 41bf2042-53a2-44a8-9a29-55e643af5ac0.png
Rank: 1 - working on datapoint MIDRC-RICORD-1C-419639-003099-52606-0.png
Rank: 2 - working on datapoint 7ca5c75a-1ec6-49a7-a3b0-93b6122a3170.png
Rank: 0 - working on datapoint MIDRC-RICORD-1C-SITE2-000136-21646-0.png
Rank: 3 - working on datapoint ec09ddb3-9b0b-4749-9e0d-f94a4a7e5fed.png
Rank: 1 - working on datapoint MIDRC-RICORD-1C-419639-002463-12463-0.png
Rank: 2 - working on datapoint d1e0d69c-a4df-485a-983c-535494221d1a.png
Rank: 0 - working on datapoint MIDRC-RICORD-1C-SITE2-000153-84142-0.png
Rank: 3 - working on datapoint abff4044-3c0a-458f-b0c7-04254be7fc0c.png
Rank: 2 - working on datapoint 6b969591-8a07-49ed-9f65-fa19a453df59.png
Rank: 1 - working on datapoint MIDRC-RICORD-1C-419639-001085-09031-0.png
Rank: 0 - working on datapoint MIDRC-RICORD-1C-419639-003216-61144-0.png
Rank: 3 - working on datapoint 27b32500-40ef-4c14-ab88-ace5e9ceea27.png
Rank: 1 - working on datapoint MIDRC-RICORD-1C-419639-002895-42704-0.png
Rank: 0 - working on datapoint MIDRC-RICORD-1C-419639-001464-60601-0.png
Rank: 0 - working on datapoint MIDRC-RICORD-1C-419639-003380-99227-0.png
Rank: 0 - working on datapoint MIDRC-RICORD-1C-SITE2-000272-41527-0.png
Rank: 0 - working on datapoint MIDRC-RICORD-1C-419639-003338-57135-0.png
Rank: 0 - working on datapoint MIDRC-RICORD-1C-419639-003060-04928-0.png
Rank: 0 - working on datapoint MIDRC-RICORD-1C-419639-002889-42412-0.png
Rank 0 - gathering data: [array([[ 0., 99.],
       [ 1., 99.],
       [ 2., 99.],
       [ 3., 99.],
       [ 4., 99.],
       [ 5., 99.],
       [ 6., 99.],
       [ 7., 99.],
       [ 8., 99.],
       [ 9., 99.],
       [10., 99.],
       [11., 99.],
       [12., 99.],
       [13., 99.],
       [14., 99.],
       [15., 99.],
       [16., 99.],
       [17., 99.],
       [18., 99.],
       [19., 99.],
       [20., 99.],
       [21., 99.],
       [22., 99.],
       [23., 99.],
       [24., 99.],
       [25., 99.],
       [26., 99.],
       [27., 99.],
       [28., 99.],
       [29., 99.],
       [30., 99.],
       [31., 99.],
       [32., 99.],
       [33., 99.],
       [34., 99.],
       [35., 99.],
       [36., 99.],
       [37., 99.],
       [38., 99.],
       [39., 99.],
       [40., 99.],
       [41., 99.],
       [42., 99.],
       [43., 99.],
       [44., 99.],
       [45., 99.],
       [46., 99.],
       [47., 99.],
       [48., 99.],
       [49., 99.],
       [50., 99.],
       [51., 99.],
       [52., 99.],
       [53., 99.],
       [54., 99.],
       [55., 99.],
       [56., 99.],
       [57., 99.],
       [58., 99.],
       [59., 99.],
       [60., 99.],
       [61., 99.],
       [62., 99.],
       [63., 99.],
       [64., 99.],
       [65., 99.],
       [66., 99.],
       [67., 99.],
       [68., 99.],
       [69., 99.],
       [70., 99.],
       [71., 99.],
       [72., 99.],
       [73., 99.],
       [74., 99.],
       [75., 99.],
       [76., 99.],
       [77., 99.],
       [78., 99.],
       [79., 99.],
       [80., 99.],
       [81., 99.],
       [82., 99.],
       [83., 99.],
       [84., 99.],
       [85., 99.],
       [86., 99.],
       [87., 99.],
       [88., 99.],
       [89., 99.],
       [90., 99.],
       [91., 99.],
       [92., 99.],
       [93., 99.],
       [94., 99.],
       [95., 99.],
       [96., 99.],
       [97., 99.],
       [98., 99.],
       [99., 99.]]), array([[100.,  99.],
       [101.,  99.],
       [102.,  99.],
       [103.,  99.],
       [104.,  99.],
       [105.,  99.],
       [106.,  99.],
       [107.,  99.],
       [108.,  99.],
       [109.,  99.],
       [110.,  99.],
       [111.,  99.],
       [112.,  99.],
       [113.,  99.],
       [114.,  99.],
       [115.,  99.],
       [116.,  99.],
       [117.,  99.],
       [118.,  99.],
       [119.,  99.],
       [120.,  99.],
       [121.,  99.],
       [122.,  99.],
       [123.,  99.],
       [124.,  99.],
       [125.,  99.],
       [126.,  99.],
       [127.,  99.],
       [128.,  99.],
       [129.,  99.],
       [130.,  99.],
       [131.,  99.],
       [132.,  99.],
       [133.,  99.],
       [134.,  99.],
       [135.,  99.],
       [136.,  99.],
       [137.,  99.],
       [138.,  99.],
       [139.,  99.],
       [140.,  99.],
       [141.,  99.],
       [142.,  99.],
       [143.,  99.],
       [144.,  99.],
       [145.,  99.],
       [146.,  99.],
       [147.,  99.],
       [148.,  99.],
       [149.,  99.],
       [150.,  99.],
       [151.,  99.],
       [152.,  99.],
       [153.,  99.],
       [154.,  99.],
       [155.,  99.],
       [156.,  99.],
       [157.,  99.],
       [158.,  99.],
       [159.,  99.],
       [160.,  99.],
       [161.,  99.],
       [162.,  99.],
       [163.,  99.],
       [164.,  99.],
       [165.,  99.],
       [166.,  99.],
       [167.,  99.],
       [168.,  99.],
       [169.,  99.],
       [170.,  99.],
       [171.,  99.],
       [172.,  99.],
       [173.,  99.],
       [174.,  99.],
       [175.,  99.],
       [176.,  99.],
       [177.,  99.],
       [178.,  99.],
       [179.,  99.],
       [180.,  99.],
       [181.,  99.],
       [182.,  99.],
       [183.,  99.],
       [184.,  99.],
       [185.,  99.],
       [186.,  99.],
       [187.,  99.],
       [188.,  99.],
       [189.,  99.],
       [190.,  99.],
       [191.,  99.],
       [192.,  99.],
       [193.,  99.],
       [194.,  99.],
       [195.,  99.],
       [196.,  99.],
       [197.,  99.],
       [198.,  99.],
       [199.,  99.]]), array([[200.,  99.],
       [201.,  99.],
       [202.,  99.],
       [203.,  99.],
       [204.,  99.],
       [205.,  99.],
       [206.,  99.],
       [207.,  99.],
       [208.,  99.],
       [209.,  99.],
       [210.,  99.],
       [211.,  99.],
       [212.,  99.],
       [213.,  99.],
       [214.,  99.],
       [215.,  99.],
       [216.,  99.],
       [217.,  99.],
       [218.,  99.],
       [219.,  99.],
       [220.,  99.],
       [221.,  99.],
       [222.,  99.],
       [223.,  99.],
       [224.,  99.],
       [225.,  99.],
       [226.,  99.],
       [227.,  99.],
       [228.,  99.],
       [229.,  99.],
       [230.,  99.],
       [231.,  99.],
       [232.,  99.],
       [233.,  99.],
       [234.,  99.],
       [235.,  99.],
       [236.,  99.],
       [237.,  99.],
       [238.,  99.],
       [239.,  99.],
       [240.,  99.],
       [241.,  99.],
       [242.,  99.],
       [243.,  99.],
       [244.,  99.],
       [245.,  99.],
       [246.,  99.],
       [247.,  99.],
       [248.,  99.],
       [249.,  99.],
       [250.,  99.],
       [251.,  99.],
       [252.,  99.],
       [253.,  99.],
       [254.,  99.],
       [255.,  99.],
       [256.,  99.],
       [257.,  99.],
       [258.,  99.],
       [259.,  99.],
       [260.,  99.],
       [261.,  99.],
       [262.,  99.],
       [263.,  99.],
       [264.,  99.],
       [265.,  99.],
       [266.,  99.],
       [267.,  99.],
       [268.,  99.],
       [269.,  99.],
       [270.,  99.],
       [271.,  99.],
       [272.,  99.],
       [273.,  99.],
       [274.,  99.],
       [275.,  99.],
       [276.,  99.],
       [277.,  99.],
       [278.,  99.],
       [279.,  99.],
       [280.,  99.],
       [281.,  99.],
       [282.,  99.],
       [283.,  99.],
       [284.,  99.],
       [285.,  99.],
       [286.,  99.],
       [287.,  99.],
       [288.,  99.],
       [289.,  99.],
       [290.,  99.],
       [291.,  99.],
       [292.,  99.],
       [293.,  99.],
       [294.,  99.],
       [295.,  99.],
       [296.,  99.],
       [297.,  99.],
       [298.,  99.],
       [299.,  99.]]), array([[300.,  99.],
       [301.,  99.],
       [302.,  99.],
       [303.,  99.],
       [304.,  99.],
       [305.,  99.],
       [306.,  99.],
       [307.,  99.],
       [308.,  99.],
       [309.,  99.],
       [310.,  99.],
       [311.,  99.],
       [312.,  99.],
       [313.,  99.],
       [314.,  99.],
       [315.,  99.],
       [316.,  99.],
       [317.,  99.],
       [318.,  99.],
       [319.,  99.],
       [320.,  99.],
       [321.,  99.],
       [322.,  99.],
       [323.,  99.],
       [324.,  99.],
       [325.,  99.],
       [326.,  99.],
       [327.,  99.],
       [328.,  99.],
       [329.,  99.],
       [330.,  99.],
       [331.,  99.],
       [332.,  99.],
       [333.,  99.],
       [334.,  99.],
       [335.,  99.],
       [336.,  99.],
       [337.,  99.],
       [338.,  99.],
       [339.,  99.],
       [340.,  99.],
       [341.,  99.],
       [342.,  99.],
       [343.,  99.],
       [344.,  99.],
       [345.,  99.],
       [346.,  99.],
       [347.,  99.],
       [348.,  99.],
       [349.,  99.],
       [350.,  99.],
       [351.,  99.],
       [352.,  99.],
       [353.,  99.],
       [354.,  99.],
       [355.,  99.],
       [356.,  99.],
       [357.,  99.],
       [358.,  99.],
       [359.,  99.],
       [360.,  99.],
       [361.,  99.],
       [362.,  99.],
       [363.,  99.],
       [364.,  99.],
       [365.,  99.],
       [366.,  99.],
       [367.,  99.],
       [368.,  99.],
       [369.,  99.],
       [370.,  99.],
       [371.,  99.],
       [372.,  99.],
       [373.,  99.],
       [374.,  99.],
       [375.,  99.],
       [376.,  99.],
       [377.,  99.],
       [378.,  99.],
       [379.,  99.],
       [380.,  99.],
       [381.,  99.],
       [382.,  99.],
       [383.,  99.],
       [384.,  99.],
       [385.,  99.],
       [386.,  99.],
       [387.,  99.],
       [388.,  99.],
       [389.,  99.],
       [390.,  99.],
       [391.,  99.],
       [392.,  99.],
       [393.,  99.],
       [394.,  99.],
       [395.,  99.],
       [396.,  99.],
       [397.,  99.],
       [398.,  99.],
       [399.,  99.]])]
