Thu Mar 31 09:59:17 2022       
+-----------------------------------------------------------------------------+
| NVIDIA-SMI 418.87.00    Driver Version: 470.57.02    CUDA Version: 11.4     |
|-------------------------------+----------------------+----------------------+
| GPU  Name        Persistence-M| Bus-Id        Disp.A | Volatile Uncorr. ECC |
| Fan  Temp  Perf  Pwr:Usage/Cap|         Memory-Usage | GPU-Util  Compute M. |
|===============================+======================+======================|
|   0  Tesla V100-PCIE...  On   | 00000000:AF:00.0 Off |                    0 |
| N/A   41C    P0    37W / 250W |    307MiB / 32510MiB |      0%      Default |
+-------------------------------+----------------------+----------------------+
                                                                               
+-----------------------------------------------------------------------------+
| Processes:                                                       GPU Memory |
|  GPU       PID   Type   Process name                             Usage      |
|=============================================================================|
|    0      2793      C   /opt/dcdb/bin/dcdbpusher                     303MiB |
+-----------------------------------------------------------------------------+
[1648713566.745550] [dp-dam09:2412 :0]          ib_md.c:1948 UCX  ERROR ibv_query_device(mlx5_0) returned 38: No space left on device
[1648713566.749539] [dp-dam09:2412 :0]          ib_md.c:1948 UCX  ERROR ibv_query_device(mlx5_1) returned 38: Protocol not supported
[1648713575.773908] [dp-dam01:23306:0]          ib_md.c:1948 UCX  ERROR ibv_query_device(mlx5_0) returned 38: No space left on device
[1648713575.789317] [dp-dam01:23306:0]          ib_md.c:1948 UCX  ERROR ibv_query_device(mlx5_1) returned 38: No space left on device
[1648713580.587192] [dp-dam05:28722:0]          ib_md.c:1948 UCX  ERROR ibv_query_device(mlx5_0) returned 38: No space left on device
[1648713580.587633] [dp-dam03:6699 :0]          ib_md.c:1948 UCX  ERROR ibv_query_device(mlx5_0) returned 38: No space left on device
[1648713580.590729] [dp-dam05:28722:0]          ib_md.c:1948 UCX  ERROR ibv_query_device(mlx5_1) returned 38: No space left on device
[1648713580.591252] [dp-dam03:6699 :0]          ib_md.c:1948 UCX  ERROR ibv_query_device(mlx5_1) returned 38: No space left on device
[1648713580.727930] [dp-dam06:30017:0]          ib_md.c:1948 UCX  ERROR ibv_query_device(mlx5_0) returned 38: No space left on device
[1648713580.728029] [dp-dam04:32652:0]          ib_md.c:1948 UCX  ERROR ibv_query_device(mlx5_0) returned 38: No space left on device
[1648713580.731387] [dp-dam04:32652:0]          ib_md.c:1948 UCX  ERROR ibv_query_device(mlx5_1) returned 38: No space left on device
[1648713580.731569] [dp-dam06:30017:0]          ib_md.c:1948 UCX  ERROR ibv_query_device(mlx5_1) returned 38: No space left on device
[1648713581.162975] [dp-dam12:20557:0]          ib_md.c:1948 UCX  ERROR ibv_query_device(mlx5_0) returned 38: No space left on device
[1648713581.164065] [dp-dam07:25466:0]          ib_md.c:1948 UCX  ERROR ibv_query_device(mlx5_0) returned 38: No space left on device
[1648713581.166769] [dp-dam12:20557:0]          ib_md.c:1948 UCX  ERROR ibv_query_device(mlx5_1) returned 38: No space left on device
[1648713581.167438] [dp-dam07:25466:0]          ib_md.c:1948 UCX  ERROR ibv_query_device(mlx5_1) returned 38: No space left on device
[1648713581.167402] [dp-dam11:6956 :0]          ib_md.c:1948 UCX  ERROR ibv_query_device(mlx5_0) returned 38: No space left on device
[1648713581.171453] [dp-dam11:6956 :0]          ib_md.c:1948 UCX  ERROR ibv_query_device(mlx5_1) returned 38: Protocol not supported
[1648713584.371653] [dp-dam08:5994 :0]          ib_md.c:1948 UCX  ERROR ibv_query_device(mlx5_0) returned 38: No space left on device
[1648713584.375558] [dp-dam08:5994 :0]          ib_md.c:1948 UCX  ERROR ibv_query_device(mlx5_1) returned 38: No space left on device
Rank 7 - Image 89dd8f63-8320-48f3-b142-d903f40d5c8c.png - Prediction 0 - Time 157.85329627990723
Rank 7 - Image b76728e6-f44b-40bf-8688-e703d10d2039.png - Prediction 0 - Time 8.865523338317871
Rank 7 - Image d9884def-b31a-4861-9eea-27f97bffeba2.png - Prediction 0 - Time 7.956542253494263
Rank 7 - Image ffba6230-71cf-4287-a0d1-887f5d16e95d.png - Prediction 0 - Time 7.824375629425049
Rank 7 - Image f3b015ab-e337-4e7f-971d-eb7cc3dd4e92.png - Prediction 0 - Time 8.017782211303711
Rank 7 - Image bca4aa4d-0cc9-4cc0-b06d-5b675194bf62.png - Prediction 0 - Time 7.940097808837891
Rank 7 - Image 9e2ddac8-9a4c-448b-98c8-a840a548d0f7.png - Prediction 0 - Time 8.081939935684204
Rank 7 - Image fc958b63-5da8-448d-8962-3c5167dc9410.png - Prediction 0 - Time 8.502636671066284
Rank 7 - Image cb7d021b-b273-436a-bd7a-e68c11ed3f6b.png - Prediction 0 - Time 7.827836036682129
Rank 7 - Image ff332704-48e0-445b-9188-b2a696d1f0d7.png - Prediction 0 - Time 7.838245153427124
Rank 7 - Image 3e1b619a-cdd9-495a-bcbf-a9d62b418991.png - Prediction 0 - Time 7.821992874145508
Rank 7 - Image 0977f16c-c343-42c9-95ed-d7ca996feb16.png - Prediction 0 - Time 7.641619443893433
Rank 7 - Image f8a11cd6-e541-4765-a41b-3d70b6f3481e.png - Prediction 0 - Time 7.764230966567993
Rank 7 - Image 960131aa-4ce4-4b26-aa12-5f73d8d81453.png - Prediction 0 - Time 7.751219987869263
Rank 7 - Image 3a5327d8-8830-4ae2-bd6b-293f5aa42d4b.png - Prediction 0 - Time 8.219785690307617
Rank 7 - Image a0b9597d-93f4-4a7c-a412-81cb78bccb66.png - Prediction 0 - Time 9.490676164627075
Rank 7 - Image cdac0980-033c-4685-b7e4-0a12c86a00a9.png - Prediction 0 - Time 8.853749990463257
Rank 7 - Image 7ca5c75a-1ec6-49a7-a3b0-93b6122a3170.png - Prediction 0 - Time 8.626785039901733
Rank 7 - Image d1e0d69c-a4df-485a-983c-535494221d1a.png - Prediction 0 - Time 8.445874452590942
Rank 7 - Image 6b969591-8a07-49ed-9f65-fa19a453df59.png - Prediction 0 - Time 8.423702239990234
Rank 7 - Image bd8facb9-dce0-4048-8249-e6078b28e1b7.png - Prediction 1 - Time 8.441997528076172
Rank 7 - Image 4dbc44ca-694a-4814-9a24-bc60c8d8d611.png - Prediction 1 - Time 6.3772242069244385
Rank 7 - Image 3f504abe-2133-4e09-98af-743cdea486f9.png - Prediction 1 - Time 6.559950113296509
Rank 7 - Image af169d21-1c39-445e-82d8-5035182a3a8c.png - Prediction 2 - Time 6.69765043258667
Rank 7 - Image fcd159f4-21d3-4169-a94b-95a2b5ccddcb.png - Prediction 1 - Time 6.609224557876587
Rank 7 - Image b6db3041-1554-43ef-baca-58733b6717d6.png - Prediction 0 - Time 6.487092971801758
Rank 7 - Image a0a8370a-dc3f-4f70-a440-e3fa9827928a.png - Prediction 1 - Time 6.394931793212891
Rank 7 - Image 1dad3414-88c9-4c56-af5d-3a1488af452c.png - Prediction 1 - Time 6.381079912185669
Rank 7 - Image f760c946-a103-4991-a6e5-ff60c24cd99f.png - Prediction 1 - Time 6.43425440788269
Rank 7 - Image b021293c-4dd0-450c-b1a4-2d72cedab0a2.png - Prediction 1 - Time 6.368878364562988
Rank 7 - Image 349f10b4-dc3e-4f3f-b2e4-a5b81448ce87.png - Prediction 1 - Time 6.211759567260742
Rank 7 - Image 05d3817a-5535-4e77-8dda-d4412e496c81.png - Prediction 1 - Time 6.511236906051636
Rank 7 - Image c21157da-1f74-4966-ba4e-c144d8f5da2d.png - Prediction 1 - Time 6.301584005355835
Rank 7 - Image 5acc56a4-1b6e-4394-9364-9772047d583f.png - Prediction 2 - Time 6.358292579650879
Rank 2 - Image MIDRC-RICORD-1C-SITE2-000001-16794-0.png - Prediction 2 - Time 410.1628830432892
Rank 7 - Image dd4d6a4c-1e67-4911-bda2-7d8af75b1b19.png - Prediction 1 - Time 6.251556158065796
Rank 2 - Image MIDRC-RICORD-1C-419639-001571-15270-0.png - Prediction 2 - Time 7.15887975692749
Rank 7 - Image f0ba0019-718f-4677-a723-05c27dba2f3e.png - Prediction 1 - Time 6.399561882019043
Rank 2 - Image MIDRC-RICORD-1C-419639-001903-65209-0.png - Prediction 2 - Time 7.417534589767456
Rank 7 - Image cc3177c8-6570-497c-aef3-6fbddef692f6.png - Prediction 1 - Time 6.352372169494629
Rank 2 - Image MIDRC-RICORD-1C-SITE2-000244-77429-0.png - Prediction 2 - Time 7.368167400360107
Rank 7 - Image 0e03c2d7-9cea-4dc7-8e91-794a8b3ff58d.png - Prediction 1 - Time 6.3854594230651855
Rank 5 - Image 47c78742-4998-4878-aec4-37b11b1354ac.png - Prediction 0 - Time 438.03296089172363
Rank 6 - Image 168f4fcb-a87d-49fc-b167-4ed42fd1ec43.png - Prediction 0 - Time 435.72748160362244
Rank 2 - Image MIDRC-RICORD-1C-419639-000582-21506-0.png - Prediction 2 - Time 6.964726209640503
Rank 7 - Image 070c921f-171c-420c-915b-e49e3f600c38.png - Prediction 1 - Time 6.47605299949646
Rank 1 - Image MIDRC-RICORD-1C-419639-000538-40522-0.png - Prediction 2 - Time 442.19458961486816
Rank 5 - Image 8989e25c-a698-48fc-b428-fff56931fc8f.png - Prediction 0 - Time 6.956588983535767
Rank 8 - Image 7817b551-d220-479b-815f-395f83e1dba1.png - Prediction 1 - Time 447.2939088344574
Rank 2 - Image MIDRC-RICORD-1C-419639-002088-09388-0.png - Prediction 2 - Time 7.135117292404175
Rank 6 - Image a8e3ea7d-0b63-45cf-85d8-1078d3e2449d.png - Prediction 0 - Time 8.217134237289429
Rank 7 - Image caa545b4-4eea-4e3a-90b1-c4c0789a1109.png - Prediction 1 - Time 6.491030693054199
Rank 1 - Image MIDRC-RICORD-1C-419639-001735-74702-0.png - Prediction 2 - Time 7.992403030395508
Rank 4 - Image MIDRC-RICORD-1C-419639-000025-89853-0.png - Prediction 2 - Time 451.166711807251
Rank 5 - Image 7fb3786c-5045-4a90-981d-c55b53d4d5d3.png - Prediction 0 - Time 6.725958585739136
Rank 8 - Image f743c21e-5876-460b-bbd6-2e2dcca41baa.png - Prediction 1 - Time 6.998733043670654
Rank 2 - Image MIDRC-RICORD-1C-419639-002050-25234-0.png - Prediction 2 - Time 7.138797760009766
Rank 6 - Image f31d1fb1-604b-4fec-b320-f07ce2694008.png - Prediction 0 - Time 7.942378997802734
Rank 9 - Image aef87dc2-a097-4683-9fb1-d1af6838a16a.png - Prediction 0 - Time 458.1655025482178
Rank 5 - Image 766b8aea-3b43-4a34-b675-09f373ca066b.png - Prediction 0 - Time 6.6853837966918945
Rank 0 - Image MIDRC-RICORD-1C-419639-003251-46647-0.png - Prediction 2 - Time 460.5562889575958
Rank 8 - Image e1d5a233-39ca-41dc-a289-b07c3e78cdb1.png - Prediction 1 - Time 6.779571056365967
Rank 1 - Image MIDRC-RICORD-1C-419639-000299-56159-0.png - Prediction 2 - Time 8.327396154403687
Rank 4 - Image MIDRC-RICORD-1C-419639-001425-17331-0.png - Prediction 2 - Time 8.466359615325928
Rank 2 - Image MIDRC-RICORD-1C-SITE2-000235-44451-0.png - Prediction 2 - Time 8.751361846923828
Rank 6 - Image 069cfd47-0169-43e7-89a1-0be0fa24105b.png - Prediction 0 - Time 8.060245990753174
Rank 5 - Image f6236cb5-cc36-4ec4-895c-d11ce043341d.png - Prediction 0 - Time 6.920697450637817
Rank 9 - Image afe1b6e2-203e-4ee5-856a-2f205d8bca2a.png - Prediction 1 - Time 7.754072427749634
Rank 8 - Image 40a2f7fd-342e-494b-a7e0-5857b73ec582.png - Prediction 1 - Time 6.785820722579956
Rank 3 - Image MIDRC-RICORD-1C-SITE2-000097-16347-1.png - Prediction 2 - Time 467.24471163749695
Rank 0 - Image MIDRC-RICORD-1C-419639-001464-39871-0.png - Prediction 1 - Time 8.846776247024536
Rank 1 - Image MIDRC-RICORD-1C-SITE2-000178-89752-0.png - Prediction 2 - Time 9.196844816207886
Rank 4 - Image MIDRC-RICORD-1C-440808-000009-08.98-0.png - Prediction 2 - Time 9.0166916847229
Rank 2 - Image MIDRC-RICORD-1C-SITE2-000202-80939-0.png - Prediction 2 - Time 7.983749151229858
Rank 6 - Image 85d84453-ab2d-4666-98e6-5df3cbb81f5b.png - Prediction 0 - Time 8.491393089294434
Rank 5 - Image 153b7c2b-4909-4dca-8579-9523582bc4fe.png - Prediction 0 - Time 7.282577991485596
Rank 8 - Image bcdd92c8-2cde-4899-a6fc-46b875aaab62.png - Prediction 1 - Time 7.363790988922119
Rank 9 - Image 3d070009-c877-4ed4-ac80-53781cb30fef.png - Prediction 1 - Time 8.185824632644653
Rank 3 - Image MIDRC-RICORD-1C-419639-002043-49668-0.png - Prediction 2 - Time 9.840185403823853
Rank 0 - Image MIDRC-RICORD-1C-419639-000918-78965-0.png - Prediction 2 - Time 10.131267547607422
Rank 4 - Image MIDRC-RICORD-1C-419639-000086-21140-0.png - Prediction 2 - Time 9.17521071434021
Rank 1 - Image MIDRC-RICORD-1C-419639-001287-60951-0.png - Prediction 2 - Time 9.670933723449707
Rank 2 - Image MIDRC-RICORD-1C-419639-003203-21209-0.png - Prediction 2 - Time 8.437873125076294
Rank 6 - Image 8db71746-e837-43c2-bdf1-c44d1ab207e3.png - Prediction 0 - Time 8.822031021118164
Rank 5 - Image 1afd6582-da9d-4e5a-a81f-62a188fe9366.png - Prediction 0 - Time 7.430925130844116
Rank 8 - Image ac648f87-a79f-4ce0-9439-23a8dd886b71.png - Prediction 1 - Time 7.241445302963257
Rank 9 - Image 34fbff70-fa6e-4709-ab07-17f739fce394.png - Prediction 1 - Time 8.068295240402222
Rank 3 - Image MIDRC-RICORD-1C-419639-000785-60200-0.png - Prediction 0 - Time 9.565840721130371
Rank 0 - Image MIDRC-RICORD-1C-419639-003318-64285-0.png - Prediction 2 - Time 9.82392168045044
Rank 5 - Image 85bb48fe-e6d6-47de-bb71-d1636aced7dc.png - Prediction 0 - Time 7.470229387283325
Rank 8 - Image 93b49de9-9267-43c2-a507-6885e4caeaba.png - Prediction 1 - Time 7.541748046875
Rank 4 - Image MIDRC-RICORD-1C-SITE2-000270-57009-0.png - Prediction 2 - Time 10.266959428787231
Rank 6 - Image 275f9fff-2439-4f3f-9c48-7c21f348701a.png - Prediction 0 - Time 8.96998643875122
Rank 2 - Image MIDRC-RICORD-1C-419639-000025-90087-1.png - Prediction 2 - Time 10.728466749191284
Rank 1 - Image MIDRC-RICORD-1C-SITE2-000182-35476-0.png - Prediction 2 - Time 11.630033254623413
Rank 9 - Image 2c68016e-5a63-4430-a834-efe5d43edd0e.png - Prediction 1 - Time 8.044291496276855
Rank 5 - Image eaeb935a-7294-4dd3-8bf5-73ba781d28af.png - Prediction 0 - Time 7.37955641746521
Rank 8 - Image af2ff93b-2f33-4c91-bde1-1490fc435b50.png - Prediction 1 - Time 7.4108452796936035
Rank 0 - Image MIDRC-RICORD-1C-419639-001015-81591-0.png - Prediction 0 - Time 9.352491855621338
Rank 4 - Image MIDRC-RICORD-1C-419639-000573-31324-0.png - Prediction 2 - Time 9.718888282775879
Rank 6 - Image 1d1968e2-88a5-4d72-9237-caf4cbad9423.png - Prediction 0 - Time 9.42696213722229
Rank 3 - Image MIDRC-RICORD-1C-SITE2-000035-19513-0.png - Prediction 2 - Time 11.416360139846802
Rank 9 - Image 8ae822ae-a656-47ba-ac5b-848ce2256575.png - Prediction 1 - Time 7.9929375648498535
Rank 1 - Image MIDRC-RICORD-1C-419639-000025-17477-0.png - Prediction 2 - Time 10.427220106124878
Rank 2 - Image MIDRC-RICORD-1C-SITE2-000136-21646-0.png - Prediction 2 - Time 10.931239128112793
Rank 5 - Image 5f137fa7-6539-499e-b0d5-0e481221bf5a.png - Prediction 0 - Time 8.013976812362671
Rank 8 - Image 31692137-f770-4cfe-a02e-fd207ce813ac.png - Prediction 1 - Time 8.054646253585815
Rank 9 - Image f661fe70-2fc1-4564-9f53-45504c0b0688.png - Prediction 1 - Time 8.224987030029297
Rank 0 - Image MIDRC-RICORD-1C-SITE2-000265-99793-1.png - Prediction 2 - Time 10.168941259384155
Rank 6 - Image 07aeb82e-773b-4498-95c0-fabdf4985bb2.png - Prediction 0 - Time 9.102574825286865
Rank 3 - Image MIDRC-RICORD-1C-419639-001155-71955-0.png - Prediction 2 - Time 9.97232723236084
Rank 4 - Image MIDRC-RICORD-1C-SITE2-000154-41630-0.png - Prediction 2 - Time 11.070331335067749
Rank 1 - Image MIDRC-RICORD-1C-419639-002528-57471-0.png - Prediction 1 - Time 9.431153059005737
Rank 5 - Image b5234584-1487-492c-8742-444b9ca41c3d.png - Prediction 0 - Time 7.39725923538208
Rank 2 - Image MIDRC-RICORD-1C-SITE2-000153-84142-0.png - Prediction 2 - Time 10.688202381134033
Rank 8 - Image f7379744-be39-44b2-8816-a743857bd6a6.png - Prediction 1 - Time 7.644014120101929
Rank 9 - Image 78c33a1a-8f22-476c-ae97-8190192102df.png - Prediction 1 - Time 7.273546457290649
Rank 0 - Image MIDRC-RICORD-1C-SITE2-000159-61155-0.png - Prediction 2 - Time 7.22292685508728
Rank 6 - Image 652d6bb3-56a0-4a89-9631-684ce27cfc4c.png - Prediction 0 - Time 7.280492544174194
Rank 4 - Image MIDRC-RICORD-1C-SITE2-000168-32448-0.png - Prediction 2 - Time 6.859621286392212
Rank 5 - Image 71d8d6ec-253b-4272-a467-311828b2a35b.png - Prediction 0 - Time 5.978790998458862
Rank 1 - Image MIDRC-RICORD-1C-419639-001932-82193-0.png - Prediction 2 - Time 6.89504599571228
Rank 2 - Image MIDRC-RICORD-1C-419639-003216-61144-0.png - Prediction 2 - Time 6.343322992324829
Rank 8 - Image 3186d210-966f-4733-ba72-98729be9551a.png - Prediction 1 - Time 6.101746082305908
Rank 3 - Image MIDRC-RICORD-1C-SITE2-000207-20956-0.png - Prediction 2 - Time 10.101693391799927
Rank 9 - Image 652b519d-5eb4-4abc-93f7-15ae661a431f.png - Prediction 1 - Time 6.9655632972717285
Rank 0 - Image MIDRC-RICORD-1C-419639-003169-42019-0.png - Prediction 0 - Time 6.854800224304199
Rank 6 - Image e155c13d-7ac7-4765-bb86-899349978413.png - Prediction 0 - Time 7.454724311828613
Rank 5 - Image 0103fadb-1663-40a6-8a9e-09d626cd2091.png - Prediction 0 - Time 6.053092956542969
Rank 8 - Image b51c3c24-f9aa-4039-9fc1-527a5567dff6.png - Prediction 0 - Time 6.2729997634887695
Rank 4 - Image MIDRC-RICORD-1C-SITE2-000125-08616-1.png - Prediction 2 - Time 7.881869316101074
Rank 1 - Image MIDRC-RICORD-1C-419639-000002-10161-0.png - Prediction 2 - Time 7.228250741958618
Rank 2 - Image MIDRC-RICORD-1C-419639-001464-60601-0.png - Prediction 2 - Time 6.608683347702026
Rank 3 - Image MIDRC-RICORD-1C-419639-002472-45590-0.png - Prediction 2 - Time 8.146565675735474
Rank 9 - Image 2397b2f6-3dfa-476c-89ea-e9992c5bd9a9.png - Prediction 1 - Time 7.003674507141113
Rank 5 - Image e4cd65ae-65de-44fc-a6b2-ebbc46d2e8d8.png - Prediction 0 - Time 6.47046685218811
Rank 0 - Image MIDRC-RICORD-1C-SITE2-000238-25854-1.png - Prediction 2 - Time 8.399611234664917
Rank 6 - Image 98bfaf7a-d80b-491e-a7e0-c5c7316bebe9.png - Prediction 0 - Time 7.65844464302063
Rank 8 - Image e9e58e10-2795-4dec-a738-c9792ea8f685.png - Prediction 1 - Time 6.6173155307769775
Rank 2 - Image MIDRC-RICORD-1C-419639-003380-99227-0.png - Prediction 0 - Time 7.440959930419922
Rank 1 - Image MIDRC-RICORD-1C-419639-001464-72163-0.png - Prediction 1 - Time 8.193783044815063
Rank 4 - Image MIDRC-RICORD-1C-SITE2-000096-37358-0.png - Prediction 2 - Time 8.64879035949707
Rank 9 - Image ac10f43e-03b8-43d2-bcae-6fe000542397.png - Prediction 0 - Time 7.63012170791626
Rank 3 - Image MIDRC-RICORD-1C-419639-002114-73757-0.png - Prediction 0 - Time 9.16399097442627
Rank 5 - Image 2f8fbfdc-56db-4eca-bf64-3c9a0637e28c.png - Prediction 0 - Time 6.997678518295288
Rank 8 - Image cd9d2d22-4395-4e4d-8837-cfb33c2bdaab.png - Prediction 1 - Time 6.735499143600464
Rank 6 - Image 76b180ab-242f-45d3-bce1-68df00c5ef45.png - Prediction 0 - Time 7.804412603378296
Rank 0 - Image MIDRC-RICORD-1C-419639-001464-33260-0.png - Prediction 2 - Time 8.04009222984314
Rank 2 - Image MIDRC-RICORD-1C-SITE2-000272-41527-0.png - Prediction 2 - Time 7.920438766479492
Rank 1 - Image MIDRC-RICORD-1C-SITE2-000239-21655-0.png - Prediction 2 - Time 8.57039999961853
Rank 4 - Image MIDRC-RICORD-1C-SITE2-000221-43774-0.png - Prediction 2 - Time 9.189647912979126
Rank 5 - Image bc46651a-1314-44af-a834-1eb8a36e589e.png - Prediction 0 - Time 6.294595241546631
Rank 9 - Image 3c8cc0d1-be7f-493d-9570-542d851f623b.png - Prediction 1 - Time 7.00426459312439
Rank 8 - Image b42eaeb8-b6d3-41d7-836c-56fd0922abf6.png - Prediction 1 - Time 6.45543909072876
Rank 3 - Image MIDRC-RICORD-1C-419639-002997-12964-0.png - Prediction 2 - Time 7.9335548877716064
Rank 6 - Image 372b2fea-2013-4600-a06f-765c3f054a82.png - Prediction 0 - Time 7.486990928649902
Rank 0 - Image MIDRC-RICORD-1C-SITE2-000018-55212-0.png - Prediction 2 - Time 8.205619812011719
Rank 2 - Image MIDRC-RICORD-1C-419639-003338-57135-0.png - Prediction 2 - Time 7.173723220825195
Rank 1 - Image MIDRC-RICORD-1C-419639-003371-97350-0.png - Prediction 2 - Time 7.679058790206909
Rank 5 - Image 71d25920-4060-4a31-b7aa-cfbf4721a5c5.png - Prediction 0 - Time 6.27976655960083
Rank 9 - Image 6565a9e6-3f01-4de8-a18d-ade3121c5d7c.png - Prediction 1 - Time 6.746589660644531
Rank 4 - Image MIDRC-RICORD-1C-SITE2-000179-48742-0.png - Prediction 2 - Time 8.028348445892334
Rank 8 - Image ae06b30f-ae30-40d3-b237-c934ce499774.png - Prediction 1 - Time 6.144374370574951
Rank 3 - Image MIDRC-RICORD-1C-419639-001464-73170-0.png - Prediction 2 - Time 7.234212636947632
Rank 6 - Image a52aa522-a1b3-4f15-8609-f44bf96da2e3.png - Prediction 0 - Time 6.975390911102295
Rank 0 - Image MIDRC-RICORD-1C-419639-000025-50888-0.png - Prediction 2 - Time 6.220649480819702
Rank 2 - Image MIDRC-RICORD-1C-419639-003060-04928-0.png - Prediction 2 - Time 5.807633399963379
Rank 5 - Image ca3c90e4-f7fe-4f6e-b20b-81473deab4f0.png - Prediction 0 - Time 7.065993785858154
Rank 8 - Image f59ae80d-d98e-465f-963a-1064764211f8.png - Prediction 1 - Time 6.050795555114746
Rank 1 - Image MIDRC-RICORD-1C-419639-000432-86017-0.png - Prediction 2 - Time 7.634527683258057
Rank 9 - Image ed0c5d1e-934a-4e31-9221-3a6a69ec9c1b.png - Prediction 1 - Time 6.674771070480347
Rank 4 - Image MIDRC-RICORD-1C-SITE2-000176-81030-0.png - Prediction 2 - Time 6.773898601531982
Rank 2 - Image MIDRC-RICORD-1C-419639-002889-42412-0.png - Prediction 2 - Time 5.773833751678467
Rank 0 - Image MIDRC-RICORD-1C-419639-001288-10277-0.png - Prediction 2 - Time 6.306816577911377
Rank 3 - Image MIDRC-RICORD-1C-419639-003102-68604-0.png - Prediction 2 - Time 7.559245824813843
Rank 6 - Image 6556ce72-1a60-40aa-aaf7-b50dbf07fae7.png - Prediction 0 - Time 6.854952335357666
Rank 5 - Image dab2f334-331c-42c7-af09-a997092464b0.png - Prediction 0 - Time 5.526879072189331
Rank 8 - Image 03a9498c-549d-4e7d-800b-e74797f7f625.png - Prediction 1 - Time 5.583662986755371
Rank 9 - Image 4bc8ce99-2420-48c2-a768-d067da67ced2.png - Prediction 1 - Time 6.138303756713867
Rank 1 - Image MIDRC-RICORD-1C-419639-001007-89903-0.png - Prediction 2 - Time 6.2443671226501465
Rank 4 - Image MIDRC-RICORD-1C-419639-003199-43900-0.png - Prediction 2 - Time 6.257749795913696
Rank 2 - Image MIDRC-RICORD-1C-SITE2-000106-15732-0.png - Prediction 2 - Time 5.780343055725098
Rank 0 - Image MIDRC-RICORD-1C-419639-002757-16718-0.png - Prediction 2 - Time 6.231327056884766
Rank 3 - Image MIDRC-RICORD-1C-419639-001464-63464-0.png - Prediction 2 - Time 6.297861337661743
Rank 6 - Image 633d9182-1809-41b7-a59b-1e60ac91f0c9.png - Prediction 0 - Time 6.934226036071777
Rank 5 - Image 436dce2a-06c3-4281-bb8e-840497a49381.png - Prediction 1 - Time 5.612786531448364
Rank 8 - Image 080f2b35-fcd5-473e-864b-a7dea3054cc7.png - Prediction 1 - Time 5.647279500961304
Rank 9 - Image 6df82c7a-a91e-487c-ae3a-9022b17d7c7a.png - Prediction 1 - Time 6.0742669105529785
Rank 1 - Image MIDRC-RICORD-1C-419639-001464-39871-1.png - Prediction 2 - Time 6.15772271156311
Rank 4 - Image MIDRC-RICORD-1C-419639-003191-84953-0.png - Prediction 0 - Time 6.300311088562012
Rank 2 - Image MIDRC-RICORD-1C-SITE2-000297-71173-1.png - Prediction 2 - Time 6.460972309112549
Rank 0 - Image MIDRC-RICORD-1C-SITE2-000135-64564-1.png - Prediction 2 - Time 6.790467023849487
Rank 3 - Image MIDRC-RICORD-1C-419639-001603-23454-0.png - Prediction 2 - Time 6.725520133972168
Rank 5 - Image af6ef3d9-81c8-434e-bc5a-dbf89bc418aa.png - Prediction 0 - Time 5.560292482376099
Rank 6 - Image fd7bad9a-1bff-49ec-9c6c-c9aae9e65726.png - Prediction 0 - Time 6.851633071899414
Rank 8 - Image b479635e-4c58-4d27-879b-fb0e87b2a1aa.png - Prediction 1 - Time 5.697793483734131
Rank 9 - Image a6c364d2-b2d6-4b0b-a439-40b992ff65c7.png - Prediction 1 - Time 6.146432876586914
Rank 1 - Image MIDRC-RICORD-1C-419639-002374-98411-0.png - Prediction 2 - Time 6.249178409576416
Rank 4 - Image MIDRC-RICORD-1C-SITE2-000029-97068-0.png - Prediction 2 - Time 6.242501497268677
Rank 2 - Image MIDRC-RICORD-1C-SITE2-000204-24409-0.png - Prediction 1 - Time 5.794608116149902
Rank 0 - Image MIDRC-RICORD-1C-SITE2-000147-13199-0.png - Prediction 2 - Time 6.1940224170684814
Rank 3 - Image MIDRC-RICORD-1C-419639-000025-39552-0.png - Prediction 2 - Time 6.377476692199707
Rank 5 - Image a7aef71b-0fc8-4837-be79-4ced56e03439.png - Prediction 0 - Time 5.598438024520874
Rank 8 - Image 86853bbd-5af2-4551-8273-f2978dffdd76.png - Prediction 0 - Time 5.649275541305542
Rank 6 - Image 99432aa3-8d61-4ff2-a79a-f0a0218d6fa2.png - Prediction 0 - Time 6.820991277694702
Rank 9 - Image 32a5977f-f8ab-41c9-9b51-5387248e4675.png - Prediction 0 - Time 6.082162380218506
Rank 1 - Image MIDRC-RICORD-1C-SITE2-000028-53390-0.png - Prediction 2 - Time 6.134867191314697
Rank 4 - Image MIDRC-RICORD-1C-419639-002401-32756-0.png - Prediction 0 - Time 6.292509078979492
Rank 2 - Image MIDRC-RICORD-1C-419639-001464-82193-0.png - Prediction 2 - Time 5.7326483726501465
Rank 5 - Image dfa57c1f-01fb-4417-a1b5-0641a9b4bb84.png - Prediction 0 - Time 5.545828819274902
Rank 0 - Image MIDRC-RICORD-1C-419639-002601-92699-0.png - Prediction 2 - Time 6.235652685165405
Rank 8 - Image acb5c720-f741-415c-993c-65855be08ffa.png - Prediction 1 - Time 5.66624903678894
Rank 3 - Image MIDRC-RICORD-1C-SITE2-000291-42841-0.png - Prediction 2 - Time 6.447939872741699
Rank 6 - Image 34bf2fcd-131a-428c-9a21-cd2fa9041f9b.png - Prediction 0 - Time 6.880336761474609
Rank 9 - Image c3751c94-ea6f-4a7c-b3bf-87a54012fa80.png - Prediction 0 - Time 6.0613343715667725
Rank 1 - Image MIDRC-RICORD-1C-419639-001070-42385-0.png - Prediction 2 - Time 6.154140472412109
Rank 2 - Image MIDRC-RICORD-1C-SITE2-000058-42859-0.png - Prediction 2 - Time 5.778695106506348
Rank 4 - Image MIDRC-RICORD-1C-419639-001762-18334-0.png - Prediction 2 - Time 6.201534986495972
Rank 5 - Image 5eb932e2-3455-40fe-93db-ae44f897d9e0.png - Prediction 0 - Time 5.591058015823364
Rank 8 - Image 1414c7d6-dff3-453c-8322-b25bb5899d78.png - Prediction 1 - Time 5.598645925521851
Rank 0 - Image MIDRC-RICORD-1C-419639-002310-52924-0.png - Prediction 2 - Time 6.226844787597656
Rank 3 - Image MIDRC-RICORD-1C-419639-001782-15190-0.png - Prediction 2 - Time 6.3857643604278564
Rank 9 - Image 1c0a780d-1cac-4eee-b46d-470ecebc9ae0.png - Prediction 1 - Time 6.1168904304504395
Rank 6 - Image b5007662-ff9c-49ad-9093-85ed7dc44bf4.png - Prediction 0 - Time 6.781705856323242
Rank 1 - Image MIDRC-RICORD-1C-SITE2-000283-41971-0.png - Prediction 2 - Time 6.298727512359619
Rank 2 - Image MIDRC-RICORD-1C-SITE2-000149-71428-1.png - Prediction 2 - Time 5.806298732757568
Rank 4 - Image MIDRC-RICORD-1C-SITE2-000210-51719-0.png - Prediction 2 - Time 6.308244228363037
Rank 5 - Image e8485b0f-293d-4ca8-8b71-92db61c8ee3e.png - Prediction 0 - Time 5.533025741577148
Rank 8 - Image c3a6ca22-c09b-4be0-a59d-e52718fbb645.png - Prediction 1 - Time 5.661742687225342
Rank 0 - Image MIDRC-RICORD-1C-SITE2-000171-45676-0.png - Prediction 2 - Time 6.13566517829895
Rank 3 - Image MIDRC-RICORD-1C-SITE2-000279-56879-0.png - Prediction 2 - Time 6.429625511169434
Rank 9 - Image b852bc3c-0de5-4448-aff8-f96b2cc13d51.png - Prediction 1 - Time 6.0409932136535645
Rank 2 - Image MIDRC-RICORD-1C-419639-002281-83348-0.png - Prediction 2 - Time 5.713583469390869
Rank 1 - Image MIDRC-RICORD-1C-SITE2-000023-20254-0.png - Prediction 2 - Time 6.121141195297241
Rank 6 - Image 06b2f933-3ea2-4477-ac27-18f732d1f4e1.png - Prediction 0 - Time 6.858445167541504
Rank 5 - Image 35cda03a-0898-4f8b-92d3-6f263aed23ff.png - Prediction 0 - Time 5.586947679519653
Rank 4 - Image MIDRC-RICORD-1C-SITE2-000200-97745-0.png - Prediction 2 - Time 6.380873441696167
Rank 8 - Image bfd795ae-7656-40fc-b44e-566515e52ed2.png - Prediction 1 - Time 5.6470959186553955
Rank 0 - Image MIDRC-RICORD-1C-419639-000025-56001-0.png - Prediction 2 - Time 6.264456748962402
Rank 3 - Image MIDRC-RICORD-1C-SITE2-000067-11643-0.png - Prediction 1 - Time 6.37682318687439
Rank 9 - Image a2616330-1f29-4019-928f-e2d62b3b737b.png - Prediction 1 - Time 6.151622772216797
Rank 2 - Image MIDRC-RICORD-1C-419639-002733-79941-0.png - Prediction 2 - Time 5.728040933609009
Rank 1 - Image MIDRC-RICORD-1C-SITE2-000181-63935-0.png - Prediction 2 - Time 6.335264682769775
Rank 5 - Image d82e5841-2f43-4eab-ac17-e98a2d90c51b.png - Prediction 0 - Time 5.5223846435546875
Rank 8 - Image 098906c5-cf22-43d3-9f0d-90e88e602090.png - Prediction 1 - Time 5.670386791229248
Rank 4 - Image MIDRC-RICORD-1C-419639-001374-75990-0.png - Prediction 2 - Time 6.211811780929565
Rank 6 - Image c2b24ebd-2c40-48c3-ba39-177224dd7db0.png - Prediction 0 - Time 6.81354022026062
Rank 0 - Image MIDRC-RICORD-1C-419639-003340-85716-0.png - Prediction 2 - Time 6.173767805099487
Rank 3 - Image MIDRC-RICORD-1C-SITE2-000015-91071-0.png - Prediction 2 - Time 6.343703985214233
Rank 2 - Image MIDRC-RICORD-1C-419639-000025-81112-0.png - Prediction 2 - Time 5.660444736480713
Rank 9 - Image a6236ddd-6367-4569-b5f1-07d2df9390ad.png - Prediction 1 - Time 6.049871921539307
Rank 5 - Image af1d168c-4850-41e1-85b8-ff8fc645e671.png - Prediction 0 - Time 5.634304523468018
Rank 1 - Image MIDRC-RICORD-1C-419639-003105-50900-0.png - Prediction 0 - Time 6.2326085567474365
Rank 8 - Image b5714c0f-6d0f-4c56-833f-8b83f19e982a.png - Prediction 1 - Time 5.593825340270996
Rank 4 - Image MIDRC-RICORD-1C-419639-003336-50845-0.png - Prediction 2 - Time 6.277952432632446
Rank 6 - Image 63192a6c-02ba-48a5-932a-bb82aeacb1bc.png - Prediction 0 - Time 6.865755558013916
Rank 0 - Image MIDRC-RICORD-1C-419639-003257-00787-0.png - Prediction 2 - Time 6.265608310699463
Rank 3 - Image MIDRC-RICORD-1C-440808-000016-8.281-0.png - Prediction 0 - Time 6.386719226837158
Rank 2 - Image MIDRC-RICORD-1C-419639-003186-86346-0.png - Prediction 0 - Time 5.76375412940979
Rank 9 - Image b8d6b40d-2a3d-475f-88d3-03560f645223.png - Prediction 1 - Time 6.149982452392578
Rank 5 - Image 585f5059-8938-4885-accb-d7d0b1097c60.png - Prediction 0 - Time 5.6603968143463135
Rank 8 - Image 875b34e4-b58d-479f-954a-5b015071f448.png - Prediction 1 - Time 5.6582770347595215
Rank 1 - Image MIDRC-RICORD-1C-SITE2-000185-39456-0.png - Prediction 2 - Time 6.26543116569519
Rank 4 - Image MIDRC-RICORD-1C-419639-002929-69159-0.png - Prediction 2 - Time 6.214346885681152
Rank 6 - Image 73dca3d1-5c58-4c72-80a9-201deca7ffec.png - Prediction 0 - Time 6.819176435470581
Rank 0 - Image MIDRC-RICORD-1C-SITE2-000099-22857-0.png - Prediction 2 - Time 6.204231023788452
Rank 2 - Image MIDRC-RICORD-1C-SITE2-000237-52517-0.png - Prediction 0 - Time 5.867061376571655
Rank 3 - Image MIDRC-RICORD-1C-419639-001829-30276-0.png - Prediction 2 - Time 6.3365631103515625
Rank 5 - Image 5d4c7318-4739-4470-89f3-70bbbca95f10.png - Prediction 0 - Time 5.678116083145142
Rank 9 - Image 49b2fb17-b12c-4e5a-8c4a-02449027c42b.png - Prediction 1 - Time 6.036159992218018
Rank 8 - Image 91e187a5-771d-4a83-9601-e22ed326bc8e.png - Prediction 1 - Time 5.618315696716309
Rank 1 - Image MIDRC-RICORD-1C-419639-003187-73922-0.png - Prediction 2 - Time 6.131596088409424
Rank 4 - Image MIDRC-RICORD-1C-SITE2-000120-98054-0.png - Prediction 2 - Time 6.283458948135376
Rank 6 - Image c485a9bd-6e18-4328-8c5c-cf80f71aa35d.png - Prediction 0 - Time 6.863138198852539
Rank 0 - Image MIDRC-RICORD-1C-SITE2-000155-37671-0.png - Prediction 2 - Time 6.3190553188323975
Rank 2 - Image MIDRC-RICORD-1C-SITE2-000002-65816-0.png - Prediction 2 - Time 5.742459535598755
Rank 5 - Image d3ad2915-af30-426c-ad2d-1634df8c1b5f.png - Prediction 0 - Time 5.600776195526123
Rank 3 - Image MIDRC-RICORD-1C-419639-000025-53641-0.png - Prediction 2 - Time 6.358790874481201
Rank 8 - Image 3abb7176-035d-46cc-844e-820870e8154b.png - Prediction 1 - Time 5.651421308517456
Rank 9 - Image 3766b0a6-1769-4d82-b081-fa53531de34e.png - Prediction 1 - Time 6.13775372505188
Rank 1 - Image MIDRC-RICORD-1C-SITE2-000066-97290-0.png - Prediction 2 - Time 6.302148103713989
Rank 4 - Image MIDRC-RICORD-1C-SITE2-000127-30661-0.png - Prediction 2 - Time 6.232004404067993
Rank 0 - Image MIDRC-RICORD-1C-419639-000235-89929-0.png - Prediction 0 - Time 6.173269987106323
Rank 2 - Image MIDRC-RICORD-1C-419639-000025-39552-1.png - Prediction 2 - Time 5.650007963180542
Rank 5 - Image dee054ff-0e1a-4167-b814-cbf339cf689c.png - Prediction 0 - Time 5.69215989112854
Rank 6 - Image b540ba89-72f7-40f5-a916-376546c20014.png - Prediction 0 - Time 6.806244134902954
Rank 8 - Image 3e4ee273-d5ca-4cf8-a75a-05772e0e12fe.png - Prediction 1 - Time 5.607431650161743
Rank 9 - Image f12d7b12-0398-4533-8f55-8772cc434945.png - Prediction 1 - Time 6.046894550323486
Rank 3 - Image MIDRC-RICORD-1C-SITE2-000124-65701-0.png - Prediction 2 - Time 6.418555736541748
Rank 1 - Image MIDRC-RICORD-1C-SITE2-000105-65881-0.png - Prediction 2 - Time 6.247417211532593
Rank 4 - Image MIDRC-RICORD-1C-SITE2-000206-25871-0.png - Prediction 2 - Time 6.36135721206665
Rank 2 - Image MIDRC-RICORD-1C-419639-000082-79663-0.png - Prediction 2 - Time 5.716712951660156
Rank 5 - Image bb068d57-86a8-4347-bee0-e29d59ddef6b.png - Prediction 0 - Time 5.669619798660278
Rank 0 - Image MIDRC-RICORD-1C-419639-002376-07504-0.png - Prediction 2 - Time 6.314764022827148
Rank 8 - Image bd9af100-1805-4e0a-8875-4a4b7195f0d8.png - Prediction 1 - Time 5.667077302932739
Rank 6 - Image 33e4e43b-054b-4537-9cd6-0fe574f7d337.png - Prediction 0 - Time 6.863764524459839
Rank 9 - Image 0b7a4fb2-adab-484b-a0f7-23f5111bc745.png - Prediction 1 - Time 6.138670921325684
Rank 3 - Image MIDRC-RICORD-1C-419639-001464-85049-0.png - Prediction 2 - Time 6.384759187698364
Rank 1 - Image MIDRC-RICORD-1C-419639-003080-09097-0.png - Prediction 2 - Time 6.201981544494629
Rank 4 - Image MIDRC-RICORD-1C-SITE2-000141-46899-0.png - Prediction 2 - Time 6.255106449127197
Rank 2 - Image MIDRC-RICORD-1C-SITE2-000094-94497-0.png - Prediction 2 - Time 5.704648971557617
Rank 5 - Image 354c3756-43ed-4921-adf8-60be49a8b7e8.png - Prediction 0 - Time 5.675436973571777
Rank 0 - Image MIDRC-RICORD-1C-419639-001433-28259-0.png - Prediction 0 - Time 6.156658411026001
Rank 8 - Image 6804008c-94eb-4870-ba6e-b06514073e71.png - Prediction 1 - Time 5.645322561264038
Rank 9 - Image 1565fd6c-9432-454a-87e4-937fd5ad5b60.png - Prediction 1 - Time 6.059924602508545
Rank 6 - Image 45dd0d26-0740-4c32-bd01-34246a41f3e3.png - Prediction 0 - Time 6.814873695373535
Rank 3 - Image MIDRC-RICORD-1C-419639-000025-90087-0.png - Prediction 2 - Time 6.307603359222412
Rank 1 - Image MIDRC-RICORD-1C-SITE2-000230-35167-0.png - Prediction 2 - Time 6.1850340366363525
Rank 4 - Image MIDRC-RICORD-1C-SITE2-000203-08712-0.png - Prediction 2 - Time 6.304259300231934
Rank 2 - Image MIDRC-RICORD-1C-SITE2-000131-16046-1.png - Prediction 2 - Time 5.697222471237183
Rank 5 - Image b8dd7d32-b177-4d1e-982f-6f0a743828fa.png - Prediction 0 - Time 5.60799241065979
Rank 8 - Image 0d9b1283-fc24-4fd3-a520-bc5d563e13e1.png - Prediction 0 - Time 5.680429935455322
Rank 0 - Image MIDRC-RICORD-1C-419639-003116-57702-0.png - Prediction 2 - Time 6.2398598194122314
Rank 9 - Image 02002619-3dea-4038-8d4d-458db30ed8de.png - Prediction 1 - Time 6.10078763961792
Rank 3 - Image MIDRC-RICORD-1C-SITE2-000098-66227-0.png - Prediction 2 - Time 6.364580869674683
Rank 6 - Image ad446933-fb8e-4739-bb40-2063e796ffd8.png - Prediction 0 - Time 6.859670639038086
Rank 1 - Image MIDRC-RICORD-1C-419639-003365-72952-0.png - Prediction 2 - Time 6.216333866119385
Rank 2 - Image MIDRC-RICORD-1C-419639-002309-84923-0.png - Prediction 2 - Time 5.661742448806763
Rank 5 - Image a17f7e03-42a6-41d3-82ad-d8a656826936.png - Prediction 0 - Time 5.6915106773376465
Rank 4 - Image MIDRC-RICORD-1C-SITE2-000045-76077-0.png - Prediction 2 - Time 6.29893684387207
Rank 8 - Image 0a8d486f-1aa6-4fcf-b7be-4bf04fc8628b.png - Prediction 1 - Time 5.601781368255615
Rank 0 - Image MIDRC-RICORD-1C-419639-001629-03737-0.png - Prediction 0 - Time 6.164851427078247
Rank 9 - Image becefa4b-f719-48c6-a903-85e391e026a4.png - Prediction 1 - Time 6.060830593109131
Rank 3 - Image MIDRC-RICORD-1C-SITE2-000188-54382-0.png - Prediction 2 - Time 6.418355941772461
Rank 6 - Image 5b12801f-aaf7-442e-b994-ec8f15ce78e5.png - Prediction 0 - Time 6.78113579750061
Rank 1 - Image MIDRC-RICORD-1C-SITE2-000208-34584-0.png - Prediction 2 - Time 6.256115198135376
Rank 2 - Image MIDRC-RICORD-1C-419639-002768-13069-0.png - Prediction 2 - Time 5.725281000137329
Rank 5 - Image c3c78e4e-1a31-4a92-be4b-0fc3c7f992a4.png - Prediction 0 - Time 5.667156457901001
Rank 8 - Image 37f17069-62ce-42ff-9fa4-d6a1056bd075.png - Prediction 1 - Time 5.685773134231567
Rank 4 - Image MIDRC-RICORD-1C-SITE2-000162-64489-0.png - Prediction 2 - Time 6.253415822982788
Rank 0 - Image MIDRC-RICORD-1C-SITE2-000211-85940-0.png - Prediction 2 - Time 6.264536380767822
Rank 9 - Image 3f2b878e-9e3b-410b-a739-b43d81b98692.png - Prediction 1 - Time 6.117711782455444
Rank 3 - Image MIDRC-RICORD-1C-SITE2-000072-79474-0.png - Prediction 2 - Time 6.360335350036621
Rank 2 - Image MIDRC-RICORD-1C-SITE2-000108-12642-0.png - Prediction 2 - Time 5.684138298034668
Rank 1 - Image MIDRC-RICORD-1C-419639-001464-53024-0.png - Prediction 1 - Time 6.200002670288086
Rank 5 - Image f1c8caa2-a6dc-40c0-ab85-4769688f1eec.png - Prediction 0 - Time 5.663865804672241
Rank 6 - Image 3fe1550e-8bcb-4732-a343-725acce70531.png - Prediction 0 - Time 6.860839605331421
Rank 8 - Image 3db7e979-5f97-4985-bf0c-cdea7951e246.png - Prediction 1 - Time 5.592975378036499
Rank 4 - Image MIDRC-RICORD-1C-419639-001505-21193-0.png - Prediction 2 - Time 6.210740089416504
Rank 0 - Image MIDRC-RICORD-1C-419639-003027-36839-0.png - Prediction 2 - Time 6.15541410446167
Rank 9 - Image adce8349-6836-4328-ab63-f356d0bbe298.png - Prediction 1 - Time 6.070010185241699
Rank 3 - Image MIDRC-RICORD-1C-419639-001882-13628-0.png - Prediction 2 - Time 6.331836223602295
Rank 5 - Image d535a3c8-c4a4-4856-b5cd-17f6332eac8b.png - Prediction 0 - Time 5.58883810043335
Rank 2 - Image MIDRC-RICORD-1C-SITE2-000170-25974-1.png - Prediction 2 - Time 5.76598858833313
Rank 1 - Image MIDRC-RICORD-1C-419639-003157-67493-0.png - Prediction 2 - Time 6.154808521270752
Rank 8 - Image e2e89418-6c0e-4f50-a2d9-6cd5e58feef0.png - Prediction 1 - Time 5.679497480392456
Rank 6 - Image 0bb24183-8b59-48f1-8bbf-4d889976fc82.png - Prediction 0 - Time 6.8079893589019775
Rank 4 - Image MIDRC-RICORD-1C-SITE2-000173-80432-1.png - Prediction 2 - Time 6.349556922912598
Rank 0 - Image MIDRC-RICORD-1C-419639-003021-81745-0.png - Prediction 2 - Time 6.252833366394043
Rank 9 - Image 854fee36-d54c-4cde-904d-ab77f5e2e091.png - Prediction 1 - Time 6.12447452545166
Rank 5 - Image 2ed06be4-9f0e-4256-b8bf-a4b396cc6364.png - Prediction 0 - Time 5.668313503265381
Rank 3 - Image MIDRC-RICORD-1C-419639-000402-60433-0.png - Prediction 0 - Time 6.401954412460327
Rank 8 - Image 393b8e45-6d97-4013-8100-27ebf07a1dad.png - Prediction 1 - Time 5.611293315887451
Rank 1 - Image MIDRC-RICORD-1C-SITE2-000048-66689-0.png - Prediction 2 - Time 6.279971122741699
Rank 4 - Image MIDRC-RICORD-1C-419639-002871-45785-0.png - Prediction 2 - Time 6.215842247009277
Rank 6 - Image 02e4191e-fb03-4581-914c-f0438a17e53e.png - Prediction 0 - Time 6.868736982345581
Rank 0 - Image MIDRC-RICORD-1C-419639-003024-14703-0.png - Prediction 2 - Time 6.164367198944092
Rank 9 - Image baf8fe18-a7ca-4e9c-b3dc-5c80d474545b.png - Prediction 1 - Time 6.056754112243652
Rank 8 - Image 2348e8ba-483f-476d-b29d-5ba8398d7abc.png - Prediction 1 - Time 5.682798385620117
Rank 3 - Image MIDRC-RICORD-1C-440808-000019-8.433-0.png - Prediction 1 - Time 6.3320629596710205
Rank 1 - Image MIDRC-RICORD-1C-440808-000020-8.458-0.png - Prediction 2 - Time 6.128846168518066
Rank 4 - Image MIDRC-RICORD-1C-SITE2-000220-78771-1.png - Prediction 0 - Time 6.251115560531616
Rank 6 - Image a8dfd068-69e9-4486-bb22-2a04f2f2e1a5.png - Prediction 0 - Time 6.808618783950806
Rank 0 - Image MIDRC-RICORD-1C-419639-002724-03387-0.png - Prediction 2 - Time 6.2183027267456055
Rank 9 - Image a77b32f6-1999-4cc6-8a0d-1ef7e53850f0.png - Prediction 1 - Time 6.128706693649292
Rank 3 - Image MIDRC-RICORD-1C-419639-003319-99931-0.png - Prediction 2 - Time 6.370060443878174
Rank 1 - Image MIDRC-RICORD-1C-SITE2-000034-76728-1.png - Prediction 2 - Time 6.2444939613342285
Rank 4 - Image MIDRC-RICORD-1C-419639-001661-28330-1.png - Prediction 2 - Time 6.163759469985962
Rank 0 - Image MIDRC-RICORD-1C-419639-001464-32013-0.png - Prediction 1 - Time 6.174262523651123
Rank 6 - Image 63f71157-7db6-476f-b320-ba2fcbe2543f.png - Prediction 0 - Time 6.883728742599487
Rank 9 - Image 41bf2042-53a2-44a8-9a29-55e643af5ac0.png - Prediction 1 - Time 6.080450057983398
Rank 1 - Image MIDRC-RICORD-1C-419639-002784-76664-0.png - Prediction 0 - Time 6.110716104507446
Rank 3 - Image MIDRC-RICORD-1C-SITE2-000217-73086-0.png - Prediction 2 - Time 6.33402681350708
Rank 4 - Image MIDRC-RICORD-1C-SITE2-000142-56843-0.png - Prediction 2 - Time 6.261975526809692
Rank 0 - Image MIDRC-RICORD-1C-SITE2-000116-25889-1.png - Prediction 0 - Time 6.3187267780303955
Rank 9 - Image ec09ddb3-9b0b-4749-9e0d-f94a4a7e5fed.png - Prediction 1 - Time 6.126615524291992
Rank 6 - Image 1cdba4ee-0bb8-421d-9a24-7febeb399729.png - Prediction 0 - Time 6.802730560302734
Rank 1 - Image MIDRC-RICORD-1C-SITE2-000014-81802-0.png - Prediction 2 - Time 6.357212543487549
Rank 3 - Image MIDRC-RICORD-1C-419639-000586-49647-0.png - Prediction 2 - Time 6.3524086475372314
Rank 4 - Image MIDRC-RICORD-1C-419639-003099-52606-0.png - Prediction 0 - Time 6.186429262161255
Rank 0 - Image MIDRC-RICORD-1C-SITE2-000229-76177-0.png - Prediction 2 - Time 6.210183620452881
Rank 9 - Image abff4044-3c0a-458f-b0c7-04254be7fc0c.png - Prediction 1 - Time 6.0522236824035645
Rank 6 - Image e1d23cbe-213d-48d6-a8c2-672c4e68285d.png - Prediction 0 - Time 6.858480930328369
Rank 1 - Image MIDRC-RICORD-1C-SITE2-000068-39061-0.png - Prediction 2 - Time 6.30047082901001
Rank 3 - Image MIDRC-RICORD-1C-SITE2-000115-40758-0.png - Prediction 2 - Time 6.331766366958618
Rank 4 - Image MIDRC-RICORD-1C-419639-002463-12463-0.png - Prediction 2 - Time 6.265175819396973
Rank 9 - Image 27b32500-40ef-4c14-ab88-ace5e9ceea27.png - Prediction 1 - Time 6.139502286911011
Rank 0 - Image MIDRC-RICORD-1C-419639-001222-46073-0.png - Prediction 1 - Time 6.245870351791382
Rank 6 - Image 4b1cab8a-c9bd-40e6-bc86-23c6be98a099.png - Prediction 0 - Time 6.828972578048706
Rank 1 - Image MIDRC-RICORD-1C-419639-000025-84235-0.png - Prediction 2 - Time 6.269375324249268
Rank 3 - Image MIDRC-RICORD-1C-419639-000025-56207-0.png - Prediction 2 - Time 6.381428956985474
Rank 4 - Image MIDRC-RICORD-1C-419639-001085-09031-0.png - Prediction 0 - Time 6.161755323410034
Rank 0 - Image MIDRC-RICORD-1C-419639-003360-73998-0.png - Prediction 2 - Time 6.261285781860352
Rank 6 - Image ec0492da-e6be-49cf-8b18-dc143180f1a2.png - Prediction 0 - Time 6.910985231399536
Rank 3 - Image MIDRC-RICORD-1C-419639-001699-69345-0.png - Prediction 2 - Time 6.298484802246094
Rank 4 - Image MIDRC-RICORD-1C-419639-002895-42704-0.png - Prediction 0 - Time 6.239593029022217
Rank 0 - Image MIDRC-RICORD-1C-419639-003334-51353-0.png - Prediction 2 - Time 6.257242918014526
Rank 3 - Image MIDRC-RICORD-1C-SITE2-000003-00527-0.png - Prediction 2 - Time 6.422335386276245
Rank 3 - Image MIDRC-RICORD-1C-419639-003232-50592-0.png - Prediction 2 - Time 6.320005178451538
Rank 3 - Image MIDRC-RICORD-1C-419639-000025-04760-0.png - Prediction 2 - Time 6.351991415023804
Rank 0 - gathering data of length: 10
Created csv file: /p/project/joaiml/ingolfsson1/COVID_Net/results/covidx_test_10_224_747.csv
Total inference time: 747.1915459632874
