Sun Dec  5 16:42:19 2021       
+-----------------------------------------------------------------------------+
| NVIDIA-SMI 418.87.00    Driver Version: 418.87.00    CUDA Version: 10.1     |
|-------------------------------+----------------------+----------------------+
| GPU  Name        Persistence-M| Bus-Id        Disp.A | Volatile Uncorr. ECC |
| Fan  Temp  Perf  Pwr:Usage/Cap|         Memory-Usage | GPU-Util  Compute M. |
|===============================+======================+======================|
|   0  Tesla V100-PCIE...  On   | 00000000:AF:00.0 Off |                    0 |
| N/A   39C    P0    27W / 250W |      0MiB / 32480MiB |      0%      Default |
+-------------------------------+----------------------+----------------------+
                                                                               
+-----------------------------------------------------------------------------+
| Processes:                                                       GPU Memory |
|  GPU       PID   Type   Process name                             Usage      |
|=============================================================================|
|  No running processes found                                                 |
+-----------------------------------------------------------------------------+
Rank 0 - Image MIDRC-RICORD-1C-419639-003251-46647-0.png - Prediction 2 - Time 23.63304328918457
Rank 1 - Image 47c78742-4998-4878-aec4-37b11b1354ac.png - Prediction 0 - Time 26.09735894203186
Rank 0 - Image MIDRC-RICORD-1C-419639-001464-39871-0.png - Prediction 2 - Time 20.745941638946533
Rank 1 - Image 8989e25c-a698-48fc-b428-fff56931fc8f.png - Prediction 0 - Time 20.700713872909546
Rank 0 - Image MIDRC-RICORD-1C-419639-000918-78965-0.png - Prediction 2 - Time 19.594144582748413
Rank 1 - Image 7fb3786c-5045-4a90-981d-c55b53d4d5d3.png - Prediction 0 - Time 20.202226638793945
Rank 0 - Image MIDRC-RICORD-1C-419639-003318-64285-0.png - Prediction 2 - Time 21.366843700408936
Rank 1 - Image 766b8aea-3b43-4a34-b675-09f373ca066b.png - Prediction 0 - Time 20.671815395355225
Rank 0 - Image MIDRC-RICORD-1C-419639-001015-81591-0.png - Prediction 2 - Time 21.064483165740967
Rank 1 - Image f6236cb5-cc36-4ec4-895c-d11ce043341d.png - Prediction 0 - Time 19.857048749923706
Rank 0 - Image MIDRC-RICORD-1C-SITE2-000265-99793-1.png - Prediction 2 - Time 20.8854238986969
Rank 1 - Image 153b7c2b-4909-4dca-8579-9523582bc4fe.png - Prediction 0 - Time 21.075927019119263
Rank 0 - Image MIDRC-RICORD-1C-SITE2-000159-61155-0.png - Prediction 2 - Time 20.747992753982544
Rank 1 - Image 1afd6582-da9d-4e5a-a81f-62a188fe9366.png - Prediction 0 - Time 21.49877381324768
Rank 0 - Image MIDRC-RICORD-1C-419639-003169-42019-0.png - Prediction 0 - Time 20.25086236000061
Rank 1 - Image 85bb48fe-e6d6-47de-bb71-d1636aced7dc.png - Prediction 0 - Time 20.629340887069702
Rank 0 - Image MIDRC-RICORD-1C-SITE2-000238-25854-1.png - Prediction 2 - Time 21.172081232070923
Rank 1 - Image eaeb935a-7294-4dd3-8bf5-73ba781d28af.png - Prediction 0 - Time 19.793988704681396
Rank 0 - Image MIDRC-RICORD-1C-419639-001464-33260-0.png - Prediction 2 - Time 21.9390127658844
Rank 1 - Image 5f137fa7-6539-499e-b0d5-0e481221bf5a.png - Prediction 1 - Time 21.184517860412598
Rank 0 - Image MIDRC-RICORD-1C-SITE2-000018-55212-0.png - Prediction 2 - Time 20.00540828704834
Rank 1 - Image b5234584-1487-492c-8742-444b9ca41c3d.png - Prediction 0 - Time 20.036176443099976
Rank 1 - Image 71d8d6ec-253b-4272-a467-311828b2a35b.png - Prediction 0 - Time 19.678032875061035
Rank 0 - Image MIDRC-RICORD-1C-419639-000025-50888-0.png - Prediction 2 - Time 20.516782999038696
Rank 1 - Image 0103fadb-1663-40a6-8a9e-09d626cd2091.png - Prediction 0 - Time 21.195509672164917
Rank 0 - Image MIDRC-RICORD-1C-419639-001288-10277-0.png - Prediction 2 - Time 20.895477294921875
Rank 1 - Image e4cd65ae-65de-44fc-a6b2-ebbc46d2e8d8.png - Prediction 0 - Time 19.62050700187683
Rank 0 - Image MIDRC-RICORD-1C-419639-002757-16718-0.png - Prediction 2 - Time 19.928874731063843
Rank 1 - Image 2f8fbfdc-56db-4eca-bf64-3c9a0637e28c.png - Prediction 0 - Time 19.956160068511963
Rank 0 - Image MIDRC-RICORD-1C-SITE2-000135-64564-1.png - Prediction 2 - Time 20.514095783233643
Rank 1 - Image bc46651a-1314-44af-a834-1eb8a36e589e.png - Prediction 0 - Time 21.062071084976196
Rank 0 - Image MIDRC-RICORD-1C-SITE2-000147-13199-0.png - Prediction 2 - Time 21.02282452583313
Rank 1 - Image 71d25920-4060-4a31-b7aa-cfbf4721a5c5.png - Prediction 0 - Time 20.47850728034973
Rank 0 - Image MIDRC-RICORD-1C-419639-002601-92699-0.png - Prediction 2 - Time 20.918951988220215
Rank 1 - Image ca3c90e4-f7fe-4f6e-b20b-81473deab4f0.png - Prediction 0 - Time 20.02308750152588
Rank 0 - Image MIDRC-RICORD-1C-419639-002310-52924-0.png - Prediction 2 - Time 21.558307886123657
Rank 1 - Image dab2f334-331c-42c7-af09-a997092464b0.png - Prediction 1 - Time 20.787460803985596
Rank 0 - Image MIDRC-RICORD-1C-SITE2-000171-45676-0.png - Prediction 2 - Time 20.927908658981323
Rank 1 - Image 436dce2a-06c3-4281-bb8e-840497a49381.png - Prediction 1 - Time 19.461588859558105
Rank 0 - Image MIDRC-RICORD-1C-419639-000025-56001-0.png - Prediction 2 - Time 19.50028109550476
Rank 1 - Image af6ef3d9-81c8-434e-bc5a-dbf89bc418aa.png - Prediction 0 - Time 20.285950899124146
Rank 0 - Image MIDRC-RICORD-1C-419639-003340-85716-0.png - Prediction 2 - Time 20.933557271957397
Rank 1 - Image a7aef71b-0fc8-4837-be79-4ced56e03439.png - Prediction 0 - Time 20.53603744506836
Rank 0 - Image MIDRC-RICORD-1C-419639-003257-00787-0.png - Prediction 2 - Time 19.824578523635864
Rank 1 - Image dfa57c1f-01fb-4417-a1b5-0641a9b4bb84.png - Prediction 0 - Time 20.69068431854248
Rank 0 - Image MIDRC-RICORD-1C-SITE2-000099-22857-0.png - Prediction 2 - Time 20.669432640075684
Rank 1 - Image 5eb932e2-3455-40fe-93db-ae44f897d9e0.png - Prediction 0 - Time 20.354316234588623
Rank 0 - Image MIDRC-RICORD-1C-SITE2-000155-37671-0.png - Prediction 2 - Time 21.10554599761963
Rank 1 - Image e8485b0f-293d-4ca8-8b71-92db61c8ee3e.png - Prediction 0 - Time 21.926177978515625
Rank 0 - Image MIDRC-RICORD-1C-419639-000235-89929-0.png - Prediction 2 - Time 21.211647987365723
Rank 1 - Image 35cda03a-0898-4f8b-92d3-6f263aed23ff.png - Prediction 0 - Time 20.563609838485718
Rank 0 - Image MIDRC-RICORD-1C-419639-002376-07504-0.png - Prediction 2 - Time 20.35899329185486
Rank 1 - Image d82e5841-2f43-4eab-ac17-e98a2d90c51b.png - Prediction 0 - Time 21.002140045166016
Rank 0 - Image MIDRC-RICORD-1C-419639-001433-28259-0.png - Prediction 2 - Time 21.056148290634155
Rank 1 - Image af1d168c-4850-41e1-85b8-ff8fc645e671.png - Prediction 0 - Time 21.30171298980713
Rank 0 - Image MIDRC-RICORD-1C-419639-003116-57702-0.png - Prediction 2 - Time 20.403509616851807
Rank 1 - Image 585f5059-8938-4885-accb-d7d0b1097c60.png - Prediction 0 - Time 20.77836012840271
Rank 0 - Image MIDRC-RICORD-1C-419639-001629-03737-0.png - Prediction 2 - Time 20.69635772705078
Rank 1 - Image 5d4c7318-4739-4470-89f3-70bbbca95f10.png - Prediction 0 - Time 19.973429203033447
Rank 0 - Image MIDRC-RICORD-1C-SITE2-000211-85940-0.png - Prediction 2 - Time 20.41376280784607
Rank 1 - Image d3ad2915-af30-426c-ad2d-1634df8c1b5f.png - Prediction 0 - Time 19.996508598327637
Rank 0 - Image MIDRC-RICORD-1C-419639-003027-36839-0.png - Prediction 2 - Time 20.949227571487427
Rank 1 - Image dee054ff-0e1a-4167-b814-cbf339cf689c.png - Prediction 0 - Time 19.788105249404907
Rank 0 - Image MIDRC-RICORD-1C-419639-003021-81745-0.png - Prediction 2 - Time 20.368899822235107
Rank 1 - Image bb068d57-86a8-4347-bee0-e29d59ddef6b.png - Prediction 0 - Time 19.490320920944214
Rank 0 - Image MIDRC-RICORD-1C-419639-003024-14703-0.png - Prediction 2 - Time 20.510095596313477
Rank 1 - Image 354c3756-43ed-4921-adf8-60be49a8b7e8.png - Prediction 0 - Time 20.54753828048706
Rank 0 - Image MIDRC-RICORD-1C-419639-002724-03387-0.png - Prediction 2 - Time 20.424874544143677
Rank 1 - Image b8dd7d32-b177-4d1e-982f-6f0a743828fa.png - Prediction 0 - Time 20.124186515808105
Rank 0 - Image MIDRC-RICORD-1C-419639-001464-32013-0.png - Prediction 2 - Time 20.70381999015808
Rank 1 - Image a17f7e03-42a6-41d3-82ad-d8a656826936.png - Prediction 0 - Time 20.198189973831177
Rank 0 - Image MIDRC-RICORD-1C-SITE2-000116-25889-1.png - Prediction 2 - Time 20.51540780067444
Rank 1 - Image c3c78e4e-1a31-4a92-be4b-0fc3c7f992a4.png - Prediction 0 - Time 20.611884593963623
Rank 0 - Image MIDRC-RICORD-1C-SITE2-000229-76177-0.png - Prediction 2 - Time 19.816759824752808
Rank 1 - Image f1c8caa2-a6dc-40c0-ab85-4769688f1eec.png - Prediction 0 - Time 19.887326955795288
Rank 0 - Image MIDRC-RICORD-1C-419639-001222-46073-0.png - Prediction 2 - Time 20.6999089717865
Rank 1 - Image d535a3c8-c4a4-4856-b5cd-17f6332eac8b.png - Prediction 0 - Time 19.528925895690918
Rank 0 - Image MIDRC-RICORD-1C-419639-003360-73998-0.png - Prediction 2 - Time 20.243480443954468
Rank 1 - Image 2ed06be4-9f0e-4256-b8bf-a4b396cc6364.png - Prediction 0 - Time 20.824389934539795
Rank 0 - Image MIDRC-RICORD-1C-419639-003334-51353-0.png - Prediction 2 - Time 20.825318813323975
Rank 1 - Image 168f4fcb-a87d-49fc-b167-4ed42fd1ec43.png - Prediction 0 - Time 20.007103204727173
Rank 0 - Image MIDRC-RICORD-1C-419639-000538-40522-0.png - Prediction 2 - Time 19.92330002784729
Rank 1 - Image a8e3ea7d-0b63-45cf-85d8-1078d3e2449d.png - Prediction 0 - Time 20.628974199295044
Rank 0 - Image MIDRC-RICORD-1C-419639-001735-74702-0.png - Prediction 2 - Time 20.574432373046875
Rank 1 - Image f31d1fb1-604b-4fec-b320-f07ce2694008.png - Prediction 0 - Time 19.944764375686646
Rank 0 - Image MIDRC-RICORD-1C-419639-000299-56159-0.png - Prediction 2 - Time 20.855186462402344
Rank 1 - Image 069cfd47-0169-43e7-89a1-0be0fa24105b.png - Prediction 0 - Time 20.978386878967285
Rank 0 - Image MIDRC-RICORD-1C-SITE2-000178-89752-0.png - Prediction 2 - Time 19.53380012512207
Rank 1 - Image 85d84453-ab2d-4666-98e6-5df3cbb81f5b.png - Prediction 0 - Time 20.407259941101074
Rank 0 - Image MIDRC-RICORD-1C-419639-001287-60951-0.png - Prediction 2 - Time 20.149592876434326
Rank 1 - Image 8db71746-e837-43c2-bdf1-c44d1ab207e3.png - Prediction 0 - Time 20.06957507133484
Rank 0 - Image MIDRC-RICORD-1C-SITE2-000182-35476-0.png - Prediction 2 - Time 19.86328434944153
Rank 1 - Image 275f9fff-2439-4f3f-9c48-7c21f348701a.png - Prediction 0 - Time 20.25610899925232
Rank 0 - Image MIDRC-RICORD-1C-419639-000025-17477-0.png - Prediction 2 - Time 20.541224002838135
Rank 1 - Image 1d1968e2-88a5-4d72-9237-caf4cbad9423.png - Prediction 0 - Time 20.584542512893677
Rank 0 - Image MIDRC-RICORD-1C-419639-002528-57471-0.png - Prediction 2 - Time 19.778693199157715
Rank 1 - Image 07aeb82e-773b-4498-95c0-fabdf4985bb2.png - Prediction 0 - Time 21.06822633743286
Rank 0 - Image MIDRC-RICORD-1C-419639-001932-82193-0.png - Prediction 2 - Time 20.69961714744568
Rank 1 - Image 652d6bb3-56a0-4a89-9631-684ce27cfc4c.png - Prediction 0 - Time 21.077949285507202
Rank 0 - Image MIDRC-RICORD-1C-419639-000002-10161-0.png - Prediction 2 - Time 20.776216506958008
Rank 1 - Image e155c13d-7ac7-4765-bb86-899349978413.png - Prediction 1 - Time 20.189234018325806
Rank 0 - Image MIDRC-RICORD-1C-419639-001464-72163-0.png - Prediction 2 - Time 20.940730810165405
Rank 1 - Image 98bfaf7a-d80b-491e-a7e0-c5c7316bebe9.png - Prediction 0 - Time 20.501530170440674
Rank 0 - Image MIDRC-RICORD-1C-SITE2-000239-21655-0.png - Prediction 2 - Time 19.777191162109375
Rank 1 - Image 76b180ab-242f-45d3-bce1-68df00c5ef45.png - Prediction 0 - Time 21.2714900970459
Rank 0 - Image MIDRC-RICORD-1C-419639-003371-97350-0.png - Prediction 2 - Time 19.884440422058105
Rank 1 - Image 372b2fea-2013-4600-a06f-765c3f054a82.png - Prediction 0 - Time 20.280757904052734
Rank 0 - Image MIDRC-RICORD-1C-419639-000432-86017-0.png - Prediction 2 - Time 20.482015371322632
Rank 1 - Image a52aa522-a1b3-4f15-8609-f44bf96da2e3.png - Prediction 0 - Time 21.08803415298462
Rank 0 - Image MIDRC-RICORD-1C-419639-001007-89903-0.png - Prediction 2 - Time 20.509429693222046
Rank 1 - Image 6556ce72-1a60-40aa-aaf7-b50dbf07fae7.png - Prediction 0 - Time 20.230976819992065
Rank 0 - Image MIDRC-RICORD-1C-419639-001464-39871-1.png - Prediction 2 - Time 20.03260350227356
Rank 1 - Image 633d9182-1809-41b7-a59b-1e60ac91f0c9.png - Prediction 0 - Time 20.506080627441406
Rank 0 - Image MIDRC-RICORD-1C-419639-002374-98411-0.png - Prediction 2 - Time 21.21976637840271
Rank 1 - Image fd7bad9a-1bff-49ec-9c6c-c9aae9e65726.png - Prediction 0 - Time 21.057988166809082
Rank 0 - Image MIDRC-RICORD-1C-SITE2-000028-53390-0.png - Prediction 2 - Time 21.433547735214233
Rank 1 - Image 99432aa3-8d61-4ff2-a79a-f0a0218d6fa2.png - Prediction 0 - Time 20.400165796279907
Rank 0 - Image MIDRC-RICORD-1C-419639-001070-42385-0.png - Prediction 2 - Time 19.72022271156311
Rank 1 - Image 34bf2fcd-131a-428c-9a21-cd2fa9041f9b.png - Prediction 0 - Time 20.652877807617188
Rank 0 - Image MIDRC-RICORD-1C-SITE2-000283-41971-0.png - Prediction 2 - Time 19.437503814697266
Rank 1 - Image b5007662-ff9c-49ad-9093-85ed7dc44bf4.png - Prediction 0 - Time 20.41030764579773
Rank 0 - Image MIDRC-RICORD-1C-SITE2-000023-20254-0.png - Prediction 2 - Time 21.25673222541809
Rank 1 - Image 06b2f933-3ea2-4477-ac27-18f732d1f4e1.png - Prediction 0 - Time 19.87204146385193
Rank 0 - Image MIDRC-RICORD-1C-SITE2-000181-63935-0.png - Prediction 2 - Time 19.324071645736694
Rank 1 - Image c2b24ebd-2c40-48c3-ba39-177224dd7db0.png - Prediction 0 - Time 20.397942066192627
Rank 0 - Image MIDRC-RICORD-1C-419639-003105-50900-0.png - Prediction 2 - Time 20.98473286628723
Rank 1 - Image 63192a6c-02ba-48a5-932a-bb82aeacb1bc.png - Prediction 0 - Time 21.10208559036255
Rank 0 - Image MIDRC-RICORD-1C-SITE2-000185-39456-0.png - Prediction 2 - Time 20.99519395828247
Rank 1 - Image 73dca3d1-5c58-4c72-80a9-201deca7ffec.png - Prediction 0 - Time 20.441471576690674
Rank 0 - Image MIDRC-RICORD-1C-419639-003187-73922-0.png - Prediction 2 - Time 21.02430486679077
Rank 1 - Image c485a9bd-6e18-4328-8c5c-cf80f71aa35d.png - Prediction 0 - Time 20.22127103805542
Rank 0 - Image MIDRC-RICORD-1C-SITE2-000066-97290-0.png - Prediction 2 - Time 20.478606462478638
Rank 1 - Image b540ba89-72f7-40f5-a916-376546c20014.png - Prediction 0 - Time 20.504968643188477
Rank 0 - Image MIDRC-RICORD-1C-SITE2-000105-65881-0.png - Prediction 2 - Time 20.60211491584778
Rank 1 - Image 33e4e43b-054b-4537-9cd6-0fe574f7d337.png - Prediction 0 - Time 20.60830307006836
Rank 0 - Image MIDRC-RICORD-1C-419639-003080-09097-0.png - Prediction 2 - Time 20.260389804840088
Rank 1 - Image 45dd0d26-0740-4c32-bd01-34246a41f3e3.png - Prediction 0 - Time 20.469808101654053
Rank 0 - Image MIDRC-RICORD-1C-SITE2-000230-35167-0.png - Prediction 2 - Time 20.40479803085327
Rank 1 - Image ad446933-fb8e-4739-bb40-2063e796ffd8.png - Prediction 0 - Time 21.17725706100464
Rank 0 - Image MIDRC-RICORD-1C-419639-003365-72952-0.png - Prediction 2 - Time 20.868724822998047
Rank 1 - Image 5b12801f-aaf7-442e-b994-ec8f15ce78e5.png - Prediction 0 - Time 19.856072187423706
Rank 0 - Image MIDRC-RICORD-1C-SITE2-000208-34584-0.png - Prediction 2 - Time 20.12555503845215
Rank 1 - Image 3fe1550e-8bcb-4732-a343-725acce70531.png - Prediction 0 - Time 20.35019612312317
Rank 0 - Image MIDRC-RICORD-1C-419639-001464-53024-0.png - Prediction 2 - Time 20.169373273849487
Rank 1 - Image 0bb24183-8b59-48f1-8bbf-4d889976fc82.png - Prediction 0 - Time 20.798192739486694
Rank 0 - Image MIDRC-RICORD-1C-419639-003157-67493-0.png - Prediction 2 - Time 20.71696424484253
Rank 1 - Image 02e4191e-fb03-4581-914c-f0438a17e53e.png - Prediction 0 - Time 19.92213201522827
Rank 0 - Image MIDRC-RICORD-1C-SITE2-000048-66689-0.png - Prediction 2 - Time 21.33951425552368
Rank 1 - Image a8dfd068-69e9-4486-bb22-2a04f2f2e1a5.png - Prediction 0 - Time 20.397148847579956
Rank 0 - Image MIDRC-RICORD-1C-440808-000020-8.458-0.png - Prediction 2 - Time 20.260976552963257
Rank 1 - Image 63f71157-7db6-476f-b320-ba2fcbe2543f.png - Prediction 0 - Time 20.619359731674194
Rank 0 - Image MIDRC-RICORD-1C-SITE2-000034-76728-1.png - Prediction 2 - Time 19.946117639541626
Rank 1 - Image 1cdba4ee-0bb8-421d-9a24-7febeb399729.png - Prediction 0 - Time 20.310381412506104
Rank 0 - Image MIDRC-RICORD-1C-419639-002784-76664-0.png - Prediction 0 - Time 20.454609155654907
Rank 1 - Image e1d23cbe-213d-48d6-a8c2-672c4e68285d.png - Prediction 0 - Time 20.290184497833252
Rank 0 - Image MIDRC-RICORD-1C-SITE2-000014-81802-0.png - Prediction 2 - Time 20.49162244796753
Rank 1 - Image 4b1cab8a-c9bd-40e6-bc86-23c6be98a099.png - Prediction 0 - Time 20.173232555389404
Rank 0 - Image MIDRC-RICORD-1C-SITE2-000068-39061-0.png - Prediction 2 - Time 20.993535041809082
Rank 1 - Image ec0492da-e6be-49cf-8b18-dc143180f1a2.png - Prediction 0 - Time 20.75150442123413
Rank 0 - Image MIDRC-RICORD-1C-419639-000025-84235-0.png - Prediction 2 - Time 19.81165909767151
Rank 1 - Image 89dd8f63-8320-48f3-b142-d903f40d5c8c.png - Prediction 0 - Time 20.10185980796814
Rank 0 - Image MIDRC-RICORD-1C-SITE2-000001-16794-0.png - Prediction 2 - Time 20.72163987159729
Rank 1 - Image b76728e6-f44b-40bf-8688-e703d10d2039.png - Prediction 0 - Time 20.61378836631775
Rank 0 - Image MIDRC-RICORD-1C-419639-001571-15270-0.png - Prediction 2 - Time 21.277501106262207
Rank 1 - Image d9884def-b31a-4861-9eea-27f97bffeba2.png - Prediction 0 - Time 20.688020706176758
Rank 0 - Image MIDRC-RICORD-1C-419639-001903-65209-0.png - Prediction 2 - Time 21.123238563537598
Rank 1 - Image ffba6230-71cf-4287-a0d1-887f5d16e95d.png - Prediction 0 - Time 20.403172492980957
Rank 0 - Image MIDRC-RICORD-1C-SITE2-000244-77429-0.png - Prediction 2 - Time 20.774754285812378
Rank 1 - Image f3b015ab-e337-4e7f-971d-eb7cc3dd4e92.png - Prediction 0 - Time 20.609821796417236
Rank 0 - Image MIDRC-RICORD-1C-419639-000582-21506-0.png - Prediction 2 - Time 20.188989639282227
Rank 1 - Image bca4aa4d-0cc9-4cc0-b06d-5b675194bf62.png - Prediction 0 - Time 19.62853193283081
Rank 0 - Image MIDRC-RICORD-1C-419639-002088-09388-0.png - Prediction 2 - Time 20.00622320175171
Rank 1 - Image 9e2ddac8-9a4c-448b-98c8-a840a548d0f7.png - Prediction 0 - Time 20.500510931015015
Rank 0 - Image MIDRC-RICORD-1C-419639-002050-25234-0.png - Prediction 2 - Time 19.71473264694214
Rank 1 - Image fc958b63-5da8-448d-8962-3c5167dc9410.png - Prediction 0 - Time 20.630422830581665
Rank 0 - Image MIDRC-RICORD-1C-SITE2-000235-44451-0.png - Prediction 2 - Time 19.579907178878784
Rank 1 - Image cb7d021b-b273-436a-bd7a-e68c11ed3f6b.png - Prediction 0 - Time 20.512110948562622
Rank 0 - Image MIDRC-RICORD-1C-SITE2-000202-80939-0.png - Prediction 2 - Time 20.393529653549194
Rank 1 - Image ff332704-48e0-445b-9188-b2a696d1f0d7.png - Prediction 0 - Time 20.496912002563477
Rank 0 - Image MIDRC-RICORD-1C-419639-003203-21209-0.png - Prediction 0 - Time 19.220834732055664
Rank 1 - Image 3e1b619a-cdd9-495a-bcbf-a9d62b418991.png - Prediction 0 - Time 20.946664094924927
Rank 0 - Image MIDRC-RICORD-1C-419639-000025-90087-1.png - Prediction 2 - Time 20.90109872817993
Rank 1 - Image 0977f16c-c343-42c9-95ed-d7ca996feb16.png - Prediction 1 - Time 20.18553614616394
Rank 0 - Image MIDRC-RICORD-1C-SITE2-000136-21646-0.png - Prediction 2 - Time 19.631850242614746
Rank 1 - Image f8a11cd6-e541-4765-a41b-3d70b6f3481e.png - Prediction 0 - Time 20.59215497970581
Rank 0 - Image MIDRC-RICORD-1C-SITE2-000153-84142-0.png - Prediction 2 - Time 19.633034706115723
Rank 1 - Image 960131aa-4ce4-4b26-aa12-5f73d8d81453.png - Prediction 0 - Time 21.343146800994873
Rank 0 - Image MIDRC-RICORD-1C-419639-003216-61144-0.png - Prediction 2 - Time 20.89020299911499
Rank 0 - Image MIDRC-RICORD-1C-419639-001464-60601-0.png - Prediction 2 - Time 20.356603860855103
Rank 1 - Image 3a5327d8-8830-4ae2-bd6b-293f5aa42d4b.png - Prediction 0 - Time 21.575236558914185
Rank 0 - Image MIDRC-RICORD-1C-419639-003380-99227-0.png - Prediction 2 - Time 20.098204374313354
Rank 1 - Image a0b9597d-93f4-4a7c-a412-81cb78bccb66.png - Prediction 0 - Time 20.941199779510498
Rank 0 - Image MIDRC-RICORD-1C-SITE2-000272-41527-0.png - Prediction 2 - Time 21.065754175186157
Rank 1 - Image cdac0980-033c-4685-b7e4-0a12c86a00a9.png - Prediction 0 - Time 20.91265058517456
Rank 0 - Image MIDRC-RICORD-1C-419639-003338-57135-0.png - Prediction 2 - Time 20.30362606048584
Rank 1 - Image 7ca5c75a-1ec6-49a7-a3b0-93b6122a3170.png - Prediction 0 - Time 20.979613065719604
Rank 0 - Image MIDRC-RICORD-1C-419639-003060-04928-0.png - Prediction 2 - Time 21.096962690353394
Rank 1 - Image d1e0d69c-a4df-485a-983c-535494221d1a.png - Prediction 0 - Time 21.435253143310547
Rank 0 - Image MIDRC-RICORD-1C-419639-002889-42412-0.png - Prediction 2 - Time 20.83792543411255
Rank 1 - Image 6b969591-8a07-49ed-9f65-fa19a453df59.png - Prediction 1 - Time 21.385944366455078
Rank 0 - Image MIDRC-RICORD-1C-SITE2-000106-15732-0.png - Prediction 2 - Time 21.04730248451233
Rank 1 - Image bd8facb9-dce0-4048-8249-e6078b28e1b7.png - Prediction 1 - Time 20.822945594787598
Rank 0 - Image MIDRC-RICORD-1C-SITE2-000297-71173-1.png - Prediction 2 - Time 19.5473735332489
Rank 1 - Image 4dbc44ca-694a-4814-9a24-bc60c8d8d611.png - Prediction 1 - Time 20.83601689338684
Rank 0 - Image MIDRC-RICORD-1C-SITE2-000204-24409-0.png - Prediction 2 - Time 21.13081383705139
Rank 1 - Image 3f504abe-2133-4e09-98af-743cdea486f9.png - Prediction 1 - Time 21.63333034515381
Rank 0 - Image MIDRC-RICORD-1C-419639-001464-82193-0.png - Prediction 2 - Time 20.398386240005493
Rank 1 - Image af169d21-1c39-445e-82d8-5035182a3a8c.png - Prediction 1 - Time 20.66204857826233
Rank 0 - Image MIDRC-RICORD-1C-SITE2-000058-42859-0.png - Prediction 2 - Time 19.27893567085266
Rank 1 - Image fcd159f4-21d3-4169-a94b-95a2b5ccddcb.png - Prediction 1 - Time 19.64777374267578
Rank 0 - Image MIDRC-RICORD-1C-SITE2-000149-71428-1.png - Prediction 2 - Time 20.85830283164978
Rank 1 - Image b6db3041-1554-43ef-baca-58733b6717d6.png - Prediction 0 - Time 19.533310174942017
Rank 0 - Image MIDRC-RICORD-1C-419639-002281-83348-0.png - Prediction 2 - Time 20.62716841697693
Rank 1 - Image a0a8370a-dc3f-4f70-a440-e3fa9827928a.png - Prediction 1 - Time 20.679599046707153
Rank 0 - Image MIDRC-RICORD-1C-419639-002733-79941-0.png - Prediction 2 - Time 20.594886541366577
Rank 1 - Image 1dad3414-88c9-4c56-af5d-3a1488af452c.png - Prediction 1 - Time 20.25792169570923
Rank 0 - Image MIDRC-RICORD-1C-419639-000025-81112-0.png - Prediction 2 - Time 20.788450002670288
Rank 1 - Image f760c946-a103-4991-a6e5-ff60c24cd99f.png - Prediction 1 - Time 20.687766075134277
Rank 0 - Image MIDRC-RICORD-1C-419639-003186-86346-0.png - Prediction 2 - Time 19.871460437774658
Rank 1 - Image b021293c-4dd0-450c-b1a4-2d72cedab0a2.png - Prediction 1 - Time 20.350579500198364
Rank 0 - Image MIDRC-RICORD-1C-SITE2-000237-52517-0.png - Prediction 2 - Time 20.42422389984131
Rank 1 - Image 349f10b4-dc3e-4f3f-b2e4-a5b81448ce87.png - Prediction 1 - Time 20.049386501312256
Rank 0 - Image MIDRC-RICORD-1C-SITE2-000002-65816-0.png - Prediction 2 - Time 20.64056706428528
Rank 1 - Image 05d3817a-5535-4e77-8dda-d4412e496c81.png - Prediction 1 - Time 20.548272848129272
Rank 0 - Image MIDRC-RICORD-1C-419639-000025-39552-1.png - Prediction 2 - Time 21.126540184020996
Rank 1 - Image c21157da-1f74-4966-ba4e-c144d8f5da2d.png - Prediction 1 - Time 21.154972553253174
Rank 0 - Image MIDRC-RICORD-1C-419639-000082-79663-0.png - Prediction 2 - Time 20.242868185043335
Rank 1 - Image 5acc56a4-1b6e-4394-9364-9772047d583f.png - Prediction 1 - Time 20.74012517929077
Rank 0 - Image MIDRC-RICORD-1C-SITE2-000094-94497-0.png - Prediction 2 - Time 21.01131772994995
Rank 1 - Image dd4d6a4c-1e67-4911-bda2-7d8af75b1b19.png - Prediction 1 - Time 20.750806093215942
Rank 0 - Image MIDRC-RICORD-1C-SITE2-000131-16046-1.png - Prediction 2 - Time 20.259854555130005
Rank 1 - Image f0ba0019-718f-4677-a723-05c27dba2f3e.png - Prediction 1 - Time 20.290074348449707
Rank 0 - Image MIDRC-RICORD-1C-419639-002309-84923-0.png - Prediction 2 - Time 19.8115074634552
Rank 1 - Image cc3177c8-6570-497c-aef3-6fbddef692f6.png - Prediction 1 - Time 20.677051305770874
Rank 0 - Image MIDRC-RICORD-1C-419639-002768-13069-0.png - Prediction 2 - Time 20.909401655197144
Rank 1 - Image 0e03c2d7-9cea-4dc7-8e91-794a8b3ff58d.png - Prediction 1 - Time 20.882303476333618
Rank 0 - Image MIDRC-RICORD-1C-SITE2-000108-12642-0.png - Prediction 2 - Time 19.74395251274109
Rank 1 - Image 070c921f-171c-420c-915b-e49e3f600c38.png - Prediction 1 - Time 20.437479257583618
Rank 0 - Image MIDRC-RICORD-1C-SITE2-000170-25974-1.png - Prediction 2 - Time 20.493752479553223
Rank 1 - Image caa545b4-4eea-4e3a-90b1-c4c0789a1109.png - Prediction 1 - Time 20.55726909637451
Rank 0 - Image MIDRC-RICORD-1C-SITE2-000097-16347-1.png - Prediction 2 - Time 20.023000478744507
Rank 1 - Image 7817b551-d220-479b-815f-395f83e1dba1.png - Prediction 1 - Time 20.802629947662354
Rank 0 - Image MIDRC-RICORD-1C-419639-002043-49668-0.png - Prediction 2 - Time 19.050161838531494
Rank 1 - Image f743c21e-5876-460b-bbd6-2e2dcca41baa.png - Prediction 1 - Time 20.229838132858276
Rank 0 - Image MIDRC-RICORD-1C-419639-000785-60200-0.png - Prediction 2 - Time 19.388063430786133
Rank 1 - Image e1d5a233-39ca-41dc-a289-b07c3e78cdb1.png - Prediction 1 - Time 20.165324687957764
Rank 0 - Image MIDRC-RICORD-1C-SITE2-000035-19513-0.png - Prediction 2 - Time 19.368440866470337
Rank 1 - Image 40a2f7fd-342e-494b-a7e0-5857b73ec582.png - Prediction 1 - Time 20.703919172286987
Rank 0 - Image MIDRC-RICORD-1C-419639-001155-71955-0.png - Prediction 2 - Time 20.193482160568237
Rank 1 - Image bcdd92c8-2cde-4899-a6fc-46b875aaab62.png - Prediction 1 - Time 20.306111335754395
Rank 0 - Image MIDRC-RICORD-1C-SITE2-000207-20956-0.png - Prediction 2 - Time 19.254644632339478
Rank 1 - Image ac648f87-a79f-4ce0-9439-23a8dd886b71.png - Prediction 1 - Time 20.264991998672485
Rank 0 - Image MIDRC-RICORD-1C-419639-002472-45590-0.png - Prediction 2 - Time 20.15130352973938
Rank 1 - Image 93b49de9-9267-43c2-a507-6885e4caeaba.png - Prediction 1 - Time 20.586320638656616
Rank 0 - Image MIDRC-RICORD-1C-419639-002114-73757-0.png - Prediction 2 - Time 20.093570470809937
Rank 1 - Image af2ff93b-2f33-4c91-bde1-1490fc435b50.png - Prediction 1 - Time 20.914337158203125
Rank 0 - Image MIDRC-RICORD-1C-419639-002997-12964-0.png - Prediction 2 - Time 19.25480079650879
Rank 1 - Image 31692137-f770-4cfe-a02e-fd207ce813ac.png - Prediction 1 - Time 20.093096494674683
Rank 0 - Image MIDRC-RICORD-1C-419639-001464-73170-0.png - Prediction 2 - Time 19.64729118347168
Rank 1 - Image f7379744-be39-44b2-8816-a743857bd6a6.png - Prediction 1 - Time 20.72544240951538
Rank 0 - Image MIDRC-RICORD-1C-419639-003102-68604-0.png - Prediction 2 - Time 20.197707653045654
Rank 1 - Image 3186d210-966f-4733-ba72-98729be9551a.png - Prediction 1 - Time 20.51887536048889
Rank 0 - Image MIDRC-RICORD-1C-419639-001464-63464-0.png - Prediction 2 - Time 20.5822114944458
Rank 1 - Image b51c3c24-f9aa-4039-9fc1-527a5567dff6.png - Prediction 1 - Time 20.09484076499939
Rank 0 - Image MIDRC-RICORD-1C-419639-001603-23454-0.png - Prediction 2 - Time 20.912600994110107
Rank 1 - Image e9e58e10-2795-4dec-a738-c9792ea8f685.png - Prediction 1 - Time 19.974902391433716
Rank 0 - Image MIDRC-RICORD-1C-419639-000025-39552-0.png - Prediction 2 - Time 19.963104486465454
Rank 1 - Image cd9d2d22-4395-4e4d-8837-cfb33c2bdaab.png - Prediction 1 - Time 20.185118675231934
Rank 0 - Image MIDRC-RICORD-1C-SITE2-000291-42841-0.png - Prediction 2 - Time 20.595507383346558
Rank 1 - Image b42eaeb8-b6d3-41d7-836c-56fd0922abf6.png - Prediction 1 - Time 19.96293616294861
Rank 0 - Image MIDRC-RICORD-1C-419639-001782-15190-0.png - Prediction 2 - Time 20.008673429489136
Rank 1 - Image ae06b30f-ae30-40d3-b237-c934ce499774.png - Prediction 1 - Time 20.753021955490112
Rank 0 - Image MIDRC-RICORD-1C-SITE2-000279-56879-0.png - Prediction 2 - Time 19.362196922302246
Rank 1 - Image f59ae80d-d98e-465f-963a-1064764211f8.png - Prediction 1 - Time 20.295796871185303
Rank 0 - Image MIDRC-RICORD-1C-SITE2-000067-11643-0.png - Prediction 2 - Time 21.32815980911255
Rank 1 - Image 03a9498c-549d-4e7d-800b-e74797f7f625.png - Prediction 1 - Time 20.61359715461731
Rank 0 - Image MIDRC-RICORD-1C-SITE2-000015-91071-0.png - Prediction 2 - Time 20.208475828170776
Rank 1 - Image 080f2b35-fcd5-473e-864b-a7dea3054cc7.png - Prediction 1 - Time 20.531481504440308
Rank 0 - Image MIDRC-RICORD-1C-440808-000016-8.281-0.png - Prediction 0 - Time 19.642729997634888
Rank 1 - Image b479635e-4c58-4d27-879b-fb0e87b2a1aa.png - Prediction 1 - Time 21.064573764801025
Rank 0 - Image MIDRC-RICORD-1C-419639-001829-30276-0.png - Prediction 2 - Time 20.222050666809082
Rank 1 - Image 86853bbd-5af2-4551-8273-f2978dffdd76.png - Prediction 1 - Time 20.674928188323975
Rank 0 - Image MIDRC-RICORD-1C-419639-000025-53641-0.png - Prediction 2 - Time 21.10013699531555
Rank 1 - Image acb5c720-f741-415c-993c-65855be08ffa.png - Prediction 1 - Time 20.71103525161743
Rank 0 - Image MIDRC-RICORD-1C-SITE2-000124-65701-0.png - Prediction 2 - Time 20.83539366722107
Rank 1 - Image 1414c7d6-dff3-453c-8322-b25bb5899d78.png - Prediction 1 - Time 21.28431797027588
Rank 0 - Image MIDRC-RICORD-1C-419639-001464-85049-0.png - Prediction 2 - Time 20.64924383163452
Rank 1 - Image c3a6ca22-c09b-4be0-a59d-e52718fbb645.png - Prediction 1 - Time 19.669538259506226
Rank 0 - Image MIDRC-RICORD-1C-419639-000025-90087-0.png - Prediction 2 - Time 21.53825807571411
Rank 1 - Image bfd795ae-7656-40fc-b44e-566515e52ed2.png - Prediction 1 - Time 20.618600606918335
Rank 0 - Image MIDRC-RICORD-1C-SITE2-000098-66227-0.png - Prediction 2 - Time 19.56107211112976
Rank 1 - Image 098906c5-cf22-43d3-9f0d-90e88e602090.png - Prediction 1 - Time 20.050118923187256
Rank 0 - Image MIDRC-RICORD-1C-SITE2-000188-54382-0.png - Prediction 2 - Time 21.340957403182983
Rank 1 - Image b5714c0f-6d0f-4c56-833f-8b83f19e982a.png - Prediction 1 - Time 20.7954318523407
Rank 0 - Image MIDRC-RICORD-1C-SITE2-000072-79474-0.png - Prediction 2 - Time 20.99042010307312
Rank 1 - Image 875b34e4-b58d-479f-954a-5b015071f448.png - Prediction 1 - Time 21.037521362304688
Rank 0 - Image MIDRC-RICORD-1C-419639-001882-13628-0.png - Prediction 2 - Time 20.354609489440918
Rank 1 - Image 91e187a5-771d-4a83-9601-e22ed326bc8e.png - Prediction 1 - Time 20.865416049957275
Rank 0 - Image MIDRC-RICORD-1C-419639-000402-60433-0.png - Prediction 2 - Time 20.388275384902954
Rank 1 - Image 3abb7176-035d-46cc-844e-820870e8154b.png - Prediction 1 - Time 20.402748107910156
Rank 0 - Image MIDRC-RICORD-1C-440808-000019-8.433-0.png - Prediction 1 - Time 20.812902450561523
Rank 1 - Image 3e4ee273-d5ca-4cf8-a75a-05772e0e12fe.png - Prediction 1 - Time 21.02103877067566
Rank 0 - Image MIDRC-RICORD-1C-419639-003319-99931-0.png - Prediction 2 - Time 20.10542607307434
Rank 1 - Image bd9af100-1805-4e0a-8875-4a4b7195f0d8.png - Prediction 1 - Time 20.104299545288086
Rank 0 - Image MIDRC-RICORD-1C-SITE2-000217-73086-0.png - Prediction 2 - Time 20.500791788101196
Rank 1 - Image 6804008c-94eb-4870-ba6e-b06514073e71.png - Prediction 1 - Time 20.665186643600464
Rank 0 - Image MIDRC-RICORD-1C-419639-000586-49647-0.png - Prediction 2 - Time 19.64642834663391
Rank 1 - Image 0d9b1283-fc24-4fd3-a520-bc5d563e13e1.png - Prediction 1 - Time 21.067237854003906
Rank 0 - Image MIDRC-RICORD-1C-SITE2-000115-40758-0.png - Prediction 2 - Time 20.246731996536255
Rank 1 - Image 0a8d486f-1aa6-4fcf-b7be-4bf04fc8628b.png - Prediction 1 - Time 20.000564575195312
Rank 0 - Image MIDRC-RICORD-1C-419639-000025-56207-0.png - Prediction 2 - Time 20.81382918357849
Rank 1 - Image 37f17069-62ce-42ff-9fa4-d6a1056bd075.png - Prediction 1 - Time 20.041141986846924
Rank 0 - Image MIDRC-RICORD-1C-419639-001699-69345-0.png - Prediction 2 - Time 20.667896509170532
Rank 1 - Image 3db7e979-5f97-4985-bf0c-cdea7951e246.png - Prediction 1 - Time 20.6578266620636
Rank 0 - Image MIDRC-RICORD-1C-SITE2-000003-00527-0.png - Prediction 2 - Time 20.299808740615845
Rank 1 - Image e2e89418-6c0e-4f50-a2d9-6cd5e58feef0.png - Prediction 1 - Time 20.40110421180725
Rank 0 - Image MIDRC-RICORD-1C-419639-003232-50592-0.png - Prediction 2 - Time 19.71277689933777
Rank 1 - Image 393b8e45-6d97-4013-8100-27ebf07a1dad.png - Prediction 1 - Time 20.034334659576416
Rank 0 - Image MIDRC-RICORD-1C-419639-000025-04760-0.png - Prediction 2 - Time 20.664729118347168
Rank 1 - Image 2348e8ba-483f-476d-b29d-5ba8398d7abc.png - Prediction 1 - Time 20.61660623550415
Rank 0 - Image MIDRC-RICORD-1C-419639-000025-89853-0.png - Prediction 2 - Time 20.164382934570312
Rank 1 - Image aef87dc2-a097-4683-9fb1-d1af6838a16a.png - Prediction 0 - Time 19.75050640106201
Rank 0 - Image MIDRC-RICORD-1C-419639-001425-17331-0.png - Prediction 2 - Time 19.491885662078857
Rank 1 - Image afe1b6e2-203e-4ee5-856a-2f205d8bca2a.png - Prediction 1 - Time 20.1397922039032
Rank 0 - Image MIDRC-RICORD-1C-440808-000009-08.98-0.png - Prediction 2 - Time 20.69846820831299
Rank 1 - Image 3d070009-c877-4ed4-ac80-53781cb30fef.png - Prediction 1 - Time 20.75581932067871
Rank 0 - Image MIDRC-RICORD-1C-419639-000086-21140-0.png - Prediction 2 - Time 20.67126441001892
Rank 1 - Image 34fbff70-fa6e-4709-ab07-17f739fce394.png - Prediction 1 - Time 20.70543074607849
Rank 0 - Image MIDRC-RICORD-1C-SITE2-000270-57009-0.png - Prediction 2 - Time 20.561557292938232
Rank 1 - Image 2c68016e-5a63-4430-a834-efe5d43edd0e.png - Prediction 1 - Time 19.367703914642334
Rank 0 - Image MIDRC-RICORD-1C-419639-000573-31324-0.png - Prediction 2 - Time 21.215550422668457
Rank 1 - Image 8ae822ae-a656-47ba-ac5b-848ce2256575.png - Prediction 1 - Time 20.4364116191864
Rank 0 - Image MIDRC-RICORD-1C-SITE2-000154-41630-0.png - Prediction 2 - Time 19.155315399169922
Rank 1 - Image f661fe70-2fc1-4564-9f53-45504c0b0688.png - Prediction 1 - Time 20.333720207214355
Rank 0 - Image MIDRC-RICORD-1C-SITE2-000168-32448-0.png - Prediction 2 - Time 20.7326021194458
Rank 1 - Image 78c33a1a-8f22-476c-ae97-8190192102df.png - Prediction 1 - Time 20.38455581665039
Rank 0 - Image MIDRC-RICORD-1C-SITE2-000125-08616-1.png - Prediction 2 - Time 20.10641074180603
Rank 1 - Image 652b519d-5eb4-4abc-93f7-15ae661a431f.png - Prediction 1 - Time 20.830928325653076
Rank 0 - Image MIDRC-RICORD-1C-SITE2-000096-37358-0.png - Prediction 2 - Time 20.262761116027832
Rank 1 - Image 2397b2f6-3dfa-476c-89ea-e9992c5bd9a9.png - Prediction 1 - Time 20.480393409729004
Rank 0 - Image MIDRC-RICORD-1C-SITE2-000221-43774-0.png - Prediction 2 - Time 19.970620155334473
Rank 1 - Image ac10f43e-03b8-43d2-bcae-6fe000542397.png - Prediction 0 - Time 20.273040294647217
Rank 0 - Image MIDRC-RICORD-1C-SITE2-000179-48742-0.png - Prediction 2 - Time 19.270761489868164
Rank 1 - Image 3c8cc0d1-be7f-493d-9570-542d851f623b.png - Prediction 1 - Time 20.413272380828857
Rank 0 - Image MIDRC-RICORD-1C-SITE2-000176-81030-0.png - Prediction 2 - Time 20.669822454452515
Rank 1 - Image 6565a9e6-3f01-4de8-a18d-ade3121c5d7c.png - Prediction 1 - Time 19.82935094833374
Rank 0 - Image MIDRC-RICORD-1C-419639-003199-43900-0.png - Prediction 2 - Time 20.291175842285156
Rank 1 - Image ed0c5d1e-934a-4e31-9221-3a6a69ec9c1b.png - Prediction 1 - Time 20.098366260528564
Rank 0 - Image MIDRC-RICORD-1C-419639-003191-84953-0.png - Prediction 2 - Time 20.746384859085083
Rank 1 - Image 4bc8ce99-2420-48c2-a768-d067da67ced2.png - Prediction 1 - Time 20.456023693084717
Rank 0 - Image MIDRC-RICORD-1C-SITE2-000029-97068-0.png - Prediction 2 - Time 19.79336667060852
Rank 1 - Image 6df82c7a-a91e-487c-ae3a-9022b17d7c7a.png - Prediction 1 - Time 20.528315782546997
Rank 0 - Image MIDRC-RICORD-1C-419639-002401-32756-0.png - Prediction 2 - Time 20.51807427406311
Rank 1 - Image a6c364d2-b2d6-4b0b-a439-40b992ff65c7.png - Prediction 1 - Time 20.466400384902954
Rank 0 - Image MIDRC-RICORD-1C-419639-001762-18334-0.png - Prediction 2 - Time 20.124846935272217
Rank 1 - Image 32a5977f-f8ab-41c9-9b51-5387248e4675.png - Prediction 0 - Time 20.11989736557007
Rank 0 - Image MIDRC-RICORD-1C-SITE2-000210-51719-0.png - Prediction 2 - Time 21.1008038520813
Rank 1 - Image c3751c94-ea6f-4a7c-b3bf-87a54012fa80.png - Prediction 0 - Time 20.5373854637146
Rank 0 - Image MIDRC-RICORD-1C-SITE2-000200-97745-0.png - Prediction 2 - Time 19.808845043182373
Rank 1 - Image 1c0a780d-1cac-4eee-b46d-470ecebc9ae0.png - Prediction 1 - Time 20.028847694396973
Rank 0 - Image MIDRC-RICORD-1C-419639-001374-75990-0.png - Prediction 2 - Time 20.964042901992798
Rank 1 - Image b852bc3c-0de5-4448-aff8-f96b2cc13d51.png - Prediction 1 - Time 20.189345836639404
Rank 0 - Image MIDRC-RICORD-1C-419639-003336-50845-0.png - Prediction 2 - Time 20.00974440574646
Rank 1 - Image a2616330-1f29-4019-928f-e2d62b3b737b.png - Prediction 1 - Time 19.19389796257019
Rank 0 - Image MIDRC-RICORD-1C-419639-002929-69159-0.png - Prediction 2 - Time 20.71924090385437
Rank 1 - Image a6236ddd-6367-4569-b5f1-07d2df9390ad.png - Prediction 1 - Time 20.31306028366089
Rank 0 - Image MIDRC-RICORD-1C-SITE2-000120-98054-0.png - Prediction 2 - Time 20.856536865234375
Rank 1 - Image b8d6b40d-2a3d-475f-88d3-03560f645223.png - Prediction 1 - Time 19.308024406433105
Rank 0 - Image MIDRC-RICORD-1C-SITE2-000127-30661-0.png - Prediction 2 - Time 20.157472372055054
Rank 1 - Image 49b2fb17-b12c-4e5a-8c4a-02449027c42b.png - Prediction 1 - Time 20.4505512714386
Rank 0 - Image MIDRC-RICORD-1C-SITE2-000206-25871-0.png - Prediction 2 - Time 20.361085891723633
Rank 1 - Image 3766b0a6-1769-4d82-b081-fa53531de34e.png - Prediction 1 - Time 20.460665225982666
Rank 0 - Image MIDRC-RICORD-1C-SITE2-000141-46899-0.png - Prediction 2 - Time 20.702319383621216
Rank 1 - Image f12d7b12-0398-4533-8f55-8772cc434945.png - Prediction 1 - Time 19.24065351486206
Rank 0 - Image MIDRC-RICORD-1C-SITE2-000203-08712-0.png - Prediction 2 - Time 20.13489580154419
Rank 1 - Image 0b7a4fb2-adab-484b-a0f7-23f5111bc745.png - Prediction 1 - Time 21.05497407913208
Rank 0 - Image MIDRC-RICORD-1C-SITE2-000045-76077-0.png - Prediction 2 - Time 20.633909463882446
Rank 1 - Image 1565fd6c-9432-454a-87e4-937fd5ad5b60.png - Prediction 1 - Time 20.087401151657104
Rank 0 - Image MIDRC-RICORD-1C-SITE2-000162-64489-0.png - Prediction 2 - Time 20.744855165481567
Rank 1 - Image 02002619-3dea-4038-8d4d-458db30ed8de.png - Prediction 1 - Time 20.492766857147217
Rank 0 - Image MIDRC-RICORD-1C-419639-001505-21193-0.png - Prediction 2 - Time 19.4809148311615
Rank 1 - Image becefa4b-f719-48c6-a903-85e391e026a4.png - Prediction 1 - Time 19.487361669540405
Rank 0 - Image MIDRC-RICORD-1C-SITE2-000173-80432-1.png - Prediction 2 - Time 19.55307102203369
Rank 1 - Image 3f2b878e-9e3b-410b-a739-b43d81b98692.png - Prediction 1 - Time 20.218305349349976
Rank 0 - Image MIDRC-RICORD-1C-419639-002871-45785-0.png - Prediction 2 - Time 19.303245306015015
Rank 1 - Image adce8349-6836-4328-ab63-f356d0bbe298.png - Prediction 1 - Time 21.000775814056396
Rank 0 - Image MIDRC-RICORD-1C-SITE2-000220-78771-1.png - Prediction 2 - Time 20.405574798583984
Rank 1 - Image 854fee36-d54c-4cde-904d-ab77f5e2e091.png - Prediction 1 - Time 20.582238912582397
Rank 0 - Image MIDRC-RICORD-1C-419639-001661-28330-1.png - Prediction 2 - Time 19.111961364746094
Rank 1 - Image baf8fe18-a7ca-4e9c-b3dc-5c80d474545b.png - Prediction 1 - Time 19.724111795425415
Rank 0 - Image MIDRC-RICORD-1C-SITE2-000142-56843-0.png - Prediction 2 - Time 20.59401845932007
Rank 1 - Image a77b32f6-1999-4cc6-8a0d-1ef7e53850f0.png - Prediction 1 - Time 20.68513512611389
Rank 0 - Image MIDRC-RICORD-1C-419639-003099-52606-0.png - Prediction 2 - Time 20.092877864837646
Rank 1 - Image 41bf2042-53a2-44a8-9a29-55e643af5ac0.png - Prediction 1 - Time 20.043567657470703
Rank 0 - Image MIDRC-RICORD-1C-419639-002463-12463-0.png - Prediction 2 - Time 19.914454698562622
Rank 1 - Image ec09ddb3-9b0b-4749-9e0d-f94a4a7e5fed.png - Prediction 1 - Time 20.563858032226562
Rank 0 - Image MIDRC-RICORD-1C-419639-001085-09031-0.png - Prediction 2 - Time 20.276262283325195
Rank 1 - Image abff4044-3c0a-458f-b0c7-04254be7fc0c.png - Prediction 1 - Time 20.820122241973877
Rank 0 - Image MIDRC-RICORD-1C-419639-002895-42704-0.png - Prediction 2 - Time 20.258079528808594
Rank 1 - Image 27b32500-40ef-4c14-ab88-ace5e9ceea27.png - Prediction 1 - Time 20.55903172492981
Rank 0 - gathering data of length: 2
Created csv file: /p/project/joaiml/ingolfsson1/COVID_Net/results/covidx_test_2_480_4098.csv
Total inference time: 4098.243345975876
