Tue Feb 22 07:10:19 2022       
+-----------------------------------------------------------------------------+
| NVIDIA-SMI 418.87.00    Driver Version: 470.57.02    CUDA Version: 11.4     |
|-------------------------------+----------------------+----------------------+
| GPU  Name        Persistence-M| Bus-Id        Disp.A | Volatile Uncorr. ECC |
| Fan  Temp  Perf  Pwr:Usage/Cap|         Memory-Usage | GPU-Util  Compute M. |
|===============================+======================+======================|
|   0  Tesla V100-PCIE...  On   | 00000000:AF:00.0 Off |                    0 |
| N/A   37C    P0    27W / 250W |      0MiB / 32510MiB |      0%      Default |
+-------------------------------+----------------------+----------------------+
                                                                               
+-----------------------------------------------------------------------------+
| Processes:                                                       GPU Memory |
|  GPU       PID   Type   Process name                             Usage      |
|=============================================================================|
|  No running processes found                                                 |
+-----------------------------------------------------------------------------+
[1645510222.086311] [dp-dam01:12206:0]          ib_md.c:1948 UCX  ERROR ibv_query_device(mlx5_0) returned 38: No space left on device
[1645510222.089922] [dp-dam01:12206:0]          ib_md.c:1948 UCX  ERROR ibv_query_device(mlx5_1) returned 38: No space left on device
Rank 0 - Image MIDRC-RICORD-1C-419639-003251-46647-0.png - Prediction 2 - Time 39.247878313064575
Rank 0 - Image MIDRC-RICORD-1C-419639-001464-39871-0.png - Prediction 1 - Time 6.134051561355591
Rank 0 - Image MIDRC-RICORD-1C-419639-000918-78965-0.png - Prediction 2 - Time 6.380929470062256
Rank 0 - Image MIDRC-RICORD-1C-419639-003318-64285-0.png - Prediction 2 - Time 6.66605019569397
Rank 0 - Image MIDRC-RICORD-1C-419639-001015-81591-0.png - Prediction 0 - Time 6.107113361358643
Rank 0 - Image MIDRC-RICORD-1C-SITE2-000265-99793-1.png - Prediction 2 - Time 6.5534069538116455
Rank 0 - Image MIDRC-RICORD-1C-SITE2-000159-61155-0.png - Prediction 2 - Time 5.992260932922363
Rank 0 - Image MIDRC-RICORD-1C-419639-003169-42019-0.png - Prediction 0 - Time 5.8935627937316895
Rank 0 - Image MIDRC-RICORD-1C-SITE2-000238-25854-1.png - Prediction 2 - Time 6.000410318374634
Rank 0 - Image MIDRC-RICORD-1C-419639-001464-33260-0.png - Prediction 2 - Time 5.912485122680664
Rank 0 - Image MIDRC-RICORD-1C-SITE2-000018-55212-0.png - Prediction 2 - Time 6.008533239364624
Rank 0 - Image MIDRC-RICORD-1C-419639-000025-50888-0.png - Prediction 2 - Time 5.8805437088012695
Rank 0 - Image MIDRC-RICORD-1C-419639-001288-10277-0.png - Prediction 2 - Time 5.877221584320068
Rank 0 - Image MIDRC-RICORD-1C-419639-002757-16718-0.png - Prediction 2 - Time 5.924966812133789
Rank 0 - Image MIDRC-RICORD-1C-SITE2-000135-64564-1.png - Prediction 2 - Time 5.989457368850708
Rank 0 - Image MIDRC-RICORD-1C-SITE2-000147-13199-0.png - Prediction 2 - Time 5.822835683822632
Rank 0 - Image MIDRC-RICORD-1C-419639-002601-92699-0.png - Prediction 2 - Time 5.842279672622681
Rank 0 - Image MIDRC-RICORD-1C-419639-002310-52924-0.png - Prediction 2 - Time 5.792221784591675
Rank 0 - Image MIDRC-RICORD-1C-SITE2-000171-45676-0.png - Prediction 2 - Time 5.7447004318237305
Rank 0 - Image MIDRC-RICORD-1C-419639-000025-56001-0.png - Prediction 2 - Time 5.817761659622192
Rank 0 - Image MIDRC-RICORD-1C-419639-003340-85716-0.png - Prediction 2 - Time 5.7570579051971436
Rank 0 - Image MIDRC-RICORD-1C-419639-003257-00787-0.png - Prediction 2 - Time 5.797991991043091
Rank 0 - Image MIDRC-RICORD-1C-SITE2-000099-22857-0.png - Prediction 2 - Time 5.774243593215942
Rank 0 - Image MIDRC-RICORD-1C-SITE2-000155-37671-0.png - Prediction 2 - Time 5.863478660583496
Rank 0 - Image MIDRC-RICORD-1C-419639-000235-89929-0.png - Prediction 0 - Time 5.799712181091309
Rank 0 - Image MIDRC-RICORD-1C-419639-002376-07504-0.png - Prediction 2 - Time 5.80888032913208
Rank 0 - Image MIDRC-RICORD-1C-419639-001433-28259-0.png - Prediction 0 - Time 5.7419116497039795
Rank 0 - Image MIDRC-RICORD-1C-419639-003116-57702-0.png - Prediction 2 - Time 5.8400633335113525
Rank 0 - Image MIDRC-RICORD-1C-419639-001629-03737-0.png - Prediction 0 - Time 5.757835388183594
Rank 0 - Image MIDRC-RICORD-1C-SITE2-000211-85940-0.png - Prediction 2 - Time 5.789129257202148
Rank 0 - Image MIDRC-RICORD-1C-419639-003027-36839-0.png - Prediction 2 - Time 5.674952745437622
Rank 0 - Image MIDRC-RICORD-1C-419639-003021-81745-0.png - Prediction 2 - Time 5.647599220275879
Rank 0 - Image MIDRC-RICORD-1C-419639-003024-14703-0.png - Prediction 2 - Time 5.6043009757995605
Rank 0 - Image MIDRC-RICORD-1C-419639-002724-03387-0.png - Prediction 2 - Time 5.612742185592651
Rank 0 - Image MIDRC-RICORD-1C-419639-001464-32013-0.png - Prediction 1 - Time 5.589719295501709
Rank 0 - Image MIDRC-RICORD-1C-SITE2-000116-25889-1.png - Prediction 0 - Time 5.740041971206665
Rank 0 - Image MIDRC-RICORD-1C-SITE2-000229-76177-0.png - Prediction 2 - Time 5.699140548706055
Rank 0 - Image MIDRC-RICORD-1C-419639-001222-46073-0.png - Prediction 1 - Time 5.661730766296387
Rank 0 - Image MIDRC-RICORD-1C-419639-003360-73998-0.png - Prediction 2 - Time 5.632558822631836
Rank 0 - Image MIDRC-RICORD-1C-419639-003334-51353-0.png - Prediction 2 - Time 5.699162483215332
Rank 0 - Image MIDRC-RICORD-1C-419639-000538-40522-0.png - Prediction 2 - Time 5.67085075378418
Rank 0 - Image MIDRC-RICORD-1C-419639-001735-74702-0.png - Prediction 2 - Time 5.669545650482178
Rank 0 - Image MIDRC-RICORD-1C-419639-000299-56159-0.png - Prediction 2 - Time 5.669692516326904
Rank 0 - Image MIDRC-RICORD-1C-SITE2-000178-89752-0.png - Prediction 2 - Time 5.715322256088257
Rank 0 - Image MIDRC-RICORD-1C-419639-001287-60951-0.png - Prediction 2 - Time 5.623262405395508
Rank 0 - Image MIDRC-RICORD-1C-SITE2-000182-35476-0.png - Prediction 2 - Time 5.7452263832092285
Rank 0 - Image MIDRC-RICORD-1C-419639-000025-17477-0.png - Prediction 2 - Time 5.621087551116943
Rank 0 - Image MIDRC-RICORD-1C-419639-002528-57471-0.png - Prediction 1 - Time 5.623510360717773
Rank 0 - Image MIDRC-RICORD-1C-419639-001932-82193-0.png - Prediction 2 - Time 5.683999538421631
Rank 0 - Image MIDRC-RICORD-1C-419639-000002-10161-0.png - Prediction 2 - Time 5.619671583175659
Rank 0 - Image MIDRC-RICORD-1C-419639-001464-72163-0.png - Prediction 1 - Time 5.617494821548462
Rank 0 - Image MIDRC-RICORD-1C-SITE2-000239-21655-0.png - Prediction 2 - Time 5.5990002155303955
Rank 0 - Image MIDRC-RICORD-1C-419639-003371-97350-0.png - Prediction 2 - Time 5.70808482170105
Rank 0 - Image MIDRC-RICORD-1C-419639-000432-86017-0.png - Prediction 2 - Time 5.617520093917847
Rank 0 - Image MIDRC-RICORD-1C-419639-001007-89903-0.png - Prediction 2 - Time 5.697633266448975
Rank 0 - Image MIDRC-RICORD-1C-419639-001464-39871-1.png - Prediction 2 - Time 5.614767789840698
Rank 0 - Image MIDRC-RICORD-1C-419639-002374-98411-0.png - Prediction 2 - Time 5.661339521408081
Rank 0 - Image MIDRC-RICORD-1C-SITE2-000028-53390-0.png - Prediction 2 - Time 5.670712232589722
Rank 0 - Image MIDRC-RICORD-1C-419639-001070-42385-0.png - Prediction 2 - Time 5.699478626251221
Rank 0 - Image MIDRC-RICORD-1C-SITE2-000283-41971-0.png - Prediction 2 - Time 5.689751863479614
Rank 0 - Image MIDRC-RICORD-1C-SITE2-000023-20254-0.png - Prediction 2 - Time 5.6812615394592285
Rank 0 - Image MIDRC-RICORD-1C-SITE2-000181-63935-0.png - Prediction 2 - Time 5.691791296005249
Rank 0 - Image MIDRC-RICORD-1C-419639-003105-50900-0.png - Prediction 0 - Time 5.681901693344116
Rank 0 - Image MIDRC-RICORD-1C-SITE2-000185-39456-0.png - Prediction 2 - Time 5.613020181655884
Rank 0 - Image MIDRC-RICORD-1C-419639-003187-73922-0.png - Prediction 2 - Time 5.609380483627319
Rank 0 - Image MIDRC-RICORD-1C-SITE2-000066-97290-0.png - Prediction 2 - Time 5.626277923583984
Rank 0 - Image MIDRC-RICORD-1C-SITE2-000105-65881-0.png - Prediction 2 - Time 5.716496467590332
Rank 0 - Image MIDRC-RICORD-1C-419639-003080-09097-0.png - Prediction 2 - Time 5.5729591846466064
Rank 0 - Image MIDRC-RICORD-1C-SITE2-000230-35167-0.png - Prediction 2 - Time 5.701361417770386
Rank 0 - Image MIDRC-RICORD-1C-419639-003365-72952-0.png - Prediction 2 - Time 5.568320035934448
Rank 0 - Image MIDRC-RICORD-1C-SITE2-000208-34584-0.png - Prediction 2 - Time 5.65428900718689
Rank 0 - Image MIDRC-RICORD-1C-419639-001464-53024-0.png - Prediction 1 - Time 5.609077215194702
Rank 0 - Image MIDRC-RICORD-1C-419639-003157-67493-0.png - Prediction 2 - Time 5.611560344696045
Rank 0 - Image MIDRC-RICORD-1C-SITE2-000048-66689-0.png - Prediction 2 - Time 5.792120456695557
Rank 0 - Image MIDRC-RICORD-1C-440808-000020-8.458-0.png - Prediction 2 - Time 5.647398233413696
Rank 0 - Image MIDRC-RICORD-1C-SITE2-000034-76728-1.png - Prediction 2 - Time 5.630735635757446
Rank 0 - Image MIDRC-RICORD-1C-419639-002784-76664-0.png - Prediction 0 - Time 5.573633670806885
Rank 0 - Image MIDRC-RICORD-1C-SITE2-000014-81802-0.png - Prediction 2 - Time 5.683617830276489
Rank 0 - Image MIDRC-RICORD-1C-SITE2-000068-39061-0.png - Prediction 2 - Time 5.659990072250366
Rank 0 - Image MIDRC-RICORD-1C-419639-000025-84235-0.png - Prediction 2 - Time 5.663346767425537
Rank 0 - Image MIDRC-RICORD-1C-SITE2-000001-16794-0.png - Prediction 2 - Time 5.708593368530273
Rank 0 - Image MIDRC-RICORD-1C-419639-001571-15270-0.png - Prediction 2 - Time 5.682391405105591
Rank 0 - Image MIDRC-RICORD-1C-419639-001903-65209-0.png - Prediction 2 - Time 5.6211700439453125
Rank 0 - Image MIDRC-RICORD-1C-SITE2-000244-77429-0.png - Prediction 2 - Time 5.701441526412964
Rank 0 - Image MIDRC-RICORD-1C-419639-000582-21506-0.png - Prediction 2 - Time 5.620696067810059
Rank 0 - Image MIDRC-RICORD-1C-419639-002088-09388-0.png - Prediction 2 - Time 5.687853574752808
Rank 0 - Image MIDRC-RICORD-1C-419639-002050-25234-0.png - Prediction 2 - Time 5.60186767578125
Rank 0 - Image MIDRC-RICORD-1C-SITE2-000235-44451-0.png - Prediction 2 - Time 5.696378231048584
Rank 0 - Image MIDRC-RICORD-1C-SITE2-000202-80939-0.png - Prediction 2 - Time 5.5388100147247314
Rank 0 - Image MIDRC-RICORD-1C-419639-003203-21209-0.png - Prediction 2 - Time 5.601995229721069
Rank 0 - Image MIDRC-RICORD-1C-419639-000025-90087-1.png - Prediction 2 - Time 5.57384467124939
Rank 0 - Image MIDRC-RICORD-1C-SITE2-000136-21646-0.png - Prediction 2 - Time 5.719738960266113
Rank 0 - Image MIDRC-RICORD-1C-SITE2-000153-84142-0.png - Prediction 2 - Time 5.617076635360718
Rank 0 - Image MIDRC-RICORD-1C-419639-003216-61144-0.png - Prediction 2 - Time 5.597899913787842
Rank 0 - Image MIDRC-RICORD-1C-419639-001464-60601-0.png - Prediction 2 - Time 5.591978311538696
Rank 0 - Image MIDRC-RICORD-1C-419639-003380-99227-0.png - Prediction 0 - Time 5.633501052856445
Rank 0 - Image MIDRC-RICORD-1C-SITE2-000272-41527-0.png - Prediction 2 - Time 5.572904109954834
Rank 0 - Image MIDRC-RICORD-1C-419639-003338-57135-0.png - Prediction 2 - Time 5.598591327667236
Rank 0 - Image MIDRC-RICORD-1C-419639-003060-04928-0.png - Prediction 2 - Time 5.55634069442749
Rank 0 - Image MIDRC-RICORD-1C-419639-002889-42412-0.png - Prediction 2 - Time 5.5501933097839355
Rank 0 - Image MIDRC-RICORD-1C-SITE2-000106-15732-0.png - Prediction 2 - Time 5.679960250854492
Rank 0 - Image MIDRC-RICORD-1C-SITE2-000297-71173-1.png - Prediction 2 - Time 5.720484733581543
Rank 0 - Image MIDRC-RICORD-1C-SITE2-000204-24409-0.png - Prediction 1 - Time 5.7663633823394775
Rank 0 - Image MIDRC-RICORD-1C-419639-001464-82193-0.png - Prediction 2 - Time 5.654465198516846
Rank 0 - Image MIDRC-RICORD-1C-SITE2-000058-42859-0.png - Prediction 2 - Time 5.690691947937012
Rank 0 - Image MIDRC-RICORD-1C-SITE2-000149-71428-1.png - Prediction 2 - Time 5.570550441741943
Rank 0 - Image MIDRC-RICORD-1C-419639-002281-83348-0.png - Prediction 2 - Time 5.645888805389404
Rank 0 - Image MIDRC-RICORD-1C-419639-002733-79941-0.png - Prediction 2 - Time 5.5851593017578125
Rank 0 - Image MIDRC-RICORD-1C-419639-000025-81112-0.png - Prediction 2 - Time 5.631598234176636
Rank 0 - Image MIDRC-RICORD-1C-419639-003186-86346-0.png - Prediction 0 - Time 5.583069801330566
Rank 0 - Image MIDRC-RICORD-1C-SITE2-000237-52517-0.png - Prediction 0 - Time 5.6866254806518555
Rank 0 - Image MIDRC-RICORD-1C-SITE2-000002-65816-0.png - Prediction 2 - Time 5.596973180770874
Rank 0 - Image MIDRC-RICORD-1C-419639-000025-39552-1.png - Prediction 2 - Time 5.660604953765869
Rank 0 - Image MIDRC-RICORD-1C-419639-000082-79663-0.png - Prediction 2 - Time 5.5595526695251465
Rank 0 - Image MIDRC-RICORD-1C-SITE2-000094-94497-0.png - Prediction 2 - Time 5.739211320877075
Rank 0 - Image MIDRC-RICORD-1C-SITE2-000131-16046-1.png - Prediction 2 - Time 5.723478317260742
Rank 0 - Image MIDRC-RICORD-1C-419639-002309-84923-0.png - Prediction 2 - Time 5.664345979690552
Rank 0 - Image MIDRC-RICORD-1C-419639-002768-13069-0.png - Prediction 2 - Time 5.6198718547821045
Rank 0 - Image MIDRC-RICORD-1C-SITE2-000108-12642-0.png - Prediction 2 - Time 5.725159168243408
Rank 0 - Image MIDRC-RICORD-1C-SITE2-000170-25974-1.png - Prediction 2 - Time 5.662232160568237
Rank 0 - Image MIDRC-RICORD-1C-SITE2-000097-16347-1.png - Prediction 2 - Time 5.723849534988403
Rank 0 - Image MIDRC-RICORD-1C-419639-002043-49668-0.png - Prediction 2 - Time 5.640504360198975
Rank 0 - Image MIDRC-RICORD-1C-419639-000785-60200-0.png - Prediction 0 - Time 5.66668701171875
Rank 0 - Image MIDRC-RICORD-1C-SITE2-000035-19513-0.png - Prediction 2 - Time 5.712526559829712
Rank 0 - Image MIDRC-RICORD-1C-419639-001155-71955-0.png - Prediction 2 - Time 5.668610334396362
Rank 0 - Image MIDRC-RICORD-1C-SITE2-000207-20956-0.png - Prediction 2 - Time 5.694421291351318
Rank 0 - Image MIDRC-RICORD-1C-419639-002472-45590-0.png - Prediction 2 - Time 5.680710792541504
Rank 0 - Image MIDRC-RICORD-1C-419639-002114-73757-0.png - Prediction 0 - Time 5.621806621551514
Rank 0 - Image MIDRC-RICORD-1C-419639-002997-12964-0.png - Prediction 2 - Time 5.60187292098999
Rank 0 - Image MIDRC-RICORD-1C-419639-001464-73170-0.png - Prediction 2 - Time 5.6692774295806885
Rank 0 - Image MIDRC-RICORD-1C-419639-003102-68604-0.png - Prediction 2 - Time 5.6761040687561035
Rank 0 - Image MIDRC-RICORD-1C-419639-001464-63464-0.png - Prediction 2 - Time 5.562504291534424
Rank 0 - Image MIDRC-RICORD-1C-419639-001603-23454-0.png - Prediction 2 - Time 5.589245319366455
Rank 0 - Image MIDRC-RICORD-1C-419639-000025-39552-0.png - Prediction 2 - Time 5.565831661224365
Rank 0 - Image MIDRC-RICORD-1C-SITE2-000291-42841-0.png - Prediction 2 - Time 5.624209880828857
Rank 0 - Image MIDRC-RICORD-1C-419639-001782-15190-0.png - Prediction 2 - Time 5.62524938583374
Rank 0 - Image MIDRC-RICORD-1C-SITE2-000279-56879-0.png - Prediction 2 - Time 5.592102527618408
Rank 0 - Image MIDRC-RICORD-1C-SITE2-000067-11643-0.png - Prediction 1 - Time 5.742243051528931
Rank 0 - Image MIDRC-RICORD-1C-SITE2-000015-91071-0.png - Prediction 2 - Time 5.7146501541137695
Rank 0 - Image MIDRC-RICORD-1C-440808-000016-8.281-0.png - Prediction 0 - Time 5.714223861694336
Rank 0 - Image MIDRC-RICORD-1C-419639-001829-30276-0.png - Prediction 2 - Time 5.709453821182251
Rank 0 - Image MIDRC-RICORD-1C-419639-000025-53641-0.png - Prediction 2 - Time 5.683851718902588
Rank 0 - Image MIDRC-RICORD-1C-SITE2-000124-65701-0.png - Prediction 2 - Time 5.745163202285767
Rank 0 - Image MIDRC-RICORD-1C-419639-001464-85049-0.png - Prediction 2 - Time 5.697951316833496
Rank 0 - Image MIDRC-RICORD-1C-419639-000025-90087-0.png - Prediction 2 - Time 5.6467976570129395
Rank 0 - Image MIDRC-RICORD-1C-SITE2-000098-66227-0.png - Prediction 2 - Time 5.690659046173096
Rank 0 - Image MIDRC-RICORD-1C-SITE2-000188-54382-0.png - Prediction 2 - Time 5.691653251647949
Rank 0 - Image MIDRC-RICORD-1C-SITE2-000072-79474-0.png - Prediction 2 - Time 5.709890604019165
Rank 0 - Image MIDRC-RICORD-1C-419639-001882-13628-0.png - Prediction 2 - Time 5.655295372009277
Rank 0 - Image MIDRC-RICORD-1C-419639-000402-60433-0.png - Prediction 0 - Time 5.695439338684082
Rank 0 - Image MIDRC-RICORD-1C-440808-000019-8.433-0.png - Prediction 1 - Time 5.669539928436279
Rank 0 - Image MIDRC-RICORD-1C-419639-003319-99931-0.png - Prediction 2 - Time 5.686617136001587
Rank 0 - Image MIDRC-RICORD-1C-SITE2-000217-73086-0.png - Prediction 2 - Time 5.711631774902344
Rank 0 - Image MIDRC-RICORD-1C-419639-000586-49647-0.png - Prediction 2 - Time 5.692765951156616
Rank 0 - Image MIDRC-RICORD-1C-SITE2-000115-40758-0.png - Prediction 2 - Time 5.67780065536499
Rank 0 - Image MIDRC-RICORD-1C-419639-000025-56207-0.png - Prediction 2 - Time 5.708462953567505
Rank 0 - Image MIDRC-RICORD-1C-419639-001699-69345-0.png - Prediction 2 - Time 5.624115467071533
Rank 0 - Image MIDRC-RICORD-1C-SITE2-000003-00527-0.png - Prediction 2 - Time 5.6756603717803955
Rank 0 - Image MIDRC-RICORD-1C-419639-003232-50592-0.png - Prediction 2 - Time 5.634533882141113
Rank 0 - Image MIDRC-RICORD-1C-419639-000025-04760-0.png - Prediction 2 - Time 5.667170763015747
Rank 0 - Image MIDRC-RICORD-1C-419639-000025-89853-0.png - Prediction 2 - Time 5.617023468017578
Rank 0 - Image MIDRC-RICORD-1C-419639-001425-17331-0.png - Prediction 2 - Time 5.68120265007019
Rank 0 - Image MIDRC-RICORD-1C-440808-000009-08.98-0.png - Prediction 2 - Time 5.616534948348999
Rank 0 - Image MIDRC-RICORD-1C-419639-000086-21140-0.png - Prediction 2 - Time 5.581066370010376
Rank 0 - Image MIDRC-RICORD-1C-SITE2-000270-57009-0.png - Prediction 2 - Time 5.662597894668579
Rank 0 - Image MIDRC-RICORD-1C-419639-000573-31324-0.png - Prediction 2 - Time 5.592010736465454
Rank 0 - Image MIDRC-RICORD-1C-SITE2-000154-41630-0.png - Prediction 2 - Time 5.685872793197632
Rank 0 - Image MIDRC-RICORD-1C-SITE2-000168-32448-0.png - Prediction 2 - Time 5.574350595474243
Rank 0 - Image MIDRC-RICORD-1C-SITE2-000125-08616-1.png - Prediction 2 - Time 5.727264881134033
Rank 0 - Image MIDRC-RICORD-1C-SITE2-000096-37358-0.png - Prediction 2 - Time 5.621547222137451
Rank 0 - Image MIDRC-RICORD-1C-SITE2-000221-43774-0.png - Prediction 2 - Time 5.706912994384766
Rank 0 - Image MIDRC-RICORD-1C-SITE2-000179-48742-0.png - Prediction 2 - Time 5.7019476890563965
Rank 0 - Image MIDRC-RICORD-1C-SITE2-000176-81030-0.png - Prediction 2 - Time 5.741103649139404
Rank 0 - Image MIDRC-RICORD-1C-419639-003199-43900-0.png - Prediction 2 - Time 5.58700704574585
Rank 0 - Image MIDRC-RICORD-1C-419639-003191-84953-0.png - Prediction 0 - Time 5.687750816345215
Rank 0 - Image MIDRC-RICORD-1C-SITE2-000029-97068-0.png - Prediction 2 - Time 5.61090612411499
Rank 0 - Image MIDRC-RICORD-1C-419639-002401-32756-0.png - Prediction 0 - Time 5.675435781478882
Rank 0 - Image MIDRC-RICORD-1C-419639-001762-18334-0.png - Prediction 2 - Time 5.591297626495361
Rank 0 - Image MIDRC-RICORD-1C-SITE2-000210-51719-0.png - Prediction 2 - Time 5.768926620483398
Rank 0 - Image MIDRC-RICORD-1C-SITE2-000200-97745-0.png - Prediction 2 - Time 5.66837215423584
Rank 0 - Image MIDRC-RICORD-1C-419639-001374-75990-0.png - Prediction 2 - Time 5.665579557418823
Rank 0 - Image MIDRC-RICORD-1C-419639-003336-50845-0.png - Prediction 2 - Time 5.54194188117981
Rank 0 - Image MIDRC-RICORD-1C-419639-002929-69159-0.png - Prediction 2 - Time 5.585071802139282
Rank 0 - Image MIDRC-RICORD-1C-SITE2-000120-98054-0.png - Prediction 2 - Time 5.4945292472839355
Rank 0 - Image MIDRC-RICORD-1C-SITE2-000127-30661-0.png - Prediction 2 - Time 5.63615083694458
Rank 0 - Image MIDRC-RICORD-1C-SITE2-000206-25871-0.png - Prediction 2 - Time 5.602865934371948
Rank 0 - Image MIDRC-RICORD-1C-SITE2-000141-46899-0.png - Prediction 2 - Time 5.543285846710205
Rank 0 - Image MIDRC-RICORD-1C-SITE2-000203-08712-0.png - Prediction 2 - Time 5.6219587326049805
Rank 0 - Image MIDRC-RICORD-1C-SITE2-000045-76077-0.png - Prediction 2 - Time 5.649440288543701
Rank 0 - Image MIDRC-RICORD-1C-SITE2-000162-64489-0.png - Prediction 2 - Time 5.550225496292114
Rank 0 - Image MIDRC-RICORD-1C-419639-001505-21193-0.png - Prediction 2 - Time 5.579700231552124
Rank 0 - Image MIDRC-RICORD-1C-SITE2-000173-80432-1.png - Prediction 2 - Time 5.574639320373535
Rank 0 - Image MIDRC-RICORD-1C-419639-002871-45785-0.png - Prediction 2 - Time 5.606168270111084
Rank 0 - Image MIDRC-RICORD-1C-SITE2-000220-78771-1.png - Prediction 0 - Time 5.680534362792969
Rank 0 - Image MIDRC-RICORD-1C-419639-001661-28330-1.png - Prediction 2 - Time 5.573908567428589
Rank 0 - Image MIDRC-RICORD-1C-SITE2-000142-56843-0.png - Prediction 2 - Time 5.666107654571533
Rank 0 - Image MIDRC-RICORD-1C-419639-003099-52606-0.png - Prediction 0 - Time 5.633662223815918
Rank 0 - Image MIDRC-RICORD-1C-419639-002463-12463-0.png - Prediction 2 - Time 5.684266805648804
Rank 0 - Image MIDRC-RICORD-1C-419639-001085-09031-0.png - Prediction 0 - Time 5.578611612319946
Rank 0 - Image MIDRC-RICORD-1C-419639-002895-42704-0.png - Prediction 0 - Time 5.635385990142822
Rank 0 - Image 47c78742-4998-4878-aec4-37b11b1354ac.png - Prediction 0 - Time 5.5797600746154785
Rank 0 - Image 8989e25c-a698-48fc-b428-fff56931fc8f.png - Prediction 0 - Time 5.630077123641968
Rank 0 - Image 7fb3786c-5045-4a90-981d-c55b53d4d5d3.png - Prediction 0 - Time 5.5684309005737305
Rank 0 - Image 766b8aea-3b43-4a34-b675-09f373ca066b.png - Prediction 0 - Time 5.598516464233398
Rank 0 - Image f6236cb5-cc36-4ec4-895c-d11ce043341d.png - Prediction 0 - Time 5.529978513717651
Rank 0 - Image 153b7c2b-4909-4dca-8579-9523582bc4fe.png - Prediction 0 - Time 5.529334545135498
Rank 0 - Image 1afd6582-da9d-4e5a-a81f-62a188fe9366.png - Prediction 0 - Time 5.540746212005615
Rank 0 - Image 85bb48fe-e6d6-47de-bb71-d1636aced7dc.png - Prediction 0 - Time 5.605186700820923
Rank 0 - Image eaeb935a-7294-4dd3-8bf5-73ba781d28af.png - Prediction 0 - Time 5.550064325332642
Rank 0 - Image 5f137fa7-6539-499e-b0d5-0e481221bf5a.png - Prediction 0 - Time 5.612396001815796
Rank 0 - Image b5234584-1487-492c-8742-444b9ca41c3d.png - Prediction 0 - Time 5.570894718170166
Rank 0 - Image 71d8d6ec-253b-4272-a467-311828b2a35b.png - Prediction 0 - Time 5.627813816070557
Rank 0 - Image 0103fadb-1663-40a6-8a9e-09d626cd2091.png - Prediction 0 - Time 5.564640760421753
Rank 0 - Image e4cd65ae-65de-44fc-a6b2-ebbc46d2e8d8.png - Prediction 0 - Time 5.637054681777954
Rank 0 - Image 2f8fbfdc-56db-4eca-bf64-3c9a0637e28c.png - Prediction 0 - Time 5.5575621128082275
Rank 0 - Image bc46651a-1314-44af-a834-1eb8a36e589e.png - Prediction 0 - Time 5.546880483627319
Rank 0 - Image 71d25920-4060-4a31-b7aa-cfbf4721a5c5.png - Prediction 0 - Time 5.61406135559082
Rank 0 - Image ca3c90e4-f7fe-4f6e-b20b-81473deab4f0.png - Prediction 0 - Time 5.608658313751221
Rank 0 - Image dab2f334-331c-42c7-af09-a997092464b0.png - Prediction 0 - Time 5.561502695083618
Rank 0 - Image 436dce2a-06c3-4281-bb8e-840497a49381.png - Prediction 1 - Time 5.60679817199707
Rank 0 - Image af6ef3d9-81c8-434e-bc5a-dbf89bc418aa.png - Prediction 0 - Time 5.5742504596710205
Rank 0 - Image a7aef71b-0fc8-4837-be79-4ced56e03439.png - Prediction 0 - Time 5.536550283432007
Rank 0 - Image dfa57c1f-01fb-4417-a1b5-0641a9b4bb84.png - Prediction 0 - Time 5.544109106063843
Rank 0 - Image 5eb932e2-3455-40fe-93db-ae44f897d9e0.png - Prediction 0 - Time 5.477777004241943
Rank 0 - Image e8485b0f-293d-4ca8-8b71-92db61c8ee3e.png - Prediction 0 - Time 5.53564977645874
Rank 0 - Image 35cda03a-0898-4f8b-92d3-6f263aed23ff.png - Prediction 0 - Time 5.456576108932495
Rank 0 - Image d82e5841-2f43-4eab-ac17-e98a2d90c51b.png - Prediction 0 - Time 5.516119718551636
Rank 0 - Image af1d168c-4850-41e1-85b8-ff8fc645e671.png - Prediction 0 - Time 5.461887836456299
Rank 0 - Image 585f5059-8938-4885-accb-d7d0b1097c60.png - Prediction 0 - Time 5.603277206420898
Rank 0 - Image 5d4c7318-4739-4470-89f3-70bbbca95f10.png - Prediction 0 - Time 5.559081792831421
Rank 0 - Image d3ad2915-af30-426c-ad2d-1634df8c1b5f.png - Prediction 0 - Time 5.605632543563843
Rank 0 - Image dee054ff-0e1a-4167-b814-cbf339cf689c.png - Prediction 0 - Time 5.54864764213562
Rank 0 - Image bb068d57-86a8-4347-bee0-e29d59ddef6b.png - Prediction 0 - Time 5.531219959259033
Rank 0 - Image 354c3756-43ed-4921-adf8-60be49a8b7e8.png - Prediction 0 - Time 5.566016435623169
Rank 0 - Image b8dd7d32-b177-4d1e-982f-6f0a743828fa.png - Prediction 0 - Time 5.611395835876465
Rank 0 - Image a17f7e03-42a6-41d3-82ad-d8a656826936.png - Prediction 0 - Time 5.558522462844849
Rank 0 - Image c3c78e4e-1a31-4a92-be4b-0fc3c7f992a4.png - Prediction 0 - Time 5.603380918502808
Rank 0 - Image f1c8caa2-a6dc-40c0-ab85-4769688f1eec.png - Prediction 0 - Time 5.560827016830444
Rank 0 - Image d535a3c8-c4a4-4856-b5cd-17f6332eac8b.png - Prediction 0 - Time 5.613675594329834
Rank 0 - Image 2ed06be4-9f0e-4256-b8bf-a4b396cc6364.png - Prediction 0 - Time 5.576724529266357
Rank 0 - Image 168f4fcb-a87d-49fc-b167-4ed42fd1ec43.png - Prediction 0 - Time 5.624004125595093
Rank 0 - Image a8e3ea7d-0b63-45cf-85d8-1078d3e2449d.png - Prediction 0 - Time 5.560471057891846
Rank 0 - Image f31d1fb1-604b-4fec-b320-f07ce2694008.png - Prediction 0 - Time 5.610910654067993
Rank 0 - Image 069cfd47-0169-43e7-89a1-0be0fa24105b.png - Prediction 0 - Time 5.570576429367065
Rank 0 - Image 85d84453-ab2d-4666-98e6-5df3cbb81f5b.png - Prediction 0 - Time 5.552326917648315
Rank 0 - Image 8db71746-e837-43c2-bdf1-c44d1ab207e3.png - Prediction 0 - Time 5.598817348480225
Rank 0 - Image 275f9fff-2439-4f3f-9c48-7c21f348701a.png - Prediction 0 - Time 5.606947183609009
Rank 0 - Image 1d1968e2-88a5-4d72-9237-caf4cbad9423.png - Prediction 0 - Time 5.555490016937256
Rank 0 - Image 07aeb82e-773b-4498-95c0-fabdf4985bb2.png - Prediction 0 - Time 5.635010242462158
Rank 0 - Image 652d6bb3-56a0-4a89-9631-684ce27cfc4c.png - Prediction 0 - Time 5.546471357345581
Rank 0 - Image e155c13d-7ac7-4765-bb86-899349978413.png - Prediction 0 - Time 5.5303955078125
Rank 0 - Image 98bfaf7a-d80b-491e-a7e0-c5c7316bebe9.png - Prediction 0 - Time 5.591794729232788
Rank 0 - Image 76b180ab-242f-45d3-bce1-68df00c5ef45.png - Prediction 0 - Time 5.542302370071411
Rank 0 - Image 372b2fea-2013-4600-a06f-765c3f054a82.png - Prediction 0 - Time 5.599622488021851
Rank 0 - Image a52aa522-a1b3-4f15-8609-f44bf96da2e3.png - Prediction 0 - Time 5.540982723236084
Rank 0 - Image 6556ce72-1a60-40aa-aaf7-b50dbf07fae7.png - Prediction 0 - Time 5.601107358932495
Rank 0 - Image 633d9182-1809-41b7-a59b-1e60ac91f0c9.png - Prediction 0 - Time 5.567678689956665
Rank 0 - Image fd7bad9a-1bff-49ec-9c6c-c9aae9e65726.png - Prediction 0 - Time 5.597327947616577
Rank 0 - Image 99432aa3-8d61-4ff2-a79a-f0a0218d6fa2.png - Prediction 0 - Time 5.559441089630127
Rank 0 - Image 34bf2fcd-131a-428c-9a21-cd2fa9041f9b.png - Prediction 0 - Time 5.608473300933838
Rank 0 - Image b5007662-ff9c-49ad-9093-85ed7dc44bf4.png - Prediction 0 - Time 5.565432548522949
Rank 0 - Image 06b2f933-3ea2-4477-ac27-18f732d1f4e1.png - Prediction 0 - Time 5.604361057281494
Rank 0 - Image c2b24ebd-2c40-48c3-ba39-177224dd7db0.png - Prediction 0 - Time 5.5730674266815186
Rank 0 - Image 63192a6c-02ba-48a5-932a-bb82aeacb1bc.png - Prediction 0 - Time 5.622727632522583
Rank 0 - Image 73dca3d1-5c58-4c72-80a9-201deca7ffec.png - Prediction 0 - Time 5.560652494430542
Rank 0 - Image c485a9bd-6e18-4328-8c5c-cf80f71aa35d.png - Prediction 0 - Time 5.633462190628052
Rank 0 - Image b540ba89-72f7-40f5-a916-376546c20014.png - Prediction 0 - Time 5.557042598724365
Rank 0 - Image 33e4e43b-054b-4537-9cd6-0fe574f7d337.png - Prediction 0 - Time 5.642564058303833
Rank 0 - Image 45dd0d26-0740-4c32-bd01-34246a41f3e3.png - Prediction 0 - Time 5.535052537918091
Rank 0 - Image ad446933-fb8e-4739-bb40-2063e796ffd8.png - Prediction 0 - Time 5.596059560775757
Rank 0 - Image 5b12801f-aaf7-442e-b994-ec8f15ce78e5.png - Prediction 0 - Time 5.544867753982544
Rank 0 - Image 3fe1550e-8bcb-4732-a343-725acce70531.png - Prediction 0 - Time 5.6029276847839355
Rank 0 - Image 0bb24183-8b59-48f1-8bbf-4d889976fc82.png - Prediction 0 - Time 5.552901983261108
Rank 0 - Image 02e4191e-fb03-4581-914c-f0438a17e53e.png - Prediction 0 - Time 5.535874605178833
Rank 0 - Image a8dfd068-69e9-4486-bb22-2a04f2f2e1a5.png - Prediction 0 - Time 5.608328580856323
Rank 0 - Image 63f71157-7db6-476f-b320-ba2fcbe2543f.png - Prediction 0 - Time 5.619907379150391
Rank 0 - Image 1cdba4ee-0bb8-421d-9a24-7febeb399729.png - Prediction 0 - Time 5.554029226303101
Rank 0 - Image e1d23cbe-213d-48d6-a8c2-672c4e68285d.png - Prediction 0 - Time 5.6210105419158936
Rank 0 - Image 4b1cab8a-c9bd-40e6-bc86-23c6be98a099.png - Prediction 0 - Time 5.592510938644409
Rank 0 - Image ec0492da-e6be-49cf-8b18-dc143180f1a2.png - Prediction 0 - Time 5.548633098602295
Rank 0 - Image 89dd8f63-8320-48f3-b142-d903f40d5c8c.png - Prediction 0 - Time 5.621813058853149
Rank 0 - Image b76728e6-f44b-40bf-8688-e703d10d2039.png - Prediction 0 - Time 5.553305625915527
Rank 0 - Image d9884def-b31a-4861-9eea-27f97bffeba2.png - Prediction 0 - Time 5.616059303283691
Rank 0 - Image ffba6230-71cf-4287-a0d1-887f5d16e95d.png - Prediction 0 - Time 5.536833763122559
Rank 0 - Image f3b015ab-e337-4e7f-971d-eb7cc3dd4e92.png - Prediction 0 - Time 5.602620363235474
Rank 0 - Image bca4aa4d-0cc9-4cc0-b06d-5b675194bf62.png - Prediction 0 - Time 5.552138328552246
Rank 0 - Image 9e2ddac8-9a4c-448b-98c8-a840a548d0f7.png - Prediction 0 - Time 5.619184255599976
Rank 0 - Image fc958b63-5da8-448d-8962-3c5167dc9410.png - Prediction 0 - Time 5.535042762756348
Rank 0 - Image cb7d021b-b273-436a-bd7a-e68c11ed3f6b.png - Prediction 0 - Time 5.626308441162109
Rank 0 - Image ff332704-48e0-445b-9188-b2a696d1f0d7.png - Prediction 0 - Time 5.578153133392334
Rank 0 - Image 3e1b619a-cdd9-495a-bcbf-a9d62b418991.png - Prediction 0 - Time 5.612181186676025
Rank 0 - Image 0977f16c-c343-42c9-95ed-d7ca996feb16.png - Prediction 0 - Time 5.5672993659973145
Rank 0 - Image f8a11cd6-e541-4765-a41b-3d70b6f3481e.png - Prediction 0 - Time 5.627360105514526
Rank 0 - Image 960131aa-4ce4-4b26-aa12-5f73d8d81453.png - Prediction 0 - Time 5.557517051696777
Rank 0 - Image 3a5327d8-8830-4ae2-bd6b-293f5aa42d4b.png - Prediction 0 - Time 5.598126173019409
Rank 0 - Image a0b9597d-93f4-4a7c-a412-81cb78bccb66.png - Prediction 0 - Time 5.554406642913818
Rank 0 - Image cdac0980-033c-4685-b7e4-0a12c86a00a9.png - Prediction 0 - Time 5.62420654296875
Rank 0 - Image 7ca5c75a-1ec6-49a7-a3b0-93b6122a3170.png - Prediction 0 - Time 5.549277067184448
Rank 0 - Image d1e0d69c-a4df-485a-983c-535494221d1a.png - Prediction 0 - Time 5.603553533554077
Rank 0 - Image 6b969591-8a07-49ed-9f65-fa19a453df59.png - Prediction 0 - Time 5.556499719619751
Rank 0 - Image bd8facb9-dce0-4048-8249-e6078b28e1b7.png - Prediction 1 - Time 5.620285987854004
Rank 0 - Image 4dbc44ca-694a-4814-9a24-bc60c8d8d611.png - Prediction 1 - Time 5.55864143371582
Rank 0 - Image 3f504abe-2133-4e09-98af-743cdea486f9.png - Prediction 1 - Time 5.52208685874939
Rank 0 - Image af169d21-1c39-445e-82d8-5035182a3a8c.png - Prediction 2 - Time 5.600057125091553
Rank 0 - Image fcd159f4-21d3-4169-a94b-95a2b5ccddcb.png - Prediction 1 - Time 5.568357467651367
Rank 0 - Image b6db3041-1554-43ef-baca-58733b6717d6.png - Prediction 0 - Time 5.488195896148682
Rank 0 - Image a0a8370a-dc3f-4f70-a440-e3fa9827928a.png - Prediction 1 - Time 5.528375625610352
Rank 0 - Image 1dad3414-88c9-4c56-af5d-3a1488af452c.png - Prediction 1 - Time 5.4768617153167725
Rank 0 - Image f760c946-a103-4991-a6e5-ff60c24cd99f.png - Prediction 1 - Time 5.543311357498169
Rank 0 - Image b021293c-4dd0-450c-b1a4-2d72cedab0a2.png - Prediction 1 - Time 5.587794780731201
Rank 0 - Image 349f10b4-dc3e-4f3f-b2e4-a5b81448ce87.png - Prediction 1 - Time 5.530686140060425
Rank 0 - Image 05d3817a-5535-4e77-8dda-d4412e496c81.png - Prediction 1 - Time 5.630202531814575
Rank 0 - Image c21157da-1f74-4966-ba4e-c144d8f5da2d.png - Prediction 1 - Time 5.537888288497925
Rank 0 - Image 5acc56a4-1b6e-4394-9364-9772047d583f.png - Prediction 2 - Time 5.597381830215454
Rank 0 - Image dd4d6a4c-1e67-4911-bda2-7d8af75b1b19.png - Prediction 1 - Time 5.568413972854614
Rank 0 - Image f0ba0019-718f-4677-a723-05c27dba2f3e.png - Prediction 1 - Time 5.618212461471558
Rank 0 - Image cc3177c8-6570-497c-aef3-6fbddef692f6.png - Prediction 1 - Time 5.537110090255737
Rank 0 - Image 0e03c2d7-9cea-4dc7-8e91-794a8b3ff58d.png - Prediction 1 - Time 5.600552558898926
Rank 0 - Image 070c921f-171c-420c-915b-e49e3f600c38.png - Prediction 1 - Time 5.513140439987183
Rank 0 - Image caa545b4-4eea-4e3a-90b1-c4c0789a1109.png - Prediction 1 - Time 5.527090787887573
Rank 0 - Image 7817b551-d220-479b-815f-395f83e1dba1.png - Prediction 1 - Time 5.471108913421631
Rank 0 - Image f743c21e-5876-460b-bbd6-2e2dcca41baa.png - Prediction 1 - Time 5.516887903213501
Rank 0 - Image e1d5a233-39ca-41dc-a289-b07c3e78cdb1.png - Prediction 1 - Time 5.510375022888184
Rank 0 - Image 40a2f7fd-342e-494b-a7e0-5857b73ec582.png - Prediction 1 - Time 5.542407274246216
Rank 0 - Image bcdd92c8-2cde-4899-a6fc-46b875aaab62.png - Prediction 1 - Time 5.510224342346191
Rank 0 - Image ac648f87-a79f-4ce0-9439-23a8dd886b71.png - Prediction 1 - Time 5.5339837074279785
Rank 0 - Image 93b49de9-9267-43c2-a507-6885e4caeaba.png - Prediction 1 - Time 5.485896110534668
Rank 0 - Image af2ff93b-2f33-4c91-bde1-1490fc435b50.png - Prediction 1 - Time 5.547007083892822
Rank 0 - Image 31692137-f770-4cfe-a02e-fd207ce813ac.png - Prediction 1 - Time 5.484657287597656
Rank 0 - Image f7379744-be39-44b2-8816-a743857bd6a6.png - Prediction 1 - Time 5.539832830429077
Rank 0 - Image 3186d210-966f-4733-ba72-98729be9551a.png - Prediction 1 - Time 5.509147644042969
Rank 0 - Image b51c3c24-f9aa-4039-9fc1-527a5567dff6.png - Prediction 0 - Time 5.533815860748291
Rank 0 - Image e9e58e10-2795-4dec-a738-c9792ea8f685.png - Prediction 1 - Time 5.598333120346069
Rank 0 - Image cd9d2d22-4395-4e4d-8837-cfb33c2bdaab.png - Prediction 1 - Time 5.650799989700317
Rank 0 - Image b42eaeb8-b6d3-41d7-836c-56fd0922abf6.png - Prediction 1 - Time 5.562530755996704
Rank 0 - Image ae06b30f-ae30-40d3-b237-c934ce499774.png - Prediction 1 - Time 5.608316659927368
Rank 0 - Image f59ae80d-d98e-465f-963a-1064764211f8.png - Prediction 1 - Time 5.552725315093994
Rank 0 - Image 03a9498c-549d-4e7d-800b-e74797f7f625.png - Prediction 1 - Time 5.462407350540161
Rank 0 - Image 080f2b35-fcd5-473e-864b-a7dea3054cc7.png - Prediction 1 - Time 5.512498378753662
Rank 0 - Image b479635e-4c58-4d27-879b-fb0e87b2a1aa.png - Prediction 1 - Time 5.46496057510376
Rank 0 - Image 86853bbd-5af2-4551-8273-f2978dffdd76.png - Prediction 0 - Time 5.512815237045288
Rank 0 - Image acb5c720-f741-415c-993c-65855be08ffa.png - Prediction 1 - Time 5.484283447265625
Rank 0 - Image 1414c7d6-dff3-453c-8322-b25bb5899d78.png - Prediction 1 - Time 5.550231218338013
Rank 0 - Image c3a6ca22-c09b-4be0-a59d-e52718fbb645.png - Prediction 1 - Time 5.4681007862091064
Rank 0 - Image bfd795ae-7656-40fc-b44e-566515e52ed2.png - Prediction 1 - Time 5.560955762863159
Rank 0 - Image 098906c5-cf22-43d3-9f0d-90e88e602090.png - Prediction 1 - Time 5.5551276206970215
Rank 0 - Image b5714c0f-6d0f-4c56-833f-8b83f19e982a.png - Prediction 1 - Time 5.6059088706970215
Rank 0 - Image 875b34e4-b58d-479f-954a-5b015071f448.png - Prediction 1 - Time 5.559828996658325
Rank 0 - Image 91e187a5-771d-4a83-9601-e22ed326bc8e.png - Prediction 1 - Time 5.606169939041138
Rank 0 - Image 3abb7176-035d-46cc-844e-820870e8154b.png - Prediction 1 - Time 5.558980703353882
Rank 0 - Image 3e4ee273-d5ca-4cf8-a75a-05772e0e12fe.png - Prediction 1 - Time 5.626120328903198
Rank 0 - Image bd9af100-1805-4e0a-8875-4a4b7195f0d8.png - Prediction 1 - Time 5.562810897827148
Rank 0 - Image 6804008c-94eb-4870-ba6e-b06514073e71.png - Prediction 1 - Time 5.607041120529175
Rank 0 - Image 0d9b1283-fc24-4fd3-a520-bc5d563e13e1.png - Prediction 0 - Time 5.558830261230469
Rank 0 - Image 0a8d486f-1aa6-4fcf-b7be-4bf04fc8628b.png - Prediction 1 - Time 5.617530822753906
Rank 0 - Image 37f17069-62ce-42ff-9fa4-d6a1056bd075.png - Prediction 1 - Time 5.593474864959717
Rank 0 - Image 3db7e979-5f97-4985-bf0c-cdea7951e246.png - Prediction 1 - Time 5.614685535430908
Rank 0 - Image e2e89418-6c0e-4f50-a2d9-6cd5e58feef0.png - Prediction 1 - Time 5.511235952377319
Rank 0 - Image 393b8e45-6d97-4013-8100-27ebf07a1dad.png - Prediction 1 - Time 5.617165565490723
Rank 0 - Image 2348e8ba-483f-476d-b29d-5ba8398d7abc.png - Prediction 1 - Time 5.488924026489258
Rank 0 - Image aef87dc2-a097-4683-9fb1-d1af6838a16a.png - Prediction 0 - Time 5.531334400177002
Rank 0 - Image afe1b6e2-203e-4ee5-856a-2f205d8bca2a.png - Prediction 1 - Time 5.601765871047974
Rank 0 - Image 3d070009-c877-4ed4-ac80-53781cb30fef.png - Prediction 1 - Time 5.608376979827881
Rank 0 - Image 34fbff70-fa6e-4709-ab07-17f739fce394.png - Prediction 1 - Time 5.5159993171691895
Rank 0 - Image 2c68016e-5a63-4430-a834-efe5d43edd0e.png - Prediction 1 - Time 5.526607275009155
Rank 0 - Image 8ae822ae-a656-47ba-ac5b-848ce2256575.png - Prediction 1 - Time 5.609991550445557
Rank 0 - Image f661fe70-2fc1-4564-9f53-45504c0b0688.png - Prediction 1 - Time 5.461529970169067
Rank 0 - Image 78c33a1a-8f22-476c-ae97-8190192102df.png - Prediction 1 - Time 5.542204141616821
Rank 0 - Image 652b519d-5eb4-4abc-93f7-15ae661a431f.png - Prediction 1 - Time 5.466076850891113
Rank 0 - Image 2397b2f6-3dfa-476c-89ea-e9992c5bd9a9.png - Prediction 1 - Time 5.534660339355469
Rank 0 - Image ac10f43e-03b8-43d2-bcae-6fe000542397.png - Prediction 0 - Time 5.457772731781006
Rank 0 - Image 3c8cc0d1-be7f-493d-9570-542d851f623b.png - Prediction 1 - Time 5.519319772720337
Rank 0 - Image 6565a9e6-3f01-4de8-a18d-ade3121c5d7c.png - Prediction 1 - Time 5.456986665725708
Rank 0 - Image ed0c5d1e-934a-4e31-9221-3a6a69ec9c1b.png - Prediction 1 - Time 5.5146644115448
Rank 0 - Image 4bc8ce99-2420-48c2-a768-d067da67ced2.png - Prediction 1 - Time 5.460885047912598
Rank 0 - Image 6df82c7a-a91e-487c-ae3a-9022b17d7c7a.png - Prediction 1 - Time 5.542378664016724
Rank 0 - Image a6c364d2-b2d6-4b0b-a439-40b992ff65c7.png - Prediction 1 - Time 5.503617525100708
Rank 0 - Image 32a5977f-f8ab-41c9-9b51-5387248e4675.png - Prediction 0 - Time 5.525463342666626
Rank 0 - Image c3751c94-ea6f-4a7c-b3bf-87a54012fa80.png - Prediction 0 - Time 5.493031978607178
Rank 0 - Image 1c0a780d-1cac-4eee-b46d-470ecebc9ae0.png - Prediction 1 - Time 5.517929792404175
Rank 0 - Image b852bc3c-0de5-4448-aff8-f96b2cc13d51.png - Prediction 1 - Time 5.477248430252075
Rank 0 - Image a2616330-1f29-4019-928f-e2d62b3b737b.png - Prediction 1 - Time 5.546703100204468
Rank 0 - Image a6236ddd-6367-4569-b5f1-07d2df9390ad.png - Prediction 1 - Time 5.4730448722839355
Rank 0 - Image b8d6b40d-2a3d-475f-88d3-03560f645223.png - Prediction 1 - Time 5.53324556350708
Rank 0 - Image 49b2fb17-b12c-4e5a-8c4a-02449027c42b.png - Prediction 1 - Time 5.463011264801025
Rank 0 - Image 3766b0a6-1769-4d82-b081-fa53531de34e.png - Prediction 1 - Time 5.536912679672241
Rank 0 - Image f12d7b12-0398-4533-8f55-8772cc434945.png - Prediction 1 - Time 5.464495420455933
Rank 0 - Image 0b7a4fb2-adab-484b-a0f7-23f5111bc745.png - Prediction 1 - Time 5.525588512420654
Rank 0 - Image 1565fd6c-9432-454a-87e4-937fd5ad5b60.png - Prediction 1 - Time 5.472432851791382
Rank 0 - Image 02002619-3dea-4038-8d4d-458db30ed8de.png - Prediction 1 - Time 5.4758641719818115
Rank 0 - Image becefa4b-f719-48c6-a903-85e391e026a4.png - Prediction 1 - Time 5.513093948364258
Rank 0 - Image 3f2b878e-9e3b-410b-a739-b43d81b98692.png - Prediction 1 - Time 5.523735046386719
Rank 0 - Image adce8349-6836-4328-ab63-f356d0bbe298.png - Prediction 1 - Time 5.482858896255493
Rank 0 - Image 854fee36-d54c-4cde-904d-ab77f5e2e091.png - Prediction 1 - Time 5.508763551712036
Rank 0 - Image baf8fe18-a7ca-4e9c-b3dc-5c80d474545b.png - Prediction 1 - Time 5.475415945053101
Rank 0 - Image a77b32f6-1999-4cc6-8a0d-1ef7e53850f0.png - Prediction 1 - Time 5.455563068389893
Rank 0 - Image 41bf2042-53a2-44a8-9a29-55e643af5ac0.png - Prediction 1 - Time 5.5141918659210205
Rank 0 - Image ec09ddb3-9b0b-4749-9e0d-f94a4a7e5fed.png - Prediction 1 - Time 5.466227054595947
Rank 0 - Image abff4044-3c0a-458f-b0c7-04254be7fc0c.png - Prediction 1 - Time 5.573337554931641
Rank 0 - Image 27b32500-40ef-4c14-ab88-ace5e9ceea27.png - Prediction 1 - Time 5.505163908004761
Rank 0 - gathering data of length: 1
Created csv file: /p/project/joaiml/ingolfsson1/COVID_Net/results/covidx_test_1_224_2283.csv
Total inference time: 2283.2844471931458
