Wed Feb 23 12:12:38 2022       
+-----------------------------------------------------------------------------+
| NVIDIA-SMI 418.87.00    Driver Version: 470.57.02    CUDA Version: 11.4     |
|-------------------------------+----------------------+----------------------+
| GPU  Name        Persistence-M| Bus-Id        Disp.A | Volatile Uncorr. ECC |
| Fan  Temp  Perf  Pwr:Usage/Cap|         Memory-Usage | GPU-Util  Compute M. |
|===============================+======================+======================|
|   0  Tesla V100-PCIE...  On   | 00000000:65:00.0 Off |                    0 |
| N/A   47C    P0    38W / 250W |    307MiB / 32510MiB |      0%      Default |
+-------------------------------+----------------------+----------------------+
                                                                               
+-----------------------------------------------------------------------------+
| Processes:                                                       GPU Memory |
|  GPU       PID   Type   Process name                             Usage      |
|=============================================================================|
|    0      1574      C   /opt/dcdb/bin/dcdbpusher                     303MiB |
+-----------------------------------------------------------------------------+
[1645614759.889134] [dp-esb30:31835:0]          ib_md.c:1948 UCX  ERROR ibv_query_device(mlx5_0) returned 38: No space left on device
[1645614759.889068] [dp-esb72:11632:0]          ib_md.c:1948 UCX  ERROR ibv_query_device(mlx5_0) returned 38: No space left on device
[1645614759.889762] [dp-esb74:11154:0]          ib_md.c:1948 UCX  ERROR ibv_query_device(mlx5_0) returned 38: No space left on device
[1645614759.901800] [dp-esb26:26283:0]          ib_md.c:1948 UCX  ERROR ibv_query_device(mlx5_0) returned 38: No space left on device
[1645614759.913080] [dp-esb29:30073:0]          ib_md.c:1948 UCX  ERROR ibv_query_device(mlx5_0) returned 38: No space left on device
[1645614759.913624] [dp-esb27:25422:0]          ib_md.c:1948 UCX  ERROR ibv_query_device(mlx5_0) returned 38: No space left on device
[1645614759.919396] [dp-esb73:14462:0]          ib_md.c:1948 UCX  ERROR ibv_query_device(mlx5_0) returned 38: No space left on device
[1645614761.219930] [dp-esb02:28992:0]          ib_md.c:1948 UCX  ERROR ibv_query_device(mlx5_0) returned 38: No space left on device
[1645614761.941195] [dp-esb75:26614:0]          ib_md.c:1948 UCX  ERROR ibv_query_device(mlx5_0) returned 38: No space left on device
[1645614761.943305] [dp-esb28:11477:0]          ib_md.c:1948 UCX  ERROR ibv_query_device(mlx5_0) returned 38: No space left on device
Rank 7 - Image patient00851-study1-view1_frontal.jpg - Prediction 2 - Time 8.421104669570923
Rank 2 - Image patient14755-study1-view1_frontal.jpg - Prediction 0 - Time 8.609499454498291
Rank 6 - Image patient01601-study1-view1_frontal.jpg - Prediction 2 - Time 8.924455642700195
Rank 5 - Image patient05129-study1-view1_frontal.jpg - Prediction 2 - Time 8.972860336303711
Rank 8 - Image patient05209-study1-view1_frontal.jpg - Prediction 2 - Time 9.049400568008423
Rank 1 - Image NoFinding-patient51660-study1-view1_frontal.jpg - Prediction 0 - Time 9.146268606185913
Rank 7 - Image patient08927-study1-view1_frontal.jpg - Prediction 2 - Time 4.716848373413086
Rank 2 - Image patient10399-study3-view1_frontal.jpg - Prediction 0 - Time 4.74929404258728
Rank 5 - Image patient04004-study1-view1_frontal.jpg - Prediction 2 - Time 4.786929130554199
Rank 6 - Image patient00253-study2-view1_frontal.jpg - Prediction 2 - Time 4.869722127914429
Rank 8 - Image patient02000-study1-view1_frontal.jpg - Prediction 0 - Time 4.876028299331665
Rank 1 - Image NoFinding-patient56387-study1-view1_frontal.jpg - Prediction 2 - Time 4.950226545333862
Rank 4 - Image patient06346-study5-view1_frontal.jpg - Prediction 0 - Time 14.494887828826904
Rank 7 - Image patient07043-study1-view1_frontal.jpg - Prediction 0 - Time 4.725165128707886
Rank 2 - Image patient14121-study2-view1_frontal.jpg - Prediction 2 - Time 4.664813041687012
Rank 5 - Image patient00486-study1-view1_frontal.jpg - Prediction 0 - Time 4.614327430725098
Rank 6 - Image patient09135-study1-view1_frontal.jpg - Prediction 0 - Time 4.61809229850769
Rank 8 - Image patient00528-study1-view1_frontal.jpg - Prediction 2 - Time 4.570364475250244
Rank 1 - Image NoFinding-patient09162-study1-view1_frontal.jpg - Prediction 0 - Time 4.816838026046753
Rank 4 - Image patient00467-study28-view1_frontal.jpg - Prediction 2 - Time 4.7928290367126465
Rank 9 - Image patient04213-study1-view1_frontal.jpg - Prediction 2 - Time 20.54873275756836
Rank 2 - Image patient04828-study1-view1_frontal.jpg - Prediction 2 - Time 4.508079290390015
Rank 7 - Image patient02344-study1-view1_frontal.jpg - Prediction 2 - Time 4.730233430862427
Rank 5 - Image patient08417-study4-view1_frontal.jpg - Prediction 2 - Time 4.83348536491394
Rank 6 - Image patient04290-study13-view1_frontal.jpg - Prediction 2 - Time 4.857062101364136
Rank 8 - Image patient05034-study1-view1_frontal.jpg - Prediction 0 - Time 4.831022262573242
Rank 1 - Image NoFinding-patient46388-study3-view1_frontal.jpg - Prediction 2 - Time 5.005750417709351
Rank 4 - Image patient00438-study4-view1_frontal.jpg - Prediction 0 - Time 4.835445880889893
Rank 9 - Image patient02005-study1-view1_frontal.jpg - Prediction 0 - Time 4.7492897510528564
Rank 2 - Image patient15709-study1-view1_frontal.jpg - Prediction 2 - Time 4.525115013122559
Rank 7 - Image patient08743-study1-view1_frontal.jpg - Prediction 0 - Time 4.646692276000977
Rank 5 - Image patient02854-study1-view1_frontal.jpg - Prediction 0 - Time 4.773304224014282
Rank 6 - Image patient04107-study1-view1_frontal.jpg - Prediction 0 - Time 4.788281679153442
Rank 8 - Image patient04072-study1-view1_frontal.jpg - Prediction 0 - Time 4.809021234512329
Rank 4 - Image patient03516-study1-view1_frontal.jpg - Prediction 1 - Time 4.58052659034729
Rank 1 - Image NoFinding-patient53712-study1-view1_frontal.jpg - Prediction 0 - Time 4.789959669113159
Rank 9 - Image patient05316-study6-view1_frontal.jpg - Prediction 1 - Time 4.683214426040649
Rank 3 - Image patient08297-study1-view1_frontal.jpg - Prediction 0 - Time 30.28028655052185
Rank 0 - Image COVID-19_02132021(8).jpg - Prediction 0 - Time 30.61089849472046
Rank 2 - Image patient10803-study2-view1_frontal.jpg - Prediction 1 - Time 4.462541580200195
Rank 7 - Image patient02025-study1-view1_frontal.jpg - Prediction 2 - Time 4.575289726257324
Rank 5 - Image patient07195-study1-view1_frontal.jpg - Prediction 0 - Time 4.522105693817139
Rank 6 - Image patient02564-study1-view1_frontal.jpg - Prediction 0 - Time 4.524768829345703
Rank 8 - Image patient03327-study1-view1_frontal.jpg - Prediction 2 - Time 4.561769008636475
Rank 4 - Image patient02141-study1-view1_frontal.jpg - Prediction 0 - Time 4.586454153060913
Rank 1 - Image NoFinding-patient42056-study1-view1_frontal.jpg - Prediction 2 - Time 4.725235462188721
Rank 9 - Image patient08685-study1-view2_frontal.jpg - Prediction 2 - Time 4.604297399520874
Rank 3 - Image patient06076-study1-view1_frontal.jpg - Prediction 2 - Time 4.599643230438232
Rank 0 - Image COVID-19_02132021(47).jpg - Prediction 2 - Time 4.636654376983643
Rank 2 - Image patient17631-study1-view1_frontal.jpg - Prediction 2 - Time 4.481309413909912
Rank 7 - Image patient03678-study1-view1_frontal.jpg - Prediction 0 - Time 4.634878635406494
Rank 5 - Image patient05633-study1-view1_frontal.jpg - Prediction 0 - Time 4.614037036895752
Rank 6 - Image patient02483-study4-view1_frontal.jpg - Prediction 0 - Time 4.6040871143341064
Rank 8 - Image patient05640-study4-view1_frontal.jpg - Prediction 0 - Time 4.620056629180908
Rank 4 - Image patient02118-study1-view1_frontal.jpg - Prediction 0 - Time 4.50165319442749
Rank 1 - Image NoFinding-patient11642-study1-view1_frontal.jpg - Prediction 0 - Time 4.747230291366577
Rank 9 - Image patient06976-study1-view1_frontal.jpg - Prediction 2 - Time 4.69790244102478
Rank 3 - Image patient06908-study1-view1_frontal.jpg - Prediction 0 - Time 4.692702293395996
Rank 0 - Image 4-x-day4.jpg - Prediction 2 - Time 4.612074136734009
Rank 2 - Image patient14770-study1-view2_frontal.jpg - Prediction 2 - Time 4.443663597106934
Rank 7 - Image patient03972-study2-view1_frontal.jpg - Prediction 0 - Time 4.573735475540161
Rank 5 - Image patient02718-study5-view1_frontal.jpg - Prediction 2 - Time 4.5260093212127686
Rank 6 - Image patient07016-study1-view1_frontal.jpg - Prediction 2 - Time 4.553876638412476
Rank 8 - Image patient00916-study1-view1_frontal.jpg - Prediction 2 - Time 4.560293436050415
Rank 4 - Image patient06875-study1-view1_frontal.jpg - Prediction 0 - Time 4.567047357559204
Rank 1 - Image NoFinding-patient26541-study2-view1_frontal.jpg - Prediction 0 - Time 4.675170660018921
Rank 9 - Image patient05349-study18-view1_frontal.jpg - Prediction 2 - Time 4.58498477935791
Rank 3 - Image patient07031-study2-view1_frontal.jpg - Prediction 0 - Time 4.593512773513794
Rank 0 - Image COVID-19_02132021(43).jpg - Prediction 2 - Time 4.586211442947388
Rank 2 - Image patient06486-study2-view1_frontal.jpg - Prediction 2 - Time 4.49604344367981
Rank 7 - Image patient04723-study5-view1_frontal.jpg - Prediction 2 - Time 4.636638402938843
Rank 5 - Image patient04642-study1-view1_frontal.jpg - Prediction 2 - Time 4.570741415023804
Rank 6 - Image patient03827-study1-view1_frontal.jpg - Prediction 2 - Time 4.647330045700073
Rank 8 - Image patient01279-study1-view1_frontal.jpg - Prediction 0 - Time 4.624483585357666
Rank 4 - Image patient09023-study1-view1_frontal.jpg - Prediction 2 - Time 4.402639865875244
Rank 1 - Image NoFinding-patient01572-study1-view1_frontal.jpg - Prediction 0 - Time 4.771033525466919
Rank 9 - Image patient06309-study16-view1_frontal.jpg - Prediction 1 - Time 4.6652021408081055
Rank 3 - Image patient07917-study1-view1_frontal.jpg - Prediction 0 - Time 4.61661171913147
Rank 0 - Image COVID-1912132020(76).jpg - Prediction 2 - Time 4.558216333389282
Rank 2 - Image patient13077-study4-view2_frontal.jpg - Prediction 2 - Time 4.447671175003052
Rank 7 - Image patient07549-study1-view1_frontal.jpg - Prediction 2 - Time 4.599828720092773
Rank 5 - Image patient02880-study1-view2_frontal.jpg - Prediction 0 - Time 4.52247953414917
Rank 6 - Image patient08598-study1-view1_frontal.jpg - Prediction 0 - Time 4.538180351257324
Rank 8 - Image patient08202-study3-view1_frontal.jpg - Prediction 2 - Time 4.597073316574097
Rank 4 - Image patient00751-study1-view1_frontal.jpg - Prediction 0 - Time 4.400774955749512
Rank 1 - Image NoFinding-patient35000-study7-view1_frontal.jpg - Prediction 2 - Time 4.703039646148682
Rank 9 - Image patient01153-study1-view1_frontal.jpg - Prediction 0 - Time 4.587539196014404
Rank 3 - Image patient07699-study2-view1_frontal.jpg - Prediction 0 - Time 4.526329517364502
Rank 0 - Image COVID-1912132020(98).jpg - Prediction 2 - Time 4.498605489730835
Rank 2 - Image patient02743-study3-view1_frontal.jpg - Prediction 0 - Time 4.479283571243286
Rank 7 - Image patient03651-study1-view1_frontal.jpg - Prediction 2 - Time 4.651749849319458
Rank 5 - Image patient03805-study1-view2_frontal.jpg - Prediction 0 - Time 4.452498197555542
Rank 4 - Image patient03479-study1-view1_frontal.jpg - Prediction 0 - Time 4.348642349243164
Rank 6 - Image patient07530-study2-view1_frontal.jpg - Prediction 0 - Time 4.59880256652832
Rank 8 - Image patient04374-study1-view1_frontal.jpg - Prediction 1 - Time 4.612652063369751
Rank 1 - Image NoFinding-patient38955-study1-view1_frontal.jpg - Prediction 2 - Time 4.802731037139893
Rank 9 - Image patient04597-study1-view1_frontal.jpg - Prediction 0 - Time 4.675216197967529
Rank 3 - Image patient01750-study4-view1_frontal.jpg - Prediction 2 - Time 4.580229043960571
Rank 0 - Image COVID-1912132020(77).jpg - Prediction 2 - Time 4.594789266586304
Rank 2 - Image patient03440-study1-view1_frontal.jpg - Prediction 2 - Time 4.425005912780762
Rank 7 - Image patient04533-study1-view1_frontal.jpg - Prediction 0 - Time 4.560411691665649
Rank 5 - Image patient06745-study3-view1_frontal.jpg - Prediction 0 - Time 4.363943576812744
Rank 4 - Image patient07730-study4-view1_frontal.jpg - Prediction 0 - Time 4.390361070632935
Rank 6 - Image patient09052-study26-view1_frontal.jpg - Prediction 0 - Time 4.5209057331085205
Rank 8 - Image patient09132-study1-view1_frontal.jpg - Prediction 0 - Time 4.544873476028442
Rank 1 - Image NoFinding-patient11266-study1-view1_frontal.jpg - Prediction 2 - Time 4.587203025817871
Rank 9 - Image patient07097-study1-view1_frontal.jpg - Prediction 2 - Time 4.619835615158081
Rank 3 - Image patient06566-study1-view1_frontal.jpg - Prediction 2 - Time 4.542685031890869
Rank 0 - Image covid-19-pneumonia-43-day0.jpeg - Prediction 2 - Time 4.513162136077881
Rank 2 - Image patient04226-study1-view1_frontal.jpg - Prediction 0 - Time 4.416308403015137
Rank 5 - Image patient05133-study1-view1_frontal.jpg - Prediction 0 - Time 4.360326051712036
Rank 7 - Image patient04371-study1-view1_frontal.jpg - Prediction 0 - Time 4.550159454345703
Rank 4 - Image patient06258-study2-view1_frontal.jpg - Prediction 2 - Time 4.32697319984436
Rank 6 - Image patient04640-study1-view1_frontal.jpg - Prediction 2 - Time 4.520260572433472
Rank 8 - Image patient07214-study6-view1_frontal.jpg - Prediction 2 - Time 4.5499427318573
Rank 1 - Image NoFinding-patient41866-study1-view1_frontal.jpg - Prediction 0 - Time 4.501312017440796
Rank 9 - Image patient02248-study1-view1_frontal.jpg - Prediction 0 - Time 4.6845924854278564
Rank 3 - Image patient09035-study1-view1_frontal.jpg - Prediction 0 - Time 4.599237442016602
Rank 2 - Image patient05594-study1-view1_frontal.jpg - Prediction 0 - Time 4.508716821670532
Rank 0 - Image COVID-19_02132021(19).jpg - Prediction 2 - Time 4.630024671554565
Rank 5 - Image patient08484-study2-view1_frontal.jpg - Prediction 0 - Time 4.418177366256714
Rank 4 - Image patient02554-study1-view1_frontal.jpg - Prediction 0 - Time 4.333659648895264
Rank 7 - Image patient03097-study1-view1_frontal.jpg - Prediction 0 - Time 4.610608100891113
Rank 6 - Image patient02029-study1-view1_frontal.jpg - Prediction 0 - Time 4.6021034717559814
Rank 8 - Image patient07101-study2-view1_frontal.jpg - Prediction 0 - Time 4.615177869796753
Rank 1 - Image NoFinding-patient16629-study1-view1_frontal.jpg - Prediction 0 - Time 4.56891131401062
Rank 3 - Image patient01860-study1-view1_frontal.jpg - Prediction 0 - Time 4.503935813903809
Rank 9 - Image patient03815-study1-view1_frontal.jpg - Prediction 0 - Time 4.6089277267456055
Rank 0 - Image COVID-1912132020(83).jpg - Prediction 2 - Time 4.486006736755371
Rank 2 - Image patient03018-study1-view1_frontal.jpg - Prediction 0 - Time 4.510649681091309
Rank 5 - Image patient05522-study1-view1_frontal.jpg - Prediction 0 - Time 4.410978555679321
Rank 4 - Image patient00277-study13-view1_frontal.jpg - Prediction 1 - Time 4.38587760925293
Rank 7 - Image patient01300-study3-view1_frontal.jpg - Prediction 1 - Time 4.627530336380005
Rank 6 - Image patient00754-study9-view1_frontal.jpg - Prediction 2 - Time 4.590830564498901
Rank 8 - Image patient07991-study1-view1_frontal.jpg - Prediction 2 - Time 4.6218507289886475
Rank 1 - Image NoFinding-patient16184-study1-view1_frontal.jpg - Prediction 2 - Time 4.5941162109375
Rank 2 - Image patient09039-study1-view1_frontal.jpg - Prediction 0 - Time 4.431405067443848
Rank 3 - Image patient06098-study1-view1_frontal.jpg - Prediction 0 - Time 4.560334205627441
Rank 0 - Image COVID-19_02132021(9).jpg - Prediction 2 - Time 4.581765174865723
Rank 9 - Image patient07192-study1-view1_frontal.jpg - Prediction 0 - Time 4.603448390960693
Rank 5 - Image patient08505-study2-view1_frontal.jpg - Prediction 2 - Time 4.3504321575164795
Rank 4 - Image patient07459-study1-view1_frontal.jpg - Prediction 0 - Time 4.377547979354858
Rank 7 - Image patient07290-study5-view1_frontal.jpg - Prediction 2 - Time 4.590019941329956
Rank 6 - Image patient02612-study3-view1_frontal.jpg - Prediction 2 - Time 4.53657603263855
Rank 8 - Image patient04153-study5-view1_frontal.jpg - Prediction 2 - Time 4.544190406799316
Rank 1 - Image NoFinding-patient30931-study2-view1_frontal.jpg - Prediction 2 - Time 4.54172945022583
Rank 2 - Image patient02740-study1-view1_frontal.jpg - Prediction 0 - Time 4.497027635574341
Rank 3 - Image patient08567-study1-view1_frontal.jpg - Prediction 2 - Time 4.519686460494995
Rank 0 - Image COVID-1912132020(71).jpg - Prediction 2 - Time 4.540915489196777
Rank 9 - Image patient00400-study2-view1_frontal.jpg - Prediction 0 - Time 4.639712333679199
Rank 5 - Image patient02086-study1-view1_frontal.jpg - Prediction 0 - Time 4.417754173278809
Rank 4 - Image patient00025-study1-view1_frontal.jpg - Prediction 0 - Time 4.321664810180664
Rank 7 - Image patient03583-study1-view1_frontal.jpg - Prediction 2 - Time 4.658111333847046
Rank 6 - Image patient01790-study1-view1_frontal.jpg - Prediction 0 - Time 4.6063008308410645
Rank 8 - Image patient03655-study13-view1_frontal.jpg - Prediction 0 - Time 4.628193140029907
Rank 1 - Image NoFinding-patient27523-study4-view1_frontal.jpg - Prediction 2 - Time 4.592624187469482
Rank 2 - Image patient00499-study1-view1_frontal.jpg - Prediction 0 - Time 4.4270923137664795
Rank 3 - Image patient08993-study1-view1_frontal.jpg - Prediction 0 - Time 4.575194358825684
Rank 0 - Image COVID-19_02132021(16).jpg - Prediction 1 - Time 4.516459703445435
Rank 9 - Image patient02174-study1-view1_frontal.jpg - Prediction 2 - Time 4.661554336547852
Rank 5 - Image patient02619-study1-view1_frontal.jpg - Prediction 0 - Time 4.340220212936401
Rank 4 - Image patient04290-study11-view1_frontal.jpg - Prediction 2 - Time 4.4190146923065186
Rank 7 - Image patient06732-study1-view1_frontal.jpg - Prediction 2 - Time 4.59783935546875
Rank 6 - Image patient08163-study1-view1_frontal.jpg - Prediction 0 - Time 4.536797523498535
Rank 8 - Image patient08938-study1-view1_frontal.jpg - Prediction 2 - Time 4.543597221374512
Rank 1 - Image NoFinding-patient12754-study1-view1_frontal.jpg - Prediction 2 - Time 4.5428314208984375
Rank 2 - Image patient06094-study1-view1_frontal.jpg - Prediction 2 - Time 4.44770622253418
Rank 3 - Image patient05092-study1-view1_frontal.jpg - Prediction 2 - Time 4.61726188659668
Rank 0 - Image 1B734A89-A1BF-49A8-A1D3-66FAFA4FAC5D.jpeg - Prediction 2 - Time 4.604621410369873
Rank 5 - Image patient08656-study1-view1_frontal.jpg - Prediction 2 - Time 4.3434898853302
Rank 9 - Image patient06369-study1-view1_frontal.jpg - Prediction 0 - Time 4.616464614868164
Rank 4 - Image patient00120-study1-view1_frontal.jpg - Prediction 0 - Time 4.3357627391815186
Rank 7 - Image patient08276-study4-view1_frontal.jpg - Prediction 2 - Time 4.566749811172485
Rank 6 - Image patient08716-study1-view1_frontal.jpg - Prediction 2 - Time 4.565519094467163
Rank 8 - Image patient03453-study1-view2_frontal.jpg - Prediction 2 - Time 4.563968658447266
Rank 1 - Image NoFinding-patient18667-study3-view1_frontal.jpg - Prediction 0 - Time 4.539384603500366
Rank 2 - Image patient02478-study1-view1_frontal.jpg - Prediction 0 - Time 4.465409517288208
Rank 3 - Image patient07378-study7-view2_frontal.jpg - Prediction 2 - Time 4.651504993438721
Rank 5 - Image patient04953-study1-view1_frontal.jpg - Prediction 2 - Time 4.392048120498657
Rank 0 - Image COVID-19_02132021(32).jpg - Prediction 2 - Time 4.694209575653076
Rank 4 - Image patient04612-study2-view1_frontal.jpg - Prediction 1 - Time 4.334043025970459
Rank 9 - Image patient04593-study1-view1_frontal.jpg - Prediction 1 - Time 4.664300918579102
Rank 7 - Image patient02758-study3-view1_frontal.jpg - Prediction 2 - Time 4.630653381347656
Rank 6 - Image patient05756-study4-view1_frontal.jpg - Prediction 2 - Time 4.579443693161011
Rank 8 - Image patient02230-study1-view1_frontal.jpg - Prediction 2 - Time 4.605127334594727
Rank 1 - Image NoFinding-patient11010-study3-view1_frontal.jpg - Prediction 2 - Time 4.580612659454346
Rank 2 - Image patient08437-study1-view1_frontal.jpg - Prediction 0 - Time 4.4258904457092285
Rank 5 - Image patient06537-study2-view1_frontal.jpg - Prediction 2 - Time 4.352788209915161
Rank 3 - Image patient03947-study1-view1_frontal.jpg - Prediction 0 - Time 4.5304694175720215
Rank 4 - Image patient08893-study1-view1_frontal.jpg - Prediction 2 - Time 4.398243188858032
Rank 0 - Image covid-19-pneumonia-evolution-over-a-week-1-day3.jpg - Prediction 2 - Time 4.521491050720215
Rank 9 - Image patient04979-study1-view1_frontal.jpg - Prediction 0 - Time 4.603264093399048
Rank 7 - Image patient05971-study1-view1_frontal.jpg - Prediction 2 - Time 4.567289113998413
Rank 6 - Image patient02294-study1-view1_frontal.jpg - Prediction 2 - Time 4.523132801055908
Rank 8 - Image patient00817-study1-view1_frontal.jpg - Prediction 0 - Time 4.5823352336883545
Rank 1 - Image NoFinding-patient50021-study2-view1_frontal.jpg - Prediction 2 - Time 4.528785228729248
Rank 2 - Image patient02106-study1-view1_frontal.jpg - Prediction 2 - Time 4.4815168380737305
Rank 5 - Image patient07165-study1-view1_frontal.jpg - Prediction 2 - Time 4.409525394439697
Rank 4 - Image patient05608-study1-view1_frontal.jpg - Prediction 0 - Time 4.316463232040405
Rank 3 - Image patient01360-study1-view1_frontal.jpg - Prediction 2 - Time 4.544194459915161
Rank 0 - Image COVID-19_02132021(21).jpg - Prediction 2 - Time 4.582329988479614
Rank 9 - Image patient03972-study4-view1_frontal.jpg - Prediction 0 - Time 4.579125165939331
Rank 7 - Image patient00106-study1-view1_frontal.jpg - Prediction 0 - Time 4.632444858551025
Rank 6 - Image patient06621-study1-view1_frontal.jpg - Prediction 2 - Time 4.596453428268433
Rank 8 - Image patient01989-study1-view1_frontal.jpg - Prediction 0 - Time 4.639253616333008
Rank 1 - Image NoFinding-patient20843-study2-view1_frontal.jpg - Prediction 0 - Time 4.57175874710083
Rank 2 - Image patient00202-study1-view1_frontal.jpg - Prediction 2 - Time 4.437246799468994
Rank 5 - Image patient05005-study1-view1_frontal.jpg - Prediction 0 - Time 4.414017915725708
Rank 4 - Image patient07173-study1-view1_frontal.jpg - Prediction 0 - Time 4.397290945053101
Rank 3 - Image patient06745-study1-view1_frontal.jpg - Prediction 0 - Time 4.482886791229248
Rank 0 - Image COVID-1912132020(64).jpg - Prediction 1 - Time 4.504388809204102
Rank 9 - Image patient02394-study1-view1_frontal.jpg - Prediction 2 - Time 4.665026903152466
Rank 7 - Image patient03582-study2-view1_frontal.jpg - Prediction 0 - Time 4.583747625350952
Rank 6 - Image patient00859-study1-view1_frontal.jpg - Prediction 2 - Time 4.517404794692993
Rank 8 - Image patient04500-study2-view1_frontal.jpg - Prediction 0 - Time 4.556709051132202
Rank 1 - Image NoFinding-patient20328-study1-view1_frontal.jpg - Prediction 2 - Time 4.522312879562378
Rank 2 - Image patient08343-study1-view1_frontal.jpg - Prediction 0 - Time 4.4829936027526855
Rank 4 - Image patient01822-study1-view1_frontal.jpg - Prediction 2 - Time 4.317271709442139
Rank 5 - Image patient06048-study1-view1_frontal.jpg - Prediction 0 - Time 4.510760307312012
Rank 3 - Image patient08034-study1-view1_frontal.jpg - Prediction 0 - Time 4.490739822387695
Rank 0 - Image COVID-19_02132021(1).jpg - Prediction 0 - Time 4.5095603466033936
Rank 9 - Image patient02327-study1-view1_frontal.jpg - Prediction 0 - Time 4.612750768661499
Rank 7 - Image patient06457-study1-view1_frontal.jpg - Prediction 2 - Time 4.616769075393677
Rank 6 - Image patient05966-study2-view1_frontal.jpg - Prediction 0 - Time 4.607827425003052
Rank 8 - Image patient01904-study1-view2_frontal.jpg - Prediction 2 - Time 4.597129583358765
Rank 2 - Image patient05105-study1-view1_frontal.jpg - Prediction 0 - Time 4.413764238357544
Rank 1 - Image NoFinding-patient20243-study1-view1_frontal.jpg - Prediction 0 - Time 4.552192449569702
Rank 4 - Image patient02328-study1-view1_frontal.jpg - Prediction 2 - Time 4.3917553424835205
Rank 5 - Image patient01434-study1-view1_frontal.jpg - Prediction 0 - Time 4.305010795593262
Rank 3 - Image patient06958-study3-view1_frontal.jpg - Prediction 0 - Time 4.541725158691406
Rank 0 - Image 6CB4EFC6-68FA-4CD5-940C-BEFA8DAFE9A7.jpeg - Prediction 2 - Time 4.567400693893433
Rank 9 - Image patient08517-study14-view1_frontal.jpg - Prediction 2 - Time 4.6468517780303955
Rank 7 - Image patient00111-study3-view1_frontal.jpg - Prediction 2 - Time 4.577087163925171
Rank 6 - Image patient06108-study1-view1_frontal.jpg - Prediction 0 - Time 4.532734632492065
Rank 8 - Image patient04905-study1-view1_frontal.jpg - Prediction 0 - Time 4.5497119426727295
Rank 2 - Image patient03221-study1-view1_frontal.jpg - Prediction 0 - Time 4.468157052993774
Rank 1 - Image NoFinding-patient02123-study4-view1_frontal.jpg - Prediction 1 - Time 4.433044910430908
Rank 4 - Image patient06645-study1-view1_frontal.jpg - Prediction 0 - Time 4.323132276535034
Rank 5 - Image patient04552-study2-view1_frontal.jpg - Prediction 0 - Time 4.3866071701049805
Rank 3 - Image patient07862-study1-view1_frontal.jpg - Prediction 0 - Time 4.534177780151367
Rank 0 - Image 9C34AF49-E589-44D5-92D3-168B3B04E4A6.jpeg - Prediction 2 - Time 4.5071165561676025
Rank 9 - Image patient04087-study1-view1_frontal.jpg - Prediction 0 - Time 4.611856460571289
Rank 7 - Image patient05459-study5-view1_frontal.jpg - Prediction 1 - Time 4.592437982559204
Rank 6 - Image patient04262-study1-view1_frontal.jpg - Prediction 0 - Time 4.596441984176636
Rank 8 - Image patient06315-study1-view1_frontal.jpg - Prediction 2 - Time 4.646346569061279
Rank 2 - Image patient01318-study1-view1_frontal.jpg - Prediction 0 - Time 4.4095988273620605
Rank 4 - Image patient08996-study1-view1_frontal.jpg - Prediction 2 - Time 4.3954713344573975
Rank 1 - Image NoFinding-patient01617-study2-view1_frontal.jpg - Prediction 2 - Time 4.486077547073364
Rank 5 - Image patient03760-study1-view2_frontal.jpg - Prediction 0 - Time 4.314652919769287
Rank 3 - Image patient00259-study8-view1_frontal.jpg - Prediction 0 - Time 4.53898549079895
Rank 0 - Image COVID-1912132020(69).jpg - Prediction 1 - Time 4.545620679855347
Rank 9 - Image patient07655-study1-view1_frontal.jpg - Prediction 0 - Time 4.663370609283447
Rank 7 - Image patient04702-study4-view1_frontal.jpg - Prediction 2 - Time 4.511689186096191
Rank 6 - Image patient07112-study2-view1_frontal.jpg - Prediction 2 - Time 4.54424786567688
Rank 8 - Image patient08740-study22-view1_frontal.jpg - Prediction 0 - Time 4.571073293685913
Rank 2 - Image patient05541-study1-view1_frontal.jpg - Prediction 2 - Time 4.490837335586548
Rank 5 - Image patient07954-study3-view1_frontal.jpg - Prediction 2 - Time 4.384011745452881
Rank 4 - Image patient07782-study1-view1_frontal.jpg - Prediction 0 - Time 4.407118082046509
Rank 1 - Image NoFinding-patient06547-study1-view1_frontal.jpg - Prediction 2 - Time 4.431755542755127
Rank 3 - Image patient05430-study1-view1_frontal.jpg - Prediction 0 - Time 4.31535005569458
Rank 0 - Image COVID-1912132020(53).jpg - Prediction 2 - Time 4.531170129776001
Rank 9 - Image patient08448-study2-view1_frontal.jpg - Prediction 1 - Time 4.6046857833862305
Rank 7 - Image patient02330-study1-view1_frontal.jpg - Prediction 0 - Time 4.620540380477905
Rank 6 - Image patient07803-study1-view1_frontal.jpg - Prediction 0 - Time 4.595093250274658
Rank 8 - Image patient05610-study2-view1_frontal.jpg - Prediction 0 - Time 4.602433681488037
Rank 5 - Image patient03558-study1-view1_frontal.jpg - Prediction 0 - Time 4.309308290481567
Rank 2 - Image patient07254-study1-view1_frontal.jpg - Prediction 2 - Time 4.4490907192230225
Rank 1 - Image NoFinding-patient46679-study7-view1_frontal.jpg - Prediction 2 - Time 4.412832736968994
Rank 4 - Image patient07908-study1-view1_frontal.jpg - Prediction 2 - Time 4.453632831573486
Rank 3 - Image patient02660-study1-view1_frontal.jpg - Prediction 0 - Time 4.375308513641357
Rank 0 - Image F2DE909F-E19C-4900-92F5-8F435B031AC6.jpeg - Prediction 2 - Time 4.543623447418213
Rank 9 - Image patient04942-study1-view1_frontal.jpg - Prediction 2 - Time 4.661961555480957
Rank 7 - Image patient08461-study1-view1_frontal.jpg - Prediction 0 - Time 4.601437091827393
Rank 6 - Image patient01615-study1-view1_frontal.jpg - Prediction 0 - Time 4.533111810684204
Rank 8 - Image patient02378-study14-view1_frontal.jpg - Prediction 2 - Time 4.549275636672974
Rank 5 - Image patient03804-study1-view1_frontal.jpg - Prediction 0 - Time 4.409314393997192
Rank 1 - Image 16669_1_1.jpeg - Prediction 1 - Time 4.366102457046509
Rank 4 - Image patient05503-study1-view1_frontal.jpg - Prediction 0 - Time 4.397547245025635
Rank 2 - Image patient00410-study2-view1_frontal.jpg - Prediction 0 - Time 4.50027060508728
Rank 3 - Image patient05469-study1-view1_frontal.jpg - Prediction 2 - Time 4.319855690002441
Rank 0 - Image COVID-19_12132020(51).jpg - Prediction 2 - Time 4.522572755813599
Rank 9 - Image patient07700-study2-view1_frontal.jpg - Prediction 0 - Time 4.608540058135986
Rank 6 - Image patient08725-study1-view1_frontal.jpg - Prediction 2 - Time 4.577393293380737
Rank 7 - Image patient01863-study1-view1_frontal.jpg - Prediction 0 - Time 4.646697998046875
Rank 5 - Image patient00728-study1-view1_frontal.jpg - Prediction 0 - Time 4.319860219955444
Rank 8 - Image patient01880-study1-view1_frontal.jpg - Prediction 2 - Time 4.622321367263794
Rank 1 - Image 16674_1_1.jpg - Prediction 2 - Time 4.455097436904907
Rank 2 - Image patient01817-study18-view1_frontal.jpg - Prediction 0 - Time 4.445401906967163
Rank 4 - Image patient05826-study3-view1_frontal.jpg - Prediction 2 - Time 4.480399131774902
Rank 3 - Image patient06921-study1-view1_frontal.jpg - Prediction 2 - Time 4.3905487060546875
Rank 0 - Image 85E52EB3-56E9-4D67-82DA-DEA247C82886.jpeg - Prediction 2 - Time 4.594621896743774
Rank 9 - Image patient05371-study1-view1_frontal.jpg - Prediction 0 - Time 4.674456357955933
Rank 6 - Image patient03081-study1-view1_frontal.jpg - Prediction 0 - Time 4.518441438674927
Rank 7 - Image patient04631-study1-view2_frontal.jpg - Prediction 2 - Time 4.676427602767944
Rank 5 - Image patient07208-study1-view1_frontal.jpg - Prediction 0 - Time 4.396483421325684
Rank 1 - Image 6C94A287-C059-46A0-8600-AFB95F4727B7.jpeg - Prediction 2 - Time 4.365381240844727
Rank 4 - Image patient06825-study1-view1_frontal.jpg - Prediction 2 - Time 4.336512327194214
Rank 8 - Image patient02827-study1-view1_frontal.jpg - Prediction 0 - Time 4.567754507064819
Rank 2 - Image patient04402-study1-view1_frontal.jpg - Prediction 2 - Time 4.494210481643677
Rank 3 - Image patient05483-study1-view1_frontal.jpg - Prediction 2 - Time 4.329662084579468
Rank 0 - Image COVID-19_02132021(6).jpg - Prediction 2 - Time 4.536319971084595
Rank 9 - Image patient00782-study1-view1_frontal.jpg - Prediction 2 - Time 4.5816404819488525
Rank 6 - Image patient00900-study2-view1_frontal.jpg - Prediction 0 - Time 4.598142147064209
Rank 5 - Image patient06967-study1-view1_frontal.jpg - Prediction 0 - Time 4.335455894470215
Rank 7 - Image patient02419-study1-view1_frontal.jpg - Prediction 2 - Time 4.6941163539886475
Rank 4 - Image patient02656-study1-view1_frontal.jpg - Prediction 0 - Time 4.356225490570068
Rank 1 - Image 7AF6C1AF-D249-4BD2-8C26-449304105D03.jpeg - Prediction 2 - Time 4.431960821151733
Rank 2 - Image patient03271-study2-view1_frontal.jpg - Prediction 0 - Time 4.4330689907073975
Rank 8 - Image patient02849-study1-view1_frontal.jpg - Prediction 0 - Time 4.605811834335327
Rank 3 - Image patient04999-study1-view1_frontal.jpg - Prediction 0 - Time 4.409339427947998
Rank 0 - Image COVID-1912132020(58).jpg - Prediction 2 - Time 4.591447114944458
Rank 9 - Image patient03499-study1-view1_frontal.jpg - Prediction 1 - Time 4.662664890289307
Rank 5 - Image patient04319-study1-view1_frontal.jpg - Prediction 0 - Time 4.407731056213379
Rank 6 - Image patient02272-study1-view1_frontal.jpg - Prediction 2 - Time 4.5189738273620605
Rank 4 - Image patient06131-study1-view1_frontal.jpg - Prediction 2 - Time 4.31288480758667
Rank 1 - Image patient20056-study2-view1_frontal.jpg - Prediction 2 - Time 4.329361438751221
Rank 7 - Image patient09052-study22-view1_frontal.jpg - Prediction 0 - Time 4.602074861526489
Rank 2 - Image patient07651-study8-view1_frontal.jpg - Prediction 0 - Time 4.489903688430786
Rank 8 - Image patient01433-study1-view1_frontal.jpg - Prediction 0 - Time 4.537993431091309
Rank 3 - Image patient05869-study1-view1_frontal.jpg - Prediction 0 - Time 4.316622257232666
Rank 0 - Image COVID-19_02132021(40).jpg - Prediction 0 - Time 4.394592761993408
Rank 9 - Image patient06178-study3-view1_frontal.jpg - Prediction 0 - Time 4.590207576751709
Rank 5 - Image patient05725-study2-view1_frontal.jpg - Prediction 2 - Time 4.3487231731414795
Rank 4 - Image patient03579-study4-view1_frontal.jpg - Prediction 0 - Time 4.356586456298828
Rank 6 - Image patient04447-study2-view1_frontal.jpg - Prediction 0 - Time 4.575228929519653
Rank 1 - Image patient06809-study1-view1_frontal.jpg - Prediction 2 - Time 4.3938658237457275
Rank 2 - Image patient04024-study1-view1_frontal.jpg - Prediction 0 - Time 4.4285805225372314
Rank 7 - Image patient01228-study2-view1_frontal.jpg - Prediction 0 - Time 4.71741795539856
Rank 3 - Image patient05502-study1-view1_frontal.jpg - Prediction 0 - Time 4.371853590011597
Rank 8 - Image patient03456-study1-view1_frontal.jpg - Prediction 0 - Time 4.617864370346069
Rank 0 - Image covid-19-caso-70-1-PA.jpg - Prediction 2 - Time 4.489141941070557
Rank 9 - Image patient02949-study3-view1_frontal.jpg - Prediction 2 - Time 4.658125877380371
Rank 5 - Image patient06019-study1-view1_frontal.jpg - Prediction 0 - Time 4.4585137367248535
Rank 4 - Image patient04697-study1-view1_frontal.jpg - Prediction 2 - Time 4.307404041290283
Rank 1 - Image patient10657-study1-view2_frontal.jpg - Prediction 2 - Time 4.327569007873535
Rank 6 - Image patient06239-study2-view1_frontal.jpg - Prediction 0 - Time 4.525187730789185
Rank 2 - Image patient05678-study13-view1_frontal.jpg - Prediction 1 - Time 4.476460695266724
Rank 3 - Image patient02091-study1-view1_frontal.jpg - Prediction 2 - Time 4.359242916107178
Rank 7 - Image patient07499-study1-view1_frontal.jpg - Prediction 0 - Time 4.611382007598877
Rank 8 - Image patient01802-study9-view1_frontal.jpg - Prediction 2 - Time 4.549980878829956
Rank 0 - Image covid-19-pneumonia-43-day2.jpeg - Prediction 2 - Time 4.337656021118164
Rank 9 - Image patient02802-study1-view1_frontal.jpg - Prediction 2 - Time 4.5936620235443115
Rank 4 - Image patient00763-study1-view1_frontal.jpg - Prediction 2 - Time 4.356478452682495
Rank 5 - Image patient05089-study1-view1_frontal.jpg - Prediction 0 - Time 4.453751564025879
Rank 1 - Image patient01700-study6-view1_frontal.jpg - Prediction 1 - Time 4.392010688781738
Rank 6 - Image patient05640-study3-view1_frontal.jpg - Prediction 0 - Time 4.617438316345215
Rank 2 - Image patient01853-study1-view1_frontal.jpg - Prediction 0 - Time 4.417569398880005
Rank 3 - Image patient00957-study1-view1_frontal.jpg - Prediction 0 - Time 4.369666576385498
Rank 8 - Image patient07969-study5-view1_frontal.jpg - Prediction 0 - Time 4.581140995025635
Rank 7 - Image patient03600-study1-view1_frontal.jpg - Prediction 0 - Time 4.798824787139893
Rank 0 - Image B59DD164-51D5-40DF-A926-6A42DD52EBE8.jpeg - Prediction 2 - Time 4.450286388397217
Rank 4 - Image patient01712-study1-view1_frontal.jpg - Prediction 0 - Time 4.293877124786377
Rank 1 - Image patient12792-study1-view1_frontal.jpg - Prediction 1 - Time 4.334923028945923
Rank 5 - Image patient08555-study1-view1_frontal.jpg - Prediction 2 - Time 4.495221138000488
Rank 9 - Image patient02345-study1-view1_frontal.jpg - Prediction 2 - Time 4.685011386871338
Rank 6 - Image patient07781-study2-view1_frontal.jpg - Prediction 2 - Time 4.534437656402588
Rank 3 - Image patient04972-study2-view1_frontal.jpg - Prediction 2 - Time 4.331661224365234
Rank 2 - Image patient03243-study1-view1_frontal.jpg - Prediction 0 - Time 4.508052110671997
Rank 8 - Image patient05597-study2-view1_frontal.jpg - Prediction 0 - Time 4.497909784317017
Rank 7 - Image patient04634-study1-view1_frontal.jpg - Prediction 0 - Time 4.636252164840698
Rank 0 - Image C6EA0BE5-B01E-4113-B194-18D956675E25.jpeg - Prediction 2 - Time 4.371945858001709
Rank 4 - Image patient00608-study1-view1_frontal.jpg - Prediction 0 - Time 4.387040615081787
Rank 1 - Image patient04721-study1-view1_frontal.jpg - Prediction 0 - Time 4.4304282665252686
Rank 5 - Image patient05678-study1-view1_frontal.jpg - Prediction 1 - Time 4.474640369415283
Rank 9 - Image patient02240-study1-view1_frontal.jpg - Prediction 0 - Time 4.607462167739868
Rank 3 - Image patient06699-study1-view1_frontal.jpg - Prediction 2 - Time 4.3908562660217285
Rank 2 - Image patient08466-study1-view1_frontal.jpg - Prediction 0 - Time 4.444032430648804
Rank 6 - Image patient06522-study1-view1_frontal.jpg - Prediction 0 - Time 4.603639602661133
Rank 8 - Image patient07214-study3-view1_frontal.jpg - Prediction 2 - Time 4.585028648376465
Rank 7 - Image patient01504-study1-view1_frontal.jpg - Prediction 2 - Time 4.671212911605835
Rank 0 - Image COVID-1912132020(79).jpg - Prediction 0 - Time 4.375211000442505
Rank 4 - Image patient03102-study1-view1_frontal.jpg - Prediction 0 - Time 4.3252081871032715
Rank 1 - Image patient00394-study1-view1_frontal.jpg - Prediction 2 - Time 4.349113702774048
Rank 5 - Image patient02974-study1-view1_frontal.jpg - Prediction 2 - Time 4.49104642868042
Rank 3 - Image patient00322-study1-view1_frontal.jpg - Prediction 2 - Time 4.319371938705444
Rank 9 - Image patient08423-study1-view1_frontal.jpg - Prediction 2 - Time 4.64177131652832
Rank 2 - Image patient05620-study1-view1_frontal.jpg - Prediction 2 - Time 4.493924856185913
Rank 6 - Image patient02778-study14-view1_frontal.jpg - Prediction 0 - Time 4.5517189502716064
Rank 8 - Image patient05921-study1-view1_frontal.jpg - Prediction 2 - Time 4.524527311325073
Rank 7 - Image patient02746-study2-view1_frontal.jpg - Prediction 0 - Time 4.62149453163147
Rank 0 - Image Pneumonia-patient26582-study1-view1_frontal.jpg - Prediction 2 - Time 4.304144382476807
Rank 4 - Image patient07885-study1-view1_frontal.jpg - Prediction 0 - Time 4.396574020385742
Rank 1 - Image patient15847-study1-view1_frontal.jpg - Prediction 2 - Time 4.398894786834717
Rank 5 - Image patient06707-study1-view1_frontal.jpg - Prediction 0 - Time 4.434541940689087
Rank 3 - Image patient01548-study1-view1_frontal.jpg - Prediction 0 - Time 4.3738977909088135
Rank 9 - Image patient07860-study1-view1_frontal.jpg - Prediction 2 - Time 4.585622072219849
Rank 2 - Image patient07777-study1-view1_frontal.jpg - Prediction 0 - Time 4.483692169189453
Rank 6 - Image patient02427-study10-view1_frontal.jpg - Prediction 2 - Time 4.590115785598755
Rank 8 - Image patient04220-study1-view1_frontal.jpg - Prediction 0 - Time 4.55167293548584
Rank 0 - Image Pneumonia-patient61672-study1-view1_frontal.jpg - Prediction 1 - Time 4.3465046882629395
Rank 7 - Image patient02510-study1-view1_frontal.jpg - Prediction 0 - Time 4.665008306503296
Rank 4 - Image patient00013-study1-view1_frontal.jpg - Prediction 0 - Time 4.334954023361206
Rank 1 - Image patient15462-study5-view1_frontal.jpg - Prediction 0 - Time 4.346905708312988
Rank 5 - Image patient07082-study1-view1_frontal.jpg - Prediction 0 - Time 4.44153356552124
Rank 3 - Image patient03233-study1-view1_frontal.jpg - Prediction 0 - Time 4.328510999679565
Rank 2 - Image patient06018-study1-view1_frontal.jpg - Prediction 2 - Time 4.428656339645386
Rank 9 - Image patient06877-study4-view1_frontal.jpg - Prediction 0 - Time 4.668468952178955
Rank 6 - Image patient04947-study1-view1_frontal.jpg - Prediction 2 - Time 4.518705368041992
Rank 8 - Image patient01169-study3-view1_frontal.jpg - Prediction 0 - Time 4.479942321777344
Rank 0 - Image NoFinding-patient31160-study1-view1_frontal.jpg - Prediction 0 - Time 4.316518783569336
Rank 7 - Image patient02527-study1-view1_frontal.jpg - Prediction 2 - Time 4.627943277359009
Rank 4 - Image patient08871-study1-view1_frontal.jpg - Prediction 0 - Time 4.322460651397705
Rank 1 - Image patient10657-study1-view1_frontal.jpg - Prediction 2 - Time 4.308671951293945
Rank 3 - Image patient02884-study1-view1_frontal.jpg - Prediction 0 - Time 4.378654718399048
Rank 5 - Image patient04662-study2-view1_frontal.jpg - Prediction 2 - Time 4.498913288116455
Rank 2 - Image patient00239-study1-view1_frontal.jpg - Prediction 2 - Time 4.502588272094727
Rank 9 - Image patient02037-study3-view1_frontal.jpg - Prediction 1 - Time 4.60681676864624
Rank 6 - Image patient01086-study1-view1_frontal.jpg - Prediction 0 - Time 4.521903038024902
Rank 8 - Image patient07418-study1-view1_frontal.jpg - Prediction 0 - Time 4.4779393672943115
Rank 0 - Image NoFinding-patient06311-study1-view1_frontal.jpg - Prediction 2 - Time 4.376546144485474
Rank 7 - Image patient08487-study1-view1_frontal.jpg - Prediction 0 - Time 4.583877801895142
Rank 4 - Image patient03366-study1-view1_frontal.jpg - Prediction 0 - Time 4.362112522125244
Rank 1 - Image patient12803-study1-view1_frontal.jpg - Prediction 2 - Time 4.435097694396973
Rank 3 - Image patient05453-study1-view2_frontal.jpg - Prediction 0 - Time 4.315732002258301
Rank 5 - Image patient01171-study1-view1_frontal.jpg - Prediction 0 - Time 4.5077879428863525
Rank 2 - Image patient08378-study1-view1_frontal.jpg - Prediction 0 - Time 4.498627424240112
Rank 9 - Image patient05481-study1-view1_frontal.jpg - Prediction 0 - Time 4.675728797912598
Rank 6 - Image patient03569-study5-view1_frontal.jpg - Prediction 2 - Time 4.567875623703003
Rank 0 - Image NoFinding-patient29363-study1-view1_frontal.jpg - Prediction 0 - Time 4.2794928550720215
Rank 8 - Image patient03175-study1-view1_frontal.jpg - Prediction 2 - Time 4.541818380355835
Rank 7 - Image patient04031-study5-view1_frontal.jpg - Prediction 1 - Time 4.643664598464966
Rank 4 - Image patient02555-study1-view1_frontal.jpg - Prediction 0 - Time 4.3862645626068115
Rank 1 - Image patient06922-study1-view1_frontal.jpg - Prediction 0 - Time 4.607851505279541
Rank 3 - Image patient05399-study1-view1_frontal.jpg - Prediction 0 - Time 4.374014854431152
Rank 9 - Image patient08728-study1-view1_frontal.jpg - Prediction 2 - Time 4.595611810684204
Rank 6 - Image patient06523-study2-view1_frontal.jpg - Prediction 2 - Time 4.587818622589111
Rank 0 - Image NoFinding-patient55847-study1-view1_frontal.jpg - Prediction 0 - Time 4.368810653686523
Rank 8 - Image patient08585-study9-view1_frontal.jpg - Prediction 2 - Time 4.572636604309082
Rank 7 - Image patient03143-study1-view1_frontal.jpg - Prediction 0 - Time 4.67362642288208
Rank 3 - Image patient07451-study1-view1_frontal.jpg - Prediction 0 - Time 4.333993673324585
Rank 0 - Image NoFinding-patient06257-study1-view1_frontal.jpg - Prediction 0 - Time 4.302850008010864
Rank 9 - Image patient00216-study1-view1_frontal.jpg - Prediction 0 - Time 4.545989036560059
Rank 3 - Image patient03749-study1-view1_frontal.jpg - Prediction 2 - Time 4.3021440505981445
Rank 0 - Image NoFinding-patient18271-study1-view1_frontal.jpg - Prediction 2 - Time 4.2694196701049805
Rank 9 - Image patient07662-study4-view1_frontal.jpg - Prediction 0 - Time 4.6076250076293945
Rank 3 - Image patient04180-study1-view1_frontal.jpg - Prediction 0 - Time 4.405205726623535
Rank 0 - Image NoFinding-patient47707-study1-view2_frontal.jpg - Prediction 2 - Time 4.358772039413452
Rank 9 - Image patient01517-study1-view1_frontal.jpg - Prediction 0 - Time 4.486711025238037
Rank 3 - Image patient04751-study3-view1_frontal.jpg - Prediction 2 - Time 4.384927988052368
Rank 0 - Image NoFinding-patient53227-study2-view1_frontal.jpg - Prediction 0 - Time 4.37239408493042
Rank 0 - Image NoFinding-patient15540-study1-view1_frontal.jpg - Prediction 2 - Time 4.284140348434448
Rank 0 - gathering data of length: 10
Created csv file: /p/project/joaiml/ingolfsson1/COVID_Net/results/ehl_edited_test_10_224_227.csv
Total inference time: 227.84708762168884
