Tue Feb 22 08:25:55 2022       
+-----------------------------------------------------------------------------+
| NVIDIA-SMI 418.87.00    Driver Version: 470.57.02    CUDA Version: 11.4     |
|-------------------------------+----------------------+----------------------+
| GPU  Name        Persistence-M| Bus-Id        Disp.A | Volatile Uncorr. ECC |
| Fan  Temp  Perf  Pwr:Usage/Cap|         Memory-Usage | GPU-Util  Compute M. |
|===============================+======================+======================|
|   0  Tesla V100-PCIE...  On   | 00000000:AF:00.0 Off |                    0 |
| N/A   31C    P0    25W / 250W |      0MiB / 32510MiB |      0%      Default |
+-------------------------------+----------------------+----------------------+
                                                                               
+-----------------------------------------------------------------------------+
| Processes:                                                       GPU Memory |
|  GPU       PID   Type   Process name                             Usage      |
|=============================================================================|
|  No running processes found                                                 |
+-----------------------------------------------------------------------------+
[1645514756.209150] [dp-dam04:10082:0]          ib_md.c:1948 UCX  ERROR ibv_query_device(mlx5_0) returned 38: No space left on device
[1645514756.247559] [dp-dam06:3376 :0]          ib_md.c:1948 UCX  ERROR ibv_query_device(mlx5_0) returned 38: No space left on device
[1645514756.212550] [dp-dam04:10082:0]          ib_md.c:1948 UCX  ERROR ibv_query_device(mlx5_1) returned 38: No space left on device
[1645514756.250833] [dp-dam06:3376 :0]          ib_md.c:1948 UCX  ERROR ibv_query_device(mlx5_1) returned 38: No space left on device
[1645514756.263335] [dp-dam10:10049:0]          ib_md.c:1948 UCX  ERROR ibv_query_device(mlx5_0) returned 38: No space left on device
[1645514756.267420] [dp-dam10:10049:0]          ib_md.c:1948 UCX  ERROR ibv_query_device(mlx5_1) returned 38: Protocol not supported
[1645514756.306498] [dp-dam08:14658:0]          ib_md.c:1948 UCX  ERROR ibv_query_device(mlx5_0) returned 38: No space left on device
[1645514756.310905] [dp-dam08:14658:0]          ib_md.c:1948 UCX  ERROR ibv_query_device(mlx5_1) returned 38: No space left on device
[1645514756.316108] [dp-dam09:15389:0]          ib_md.c:1948 UCX  ERROR ibv_query_device(mlx5_0) returned 38: No space left on device
[1645514756.320274] [dp-dam09:15389:0]          ib_md.c:1948 UCX  ERROR ibv_query_device(mlx5_1) returned 38: Protocol not supported
[1645514756.320912] [dp-dam07:28902:0]          ib_md.c:1948 UCX  ERROR ibv_query_device(mlx5_0) returned 38: No space left on device
[1645514756.324376] [dp-dam07:28902:0]          ib_md.c:1948 UCX  ERROR ibv_query_device(mlx5_1) returned 38: No space left on device
[1645514756.347135] [dp-dam05:7957 :0]          ib_md.c:1948 UCX  ERROR ibv_query_device(mlx5_0) returned 38: No space left on device
[1645514756.350698] [dp-dam05:7957 :0]          ib_md.c:1948 UCX  ERROR ibv_query_device(mlx5_1) returned 38: No space left on device
[1645514756.366357] [dp-dam11:18692:0]          ib_md.c:1948 UCX  ERROR ibv_query_device(mlx5_0) returned 38: No space left on device
[1645514756.370351] [dp-dam11:18692:0]          ib_md.c:1948 UCX  ERROR ibv_query_device(mlx5_1) returned 38: Protocol not supported
[1645514758.829906] [dp-dam12:25117:0]          ib_md.c:1948 UCX  ERROR ibv_query_device(mlx5_0) returned 38: No space left on device
[1645514758.833495] [dp-dam12:25117:0]          ib_md.c:1948 UCX  ERROR ibv_query_device(mlx5_1) returned 38: No space left on device
Rank 3 - Image MIDRC-RICORD-1C-419639-001782-15190-0.png - Prediction 2 - Time 9.06906795501709
Rank 0 - Image MIDRC-RICORD-1C-419639-003251-46647-0.png - Prediction 2 - Time 10.093419313430786
Rank 2 - Image MIDRC-RICORD-1C-419639-000025-90087-1.png - Prediction 2 - Time 10.263445854187012
Rank 7 - Image c21157da-1f74-4966-ba4e-c144d8f5da2d.png - Prediction 1 - Time 9.687665939331055
Rank 1 - Image MIDRC-RICORD-1C-SITE2-000182-35476-0.png - Prediction 2 - Time 10.063965559005737
Rank 5 - Image e8485b0f-293d-4ca8-8b71-92db61c8ee3e.png - Prediction 0 - Time 9.958529472351074
Rank 6 - Image 45dd0d26-0740-4c32-bd01-34246a41f3e3.png - Prediction 0 - Time 10.504196166992188
Rank 4 - Image MIDRC-RICORD-1C-419639-001374-75990-0.png - Prediction 2 - Time 12.633568525314331
Rank 3 - Image MIDRC-RICORD-1C-SITE2-000279-56879-0.png - Prediction 2 - Time 6.035839319229126
Rank 0 - Image MIDRC-RICORD-1C-419639-001464-39871-0.png - Prediction 1 - Time 5.854443550109863
Rank 2 - Image MIDRC-RICORD-1C-SITE2-000136-21646-0.png - Prediction 2 - Time 6.061940431594849
Rank 7 - Image 5acc56a4-1b6e-4394-9364-9772047d583f.png - Prediction 2 - Time 6.436878204345703
Rank 1 - Image MIDRC-RICORD-1C-419639-000025-17477-0.png - Prediction 2 - Time 6.6230409145355225
Rank 5 - Image 35cda03a-0898-4f8b-92d3-6f263aed23ff.png - Prediction 0 - Time 6.511258363723755
Rank 6 - Image ad446933-fb8e-4739-bb40-2063e796ffd8.png - Prediction 0 - Time 7.499009609222412
Rank 4 - Image MIDRC-RICORD-1C-419639-003336-50845-0.png - Prediction 2 - Time 7.2292866706848145
Rank 3 - Image MIDRC-RICORD-1C-SITE2-000067-11643-0.png - Prediction 1 - Time 5.9316792488098145
Rank 0 - Image MIDRC-RICORD-1C-419639-000918-78965-0.png - Prediction 2 - Time 5.784852743148804
Rank 2 - Image MIDRC-RICORD-1C-SITE2-000153-84142-0.png - Prediction 2 - Time 5.966710090637207
Rank 7 - Image dd4d6a4c-1e67-4911-bda2-7d8af75b1b19.png - Prediction 1 - Time 5.843813180923462
Rank 5 - Image d82e5841-2f43-4eab-ac17-e98a2d90c51b.png - Prediction 0 - Time 6.4476001262664795
Rank 1 - Image MIDRC-RICORD-1C-419639-002528-57471-0.png - Prediction 1 - Time 6.500659465789795
Rank 6 - Image 5b12801f-aaf7-442e-b994-ec8f15ce78e5.png - Prediction 0 - Time 6.705284833908081
Rank 3 - Image MIDRC-RICORD-1C-SITE2-000015-91071-0.png - Prediction 2 - Time 6.167074918746948
Rank 0 - Image MIDRC-RICORD-1C-419639-003318-64285-0.png - Prediction 2 - Time 5.9166388511657715
Rank 2 - Image MIDRC-RICORD-1C-419639-003216-61144-0.png - Prediction 2 - Time 6.00903058052063
Rank 4 - Image MIDRC-RICORD-1C-419639-002929-69159-0.png - Prediction 2 - Time 7.749967813491821
Rank 7 - Image f0ba0019-718f-4677-a723-05c27dba2f3e.png - Prediction 1 - Time 5.995723009109497
Rank 5 - Image af1d168c-4850-41e1-85b8-ff8fc645e671.png - Prediction 0 - Time 6.436366558074951
Rank 1 - Image MIDRC-RICORD-1C-419639-001932-82193-0.png - Prediction 2 - Time 6.4873576164245605
Rank 6 - Image 3fe1550e-8bcb-4732-a343-725acce70531.png - Prediction 0 - Time 5.929856300354004
Rank 8 - Image 3db7e979-5f97-4985-bf0c-cdea7951e246.png - Prediction 1 - Time 25.426087141036987
Rank 0 - Image MIDRC-RICORD-1C-419639-001015-81591-0.png - Prediction 0 - Time 5.7674407958984375
Rank 3 - Image MIDRC-RICORD-1C-440808-000016-8.281-0.png - Prediction 0 - Time 5.89698338508606
Rank 2 - Image MIDRC-RICORD-1C-419639-001464-60601-0.png - Prediction 2 - Time 5.895012378692627
Rank 7 - Image cc3177c8-6570-497c-aef3-6fbddef692f6.png - Prediction 1 - Time 5.935122728347778
Rank 4 - Image MIDRC-RICORD-1C-SITE2-000120-98054-0.png - Prediction 2 - Time 7.148781776428223
Rank 5 - Image 585f5059-8938-4885-accb-d7d0b1097c60.png - Prediction 0 - Time 6.423254013061523
Rank 1 - Image MIDRC-RICORD-1C-419639-000002-10161-0.png - Prediction 2 - Time 6.5109663009643555
Rank 6 - Image 0bb24183-8b59-48f1-8bbf-4d889976fc82.png - Prediction 0 - Time 5.85639500617981
Rank 8 - Image e2e89418-6c0e-4f50-a2d9-6cd5e58feef0.png - Prediction 1 - Time 6.401503801345825
Rank 0 - Image MIDRC-RICORD-1C-SITE2-000265-99793-1.png - Prediction 2 - Time 5.73652982711792
Rank 3 - Image MIDRC-RICORD-1C-419639-001829-30276-0.png - Prediction 2 - Time 5.990921974182129
Rank 2 - Image MIDRC-RICORD-1C-419639-003380-99227-0.png - Prediction 0 - Time 5.77505350112915
Rank 7 - Image 0e03c2d7-9cea-4dc7-8e91-794a8b3ff58d.png - Prediction 1 - Time 5.784667253494263
Rank 4 - Image MIDRC-RICORD-1C-SITE2-000127-30661-0.png - Prediction 2 - Time 7.231460094451904
Rank 5 - Image 5d4c7318-4739-4470-89f3-70bbbca95f10.png - Prediction 0 - Time 6.375292062759399
Rank 6 - Image 02e4191e-fb03-4581-914c-f0438a17e53e.png - Prediction 0 - Time 5.796641826629639
Rank 1 - Image MIDRC-RICORD-1C-419639-001464-72163-0.png - Prediction 1 - Time 6.415342807769775
Rank 8 - Image 393b8e45-6d97-4013-8100-27ebf07a1dad.png - Prediction 1 - Time 6.32331395149231
Rank 0 - Image MIDRC-RICORD-1C-SITE2-000159-61155-0.png - Prediction 2 - Time 5.82220983505249
Rank 3 - Image MIDRC-RICORD-1C-419639-000025-53641-0.png - Prediction 2 - Time 6.060196876525879
Rank 2 - Image MIDRC-RICORD-1C-SITE2-000272-41527-0.png - Prediction 2 - Time 5.884696006774902
Rank 7 - Image 070c921f-171c-420c-915b-e49e3f600c38.png - Prediction 1 - Time 5.790807008743286
Rank 6 - Image a8dfd068-69e9-4486-bb22-2a04f2f2e1a5.png - Prediction 0 - Time 5.869696140289307
Rank 5 - Image d3ad2915-af30-426c-ad2d-1634df8c1b5f.png - Prediction 0 - Time 6.406153202056885
Rank 1 - Image MIDRC-RICORD-1C-SITE2-000239-21655-0.png - Prediction 2 - Time 6.4714179039001465
Rank 4 - Image MIDRC-RICORD-1C-SITE2-000206-25871-0.png - Prediction 2 - Time 7.230499744415283
Rank 0 - Image MIDRC-RICORD-1C-419639-003169-42019-0.png - Prediction 0 - Time 5.677508592605591
Rank 8 - Image 2348e8ba-483f-476d-b29d-5ba8398d7abc.png - Prediction 1 - Time 6.229145526885986
Rank 3 - Image MIDRC-RICORD-1C-SITE2-000124-65701-0.png - Prediction 2 - Time 6.023630380630493
Rank 2 - Image MIDRC-RICORD-1C-419639-003338-57135-0.png - Prediction 2 - Time 5.772508144378662
Rank 7 - Image caa545b4-4eea-4e3a-90b1-c4c0789a1109.png - Prediction 1 - Time 5.665935754776001
Rank 6 - Image 63f71157-7db6-476f-b320-ba2fcbe2543f.png - Prediction 0 - Time 5.7931740283966064
Rank 5 - Image dee054ff-0e1a-4167-b814-cbf339cf689c.png - Prediction 0 - Time 6.339179515838623
Rank 1 - Image MIDRC-RICORD-1C-419639-003371-97350-0.png - Prediction 2 - Time 6.423569440841675
Rank 0 - Image MIDRC-RICORD-1C-SITE2-000238-25854-1.png - Prediction 2 - Time 5.82802152633667
Rank 8 - Image aef87dc2-a097-4683-9fb1-d1af6838a16a.png - Prediction 0 - Time 6.262532949447632
Rank 4 - Image MIDRC-RICORD-1C-SITE2-000141-46899-0.png - Prediction 2 - Time 7.207298040390015
Rank 3 - Image MIDRC-RICORD-1C-419639-001464-85049-0.png - Prediction 2 - Time 5.8801429271698
Rank 2 - Image MIDRC-RICORD-1C-419639-003060-04928-0.png - Prediction 2 - Time 5.854538440704346
Rank 7 - Image 7817b551-d220-479b-815f-395f83e1dba1.png - Prediction 1 - Time 5.851273536682129
Rank 6 - Image 1cdba4ee-0bb8-421d-9a24-7febeb399729.png - Prediction 0 - Time 5.884929895401001
Rank 0 - Image MIDRC-RICORD-1C-419639-001464-33260-0.png - Prediction 2 - Time 5.721559047698975
Rank 5 - Image bb068d57-86a8-4347-bee0-e29d59ddef6b.png - Prediction 0 - Time 6.428720235824585
Rank 1 - Image MIDRC-RICORD-1C-419639-000432-86017-0.png - Prediction 2 - Time 6.479486703872681
Rank 2 - Image MIDRC-RICORD-1C-419639-002889-42412-0.png - Prediction 2 - Time 5.765758991241455
Rank 3 - Image MIDRC-RICORD-1C-419639-000025-90087-0.png - Prediction 2 - Time 5.861605167388916
Rank 8 - Image afe1b6e2-203e-4ee5-856a-2f205d8bca2a.png - Prediction 1 - Time 6.280247449874878
Rank 7 - Image f743c21e-5876-460b-bbd6-2e2dcca41baa.png - Prediction 1 - Time 5.850327968597412
Rank 4 - Image MIDRC-RICORD-1C-SITE2-000203-08712-0.png - Prediction 2 - Time 7.109420537948608
Rank 6 - Image e1d23cbe-213d-48d6-a8c2-672c4e68285d.png - Prediction 0 - Time 5.785055875778198
Rank 0 - Image MIDRC-RICORD-1C-SITE2-000018-55212-0.png - Prediction 2 - Time 5.792316913604736
Rank 5 - Image 354c3756-43ed-4921-adf8-60be49a8b7e8.png - Prediction 0 - Time 6.326900243759155
Rank 1 - Image MIDRC-RICORD-1C-419639-001007-89903-0.png - Prediction 2 - Time 6.334994792938232
Rank 2 - Image MIDRC-RICORD-1C-SITE2-000106-15732-0.png - Prediction 2 - Time 5.9433417320251465
Rank 3 - Image MIDRC-RICORD-1C-SITE2-000098-66227-0.png - Prediction 2 - Time 5.892049551010132
Rank 7 - Image e1d5a233-39ca-41dc-a289-b07c3e78cdb1.png - Prediction 1 - Time 5.8936927318573
Rank 8 - Image 3d070009-c877-4ed4-ac80-53781cb30fef.png - Prediction 1 - Time 6.29455304145813
Rank 4 - Image MIDRC-RICORD-1C-SITE2-000045-76077-0.png - Prediction 2 - Time 7.270272731781006
Rank 6 - Image 4b1cab8a-c9bd-40e6-bc86-23c6be98a099.png - Prediction 0 - Time 5.870571851730347
Rank 0 - Image MIDRC-RICORD-1C-419639-000025-50888-0.png - Prediction 2 - Time 5.67201566696167
Rank 5 - Image b8dd7d32-b177-4d1e-982f-6f0a743828fa.png - Prediction 0 - Time 6.402846097946167
Rank 2 - Image MIDRC-RICORD-1C-SITE2-000297-71173-1.png - Prediction 2 - Time 5.820110321044922
Rank 3 - Image MIDRC-RICORD-1C-SITE2-000188-54382-0.png - Prediction 2 - Time 5.887350559234619
Rank 1 - Image MIDRC-RICORD-1C-419639-001464-39871-1.png - Prediction 2 - Time 6.443126678466797
Rank 7 - Image 40a2f7fd-342e-494b-a7e0-5857b73ec582.png - Prediction 1 - Time 5.924984693527222
Rank 8 - Image 34fbff70-fa6e-4709-ab07-17f739fce394.png - Prediction 1 - Time 6.210336685180664
Rank 6 - Image ec0492da-e6be-49cf-8b18-dc143180f1a2.png - Prediction 0 - Time 5.801948547363281
Rank 4 - Image MIDRC-RICORD-1C-SITE2-000162-64489-0.png - Prediction 2 - Time 7.067196369171143
Rank 0 - Image MIDRC-RICORD-1C-419639-001288-10277-0.png - Prediction 2 - Time 5.656832218170166
Rank 2 - Image MIDRC-RICORD-1C-SITE2-000204-24409-0.png - Prediction 1 - Time 5.869036912918091
Rank 3 - Image MIDRC-RICORD-1C-SITE2-000072-79474-0.png - Prediction 2 - Time 5.888685464859009
Rank 5 - Image a17f7e03-42a6-41d3-82ad-d8a656826936.png - Prediction 0 - Time 6.347476959228516
Rank 7 - Image bcdd92c8-2cde-4899-a6fc-46b875aaab62.png - Prediction 1 - Time 5.894679307937622
Rank 1 - Image MIDRC-RICORD-1C-419639-002374-98411-0.png - Prediction 2 - Time 6.370862007141113
Rank 8 - Image 2c68016e-5a63-4430-a834-efe5d43edd0e.png - Prediction 1 - Time 6.279753923416138
Rank 6 - Image 89dd8f63-8320-48f3-b142-d903f40d5c8c.png - Prediction 0 - Time 5.783099174499512
Rank 0 - Image MIDRC-RICORD-1C-419639-002757-16718-0.png - Prediction 2 - Time 5.753765106201172
Rank 4 - Image MIDRC-RICORD-1C-419639-001505-21193-0.png - Prediction 2 - Time 7.1879541873931885
Rank 2 - Image MIDRC-RICORD-1C-419639-001464-82193-0.png - Prediction 2 - Time 5.8556272983551025
Rank 3 - Image MIDRC-RICORD-1C-419639-001882-13628-0.png - Prediction 2 - Time 5.895186185836792
Rank 7 - Image ac648f87-a79f-4ce0-9439-23a8dd886b71.png - Prediction 1 - Time 5.994863033294678
Rank 5 - Image c3c78e4e-1a31-4a92-be4b-0fc3c7f992a4.png - Prediction 0 - Time 6.33182954788208
Rank 1 - Image MIDRC-RICORD-1C-SITE2-000028-53390-0.png - Prediction 2 - Time 6.349440097808838
Rank 8 - Image 8ae822ae-a656-47ba-ac5b-848ce2256575.png - Prediction 1 - Time 6.1466100215911865
Rank 6 - Image b76728e6-f44b-40bf-8688-e703d10d2039.png - Prediction 0 - Time 5.8186798095703125
Rank 0 - Image MIDRC-RICORD-1C-SITE2-000135-64564-1.png - Prediction 2 - Time 5.746983528137207
Rank 2 - Image MIDRC-RICORD-1C-SITE2-000058-42859-0.png - Prediction 2 - Time 5.910226583480835
Rank 3 - Image MIDRC-RICORD-1C-419639-000402-60433-0.png - Prediction 0 - Time 5.926123142242432
Rank 4 - Image MIDRC-RICORD-1C-SITE2-000173-80432-1.png - Prediction 2 - Time 7.15361762046814
Rank 7 - Image 93b49de9-9267-43c2-a507-6885e4caeaba.png - Prediction 1 - Time 6.006990671157837
Rank 5 - Image f1c8caa2-a6dc-40c0-ab85-4769688f1eec.png - Prediction 0 - Time 6.395507335662842
Rank 8 - Image f661fe70-2fc1-4564-9f53-45504c0b0688.png - Prediction 1 - Time 6.105841875076294
Rank 1 - Image MIDRC-RICORD-1C-419639-001070-42385-0.png - Prediction 2 - Time 6.409422159194946
Rank 6 - Image d9884def-b31a-4861-9eea-27f97bffeba2.png - Prediction 0 - Time 5.828732967376709
Rank 0 - Image MIDRC-RICORD-1C-SITE2-000147-13199-0.png - Prediction 2 - Time 5.702874660491943
Rank 2 - Image MIDRC-RICORD-1C-SITE2-000149-71428-1.png - Prediction 2 - Time 5.742447376251221
Rank 3 - Image MIDRC-RICORD-1C-440808-000019-8.433-0.png - Prediction 1 - Time 5.909071445465088
Rank 7 - Image af2ff93b-2f33-4c91-bde1-1490fc435b50.png - Prediction 1 - Time 5.815769195556641
Rank 4 - Image MIDRC-RICORD-1C-419639-002871-45785-0.png - Prediction 2 - Time 7.0959320068359375
Rank 5 - Image d535a3c8-c4a4-4856-b5cd-17f6332eac8b.png - Prediction 0 - Time 6.3702476024627686
Rank 8 - Image 78c33a1a-8f22-476c-ae97-8190192102df.png - Prediction 1 - Time 6.052895784378052
Rank 1 - Image MIDRC-RICORD-1C-SITE2-000283-41971-0.png - Prediction 2 - Time 6.4898669719696045
Rank 6 - Image ffba6230-71cf-4287-a0d1-887f5d16e95d.png - Prediction 0 - Time 5.744417190551758
Rank 0 - Image MIDRC-RICORD-1C-419639-002601-92699-0.png - Prediction 2 - Time 5.7278289794921875
Rank 2 - Image MIDRC-RICORD-1C-419639-002281-83348-0.png - Prediction 2 - Time 5.873078346252441
Rank 3 - Image MIDRC-RICORD-1C-419639-003319-99931-0.png - Prediction 2 - Time 5.929332971572876
Rank 7 - Image 31692137-f770-4cfe-a02e-fd207ce813ac.png - Prediction 1 - Time 5.874033451080322
Rank 8 - Image 652b519d-5eb4-4abc-93f7-15ae661a431f.png - Prediction 1 - Time 6.032742738723755
Rank 5 - Image 2ed06be4-9f0e-4256-b8bf-a4b396cc6364.png - Prediction 0 - Time 6.350258827209473
Rank 6 - Image f3b015ab-e337-4e7f-971d-eb7cc3dd4e92.png - Prediction 0 - Time 5.831049680709839
Rank 4 - Image MIDRC-RICORD-1C-SITE2-000220-78771-1.png - Prediction 0 - Time 7.141136884689331
Rank 1 - Image MIDRC-RICORD-1C-SITE2-000023-20254-0.png - Prediction 2 - Time 6.361415863037109
Rank 0 - Image MIDRC-RICORD-1C-419639-002310-52924-0.png - Prediction 2 - Time 5.680864095687866
Rank 2 - Image MIDRC-RICORD-1C-419639-002733-79941-0.png - Prediction 2 - Time 5.767130374908447
Rank 3 - Image MIDRC-RICORD-1C-SITE2-000217-73086-0.png - Prediction 2 - Time 5.98452615737915
Rank 7 - Image f7379744-be39-44b2-8816-a743857bd6a6.png - Prediction 1 - Time 5.823086977005005
Rank 8 - Image 2397b2f6-3dfa-476c-89ea-e9992c5bd9a9.png - Prediction 1 - Time 6.0738654136657715
Rank 6 - Image bca4aa4d-0cc9-4cc0-b06d-5b675194bf62.png - Prediction 0 - Time 5.739842176437378
Rank 5 - Image 168f4fcb-a87d-49fc-b167-4ed42fd1ec43.png - Prediction 0 - Time 6.389458179473877
Rank 0 - Image MIDRC-RICORD-1C-SITE2-000171-45676-0.png - Prediction 2 - Time 5.677944660186768
Rank 1 - Image MIDRC-RICORD-1C-SITE2-000181-63935-0.png - Prediction 2 - Time 6.498444080352783
Rank 4 - Image MIDRC-RICORD-1C-419639-001661-28330-1.png - Prediction 2 - Time 7.118338346481323
Rank 2 - Image MIDRC-RICORD-1C-419639-000025-81112-0.png - Prediction 2 - Time 5.796536445617676
Rank 3 - Image MIDRC-RICORD-1C-419639-000586-49647-0.png - Prediction 2 - Time 5.851048707962036
Rank 7 - Image 3186d210-966f-4733-ba72-98729be9551a.png - Prediction 1 - Time 5.791492223739624
Rank 8 - Image ac10f43e-03b8-43d2-bcae-6fe000542397.png - Prediction 0 - Time 6.078861951828003
Rank 6 - Image 9e2ddac8-9a4c-448b-98c8-a840a548d0f7.png - Prediction 0 - Time 5.7396087646484375
Rank 0 - Image MIDRC-RICORD-1C-419639-000025-56001-0.png - Prediction 2 - Time 5.7722649574279785
Rank 5 - Image a8e3ea7d-0b63-45cf-85d8-1078d3e2449d.png - Prediction 0 - Time 6.3458404541015625
Rank 1 - Image MIDRC-RICORD-1C-419639-003105-50900-0.png - Prediction 0 - Time 6.42186713218689
Rank 4 - Image MIDRC-RICORD-1C-SITE2-000142-56843-0.png - Prediction 2 - Time 7.099621295928955
Rank 2 - Image MIDRC-RICORD-1C-419639-003186-86346-0.png - Prediction 0 - Time 5.861981153488159
Rank 3 - Image MIDRC-RICORD-1C-SITE2-000115-40758-0.png - Prediction 2 - Time 5.975977897644043
Rank 7 - Image b51c3c24-f9aa-4039-9fc1-527a5567dff6.png - Prediction 0 - Time 5.833987474441528
Rank 6 - Image fc958b63-5da8-448d-8962-3c5167dc9410.png - Prediction 0 - Time 5.8152782917022705
Rank 8 - Image 3c8cc0d1-be7f-493d-9570-542d851f623b.png - Prediction 1 - Time 6.025342226028442
Rank 0 - Image MIDRC-RICORD-1C-419639-003340-85716-0.png - Prediction 2 - Time 5.713738441467285
Rank 5 - Image f31d1fb1-604b-4fec-b320-f07ce2694008.png - Prediction 0 - Time 6.311145544052124
Rank 1 - Image MIDRC-RICORD-1C-SITE2-000185-39456-0.png - Prediction 2 - Time 6.413668394088745
Rank 2 - Image MIDRC-RICORD-1C-SITE2-000237-52517-0.png - Prediction 0 - Time 5.809058666229248
Rank 3 - Image MIDRC-RICORD-1C-419639-000025-56207-0.png - Prediction 2 - Time 5.798249959945679
Rank 7 - Image e9e58e10-2795-4dec-a738-c9792ea8f685.png - Prediction 1 - Time 5.787332057952881
Rank 4 - Image MIDRC-RICORD-1C-419639-003099-52606-0.png - Prediction 0 - Time 7.207521438598633
Rank 6 - Image cb7d021b-b273-436a-bd7a-e68c11ed3f6b.png - Prediction 0 - Time 5.739474058151245
Rank 8 - Image 6565a9e6-3f01-4de8-a18d-ade3121c5d7c.png - Prediction 1 - Time 6.07414984703064
Rank 0 - Image MIDRC-RICORD-1C-419639-003257-00787-0.png - Prediction 2 - Time 5.766790151596069
Rank 5 - Image 069cfd47-0169-43e7-89a1-0be0fa24105b.png - Prediction 0 - Time 6.391611099243164
Rank 1 - Image MIDRC-RICORD-1C-419639-003187-73922-0.png - Prediction 2 - Time 6.381472826004028
Rank 2 - Image MIDRC-RICORD-1C-SITE2-000002-65816-0.png - Prediction 2 - Time 5.880117416381836
Rank 3 - Image MIDRC-RICORD-1C-419639-001699-69345-0.png - Prediction 2 - Time 5.8790037631988525
Rank 7 - Image cd9d2d22-4395-4e4d-8837-cfb33c2bdaab.png - Prediction 1 - Time 5.854592323303223
Rank 4 - Image MIDRC-RICORD-1C-419639-002463-12463-0.png - Prediction 2 - Time 7.094646215438843
Rank 6 - Image ff332704-48e0-445b-9188-b2a696d1f0d7.png - Prediction 0 - Time 5.812520980834961
Rank 0 - Image MIDRC-RICORD-1C-SITE2-000099-22857-0.png - Prediction 2 - Time 5.73897123336792
Rank 8 - Image ed0c5d1e-934a-4e31-9221-3a6a69ec9c1b.png - Prediction 1 - Time 6.024497032165527
Rank 5 - Image 85d84453-ab2d-4666-98e6-5df3cbb81f5b.png - Prediction 0 - Time 6.324054718017578
Rank 2 - Image MIDRC-RICORD-1C-419639-000025-39552-1.png - Prediction 2 - Time 5.769487380981445
Rank 1 - Image MIDRC-RICORD-1C-SITE2-000066-97290-0.png - Prediction 2 - Time 6.39742112159729
Rank 3 - Image MIDRC-RICORD-1C-SITE2-000003-00527-0.png - Prediction 2 - Time 5.854634761810303
Rank 7 - Image b42eaeb8-b6d3-41d7-836c-56fd0922abf6.png - Prediction 1 - Time 5.7873687744140625
Rank 6 - Image 3e1b619a-cdd9-495a-bcbf-a9d62b418991.png - Prediction 0 - Time 5.765474796295166
Rank 0 - Image MIDRC-RICORD-1C-SITE2-000155-37671-0.png - Prediction 2 - Time 5.812992334365845
Rank 8 - Image 4bc8ce99-2420-48c2-a768-d067da67ced2.png - Prediction 1 - Time 6.019136428833008
Rank 4 - Image MIDRC-RICORD-1C-419639-001085-09031-0.png - Prediction 0 - Time 7.05339241027832
Rank 5 - Image 8db71746-e837-43c2-bdf1-c44d1ab207e3.png - Prediction 0 - Time 6.383247137069702
Rank 2 - Image MIDRC-RICORD-1C-419639-000082-79663-0.png - Prediction 2 - Time 5.846369504928589
Rank 3 - Image MIDRC-RICORD-1C-419639-003232-50592-0.png - Prediction 2 - Time 5.840859651565552
Rank 7 - Image ae06b30f-ae30-40d3-b237-c934ce499774.png - Prediction 1 - Time 5.87432599067688
Rank 1 - Image MIDRC-RICORD-1C-SITE2-000105-65881-0.png - Prediction 2 - Time 6.476652145385742
Rank 6 - Image 0977f16c-c343-42c9-95ed-d7ca996feb16.png - Prediction 0 - Time 5.813608884811401
Rank 0 - Image MIDRC-RICORD-1C-419639-000235-89929-0.png - Prediction 0 - Time 5.695468187332153
Rank 8 - Image 6df82c7a-a91e-487c-ae3a-9022b17d7c7a.png - Prediction 1 - Time 6.077697038650513
Rank 4 - Image MIDRC-RICORD-1C-419639-002895-42704-0.png - Prediction 0 - Time 7.206443548202515
Rank 2 - Image MIDRC-RICORD-1C-SITE2-000094-94497-0.png - Prediction 2 - Time 5.805871963500977
Rank 5 - Image 275f9fff-2439-4f3f-9c48-7c21f348701a.png - Prediction 0 - Time 6.322888612747192
Rank 3 - Image MIDRC-RICORD-1C-419639-000025-04760-0.png - Prediction 2 - Time 5.800994396209717
Rank 7 - Image f59ae80d-d98e-465f-963a-1064764211f8.png - Prediction 1 - Time 5.800685167312622
Rank 1 - Image MIDRC-RICORD-1C-419639-003080-09097-0.png - Prediction 2 - Time 6.3290228843688965
Rank 6 - Image f8a11cd6-e541-4765-a41b-3d70b6f3481e.png - Prediction 0 - Time 5.7389256954193115
Rank 0 - Image MIDRC-RICORD-1C-419639-002376-07504-0.png - Prediction 2 - Time 5.76082706451416
Rank 8 - Image a6c364d2-b2d6-4b0b-a439-40b992ff65c7.png - Prediction 1 - Time 6.009352684020996
Rank 2 - Image MIDRC-RICORD-1C-SITE2-000131-16046-1.png - Prediction 2 - Time 5.811036825180054
Rank 4 - Image 47c78742-4998-4878-aec4-37b11b1354ac.png - Prediction 0 - Time 7.015324115753174
Rank 3 - Image MIDRC-RICORD-1C-419639-000025-89853-0.png - Prediction 2 - Time 5.836193084716797
Rank 7 - Image 03a9498c-549d-4e7d-800b-e74797f7f625.png - Prediction 1 - Time 5.841018915176392
Rank 5 - Image 1d1968e2-88a5-4d72-9237-caf4cbad9423.png - Prediction 0 - Time 6.371128559112549
Rank 1 - Image MIDRC-RICORD-1C-SITE2-000230-35167-0.png - Prediction 2 - Time 6.434104681015015
Rank 6 - Image 960131aa-4ce4-4b26-aa12-5f73d8d81453.png - Prediction 0 - Time 5.770498037338257
Rank 0 - Image MIDRC-RICORD-1C-419639-001433-28259-0.png - Prediction 0 - Time 5.691874742507935
Rank 8 - Image 32a5977f-f8ab-41c9-9b51-5387248e4675.png - Prediction 0 - Time 6.061501741409302
Rank 2 - Image MIDRC-RICORD-1C-419639-002309-84923-0.png - Prediction 2 - Time 5.787684202194214
Rank 3 - Image MIDRC-RICORD-1C-419639-001425-17331-0.png - Prediction 2 - Time 5.7832701206207275
Rank 7 - Image 080f2b35-fcd5-473e-864b-a7dea3054cc7.png - Prediction 1 - Time 5.802664518356323
Rank 5 - Image 07aeb82e-773b-4498-95c0-fabdf4985bb2.png - Prediction 0 - Time 6.313252210617065
Rank 4 - Image 8989e25c-a698-48fc-b428-fff56931fc8f.png - Prediction 0 - Time 7.071352958679199
Rank 6 - Image 3a5327d8-8830-4ae2-bd6b-293f5aa42d4b.png - Prediction 0 - Time 5.684827566146851
Rank 1 - Image MIDRC-RICORD-1C-419639-003365-72952-0.png - Prediction 2 - Time 6.312760829925537
Rank 0 - Image MIDRC-RICORD-1C-419639-003116-57702-0.png - Prediction 2 - Time 5.773782730102539
Rank 8 - Image c3751c94-ea6f-4a7c-b3bf-87a54012fa80.png - Prediction 0 - Time 6.0080132484436035
Rank 2 - Image MIDRC-RICORD-1C-419639-002768-13069-0.png - Prediction 2 - Time 5.862189054489136
Rank 3 - Image MIDRC-RICORD-1C-440808-000009-08.98-0.png - Prediction 2 - Time 5.882047653198242
Rank 7 - Image b479635e-4c58-4d27-879b-fb0e87b2a1aa.png - Prediction 1 - Time 5.878170013427734
Rank 5 - Image 652d6bb3-56a0-4a89-9631-684ce27cfc4c.png - Prediction 0 - Time 6.385130882263184
Rank 6 - Image a0b9597d-93f4-4a7c-a412-81cb78bccb66.png - Prediction 0 - Time 5.771147012710571
Rank 0 - Image MIDRC-RICORD-1C-419639-001629-03737-0.png - Prediction 0 - Time 5.736993074417114
Rank 4 - Image 7fb3786c-5045-4a90-981d-c55b53d4d5d3.png - Prediction 0 - Time 7.009476184844971
Rank 1 - Image MIDRC-RICORD-1C-SITE2-000208-34584-0.png - Prediction 2 - Time 6.483265399932861
Rank 8 - Image 1c0a780d-1cac-4eee-b46d-470ecebc9ae0.png - Prediction 1 - Time 6.059743881225586
Rank 2 - Image MIDRC-RICORD-1C-SITE2-000108-12642-0.png - Prediction 2 - Time 5.771956920623779
Rank 3 - Image MIDRC-RICORD-1C-419639-000086-21140-0.png - Prediction 2 - Time 5.780791521072388
Rank 7 - Image 86853bbd-5af2-4551-8273-f2978dffdd76.png - Prediction 0 - Time 5.77503514289856
Rank 6 - Image cdac0980-033c-4685-b7e4-0a12c86a00a9.png - Prediction 0 - Time 5.701618194580078
Rank 5 - Image e155c13d-7ac7-4765-bb86-899349978413.png - Prediction 0 - Time 6.318188905715942
Rank 0 - Image MIDRC-RICORD-1C-SITE2-000211-85940-0.png - Prediction 2 - Time 5.809281349182129
Rank 1 - Image MIDRC-RICORD-1C-419639-001464-53024-0.png - Prediction 1 - Time 6.349234342575073
Rank 4 - Image 766b8aea-3b43-4a34-b675-09f373ca066b.png - Prediction 0 - Time 7.123701572418213
Rank 8 - Image b852bc3c-0de5-4448-aff8-f96b2cc13d51.png - Prediction 1 - Time 5.996453285217285
Rank 2 - Image MIDRC-RICORD-1C-SITE2-000170-25974-1.png - Prediction 2 - Time 5.878905534744263
Rank 3 - Image MIDRC-RICORD-1C-SITE2-000270-57009-0.png - Prediction 2 - Time 5.863759994506836
Rank 7 - Image acb5c720-f741-415c-993c-65855be08ffa.png - Prediction 1 - Time 5.805896997451782
Rank 6 - Image 7ca5c75a-1ec6-49a7-a3b0-93b6122a3170.png - Prediction 0 - Time 5.769155263900757
Rank 0 - Image MIDRC-RICORD-1C-419639-003027-36839-0.png - Prediction 2 - Time 5.702874660491943
Rank 5 - Image 98bfaf7a-d80b-491e-a7e0-c5c7316bebe9.png - Prediction 0 - Time 6.379701852798462
Rank 1 - Image MIDRC-RICORD-1C-419639-003157-67493-0.png - Prediction 2 - Time 6.419667482376099
Rank 8 - Image a2616330-1f29-4019-928f-e2d62b3b737b.png - Prediction 1 - Time 6.061290502548218
Rank 4 - Image f6236cb5-cc36-4ec4-895c-d11ce043341d.png - Prediction 0 - Time 7.011573791503906
Rank 2 - Image MIDRC-RICORD-1C-SITE2-000097-16347-1.png - Prediction 2 - Time 5.787054777145386
Rank 7 - Image 1414c7d6-dff3-453c-8322-b25bb5899d78.png - Prediction 1 - Time 5.726496696472168
Rank 3 - Image MIDRC-RICORD-1C-419639-000573-31324-0.png - Prediction 2 - Time 5.809960603713989
Rank 6 - Image d1e0d69c-a4df-485a-983c-535494221d1a.png - Prediction 0 - Time 5.697206735610962
Rank 0 - Image MIDRC-RICORD-1C-419639-003021-81745-0.png - Prediction 2 - Time 5.7765069007873535
Rank 5 - Image 76b180ab-242f-45d3-bce1-68df00c5ef45.png - Prediction 0 - Time 6.318248510360718
Rank 1 - Image MIDRC-RICORD-1C-SITE2-000048-66689-0.png - Prediction 2 - Time 6.402617454528809
Rank 8 - Image a6236ddd-6367-4569-b5f1-07d2df9390ad.png - Prediction 1 - Time 5.9931488037109375
Rank 2 - Image MIDRC-RICORD-1C-419639-002043-49668-0.png - Prediction 2 - Time 5.848114967346191
Rank 7 - Image c3a6ca22-c09b-4be0-a59d-e52718fbb645.png - Prediction 1 - Time 5.8191211223602295
Rank 3 - Image MIDRC-RICORD-1C-SITE2-000154-41630-0.png - Prediction 2 - Time 5.850875616073608
Rank 4 - Image 153b7c2b-4909-4dca-8579-9523582bc4fe.png - Prediction 0 - Time 7.078896522521973
Rank 6 - Image 6b969591-8a07-49ed-9f65-fa19a453df59.png - Prediction 0 - Time 5.745610475540161
Rank 0 - Image MIDRC-RICORD-1C-419639-003024-14703-0.png - Prediction 2 - Time 5.70456862449646
Rank 5 - Image 372b2fea-2013-4600-a06f-765c3f054a82.png - Prediction 0 - Time 6.379933595657349
Rank 1 - Image MIDRC-RICORD-1C-440808-000020-8.458-0.png - Prediction 2 - Time 6.3987956047058105
Rank 8 - Image b8d6b40d-2a3d-475f-88d3-03560f645223.png - Prediction 1 - Time 6.062609434127808
Rank 2 - Image MIDRC-RICORD-1C-419639-000785-60200-0.png - Prediction 0 - Time 5.739352226257324
Rank 7 - Image bfd795ae-7656-40fc-b44e-566515e52ed2.png - Prediction 1 - Time 5.7209131717681885
Rank 3 - Image MIDRC-RICORD-1C-SITE2-000168-32448-0.png - Prediction 2 - Time 5.763219356536865
Rank 6 - Image bd8facb9-dce0-4048-8249-e6078b28e1b7.png - Prediction 1 - Time 5.6854774951934814
Rank 4 - Image 1afd6582-da9d-4e5a-a81f-62a188fe9366.png - Prediction 0 - Time 7.008130311965942
Rank 0 - Image MIDRC-RICORD-1C-419639-002724-03387-0.png - Prediction 2 - Time 5.756075143814087
Rank 5 - Image a52aa522-a1b3-4f15-8609-f44bf96da2e3.png - Prediction 0 - Time 6.321605920791626
Rank 8 - Image 49b2fb17-b12c-4e5a-8c4a-02449027c42b.png - Prediction 1 - Time 5.993675231933594
Rank 2 - Image MIDRC-RICORD-1C-SITE2-000035-19513-0.png - Prediction 2 - Time 5.959961891174316
Rank 1 - Image MIDRC-RICORD-1C-SITE2-000034-76728-1.png - Prediction 2 - Time 6.37035059928894
Rank 7 - Image 098906c5-cf22-43d3-9f0d-90e88e602090.png - Prediction 1 - Time 5.811644792556763
Rank 3 - Image MIDRC-RICORD-1C-SITE2-000125-08616-1.png - Prediction 2 - Time 5.968852281570435
Rank 6 - Image 4dbc44ca-694a-4814-9a24-bc60c8d8d611.png - Prediction 1 - Time 5.797483205795288
Rank 0 - Image MIDRC-RICORD-1C-419639-001464-32013-0.png - Prediction 1 - Time 5.748305559158325
Rank 4 - Image 85bb48fe-e6d6-47de-bb71-d1636aced7dc.png - Prediction 0 - Time 7.060653209686279
Rank 5 - Image 6556ce72-1a60-40aa-aaf7-b50dbf07fae7.png - Prediction 0 - Time 6.374748945236206
Rank 2 - Image MIDRC-RICORD-1C-419639-001155-71955-0.png - Prediction 2 - Time 5.759522914886475
Rank 8 - Image 3766b0a6-1769-4d82-b081-fa53531de34e.png - Prediction 1 - Time 6.047019004821777
Rank 7 - Image b5714c0f-6d0f-4c56-833f-8b83f19e982a.png - Prediction 1 - Time 5.729620456695557
Rank 1 - Image MIDRC-RICORD-1C-419639-002784-76664-0.png - Prediction 0 - Time 6.373706817626953
Rank 3 - Image MIDRC-RICORD-1C-SITE2-000096-37358-0.png - Prediction 2 - Time 5.821617126464844
Rank 6 - Image 3f504abe-2133-4e09-98af-743cdea486f9.png - Prediction 1 - Time 5.668355703353882
Rank 0 - Image MIDRC-RICORD-1C-SITE2-000116-25889-1.png - Prediction 0 - Time 5.784754037857056
Rank 4 - Image eaeb935a-7294-4dd3-8bf5-73ba781d28af.png - Prediction 0 - Time 7.000701904296875
Rank 5 - Image 633d9182-1809-41b7-a59b-1e60ac91f0c9.png - Prediction 0 - Time 6.322064638137817
Rank 2 - Image MIDRC-RICORD-1C-SITE2-000207-20956-0.png - Prediction 2 - Time 5.907350540161133
Rank 8 - Image f12d7b12-0398-4533-8f55-8772cc434945.png - Prediction 1 - Time 5.987216472625732
Rank 7 - Image 875b34e4-b58d-479f-954a-5b015071f448.png - Prediction 1 - Time 5.846429109573364
Rank 3 - Image MIDRC-RICORD-1C-SITE2-000221-43774-0.png - Prediction 2 - Time 5.912423610687256
Rank 1 - Image MIDRC-RICORD-1C-SITE2-000014-81802-0.png - Prediction 2 - Time 6.377362251281738
Rank 6 - Image af169d21-1c39-445e-82d8-5035182a3a8c.png - Prediction 2 - Time 5.625279188156128
Rank 0 - Image MIDRC-RICORD-1C-SITE2-000229-76177-0.png - Prediction 2 - Time 5.64514946937561
Rank 4 - Image 5f137fa7-6539-499e-b0d5-0e481221bf5a.png - Prediction 0 - Time 6.995222806930542
Rank 2 - Image MIDRC-RICORD-1C-419639-002472-45590-0.png - Prediction 2 - Time 5.748671293258667
Rank 5 - Image fd7bad9a-1bff-49ec-9c6c-c9aae9e65726.png - Prediction 0 - Time 6.3862316608428955
Rank 8 - Image 0b7a4fb2-adab-484b-a0f7-23f5111bc745.png - Prediction 1 - Time 6.074859380722046
Rank 7 - Image 91e187a5-771d-4a83-9601-e22ed326bc8e.png - Prediction 1 - Time 5.806438207626343
Rank 3 - Image MIDRC-RICORD-1C-SITE2-000179-48742-0.png - Prediction 2 - Time 5.88384222984314
Rank 6 - Image fcd159f4-21d3-4169-a94b-95a2b5ccddcb.png - Prediction 1 - Time 5.569301128387451
Rank 1 - Image MIDRC-RICORD-1C-SITE2-000068-39061-0.png - Prediction 2 - Time 6.433454513549805
Rank 0 - Image MIDRC-RICORD-1C-419639-001222-46073-0.png - Prediction 1 - Time 5.6900999546051025
Rank 2 - Image MIDRC-RICORD-1C-419639-002114-73757-0.png - Prediction 0 - Time 5.837778091430664
Rank 7 - Image 3abb7176-035d-46cc-844e-820870e8154b.png - Prediction 1 - Time 5.7671051025390625
Rank 8 - Image 1565fd6c-9432-454a-87e4-937fd5ad5b60.png - Prediction 1 - Time 6.059080600738525
Rank 4 - Image b5234584-1487-492c-8742-444b9ca41c3d.png - Prediction 0 - Time 6.86622166633606
Rank 5 - Image 99432aa3-8d61-4ff2-a79a-f0a0218d6fa2.png - Prediction 0 - Time 6.319884300231934
Rank 6 - Image b6db3041-1554-43ef-baca-58733b6717d6.png - Prediction 0 - Time 5.627653360366821
Rank 3 - Image MIDRC-RICORD-1C-SITE2-000176-81030-0.png - Prediction 2 - Time 5.913259506225586
Rank 0 - Image MIDRC-RICORD-1C-419639-003360-73998-0.png - Prediction 2 - Time 5.662952661514282
Rank 1 - Image MIDRC-RICORD-1C-419639-000025-84235-0.png - Prediction 2 - Time 6.310163259506226
Rank 2 - Image MIDRC-RICORD-1C-419639-002997-12964-0.png - Prediction 2 - Time 5.590498447418213
Rank 7 - Image 3e4ee273-d5ca-4cf8-a75a-05772e0e12fe.png - Prediction 1 - Time 5.686590194702148
Rank 6 - Image a0a8370a-dc3f-4f70-a440-e3fa9827928a.png - Prediction 1 - Time 5.547991991043091
Rank 3 - Image MIDRC-RICORD-1C-419639-003199-43900-0.png - Prediction 2 - Time 5.811991930007935
Rank 8 - Image 02002619-3dea-4038-8d4d-458db30ed8de.png - Prediction 1 - Time 6.211585521697998
Rank 5 - Image 34bf2fcd-131a-428c-9a21-cd2fa9041f9b.png - Prediction 0 - Time 6.369654417037964
Rank 0 - Image MIDRC-RICORD-1C-419639-003334-51353-0.png - Prediction 2 - Time 5.717789173126221
Rank 4 - Image 71d8d6ec-253b-4272-a467-311828b2a35b.png - Prediction 0 - Time 6.892542600631714
Rank 1 - Image MIDRC-RICORD-1C-SITE2-000001-16794-0.png - Prediction 2 - Time 6.467055559158325
Rank 2 - Image MIDRC-RICORD-1C-419639-001464-73170-0.png - Prediction 2 - Time 5.701671361923218
Rank 7 - Image bd9af100-1805-4e0a-8875-4a4b7195f0d8.png - Prediction 1 - Time 5.684420585632324
Rank 6 - Image 1dad3414-88c9-4c56-af5d-3a1488af452c.png - Prediction 1 - Time 5.613615036010742
Rank 3 - Image MIDRC-RICORD-1C-419639-003191-84953-0.png - Prediction 0 - Time 5.857024669647217
Rank 8 - Image becefa4b-f719-48c6-a903-85e391e026a4.png - Prediction 1 - Time 6.1572511196136475
Rank 0 - Image MIDRC-RICORD-1C-419639-000538-40522-0.png - Prediction 2 - Time 5.645207166671753
Rank 5 - Image b5007662-ff9c-49ad-9093-85ed7dc44bf4.png - Prediction 0 - Time 6.318055152893066
Rank 4 - Image 0103fadb-1663-40a6-8a9e-09d626cd2091.png - Prediction 0 - Time 6.78874135017395
Rank 1 - Image MIDRC-RICORD-1C-419639-001571-15270-0.png - Prediction 2 - Time 6.322472095489502
Rank 2 - Image MIDRC-RICORD-1C-419639-003102-68604-0.png - Prediction 2 - Time 5.600964307785034
Rank 7 - Image 6804008c-94eb-4870-ba6e-b06514073e71.png - Prediction 1 - Time 5.628705263137817
Rank 6 - Image f760c946-a103-4991-a6e5-ff60c24cd99f.png - Prediction 1 - Time 5.572109222412109
Rank 3 - Image MIDRC-RICORD-1C-SITE2-000029-97068-0.png - Prediction 2 - Time 5.810539960861206
Rank 0 - Image MIDRC-RICORD-1C-419639-001735-74702-0.png - Prediction 2 - Time 5.636338233947754
Rank 8 - Image 3f2b878e-9e3b-410b-a739-b43d81b98692.png - Prediction 1 - Time 6.208049058914185
Rank 5 - Image 06b2f933-3ea2-4477-ac27-18f732d1f4e1.png - Prediction 0 - Time 6.378180265426636
Rank 4 - Image e4cd65ae-65de-44fc-a6b2-ebbc46d2e8d8.png - Prediction 0 - Time 6.84632134437561
Rank 1 - Image MIDRC-RICORD-1C-419639-001903-65209-0.png - Prediction 2 - Time 6.401537895202637
Rank 2 - Image MIDRC-RICORD-1C-419639-001464-63464-0.png - Prediction 2 - Time 5.608214855194092
Rank 7 - Image 0d9b1283-fc24-4fd3-a520-bc5d563e13e1.png - Prediction 0 - Time 5.612789630889893
Rank 6 - Image b021293c-4dd0-450c-b1a4-2d72cedab0a2.png - Prediction 1 - Time 5.552093982696533
Rank 3 - Image MIDRC-RICORD-1C-419639-002401-32756-0.png - Prediction 0 - Time 5.787273168563843
Rank 0 - Image MIDRC-RICORD-1C-419639-000299-56159-0.png - Prediction 2 - Time 5.726148843765259
Rank 8 - Image adce8349-6836-4328-ab63-f356d0bbe298.png - Prediction 1 - Time 6.151501178741455
Rank 5 - Image c2b24ebd-2c40-48c3-ba39-177224dd7db0.png - Prediction 0 - Time 6.330488681793213
Rank 1 - Image MIDRC-RICORD-1C-SITE2-000244-77429-0.png - Prediction 2 - Time 6.386308670043945
Rank 2 - Image MIDRC-RICORD-1C-419639-001603-23454-0.png - Prediction 2 - Time 5.657415390014648
Rank 4 - Image 2f8fbfdc-56db-4eca-bf64-3c9a0637e28c.png - Prediction 0 - Time 6.79095458984375
Rank 7 - Image 0a8d486f-1aa6-4fcf-b7be-4bf04fc8628b.png - Prediction 1 - Time 5.7086896896362305
Rank 6 - Image 349f10b4-dc3e-4f3f-b2e4-a5b81448ce87.png - Prediction 1 - Time 5.618290901184082
Rank 0 - Image MIDRC-RICORD-1C-SITE2-000178-89752-0.png - Prediction 2 - Time 5.72519063949585
Rank 3 - Image MIDRC-RICORD-1C-419639-001762-18334-0.png - Prediction 2 - Time 5.874816656112671
Rank 8 - Image 854fee36-d54c-4cde-904d-ab77f5e2e091.png - Prediction 1 - Time 6.215845823287964
Rank 5 - Image 63192a6c-02ba-48a5-932a-bb82aeacb1bc.png - Prediction 0 - Time 6.386093854904175
Rank 2 - Image MIDRC-RICORD-1C-419639-000025-39552-0.png - Prediction 2 - Time 5.6894800662994385
Rank 1 - Image MIDRC-RICORD-1C-419639-000582-21506-0.png - Prediction 2 - Time 6.415939092636108
Rank 6 - Image 05d3817a-5535-4e77-8dda-d4412e496c81.png - Prediction 1 - Time 5.631984710693359
Rank 7 - Image 37f17069-62ce-42ff-9fa4-d6a1056bd075.png - Prediction 1 - Time 5.680419921875
Rank 4 - Image bc46651a-1314-44af-a834-1eb8a36e589e.png - Prediction 0 - Time 6.86495304107666
Rank 0 - Image MIDRC-RICORD-1C-419639-001287-60951-0.png - Prediction 2 - Time 5.642723798751831
Rank 3 - Image MIDRC-RICORD-1C-SITE2-000210-51719-0.png - Prediction 2 - Time 5.909820079803467
Rank 8 - Image baf8fe18-a7ca-4e9c-b3dc-5c80d474545b.png - Prediction 1 - Time 6.165531873703003
Rank 5 - Image 73dca3d1-5c58-4c72-80a9-201deca7ffec.png - Prediction 0 - Time 6.317283868789673
Rank 2 - Image MIDRC-RICORD-1C-SITE2-000291-42841-0.png - Prediction 2 - Time 5.598659038543701
Rank 1 - Image MIDRC-RICORD-1C-419639-002088-09388-0.png - Prediction 2 - Time 6.331528902053833
Rank 4 - Image 71d25920-4060-4a31-b7aa-cfbf4721a5c5.png - Prediction 0 - Time 6.815563917160034
Rank 3 - Image MIDRC-RICORD-1C-SITE2-000200-97745-0.png - Prediction 2 - Time 5.8512139320373535
Rank 8 - Image a77b32f6-1999-4cc6-8a0d-1ef7e53850f0.png - Prediction 1 - Time 6.205167531967163
Rank 5 - Image c485a9bd-6e18-4328-8c5c-cf80f71aa35d.png - Prediction 0 - Time 6.291388273239136
Rank 1 - Image MIDRC-RICORD-1C-419639-002050-25234-0.png - Prediction 2 - Time 6.323570966720581
Rank 4 - Image ca3c90e4-f7fe-4f6e-b20b-81473deab4f0.png - Prediction 0 - Time 6.8728883266448975
Rank 8 - Image 41bf2042-53a2-44a8-9a29-55e643af5ac0.png - Prediction 1 - Time 6.149879455566406
Rank 5 - Image b540ba89-72f7-40f5-a916-376546c20014.png - Prediction 0 - Time 6.190016269683838
Rank 1 - Image MIDRC-RICORD-1C-SITE2-000235-44451-0.png - Prediction 2 - Time 6.467456817626953
Rank 4 - Image dab2f334-331c-42c7-af09-a997092464b0.png - Prediction 0 - Time 6.7913899421691895
Rank 8 - Image ec09ddb3-9b0b-4749-9e0d-f94a4a7e5fed.png - Prediction 1 - Time 6.149740695953369
Rank 5 - Image 33e4e43b-054b-4537-9cd6-0fe574f7d337.png - Prediction 0 - Time 6.197869300842285
Rank 1 - Image MIDRC-RICORD-1C-SITE2-000202-80939-0.png - Prediction 2 - Time 6.3784167766571045
Rank 4 - Image 436dce2a-06c3-4281-bb8e-840497a49381.png - Prediction 1 - Time 6.879089117050171
Rank 8 - Image abff4044-3c0a-458f-b0c7-04254be7fc0c.png - Prediction 1 - Time 6.2062225341796875
Rank 1 - Image MIDRC-RICORD-1C-419639-003203-21209-0.png - Prediction 2 - Time 6.317320823669434
Rank 8 - Image 27b32500-40ef-4c14-ab88-ace5e9ceea27.png - Prediction 1 - Time 6.217534303665161
Rank 4 - Image af6ef3d9-81c8-434e-bc5a-dbf89bc418aa.png - Prediction 0 - Time 6.790939807891846
Rank 4 - Image a7aef71b-0fc8-4837-be79-4ced56e03439.png - Prediction 0 - Time 6.792876482009888
Rank 4 - Image dfa57c1f-01fb-4417-a1b5-0641a9b4bb84.png - Prediction 0 - Time 6.886260032653809
Rank 4 - Image 5eb932e2-3455-40fe-93db-ae44f897d9e0.png - Prediction 0 - Time 6.852079391479492
Rank 0 - gathering data of length: 9
Created csv file: /p/project/joaiml/ingolfsson1/COVID_Net/results/covidx_test_9_224_316.csv
Total inference time: 316.3612847328186
