Tue Feb 22 07:10:19 2022       
+-----------------------------------------------------------------------------+
| NVIDIA-SMI 418.87.00    Driver Version: 470.57.02    CUDA Version: 11.4     |
|-------------------------------+----------------------+----------------------+
| GPU  Name        Persistence-M| Bus-Id        Disp.A | Volatile Uncorr. ECC |
| Fan  Temp  Perf  Pwr:Usage/Cap|         Memory-Usage | GPU-Util  Compute M. |
|===============================+======================+======================|
|   0  Tesla V100-PCIE...  On   | 00000000:AF:00.0 Off |                    0 |
| N/A   30C    P0    25W / 250W |      0MiB / 32510MiB |      0%      Default |
+-------------------------------+----------------------+----------------------+
                                                                               
+-----------------------------------------------------------------------------+
| Processes:                                                       GPU Memory |
|  GPU       PID   Type   Process name                             Usage      |
|=============================================================================|
|  No running processes found                                                 |
+-----------------------------------------------------------------------------+
[1645510220.348776] [dp-dam07:4487 :0]          ib_md.c:1948 UCX  ERROR ibv_query_device(mlx5_0) returned 38: No space left on device
[1645510220.364237] [dp-dam07:4487 :0]          ib_md.c:1948 UCX  ERROR ibv_query_device(mlx5_1) returned 38: No space left on device
[1645510220.365737] [dp-dam06:10831:0]          ib_md.c:1948 UCX  ERROR ibv_query_device(mlx5_0) returned 38: No space left on device
[1645510220.369163] [dp-dam06:10831:0]          ib_md.c:1948 UCX  ERROR ibv_query_device(mlx5_1) returned 38: No space left on device
[1645510224.143638] [dp-dam08:28852:0]          ib_md.c:1948 UCX  ERROR ibv_query_device(mlx5_0) returned 38: No space left on device
[1645510224.147978] [dp-dam08:28852:0]          ib_md.c:1948 UCX  ERROR ibv_query_device(mlx5_1) returned 38: No space left on device
Rank 1 - Image MIDRC-RICORD-1C-SITE2-000291-42841-0.png - Prediction 2 - Time 19.957226276397705
Rank 1 - Image MIDRC-RICORD-1C-419639-001782-15190-0.png - Prediction 2 - Time 6.6808013916015625
Rank 0 - Image MIDRC-RICORD-1C-419639-003251-46647-0.png - Prediction 2 - Time 28.99688172340393
Rank 1 - Image MIDRC-RICORD-1C-SITE2-000279-56879-0.png - Prediction 2 - Time 6.207781553268433
Rank 0 - Image MIDRC-RICORD-1C-419639-001464-39871-0.png - Prediction 1 - Time 6.143577337265015
Rank 1 - Image MIDRC-RICORD-1C-SITE2-000067-11643-0.png - Prediction 1 - Time 7.051904678344727
Rank 0 - Image MIDRC-RICORD-1C-419639-000918-78965-0.png - Prediction 2 - Time 6.393317699432373
Rank 1 - Image MIDRC-RICORD-1C-SITE2-000015-91071-0.png - Prediction 2 - Time 5.985243558883667
Rank 0 - Image MIDRC-RICORD-1C-419639-003318-64285-0.png - Prediction 2 - Time 5.950040102005005
Rank 1 - Image MIDRC-RICORD-1C-440808-000016-8.281-0.png - Prediction 0 - Time 6.593830585479736
Rank 0 - Image MIDRC-RICORD-1C-419639-001015-81591-0.png - Prediction 0 - Time 6.752343654632568
Rank 1 - Image MIDRC-RICORD-1C-419639-001829-30276-0.png - Prediction 2 - Time 5.980323791503906
Rank 0 - Image MIDRC-RICORD-1C-SITE2-000265-99793-1.png - Prediction 2 - Time 5.966412782669067
Rank 2 - Image 33e4e43b-054b-4537-9cd6-0fe574f7d337.png - Prediction 0 - Time 44.9305682182312
Rank 1 - Image MIDRC-RICORD-1C-419639-000025-53641-0.png - Prediction 2 - Time 6.725182294845581
Rank 0 - Image MIDRC-RICORD-1C-SITE2-000159-61155-0.png - Prediction 2 - Time 6.846116542816162
Rank 2 - Image 45dd0d26-0740-4c32-bd01-34246a41f3e3.png - Prediction 0 - Time 7.400956153869629
Rank 1 - Image MIDRC-RICORD-1C-SITE2-000124-65701-0.png - Prediction 2 - Time 5.963267087936401
Rank 0 - Image MIDRC-RICORD-1C-419639-003169-42019-0.png - Prediction 0 - Time 5.912648439407349
Rank 2 - Image ad446933-fb8e-4739-bb40-2063e796ffd8.png - Prediction 0 - Time 7.382205486297607
Rank 1 - Image MIDRC-RICORD-1C-419639-001464-85049-0.png - Prediction 2 - Time 6.437537431716919
Rank 0 - Image MIDRC-RICORD-1C-SITE2-000238-25854-1.png - Prediction 2 - Time 6.339927911758423
Rank 2 - Image 5b12801f-aaf7-442e-b994-ec8f15ce78e5.png - Prediction 0 - Time 7.039705276489258
Rank 1 - Image MIDRC-RICORD-1C-419639-000025-90087-0.png - Prediction 2 - Time 5.927816390991211
Rank 0 - Image MIDRC-RICORD-1C-419639-001464-33260-0.png - Prediction 2 - Time 5.967949151992798
Rank 1 - Image MIDRC-RICORD-1C-SITE2-000098-66227-0.png - Prediction 2 - Time 5.87615442276001
Rank 2 - Image 3fe1550e-8bcb-4732-a343-725acce70531.png - Prediction 0 - Time 7.031924724578857
Rank 0 - Image MIDRC-RICORD-1C-SITE2-000018-55212-0.png - Prediction 2 - Time 6.093313694000244
Rank 1 - Image MIDRC-RICORD-1C-SITE2-000188-54382-0.png - Prediction 2 - Time 5.894770622253418
Rank 2 - Image 0bb24183-8b59-48f1-8bbf-4d889976fc82.png - Prediction 0 - Time 7.0018486976623535
Rank 0 - Image MIDRC-RICORD-1C-419639-000025-50888-0.png - Prediction 2 - Time 5.9296159744262695
Rank 1 - Image MIDRC-RICORD-1C-SITE2-000072-79474-0.png - Prediction 2 - Time 5.928645610809326
Rank 0 - Image MIDRC-RICORD-1C-419639-001288-10277-0.png - Prediction 2 - Time 5.889694929122925
Rank 2 - Image 02e4191e-fb03-4581-914c-f0438a17e53e.png - Prediction 0 - Time 7.0118186473846436
Rank 1 - Image MIDRC-RICORD-1C-419639-001882-13628-0.png - Prediction 2 - Time 5.949299335479736
Rank 0 - Image MIDRC-RICORD-1C-419639-002757-16718-0.png - Prediction 2 - Time 6.022837162017822
Rank 2 - Image a8dfd068-69e9-4486-bb22-2a04f2f2e1a5.png - Prediction 0 - Time 6.964995622634888
Rank 1 - Image MIDRC-RICORD-1C-419639-000402-60433-0.png - Prediction 0 - Time 5.860407829284668
Rank 0 - Image MIDRC-RICORD-1C-SITE2-000135-64564-1.png - Prediction 2 - Time 5.994779586791992
Rank 2 - Image 63f71157-7db6-476f-b320-ba2fcbe2543f.png - Prediction 0 - Time 7.025598526000977
Rank 1 - Image MIDRC-RICORD-1C-440808-000019-8.433-0.png - Prediction 1 - Time 5.854379177093506
Rank 0 - Image MIDRC-RICORD-1C-SITE2-000147-13199-0.png - Prediction 2 - Time 5.876820087432861
Rank 1 - Image MIDRC-RICORD-1C-419639-003319-99931-0.png - Prediction 2 - Time 5.8068602085113525
Rank 2 - Image 1cdba4ee-0bb8-421d-9a24-7febeb399729.png - Prediction 0 - Time 8.238961696624756
Rank 0 - Image MIDRC-RICORD-1C-419639-002601-92699-0.png - Prediction 2 - Time 5.965205192565918
Rank 1 - Image MIDRC-RICORD-1C-SITE2-000217-73086-0.png - Prediction 2 - Time 5.788958549499512
Rank 0 - Image MIDRC-RICORD-1C-419639-002310-52924-0.png - Prediction 2 - Time 5.870419979095459
Rank 2 - Image e1d23cbe-213d-48d6-a8c2-672c4e68285d.png - Prediction 0 - Time 7.18833589553833
Rank 1 - Image MIDRC-RICORD-1C-419639-000586-49647-0.png - Prediction 2 - Time 5.771321773529053
Rank 0 - Image MIDRC-RICORD-1C-SITE2-000171-45676-0.png - Prediction 2 - Time 5.7088048458099365
Rank 2 - Image 4b1cab8a-c9bd-40e6-bc86-23c6be98a099.png - Prediction 0 - Time 7.009042739868164
Rank 1 - Image MIDRC-RICORD-1C-SITE2-000115-40758-0.png - Prediction 2 - Time 5.7636401653289795
Rank 0 - Image MIDRC-RICORD-1C-419639-000025-56001-0.png - Prediction 2 - Time 5.816240310668945
Rank 2 - Image ec0492da-e6be-49cf-8b18-dc143180f1a2.png - Prediction 0 - Time 6.8855063915252686
Rank 1 - Image MIDRC-RICORD-1C-419639-000025-56207-0.png - Prediction 2 - Time 5.746556520462036
Rank 0 - Image MIDRC-RICORD-1C-419639-003340-85716-0.png - Prediction 2 - Time 5.680023193359375
Rank 1 - Image MIDRC-RICORD-1C-419639-001699-69345-0.png - Prediction 2 - Time 5.672266721725464
Rank 2 - Image 89dd8f63-8320-48f3-b142-d903f40d5c8c.png - Prediction 0 - Time 7.060056447982788
Rank 0 - Image MIDRC-RICORD-1C-419639-003257-00787-0.png - Prediction 2 - Time 5.753329753875732
Rank 1 - Image MIDRC-RICORD-1C-SITE2-000003-00527-0.png - Prediction 2 - Time 5.756578207015991
Rank 2 - Image b76728e6-f44b-40bf-8688-e703d10d2039.png - Prediction 0 - Time 6.902094125747681
Rank 0 - Image MIDRC-RICORD-1C-SITE2-000099-22857-0.png - Prediction 2 - Time 5.705087423324585
Rank 1 - Image MIDRC-RICORD-1C-419639-003232-50592-0.png - Prediction 2 - Time 5.67261528968811
Rank 0 - Image MIDRC-RICORD-1C-SITE2-000155-37671-0.png - Prediction 2 - Time 5.844440460205078
Rank 2 - Image d9884def-b31a-4861-9eea-27f97bffeba2.png - Prediction 0 - Time 6.970198392868042
Rank 1 - Image MIDRC-RICORD-1C-419639-000025-04760-0.png - Prediction 2 - Time 5.723114490509033
Rank 0 - Image MIDRC-RICORD-1C-419639-000235-89929-0.png - Prediction 0 - Time 5.623702764511108
Rank 2 - Image ffba6230-71cf-4287-a0d1-887f5d16e95d.png - Prediction 0 - Time 6.887207508087158
Rank 1 - Image MIDRC-RICORD-1C-419639-000025-89853-0.png - Prediction 2 - Time 5.633152484893799
Rank 0 - Image MIDRC-RICORD-1C-419639-002376-07504-0.png - Prediction 2 - Time 5.766846418380737
Rank 2 - Image f3b015ab-e337-4e7f-971d-eb7cc3dd4e92.png - Prediction 0 - Time 6.864848852157593
Rank 1 - Image MIDRC-RICORD-1C-419639-001425-17331-0.png - Prediction 2 - Time 5.7191321849823
Rank 0 - Image MIDRC-RICORD-1C-419639-001433-28259-0.png - Prediction 0 - Time 5.642638444900513
Rank 1 - Image MIDRC-RICORD-1C-440808-000009-08.98-0.png - Prediction 2 - Time 5.725058555603027
Rank 2 - Image bca4aa4d-0cc9-4cc0-b06d-5b675194bf62.png - Prediction 0 - Time 6.855933427810669
Rank 0 - Image MIDRC-RICORD-1C-419639-003116-57702-0.png - Prediction 2 - Time 5.747710227966309
Rank 1 - Image MIDRC-RICORD-1C-419639-000086-21140-0.png - Prediction 2 - Time 5.737677812576294
Rank 0 - Image MIDRC-RICORD-1C-419639-001629-03737-0.png - Prediction 0 - Time 5.64658522605896
Rank 2 - Image 9e2ddac8-9a4c-448b-98c8-a840a548d0f7.png - Prediction 0 - Time 7.042706251144409
Rank 1 - Image MIDRC-RICORD-1C-SITE2-000270-57009-0.png - Prediction 2 - Time 5.690950632095337
Rank 0 - Image MIDRC-RICORD-1C-SITE2-000211-85940-0.png - Prediction 2 - Time 5.741856336593628
Rank 2 - Image fc958b63-5da8-448d-8962-3c5167dc9410.png - Prediction 0 - Time 6.846787452697754
Rank 1 - Image MIDRC-RICORD-1C-419639-000573-31324-0.png - Prediction 2 - Time 5.705222845077515
Rank 0 - Image MIDRC-RICORD-1C-419639-003027-36839-0.png - Prediction 2 - Time 5.629838466644287
Rank 2 - Image cb7d021b-b273-436a-bd7a-e68c11ed3f6b.png - Prediction 0 - Time 6.8605334758758545
Rank 1 - Image MIDRC-RICORD-1C-SITE2-000154-41630-0.png - Prediction 2 - Time 5.665479898452759
Rank 0 - Image MIDRC-RICORD-1C-419639-003021-81745-0.png - Prediction 2 - Time 5.715259075164795
Rank 2 - Image ff332704-48e0-445b-9188-b2a696d1f0d7.png - Prediction 0 - Time 6.8375091552734375
Rank 1 - Image MIDRC-RICORD-1C-SITE2-000168-32448-0.png - Prediction 2 - Time 5.657198429107666
Rank 0 - Image MIDRC-RICORD-1C-419639-003024-14703-0.png - Prediction 2 - Time 5.642573595046997
Rank 1 - Image MIDRC-RICORD-1C-SITE2-000125-08616-1.png - Prediction 2 - Time 5.6907923221588135
Rank 2 - Image 3e1b619a-cdd9-495a-bcbf-a9d62b418991.png - Prediction 0 - Time 7.09750509262085
Rank 0 - Image MIDRC-RICORD-1C-419639-002724-03387-0.png - Prediction 2 - Time 5.725628614425659
Rank 1 - Image MIDRC-RICORD-1C-SITE2-000096-37358-0.png - Prediction 2 - Time 5.701767921447754
Rank 0 - Image MIDRC-RICORD-1C-419639-001464-32013-0.png - Prediction 1 - Time 5.682108402252197
Rank 2 - Image 0977f16c-c343-42c9-95ed-d7ca996feb16.png - Prediction 0 - Time 6.834937334060669
Rank 1 - Image MIDRC-RICORD-1C-SITE2-000221-43774-0.png - Prediction 2 - Time 5.7084596157073975
Rank 0 - Image MIDRC-RICORD-1C-SITE2-000116-25889-1.png - Prediction 0 - Time 5.758776426315308
Rank 2 - Image f8a11cd6-e541-4765-a41b-3d70b6f3481e.png - Prediction 0 - Time 6.86726188659668
Rank 1 - Image MIDRC-RICORD-1C-SITE2-000179-48742-0.png - Prediction 2 - Time 5.686456203460693
Rank 0 - Image MIDRC-RICORD-1C-SITE2-000229-76177-0.png - Prediction 2 - Time 5.725011587142944
Rank 2 - Image 960131aa-4ce4-4b26-aa12-5f73d8d81453.png - Prediction 0 - Time 6.862034797668457
Rank 1 - Image MIDRC-RICORD-1C-SITE2-000176-81030-0.png - Prediction 2 - Time 5.632963180541992
Rank 0 - Image MIDRC-RICORD-1C-419639-001222-46073-0.png - Prediction 1 - Time 5.69514012336731
Rank 1 - Image MIDRC-RICORD-1C-419639-003199-43900-0.png - Prediction 2 - Time 5.660596609115601
Rank 2 - Image 3a5327d8-8830-4ae2-bd6b-293f5aa42d4b.png - Prediction 0 - Time 7.01279091835022
Rank 0 - Image MIDRC-RICORD-1C-419639-003360-73998-0.png - Prediction 2 - Time 5.663009881973267
Rank 1 - Image MIDRC-RICORD-1C-419639-003191-84953-0.png - Prediction 0 - Time 5.589123487472534
Rank 2 - Image a0b9597d-93f4-4a7c-a412-81cb78bccb66.png - Prediction 0 - Time 6.873460292816162
Rank 0 - Image MIDRC-RICORD-1C-419639-003334-51353-0.png - Prediction 2 - Time 5.750902891159058
Rank 1 - Image MIDRC-RICORD-1C-SITE2-000029-97068-0.png - Prediction 2 - Time 5.625489950180054
Rank 0 - Image MIDRC-RICORD-1C-419639-000538-40522-0.png - Prediction 2 - Time 5.651013612747192
Rank 2 - Image cdac0980-033c-4685-b7e4-0a12c86a00a9.png - Prediction 0 - Time 6.898061275482178
Rank 1 - Image MIDRC-RICORD-1C-419639-002401-32756-0.png - Prediction 0 - Time 5.675125360488892
Rank 0 - Image MIDRC-RICORD-1C-419639-001735-74702-0.png - Prediction 2 - Time 5.594627380371094
Rank 2 - Image 7ca5c75a-1ec6-49a7-a3b0-93b6122a3170.png - Prediction 0 - Time 6.830425024032593
Rank 1 - Image MIDRC-RICORD-1C-419639-001762-18334-0.png - Prediction 2 - Time 5.686423063278198
Rank 0 - Image MIDRC-RICORD-1C-419639-000299-56159-0.png - Prediction 2 - Time 5.7857537269592285
Rank 2 - Image d1e0d69c-a4df-485a-983c-535494221d1a.png - Prediction 0 - Time 6.893136978149414
Rank 1 - Image MIDRC-RICORD-1C-SITE2-000210-51719-0.png - Prediction 2 - Time 5.642788887023926
Rank 0 - Image MIDRC-RICORD-1C-SITE2-000178-89752-0.png - Prediction 2 - Time 5.7504661083221436
Rank 1 - Image MIDRC-RICORD-1C-SITE2-000200-97745-0.png - Prediction 2 - Time 5.761979103088379
Rank 2 - Image 6b969591-8a07-49ed-9f65-fa19a453df59.png - Prediction 0 - Time 6.833209753036499
Rank 0 - Image MIDRC-RICORD-1C-419639-001287-60951-0.png - Prediction 2 - Time 5.662809133529663
Rank 1 - Image MIDRC-RICORD-1C-419639-001374-75990-0.png - Prediction 2 - Time 5.633780479431152
Rank 2 - Image bd8facb9-dce0-4048-8249-e6078b28e1b7.png - Prediction 1 - Time 6.904942512512207
Rank 0 - Image MIDRC-RICORD-1C-SITE2-000182-35476-0.png - Prediction 2 - Time 5.800312280654907
Rank 1 - Image MIDRC-RICORD-1C-419639-003336-50845-0.png - Prediction 2 - Time 5.603068828582764
Rank 0 - Image MIDRC-RICORD-1C-419639-000025-17477-0.png - Prediction 2 - Time 5.715625047683716
Rank 2 - Image 4dbc44ca-694a-4814-9a24-bc60c8d8d611.png - Prediction 1 - Time 6.819049119949341
Rank 1 - Image MIDRC-RICORD-1C-419639-002929-69159-0.png - Prediction 2 - Time 5.655381917953491
Rank 0 - Image MIDRC-RICORD-1C-419639-002528-57471-0.png - Prediction 1 - Time 5.640046119689941
Rank 2 - Image 3f504abe-2133-4e09-98af-743cdea486f9.png - Prediction 1 - Time 6.887637376785278
Rank 1 - Image MIDRC-RICORD-1C-SITE2-000120-98054-0.png - Prediction 2 - Time 5.592611074447632
Rank 0 - Image MIDRC-RICORD-1C-419639-001932-82193-0.png - Prediction 2 - Time 5.647933483123779
Rank 1 - Image MIDRC-RICORD-1C-SITE2-000127-30661-0.png - Prediction 2 - Time 5.68770432472229
Rank 2 - Image af169d21-1c39-445e-82d8-5035182a3a8c.png - Prediction 2 - Time 6.84534478187561
Rank 0 - Image MIDRC-RICORD-1C-419639-000002-10161-0.png - Prediction 2 - Time 5.669163942337036
Rank 1 - Image MIDRC-RICORD-1C-SITE2-000206-25871-0.png - Prediction 2 - Time 5.683887481689453
Rank 2 - Image fcd159f4-21d3-4169-a94b-95a2b5ccddcb.png - Prediction 1 - Time 6.866135120391846
Rank 0 - Image MIDRC-RICORD-1C-419639-001464-72163-0.png - Prediction 1 - Time 5.744298219680786
Rank 1 - Image MIDRC-RICORD-1C-SITE2-000141-46899-0.png - Prediction 2 - Time 5.768916368484497
Rank 2 - Image b6db3041-1554-43ef-baca-58733b6717d6.png - Prediction 0 - Time 6.84178352355957
Rank 0 - Image MIDRC-RICORD-1C-SITE2-000239-21655-0.png - Prediction 2 - Time 5.699556589126587
Rank 1 - Image MIDRC-RICORD-1C-SITE2-000203-08712-0.png - Prediction 2 - Time 5.721358060836792
Rank 0 - Image MIDRC-RICORD-1C-419639-003371-97350-0.png - Prediction 2 - Time 5.67962384223938
Rank 2 - Image a0a8370a-dc3f-4f70-a440-e3fa9827928a.png - Prediction 1 - Time 6.873670816421509
Rank 1 - Image MIDRC-RICORD-1C-SITE2-000045-76077-0.png - Prediction 2 - Time 5.830025911331177
Rank 0 - Image MIDRC-RICORD-1C-419639-000432-86017-0.png - Prediction 2 - Time 5.661581993103027
Rank 2 - Image 1dad3414-88c9-4c56-af5d-3a1488af452c.png - Prediction 1 - Time 6.863223552703857
Rank 1 - Image MIDRC-RICORD-1C-SITE2-000162-64489-0.png - Prediction 2 - Time 5.697506666183472
Rank 0 - Image MIDRC-RICORD-1C-419639-001007-89903-0.png - Prediction 2 - Time 5.736044645309448
Rank 2 - Image f760c946-a103-4991-a6e5-ff60c24cd99f.png - Prediction 1 - Time 6.787895441055298
Rank 1 - Image MIDRC-RICORD-1C-419639-001505-21193-0.png - Prediction 2 - Time 5.737750768661499
Rank 0 - Image MIDRC-RICORD-1C-419639-001464-39871-1.png - Prediction 2 - Time 5.652722358703613
Rank 1 - Image MIDRC-RICORD-1C-SITE2-000173-80432-1.png - Prediction 2 - Time 5.744168996810913
Rank 2 - Image b021293c-4dd0-450c-b1a4-2d72cedab0a2.png - Prediction 1 - Time 7.014453411102295
Rank 0 - Image MIDRC-RICORD-1C-419639-002374-98411-0.png - Prediction 2 - Time 5.701889753341675
Rank 1 - Image MIDRC-RICORD-1C-419639-002871-45785-0.png - Prediction 2 - Time 5.835261106491089
Rank 2 - Image 349f10b4-dc3e-4f3f-b2e4-a5b81448ce87.png - Prediction 1 - Time 6.8841025829315186
Rank 0 - Image MIDRC-RICORD-1C-SITE2-000028-53390-0.png - Prediction 2 - Time 5.632429599761963
Rank 1 - Image MIDRC-RICORD-1C-SITE2-000220-78771-1.png - Prediction 0 - Time 5.6959779262542725
Rank 0 - Image MIDRC-RICORD-1C-419639-001070-42385-0.png - Prediction 2 - Time 5.683919191360474
Rank 2 - Image 05d3817a-5535-4e77-8dda-d4412e496c81.png - Prediction 1 - Time 6.86875319480896
Rank 1 - Image MIDRC-RICORD-1C-419639-001661-28330-1.png - Prediction 2 - Time 5.7491326332092285
Rank 0 - Image MIDRC-RICORD-1C-SITE2-000283-41971-0.png - Prediction 2 - Time 5.716339349746704
Rank 2 - Image c21157da-1f74-4966-ba4e-c144d8f5da2d.png - Prediction 1 - Time 6.880988836288452
Rank 1 - Image MIDRC-RICORD-1C-SITE2-000142-56843-0.png - Prediction 2 - Time 5.699519634246826
Rank 0 - Image MIDRC-RICORD-1C-SITE2-000023-20254-0.png - Prediction 2 - Time 5.695899724960327
Rank 2 - Image 5acc56a4-1b6e-4394-9364-9772047d583f.png - Prediction 2 - Time 6.835743188858032
Rank 1 - Image MIDRC-RICORD-1C-419639-003099-52606-0.png - Prediction 0 - Time 5.711224317550659
Rank 0 - Image MIDRC-RICORD-1C-SITE2-000181-63935-0.png - Prediction 2 - Time 5.662598133087158
Rank 1 - Image MIDRC-RICORD-1C-419639-002463-12463-0.png - Prediction 2 - Time 5.69364333152771
Rank 2 - Image dd4d6a4c-1e67-4911-bda2-7d8af75b1b19.png - Prediction 1 - Time 6.783062696456909
Rank 0 - Image MIDRC-RICORD-1C-419639-003105-50900-0.png - Prediction 0 - Time 5.684786081314087
Rank 1 - Image MIDRC-RICORD-1C-419639-001085-09031-0.png - Prediction 0 - Time 5.704892158508301
Rank 0 - Image MIDRC-RICORD-1C-SITE2-000185-39456-0.png - Prediction 2 - Time 5.6440980434417725
Rank 2 - Image f0ba0019-718f-4677-a723-05c27dba2f3e.png - Prediction 1 - Time 7.014995813369751
Rank 1 - Image MIDRC-RICORD-1C-419639-002895-42704-0.png - Prediction 0 - Time 5.64909029006958
Rank 0 - Image MIDRC-RICORD-1C-419639-003187-73922-0.png - Prediction 2 - Time 5.693267345428467
Rank 2 - Image cc3177c8-6570-497c-aef3-6fbddef692f6.png - Prediction 1 - Time 6.803884029388428
Rank 1 - Image 47c78742-4998-4878-aec4-37b11b1354ac.png - Prediction 0 - Time 5.659626483917236
Rank 0 - Image MIDRC-RICORD-1C-SITE2-000066-97290-0.png - Prediction 2 - Time 5.750577688217163
Rank 2 - Image 0e03c2d7-9cea-4dc7-8e91-794a8b3ff58d.png - Prediction 1 - Time 6.856901168823242
Rank 1 - Image 8989e25c-a698-48fc-b428-fff56931fc8f.png - Prediction 0 - Time 5.609019994735718
Rank 0 - Image MIDRC-RICORD-1C-SITE2-000105-65881-0.png - Prediction 2 - Time 5.742006778717041
Rank 1 - Image 7fb3786c-5045-4a90-981d-c55b53d4d5d3.png - Prediction 0 - Time 5.6562604904174805
Rank 2 - Image 070c921f-171c-420c-915b-e49e3f600c38.png - Prediction 1 - Time 6.818225145339966
Rank 0 - Image MIDRC-RICORD-1C-419639-003080-09097-0.png - Prediction 2 - Time 5.678482294082642
Rank 1 - Image 766b8aea-3b43-4a34-b675-09f373ca066b.png - Prediction 0 - Time 5.6142449378967285
Rank 2 - Image caa545b4-4eea-4e3a-90b1-c4c0789a1109.png - Prediction 1 - Time 7.015963792800903
Rank 0 - Image MIDRC-RICORD-1C-SITE2-000230-35167-0.png - Prediction 2 - Time 5.7191081047058105
Rank 1 - Image f6236cb5-cc36-4ec4-895c-d11ce043341d.png - Prediction 0 - Time 5.595373868942261
Rank 0 - Image MIDRC-RICORD-1C-419639-003365-72952-0.png - Prediction 2 - Time 5.619096279144287
Rank 2 - Image 7817b551-d220-479b-815f-395f83e1dba1.png - Prediction 1 - Time 6.815035343170166
Rank 1 - Image 153b7c2b-4909-4dca-8579-9523582bc4fe.png - Prediction 0 - Time 5.645439147949219
Rank 0 - Image MIDRC-RICORD-1C-SITE2-000208-34584-0.png - Prediction 2 - Time 5.680121421813965
Rank 2 - Image f743c21e-5876-460b-bbd6-2e2dcca41baa.png - Prediction 1 - Time 6.881235361099243
Rank 1 - Image 1afd6582-da9d-4e5a-a81f-62a188fe9366.png - Prediction 0 - Time 5.678120136260986
Rank 0 - Image MIDRC-RICORD-1C-419639-001464-53024-0.png - Prediction 1 - Time 5.717404127120972
Rank 2 - Image e1d5a233-39ca-41dc-a289-b07c3e78cdb1.png - Prediction 1 - Time 6.839050531387329
Rank 1 - Image 85bb48fe-e6d6-47de-bb71-d1636aced7dc.png - Prediction 0 - Time 5.606471061706543
Rank 0 - Image MIDRC-RICORD-1C-419639-003157-67493-0.png - Prediction 2 - Time 5.751040935516357
Rank 1 - Image eaeb935a-7294-4dd3-8bf5-73ba781d28af.png - Prediction 0 - Time 5.6581385135650635
Rank 2 - Image 40a2f7fd-342e-494b-a7e0-5857b73ec582.png - Prediction 1 - Time 7.006532192230225
Rank 0 - Image MIDRC-RICORD-1C-SITE2-000048-66689-0.png - Prediction 2 - Time 5.703200578689575
Rank 1 - Image 5f137fa7-6539-499e-b0d5-0e481221bf5a.png - Prediction 0 - Time 5.57991361618042
Rank 2 - Image bcdd92c8-2cde-4899-a6fc-46b875aaab62.png - Prediction 1 - Time 6.83241868019104
Rank 0 - Image MIDRC-RICORD-1C-440808-000020-8.458-0.png - Prediction 2 - Time 5.757856369018555
Rank 1 - Image b5234584-1487-492c-8742-444b9ca41c3d.png - Prediction 0 - Time 5.592289447784424
Rank 0 - Image MIDRC-RICORD-1C-SITE2-000034-76728-1.png - Prediction 2 - Time 5.7228004932403564
Rank 2 - Image ac648f87-a79f-4ce0-9439-23a8dd886b71.png - Prediction 1 - Time 6.910335063934326
Rank 1 - Image 71d8d6ec-253b-4272-a467-311828b2a35b.png - Prediction 0 - Time 5.658726215362549
Rank 0 - Image MIDRC-RICORD-1C-419639-002784-76664-0.png - Prediction 0 - Time 5.636203289031982
Rank 2 - Image 93b49de9-9267-43c2-a507-6885e4caeaba.png - Prediction 1 - Time 6.822917938232422
Rank 1 - Image 0103fadb-1663-40a6-8a9e-09d626cd2091.png - Prediction 0 - Time 5.6033244132995605
Rank 0 - Image MIDRC-RICORD-1C-SITE2-000014-81802-0.png - Prediction 2 - Time 5.799322128295898
Rank 1 - Image e4cd65ae-65de-44fc-a6b2-ebbc46d2e8d8.png - Prediction 0 - Time 5.6683337688446045
Rank 2 - Image af2ff93b-2f33-4c91-bde1-1490fc435b50.png - Prediction 1 - Time 6.8780677318573
Rank 0 - Image MIDRC-RICORD-1C-SITE2-000068-39061-0.png - Prediction 2 - Time 5.699398040771484
Rank 1 - Image 2f8fbfdc-56db-4eca-bf64-3c9a0637e28c.png - Prediction 0 - Time 5.540494680404663
Rank 2 - Image 31692137-f770-4cfe-a02e-fd207ce813ac.png - Prediction 1 - Time 6.813549041748047
Rank 0 - Image MIDRC-RICORD-1C-419639-000025-84235-0.png - Prediction 2 - Time 5.71607232093811
Rank 1 - Image bc46651a-1314-44af-a834-1eb8a36e589e.png - Prediction 0 - Time 5.536967992782593
Rank 2 - Image f7379744-be39-44b2-8816-a743857bd6a6.png - Prediction 1 - Time 6.868620157241821
Rank 0 - Image MIDRC-RICORD-1C-SITE2-000001-16794-0.png - Prediction 2 - Time 5.694074630737305
Rank 1 - Image 71d25920-4060-4a31-b7aa-cfbf4721a5c5.png - Prediction 0 - Time 5.513771295547485
Rank 0 - Image MIDRC-RICORD-1C-419639-001571-15270-0.png - Prediction 2 - Time 5.73821234703064
Rank 2 - Image 3186d210-966f-4733-ba72-98729be9551a.png - Prediction 1 - Time 6.84216833114624
Rank 1 - Image ca3c90e4-f7fe-4f6e-b20b-81473deab4f0.png - Prediction 0 - Time 5.579761266708374
Rank 0 - Image MIDRC-RICORD-1C-419639-001903-65209-0.png - Prediction 2 - Time 5.66603946685791
Rank 1 - Image dab2f334-331c-42c7-af09-a997092464b0.png - Prediction 0 - Time 5.4748780727386475
Rank 2 - Image b51c3c24-f9aa-4039-9fc1-527a5567dff6.png - Prediction 0 - Time 6.857759475708008
Rank 0 - Image MIDRC-RICORD-1C-SITE2-000244-77429-0.png - Prediction 2 - Time 5.765256404876709
Rank 1 - Image 436dce2a-06c3-4281-bb8e-840497a49381.png - Prediction 1 - Time 5.553328990936279
Rank 2 - Image e9e58e10-2795-4dec-a738-c9792ea8f685.png - Prediction 1 - Time 6.824465990066528
Rank 0 - Image MIDRC-RICORD-1C-419639-000582-21506-0.png - Prediction 2 - Time 5.679370164871216
Rank 1 - Image af6ef3d9-81c8-434e-bc5a-dbf89bc418aa.png - Prediction 0 - Time 5.474359750747681
Rank 2 - Image cd9d2d22-4395-4e4d-8837-cfb33c2bdaab.png - Prediction 1 - Time 6.905546426773071
Rank 0 - Image MIDRC-RICORD-1C-419639-002088-09388-0.png - Prediction 2 - Time 6.147108554840088
Rank 1 - Image a7aef71b-0fc8-4837-be79-4ced56e03439.png - Prediction 0 - Time 5.540830612182617
Rank 2 - Image b42eaeb8-b6d3-41d7-836c-56fd0922abf6.png - Prediction 1 - Time 6.825112342834473
Rank 1 - Image dfa57c1f-01fb-4417-a1b5-0641a9b4bb84.png - Prediction 0 - Time 5.492432355880737
Rank 0 - Image MIDRC-RICORD-1C-419639-002050-25234-0.png - Prediction 2 - Time 6.021059989929199
Rank 2 - Image ae06b30f-ae30-40d3-b237-c934ce499774.png - Prediction 1 - Time 6.875133752822876
Rank 1 - Image 5eb932e2-3455-40fe-93db-ae44f897d9e0.png - Prediction 0 - Time 5.554996013641357
Rank 0 - Image MIDRC-RICORD-1C-SITE2-000235-44451-0.png - Prediction 2 - Time 5.840664386749268
Rank 1 - Image e8485b0f-293d-4ca8-8b71-92db61c8ee3e.png - Prediction 0 - Time 5.471650123596191
Rank 0 - Image MIDRC-RICORD-1C-SITE2-000202-80939-0.png - Prediction 2 - Time 5.740769863128662
Rank 2 - Image f59ae80d-d98e-465f-963a-1064764211f8.png - Prediction 1 - Time 6.866310119628906
Rank 1 - Image 35cda03a-0898-4f8b-92d3-6f263aed23ff.png - Prediction 0 - Time 5.552384853363037
Rank 0 - Image MIDRC-RICORD-1C-419639-003203-21209-0.png - Prediction 2 - Time 5.845611095428467
Rank 2 - Image 03a9498c-549d-4e7d-800b-e74797f7f625.png - Prediction 1 - Time 6.820818662643433
Rank 1 - Image d82e5841-2f43-4eab-ac17-e98a2d90c51b.png - Prediction 0 - Time 5.4926605224609375
Rank 0 - Image MIDRC-RICORD-1C-419639-000025-90087-1.png - Prediction 2 - Time 5.762364387512207
Rank 2 - Image 080f2b35-fcd5-473e-864b-a7dea3054cc7.png - Prediction 1 - Time 7.002904176712036
Rank 1 - Image af1d168c-4850-41e1-85b8-ff8fc645e671.png - Prediction 0 - Time 5.528747797012329
Rank 0 - Image MIDRC-RICORD-1C-SITE2-000136-21646-0.png - Prediction 2 - Time 5.89129638671875
Rank 2 - Image b479635e-4c58-4d27-879b-fb0e87b2a1aa.png - Prediction 1 - Time 6.8988964557647705
Rank 1 - Image 585f5059-8938-4885-accb-d7d0b1097c60.png - Prediction 0 - Time 5.507598161697388
Rank 0 - Image MIDRC-RICORD-1C-SITE2-000153-84142-0.png - Prediction 2 - Time 5.788144111633301
Rank 1 - Image 5d4c7318-4739-4470-89f3-70bbbca95f10.png - Prediction 0 - Time 5.540390253067017
Rank 2 - Image 86853bbd-5af2-4551-8273-f2978dffdd76.png - Prediction 0 - Time 6.866280555725098
Rank 0 - Image MIDRC-RICORD-1C-419639-003216-61144-0.png - Prediction 2 - Time 5.64851188659668
Rank 1 - Image d3ad2915-af30-426c-ad2d-1634df8c1b5f.png - Prediction 0 - Time 5.477784156799316
Rank 0 - Image MIDRC-RICORD-1C-419639-001464-60601-0.png - Prediction 2 - Time 5.583609104156494
Rank 2 - Image acb5c720-f741-415c-993c-65855be08ffa.png - Prediction 1 - Time 6.882957696914673
Rank 1 - Image dee054ff-0e1a-4167-b814-cbf339cf689c.png - Prediction 0 - Time 5.533062934875488
Rank 0 - Image MIDRC-RICORD-1C-419639-003380-99227-0.png - Prediction 0 - Time 5.612656354904175
Rank 2 - Image 1414c7d6-dff3-453c-8322-b25bb5899d78.png - Prediction 1 - Time 6.826104402542114
Rank 1 - Image bb068d57-86a8-4347-bee0-e29d59ddef6b.png - Prediction 0 - Time 5.49296236038208
Rank 0 - Image MIDRC-RICORD-1C-SITE2-000272-41527-0.png - Prediction 2 - Time 5.6228930950164795
Rank 2 - Image c3a6ca22-c09b-4be0-a59d-e52718fbb645.png - Prediction 1 - Time 6.80131721496582
Rank 1 - Image 354c3756-43ed-4921-adf8-60be49a8b7e8.png - Prediction 0 - Time 5.465252876281738
Rank 0 - Image MIDRC-RICORD-1C-419639-003338-57135-0.png - Prediction 2 - Time 5.667218446731567
Rank 1 - Image b8dd7d32-b177-4d1e-982f-6f0a743828fa.png - Prediction 0 - Time 5.545708179473877
Rank 2 - Image bfd795ae-7656-40fc-b44e-566515e52ed2.png - Prediction 1 - Time 7.0085289478302
Rank 0 - Image MIDRC-RICORD-1C-419639-003060-04928-0.png - Prediction 2 - Time 5.632863759994507
Rank 1 - Image a17f7e03-42a6-41d3-82ad-d8a656826936.png - Prediction 0 - Time 5.539103746414185
Rank 0 - Image MIDRC-RICORD-1C-419639-002889-42412-0.png - Prediction 2 - Time 5.577109098434448
Rank 2 - Image 098906c5-cf22-43d3-9f0d-90e88e602090.png - Prediction 1 - Time 6.79441499710083
Rank 1 - Image c3c78e4e-1a31-4a92-be4b-0fc3c7f992a4.png - Prediction 0 - Time 5.495492458343506
Rank 0 - Image MIDRC-RICORD-1C-SITE2-000106-15732-0.png - Prediction 2 - Time 5.747597694396973
Rank 2 - Image b5714c0f-6d0f-4c56-833f-8b83f19e982a.png - Prediction 1 - Time 7.008442640304565
Rank 1 - Image f1c8caa2-a6dc-40c0-ab85-4769688f1eec.png - Prediction 0 - Time 5.545232534408569
Rank 0 - Image MIDRC-RICORD-1C-SITE2-000297-71173-1.png - Prediction 2 - Time 5.748242378234863
Rank 2 - Image 875b34e4-b58d-479f-954a-5b015071f448.png - Prediction 1 - Time 6.802330017089844
Rank 1 - Image d535a3c8-c4a4-4856-b5cd-17f6332eac8b.png - Prediction 0 - Time 5.474574565887451
Rank 0 - Image MIDRC-RICORD-1C-SITE2-000204-24409-0.png - Prediction 1 - Time 5.667175769805908
Rank 1 - Image 2ed06be4-9f0e-4256-b8bf-a4b396cc6364.png - Prediction 0 - Time 5.49715781211853
Rank 2 - Image 91e187a5-771d-4a83-9601-e22ed326bc8e.png - Prediction 1 - Time 7.032451391220093
Rank 0 - Image MIDRC-RICORD-1C-419639-001464-82193-0.png - Prediction 2 - Time 5.664086818695068
Rank 1 - Image 168f4fcb-a87d-49fc-b167-4ed42fd1ec43.png - Prediction 0 - Time 5.547844409942627
Rank 2 - Image 3abb7176-035d-46cc-844e-820870e8154b.png - Prediction 1 - Time 6.796365261077881
Rank 0 - Image MIDRC-RICORD-1C-SITE2-000058-42859-0.png - Prediction 2 - Time 5.649387836456299
Rank 1 - Image a8e3ea7d-0b63-45cf-85d8-1078d3e2449d.png - Prediction 0 - Time 5.4846837520599365
Rank 0 - Image MIDRC-RICORD-1C-SITE2-000149-71428-1.png - Prediction 2 - Time 5.578578948974609
Rank 2 - Image 3e4ee273-d5ca-4cf8-a75a-05772e0e12fe.png - Prediction 1 - Time 7.009528636932373
Rank 1 - Image f31d1fb1-604b-4fec-b320-f07ce2694008.png - Prediction 0 - Time 5.544588565826416
Rank 0 - Image MIDRC-RICORD-1C-419639-002281-83348-0.png - Prediction 2 - Time 5.697242975234985
Rank 2 - Image bd9af100-1805-4e0a-8875-4a4b7195f0d8.png - Prediction 1 - Time 6.7864720821380615
Rank 1 - Image 069cfd47-0169-43e7-89a1-0be0fa24105b.png - Prediction 0 - Time 5.457322597503662
Rank 0 - Image MIDRC-RICORD-1C-419639-002733-79941-0.png - Prediction 2 - Time 5.680845499038696
Rank 1 - Image 85d84453-ab2d-4666-98e6-5df3cbb81f5b.png - Prediction 0 - Time 5.54827880859375
Rank 2 - Image 6804008c-94eb-4870-ba6e-b06514073e71.png - Prediction 1 - Time 7.017651796340942
Rank 0 - Image MIDRC-RICORD-1C-419639-000025-81112-0.png - Prediction 2 - Time 5.753139019012451
Rank 1 - Image 8db71746-e837-43c2-bdf1-c44d1ab207e3.png - Prediction 0 - Time 5.474695920944214
Rank 2 - Image 0d9b1283-fc24-4fd3-a520-bc5d563e13e1.png - Prediction 0 - Time 6.840722560882568
Rank 0 - Image MIDRC-RICORD-1C-419639-003186-86346-0.png - Prediction 0 - Time 5.686723947525024
Rank 1 - Image 275f9fff-2439-4f3f-9c48-7c21f348701a.png - Prediction 0 - Time 5.540042877197266
Rank 2 - Image 0a8d486f-1aa6-4fcf-b7be-4bf04fc8628b.png - Prediction 1 - Time 6.8889899253845215
Rank 0 - Image MIDRC-RICORD-1C-SITE2-000237-52517-0.png - Prediction 0 - Time 5.800585031509399
Rank 1 - Image 1d1968e2-88a5-4d72-9237-caf4cbad9423.png - Prediction 0 - Time 5.471098899841309
Rank 0 - Image MIDRC-RICORD-1C-SITE2-000002-65816-0.png - Prediction 2 - Time 5.661787033081055
Rank 2 - Image 37f17069-62ce-42ff-9fa4-d6a1056bd075.png - Prediction 1 - Time 6.834888458251953
Rank 1 - Image 07aeb82e-773b-4498-95c0-fabdf4985bb2.png - Prediction 0 - Time 5.526316165924072
Rank 0 - Image MIDRC-RICORD-1C-419639-000025-39552-1.png - Prediction 2 - Time 5.666023254394531
Rank 1 - Image 652d6bb3-56a0-4a89-9631-684ce27cfc4c.png - Prediction 0 - Time 5.484364032745361
Rank 2 - Image 3db7e979-5f97-4985-bf0c-cdea7951e246.png - Prediction 1 - Time 6.87621808052063
Rank 0 - Image MIDRC-RICORD-1C-419639-000082-79663-0.png - Prediction 2 - Time 5.578084945678711
Rank 1 - Image e155c13d-7ac7-4765-bb86-899349978413.png - Prediction 0 - Time 5.5390543937683105
Rank 2 - Image e2e89418-6c0e-4f50-a2d9-6cd5e58feef0.png - Prediction 1 - Time 6.812911748886108
Rank 0 - Image MIDRC-RICORD-1C-SITE2-000094-94497-0.png - Prediction 2 - Time 5.634368658065796
Rank 1 - Image 98bfaf7a-d80b-491e-a7e0-c5c7316bebe9.png - Prediction 0 - Time 5.488081455230713
Rank 2 - Image 393b8e45-6d97-4013-8100-27ebf07a1dad.png - Prediction 1 - Time 6.879193305969238
Rank 0 - Image MIDRC-RICORD-1C-SITE2-000131-16046-1.png - Prediction 2 - Time 5.5539398193359375
Rank 1 - Image 76b180ab-242f-45d3-bce1-68df00c5ef45.png - Prediction 0 - Time 5.536756277084351
Rank 0 - Image MIDRC-RICORD-1C-419639-002309-84923-0.png - Prediction 2 - Time 5.664708137512207
Rank 2 - Image 2348e8ba-483f-476d-b29d-5ba8398d7abc.png - Prediction 1 - Time 6.82307767868042
Rank 1 - Image 372b2fea-2013-4600-a06f-765c3f054a82.png - Prediction 0 - Time 5.503460168838501
Rank 0 - Image MIDRC-RICORD-1C-419639-002768-13069-0.png - Prediction 2 - Time 5.586997747421265
Rank 1 - Image a52aa522-a1b3-4f15-8609-f44bf96da2e3.png - Prediction 0 - Time 5.537368059158325
Rank 2 - Image aef87dc2-a097-4683-9fb1-d1af6838a16a.png - Prediction 0 - Time 6.859617471694946
Rank 1 - Image 6556ce72-1a60-40aa-aaf7-b50dbf07fae7.png - Prediction 0 - Time 5.488868474960327
Rank 0 - Image MIDRC-RICORD-1C-SITE2-000108-12642-0.png - Prediction 2 - Time 5.737991809844971
Rank 2 - Image afe1b6e2-203e-4ee5-856a-2f205d8bca2a.png - Prediction 1 - Time 6.824405908584595
Rank 1 - Image 633d9182-1809-41b7-a59b-1e60ac91f0c9.png - Prediction 0 - Time 5.543475389480591
Rank 0 - Image MIDRC-RICORD-1C-SITE2-000170-25974-1.png - Prediction 2 - Time 5.6337409019470215
Rank 2 - Image 3d070009-c877-4ed4-ac80-53781cb30fef.png - Prediction 1 - Time 6.899442672729492
Rank 1 - Image fd7bad9a-1bff-49ec-9c6c-c9aae9e65726.png - Prediction 0 - Time 5.490558862686157
Rank 0 - Image MIDRC-RICORD-1C-SITE2-000097-16347-1.png - Prediction 2 - Time 5.743666887283325
Rank 2 - Image 34fbff70-fa6e-4709-ab07-17f739fce394.png - Prediction 1 - Time 6.828916549682617
Rank 1 - Image 99432aa3-8d61-4ff2-a79a-f0a0218d6fa2.png - Prediction 0 - Time 5.559771299362183
Rank 0 - Image MIDRC-RICORD-1C-419639-002043-49668-0.png - Prediction 2 - Time 5.53611421585083
Rank 1 - Image 34bf2fcd-131a-428c-9a21-cd2fa9041f9b.png - Prediction 0 - Time 5.490136623382568
Rank 0 - Image MIDRC-RICORD-1C-419639-000785-60200-0.png - Prediction 0 - Time 5.637150526046753
Rank 2 - Image 2c68016e-5a63-4430-a834-efe5d43edd0e.png - Prediction 1 - Time 6.856759786605835
Rank 1 - Image b5007662-ff9c-49ad-9093-85ed7dc44bf4.png - Prediction 0 - Time 5.543640375137329
Rank 0 - Image MIDRC-RICORD-1C-SITE2-000035-19513-0.png - Prediction 2 - Time 5.6803343296051025
Rank 2 - Image 8ae822ae-a656-47ba-ac5b-848ce2256575.png - Prediction 1 - Time 6.8419435024261475
Rank 1 - Image 06b2f933-3ea2-4477-ac27-18f732d1f4e1.png - Prediction 0 - Time 5.480907201766968
Rank 0 - Image MIDRC-RICORD-1C-419639-001155-71955-0.png - Prediction 2 - Time 5.667936563491821
Rank 2 - Image f661fe70-2fc1-4564-9f53-45504c0b0688.png - Prediction 1 - Time 6.793803691864014
Rank 1 - Image c2b24ebd-2c40-48c3-ba39-177224dd7db0.png - Prediction 0 - Time 5.496248006820679
Rank 0 - Image MIDRC-RICORD-1C-SITE2-000207-20956-0.png - Prediction 2 - Time 5.667817115783691
Rank 2 - Image 78c33a1a-8f22-476c-ae97-8190192102df.png - Prediction 1 - Time 7.001996278762817
Rank 1 - Image 63192a6c-02ba-48a5-932a-bb82aeacb1bc.png - Prediction 0 - Time 5.550043106079102
Rank 0 - Image MIDRC-RICORD-1C-419639-002472-45590-0.png - Prediction 2 - Time 5.649616479873657
Rank 1 - Image 73dca3d1-5c58-4c72-80a9-201deca7ffec.png - Prediction 0 - Time 5.620646715164185
Rank 2 - Image 652b519d-5eb4-4abc-93f7-15ae661a431f.png - Prediction 1 - Time 6.868957996368408
Rank 0 - Image MIDRC-RICORD-1C-419639-002114-73757-0.png - Prediction 0 - Time 5.613968849182129
Rank 1 - Image c485a9bd-6e18-4328-8c5c-cf80f71aa35d.png - Prediction 0 - Time 5.641603708267212
Rank 0 - Image MIDRC-RICORD-1C-419639-002997-12964-0.png - Prediction 2 - Time 5.582348823547363
Rank 2 - Image 2397b2f6-3dfa-476c-89ea-e9992c5bd9a9.png - Prediction 1 - Time 6.878647804260254
Rank 1 - Image b540ba89-72f7-40f5-a916-376546c20014.png - Prediction 0 - Time 5.743009805679321
Rank 0 - Image MIDRC-RICORD-1C-419639-001464-73170-0.png - Prediction 2 - Time 5.7345194816589355
Rank 2 - Image ac10f43e-03b8-43d2-bcae-6fe000542397.png - Prediction 0 - Time 6.8684728145599365
Rank 0 - Image MIDRC-RICORD-1C-419639-003102-68604-0.png - Prediction 2 - Time 5.639336585998535
Rank 2 - Image 3c8cc0d1-be7f-493d-9570-542d851f623b.png - Prediction 1 - Time 6.841203927993774
Rank 0 - Image MIDRC-RICORD-1C-419639-001464-63464-0.png - Prediction 2 - Time 5.617428541183472
Rank 2 - Image 6565a9e6-3f01-4de8-a18d-ade3121c5d7c.png - Prediction 1 - Time 6.828422784805298
Rank 0 - Image MIDRC-RICORD-1C-419639-001603-23454-0.png - Prediction 2 - Time 5.6553661823272705
Rank 0 - Image MIDRC-RICORD-1C-419639-000025-39552-0.png - Prediction 2 - Time 5.592800617218018
Rank 2 - Image ed0c5d1e-934a-4e31-9221-3a6a69ec9c1b.png - Prediction 1 - Time 7.002882480621338
Rank 2 - Image 4bc8ce99-2420-48c2-a768-d067da67ced2.png - Prediction 1 - Time 6.795215845108032
Rank 2 - Image 6df82c7a-a91e-487c-ae3a-9022b17d7c7a.png - Prediction 1 - Time 6.994872808456421
Rank 2 - Image a6c364d2-b2d6-4b0b-a439-40b992ff65c7.png - Prediction 1 - Time 6.796237230300903
Rank 2 - Image 32a5977f-f8ab-41c9-9b51-5387248e4675.png - Prediction 0 - Time 7.006047487258911
Rank 2 - Image c3751c94-ea6f-4a7c-b3bf-87a54012fa80.png - Prediction 0 - Time 6.797916650772095
Rank 2 - Image 1c0a780d-1cac-4eee-b46d-470ecebc9ae0.png - Prediction 1 - Time 7.012606620788574
Rank 2 - Image b852bc3c-0de5-4448-aff8-f96b2cc13d51.png - Prediction 1 - Time 6.786678075790405
Rank 2 - Image a2616330-1f29-4019-928f-e2d62b3b737b.png - Prediction 1 - Time 7.027233600616455
Rank 2 - Image a6236ddd-6367-4569-b5f1-07d2df9390ad.png - Prediction 1 - Time 6.777495861053467
Rank 2 - Image b8d6b40d-2a3d-475f-88d3-03560f645223.png - Prediction 1 - Time 6.81987452507019
Rank 2 - Image 49b2fb17-b12c-4e5a-8c4a-02449027c42b.png - Prediction 1 - Time 6.8090879917144775
Rank 2 - Image 3766b0a6-1769-4d82-b081-fa53531de34e.png - Prediction 1 - Time 6.8008527755737305
Rank 2 - Image f12d7b12-0398-4533-8f55-8772cc434945.png - Prediction 1 - Time 6.757847309112549
Rank 2 - Image 0b7a4fb2-adab-484b-a0f7-23f5111bc745.png - Prediction 1 - Time 6.813782691955566
Rank 2 - Image 1565fd6c-9432-454a-87e4-937fd5ad5b60.png - Prediction 1 - Time 6.781742572784424
Rank 2 - Image 02002619-3dea-4038-8d4d-458db30ed8de.png - Prediction 1 - Time 6.873858213424683
Rank 2 - Image becefa4b-f719-48c6-a903-85e391e026a4.png - Prediction 1 - Time 6.834915399551392
Rank 2 - Image 3f2b878e-9e3b-410b-a739-b43d81b98692.png - Prediction 1 - Time 6.901855230331421
Rank 2 - Image adce8349-6836-4328-ab63-f356d0bbe298.png - Prediction 1 - Time 6.827042818069458
Rank 2 - Image 854fee36-d54c-4cde-904d-ab77f5e2e091.png - Prediction 1 - Time 6.8775835037231445
Rank 2 - Image baf8fe18-a7ca-4e9c-b3dc-5c80d474545b.png - Prediction 1 - Time 6.819882154464722
Rank 2 - Image a77b32f6-1999-4cc6-8a0d-1ef7e53850f0.png - Prediction 1 - Time 6.824002504348755
Rank 2 - Image 41bf2042-53a2-44a8-9a29-55e643af5ac0.png - Prediction 1 - Time 7.019252061843872
Rank 2 - Image ec09ddb3-9b0b-4749-9e0d-f94a4a7e5fed.png - Prediction 1 - Time 6.871753215789795
Rank 2 - Image abff4044-3c0a-458f-b0c7-04254be7fc0c.png - Prediction 1 - Time 6.84014105796814
Rank 2 - Image 27b32500-40ef-4c14-ab88-ace5e9ceea27.png - Prediction 1 - Time 6.884186267852783
Rank 0 - gathering data of length: 3
Created csv file: /p/project/joaiml/ingolfsson1/COVID_Net/results/covidx_test_3_224_972.csv
Total inference time: 972.6089336872101
