Sun Dec  5 14:47:37 2021       
+-----------------------------------------------------------------------------+
| NVIDIA-SMI 418.87.00    Driver Version: 418.87.00    CUDA Version: 10.1     |
|-------------------------------+----------------------+----------------------+
| GPU  Name        Persistence-M| Bus-Id        Disp.A | Volatile Uncorr. ECC |
| Fan  Temp  Perf  Pwr:Usage/Cap|         Memory-Usage | GPU-Util  Compute M. |
|===============================+======================+======================|
|   0  Tesla V100-PCIE...  On   | 00000000:AF:00.0 Off |                    0 |
| N/A   38C    P0    27W / 250W |      0MiB / 32480MiB |      0%      Default |
+-------------------------------+----------------------+----------------------+
                                                                               
+-----------------------------------------------------------------------------+
| Processes:                                                       GPU Memory |
|  GPU       PID   Type   Process name                             Usage      |
|=============================================================================|
|  No running processes found                                                 |
+-----------------------------------------------------------------------------+
Rank 0 - Image MIDRC-RICORD-1C-419639-003251-46647-0.png - Prediction 2 - Time 23.02845048904419
Rank 2 - Image 33e4e43b-054b-4537-9cd6-0fe574f7d337.png - Prediction 0 - Time 23.092621088027954
Rank 1 - Image MIDRC-RICORD-1C-SITE2-000291-42841-0.png - Prediction 2 - Time 23.122148990631104
Rank 0 - Image MIDRC-RICORD-1C-419639-001464-39871-0.png - Prediction 2 - Time 19.366645336151123
Rank 2 - Image 45dd0d26-0740-4c32-bd01-34246a41f3e3.png - Prediction 0 - Time 20.166945934295654
Rank 1 - Image MIDRC-RICORD-1C-419639-001782-15190-0.png - Prediction 2 - Time 19.551862716674805
Rank 0 - Image MIDRC-RICORD-1C-419639-000918-78965-0.png - Prediction 2 - Time 19.555777072906494
Rank 2 - Image ad446933-fb8e-4739-bb40-2063e796ffd8.png - Prediction 0 - Time 20.850147247314453
Rank 1 - Image MIDRC-RICORD-1C-SITE2-000279-56879-0.png - Prediction 2 - Time 19.957295656204224
Rank 0 - Image MIDRC-RICORD-1C-419639-003318-64285-0.png - Prediction 2 - Time 20.210615873336792
Rank 2 - Image 5b12801f-aaf7-442e-b994-ec8f15ce78e5.png - Prediction 0 - Time 20.10791826248169
Rank 1 - Image MIDRC-RICORD-1C-SITE2-000067-11643-0.png - Prediction 2 - Time 20.604857206344604
Rank 0 - Image MIDRC-RICORD-1C-419639-001015-81591-0.png - Prediction 2 - Time 19.184449672698975
Rank 2 - Image 3fe1550e-8bcb-4732-a343-725acce70531.png - Prediction 0 - Time 18.957510471343994
Rank 1 - Image MIDRC-RICORD-1C-SITE2-000015-91071-0.png - Prediction 2 - Time 20.55561590194702
Rank 0 - Image MIDRC-RICORD-1C-SITE2-000265-99793-1.png - Prediction 2 - Time 20.484668731689453
Rank 2 - Image 0bb24183-8b59-48f1-8bbf-4d889976fc82.png - Prediction 0 - Time 20.26212787628174
Rank 1 - Image MIDRC-RICORD-1C-440808-000016-8.281-0.png - Prediction 0 - Time 20.808185815811157
Rank 2 - Image 02e4191e-fb03-4581-914c-f0438a17e53e.png - Prediction 0 - Time 19.48536491394043
Rank 0 - Image MIDRC-RICORD-1C-SITE2-000159-61155-0.png - Prediction 2 - Time 21.227391004562378
Rank 1 - Image MIDRC-RICORD-1C-419639-001829-30276-0.png - Prediction 2 - Time 20.836613416671753
Rank 0 - Image MIDRC-RICORD-1C-419639-003169-42019-0.png - Prediction 0 - Time 20.784713983535767
Rank 2 - Image a8dfd068-69e9-4486-bb22-2a04f2f2e1a5.png - Prediction 0 - Time 20.972220420837402
Rank 1 - Image MIDRC-RICORD-1C-419639-000025-53641-0.png - Prediction 2 - Time 20.718541383743286
Rank 0 - Image MIDRC-RICORD-1C-SITE2-000238-25854-1.png - Prediction 2 - Time 20.014094591140747
Rank 2 - Image 63f71157-7db6-476f-b320-ba2fcbe2543f.png - Prediction 0 - Time 20.217607021331787
Rank 1 - Image MIDRC-RICORD-1C-SITE2-000124-65701-0.png - Prediction 2 - Time 20.39661955833435
Rank 0 - Image MIDRC-RICORD-1C-419639-001464-33260-0.png - Prediction 2 - Time 21.002580642700195
Rank 2 - Image 1cdba4ee-0bb8-421d-9a24-7febeb399729.png - Prediction 0 - Time 21.204217672348022
Rank 1 - Image MIDRC-RICORD-1C-419639-001464-85049-0.png - Prediction 2 - Time 20.765258312225342
Rank 0 - Image MIDRC-RICORD-1C-SITE2-000018-55212-0.png - Prediction 2 - Time 20.202008485794067
Rank 2 - Image e1d23cbe-213d-48d6-a8c2-672c4e68285d.png - Prediction 0 - Time 19.943648099899292
Rank 1 - Image MIDRC-RICORD-1C-419639-000025-90087-0.png - Prediction 2 - Time 20.47238826751709
Rank 2 - Image 4b1cab8a-c9bd-40e6-bc86-23c6be98a099.png - Prediction 0 - Time 20.27827262878418
Rank 0 - Image MIDRC-RICORD-1C-419639-000025-50888-0.png - Prediction 2 - Time 20.83015775680542
Rank 1 - Image MIDRC-RICORD-1C-SITE2-000098-66227-0.png - Prediction 2 - Time 20.965930461883545
Rank 2 - Image ec0492da-e6be-49cf-8b18-dc143180f1a2.png - Prediction 0 - Time 21.128970861434937
Rank 0 - Image MIDRC-RICORD-1C-419639-001288-10277-0.png - Prediction 2 - Time 21.157405138015747
Rank 1 - Image MIDRC-RICORD-1C-SITE2-000188-54382-0.png - Prediction 2 - Time 21.286506414413452
Rank 0 - Image MIDRC-RICORD-1C-419639-002757-16718-0.png - Prediction 2 - Time 19.85273313522339
Rank 2 - Image 89dd8f63-8320-48f3-b142-d903f40d5c8c.png - Prediction 0 - Time 20.48310923576355
Rank 1 - Image MIDRC-RICORD-1C-SITE2-000072-79474-0.png - Prediction 2 - Time 21.705557584762573
Rank 0 - Image MIDRC-RICORD-1C-SITE2-000135-64564-1.png - Prediction 2 - Time 20.393124103546143
Rank 2 - Image b76728e6-f44b-40bf-8688-e703d10d2039.png - Prediction 0 - Time 20.32356858253479
Rank 1 - Image MIDRC-RICORD-1C-419639-001882-13628-0.png - Prediction 2 - Time 19.650399446487427
Rank 0 - Image MIDRC-RICORD-1C-SITE2-000147-13199-0.png - Prediction 2 - Time 19.863654375076294
Rank 2 - Image d9884def-b31a-4861-9eea-27f97bffeba2.png - Prediction 0 - Time 20.8020076751709
Rank 1 - Image MIDRC-RICORD-1C-419639-000402-60433-0.png - Prediction 2 - Time 21.6901798248291
Rank 0 - Image MIDRC-RICORD-1C-419639-002601-92699-0.png - Prediction 2 - Time 20.6971435546875
Rank 2 - Image ffba6230-71cf-4287-a0d1-887f5d16e95d.png - Prediction 0 - Time 20.096284866333008
Rank 1 - Image MIDRC-RICORD-1C-440808-000019-8.433-0.png - Prediction 1 - Time 20.34467601776123
Rank 0 - Image MIDRC-RICORD-1C-419639-002310-52924-0.png - Prediction 2 - Time 19.706268310546875
Rank 2 - Image f3b015ab-e337-4e7f-971d-eb7cc3dd4e92.png - Prediction 0 - Time 20.448113918304443
Rank 1 - Image MIDRC-RICORD-1C-419639-003319-99931-0.png - Prediction 2 - Time 20.23943519592285
Rank 0 - Image MIDRC-RICORD-1C-SITE2-000171-45676-0.png - Prediction 2 - Time 20.932100772857666
Rank 2 - Image bca4aa4d-0cc9-4cc0-b06d-5b675194bf62.png - Prediction 0 - Time 20.592894792556763
Rank 1 - Image MIDRC-RICORD-1C-SITE2-000217-73086-0.png - Prediction 2 - Time 20.83960509300232
Rank 0 - Image MIDRC-RICORD-1C-419639-000025-56001-0.png - Prediction 2 - Time 20.25725221633911
Rank 2 - Image 9e2ddac8-9a4c-448b-98c8-a840a548d0f7.png - Prediction 0 - Time 20.27244758605957
Rank 1 - Image MIDRC-RICORD-1C-419639-000586-49647-0.png - Prediction 2 - Time 19.881179332733154
Rank 0 - Image MIDRC-RICORD-1C-419639-003340-85716-0.png - Prediction 2 - Time 20.42907953262329
Rank 2 - Image fc958b63-5da8-448d-8962-3c5167dc9410.png - Prediction 0 - Time 20.155842781066895
Rank 1 - Image MIDRC-RICORD-1C-SITE2-000115-40758-0.png - Prediction 2 - Time 20.764549016952515
Rank 0 - Image MIDRC-RICORD-1C-419639-003257-00787-0.png - Prediction 2 - Time 20.70424246788025
Rank 2 - Image cb7d021b-b273-436a-bd7a-e68c11ed3f6b.png - Prediction 0 - Time 20.182291269302368
Rank 1 - Image MIDRC-RICORD-1C-419639-000025-56207-0.png - Prediction 2 - Time 20.28302502632141
Rank 2 - Image ff332704-48e0-445b-9188-b2a696d1f0d7.png - Prediction 0 - Time 20.69426655769348
Rank 0 - Image MIDRC-RICORD-1C-SITE2-000099-22857-0.png - Prediction 2 - Time 21.555554389953613
Rank 1 - Image MIDRC-RICORD-1C-419639-001699-69345-0.png - Prediction 2 - Time 21.03713035583496
Rank 0 - Image MIDRC-RICORD-1C-SITE2-000155-37671-0.png - Prediction 2 - Time 19.640455961227417
Rank 2 - Image 3e1b619a-cdd9-495a-bcbf-a9d62b418991.png - Prediction 0 - Time 20.85367512702942
Rank 1 - Image MIDRC-RICORD-1C-SITE2-000003-00527-0.png - Prediction 2 - Time 20.49526572227478
Rank 0 - Image MIDRC-RICORD-1C-419639-000235-89929-0.png - Prediction 2 - Time 20.532400608062744
Rank 2 - Image 0977f16c-c343-42c9-95ed-d7ca996feb16.png - Prediction 1 - Time 21.415842533111572
Rank 1 - Image MIDRC-RICORD-1C-419639-003232-50592-0.png - Prediction 2 - Time 20.728722095489502
Rank 0 - Image MIDRC-RICORD-1C-419639-002376-07504-0.png - Prediction 2 - Time 20.193674564361572
Rank 2 - Image f8a11cd6-e541-4765-a41b-3d70b6f3481e.png - Prediction 0 - Time 19.47924304008484
Rank 1 - Image MIDRC-RICORD-1C-419639-000025-04760-0.png - Prediction 2 - Time 20.291687726974487
Rank 0 - Image MIDRC-RICORD-1C-419639-001433-28259-0.png - Prediction 2 - Time 20.84578275680542
Rank 2 - Image 960131aa-4ce4-4b26-aa12-5f73d8d81453.png - Prediction 0 - Time 21.04640483856201
Rank 1 - Image MIDRC-RICORD-1C-419639-000025-89853-0.png - Prediction 2 - Time 20.778111696243286
Rank 2 - Image 3a5327d8-8830-4ae2-bd6b-293f5aa42d4b.png - Prediction 0 - Time 19.691989421844482
Rank 0 - Image MIDRC-RICORD-1C-419639-003116-57702-0.png - Prediction 2 - Time 20.84725284576416
Rank 1 - Image MIDRC-RICORD-1C-419639-001425-17331-0.png - Prediction 2 - Time 20.653727293014526
Rank 0 - Image MIDRC-RICORD-1C-419639-001629-03737-0.png - Prediction 2 - Time 20.25710368156433
Rank 2 - Image a0b9597d-93f4-4a7c-a412-81cb78bccb66.png - Prediction 0 - Time 21.078327894210815
Rank 1 - Image MIDRC-RICORD-1C-440808-000009-08.98-0.png - Prediction 2 - Time 20.317612648010254
Rank 0 - Image MIDRC-RICORD-1C-SITE2-000211-85940-0.png - Prediction 2 - Time 20.107994556427002
Rank 2 - Image cdac0980-033c-4685-b7e4-0a12c86a00a9.png - Prediction 0 - Time 20.58186650276184
Rank 1 - Image MIDRC-RICORD-1C-419639-000086-21140-0.png - Prediction 2 - Time 19.26177716255188
Rank 0 - Image MIDRC-RICORD-1C-419639-003027-36839-0.png - Prediction 2 - Time 20.78225302696228
Rank 2 - Image 7ca5c75a-1ec6-49a7-a3b0-93b6122a3170.png - Prediction 0 - Time 20.718002319335938
Rank 1 - Image MIDRC-RICORD-1C-SITE2-000270-57009-0.png - Prediction 2 - Time 20.81129002571106
Rank 0 - Image MIDRC-RICORD-1C-419639-003021-81745-0.png - Prediction 2 - Time 20.521090269088745
Rank 2 - Image d1e0d69c-a4df-485a-983c-535494221d1a.png - Prediction 0 - Time 20.285114765167236
Rank 1 - Image MIDRC-RICORD-1C-419639-000573-31324-0.png - Prediction 2 - Time 20.044668197631836
Rank 0 - Image MIDRC-RICORD-1C-419639-003024-14703-0.png - Prediction 2 - Time 19.872381687164307
Rank 2 - Image 6b969591-8a07-49ed-9f65-fa19a453df59.png - Prediction 1 - Time 20.32068705558777
Rank 1 - Image MIDRC-RICORD-1C-SITE2-000154-41630-0.png - Prediction 2 - Time 20.037164211273193
Rank 0 - Image MIDRC-RICORD-1C-419639-002724-03387-0.png - Prediction 2 - Time 20.52458429336548
Rank 2 - Image bd8facb9-dce0-4048-8249-e6078b28e1b7.png - Prediction 1 - Time 20.65358281135559
Rank 1 - Image MIDRC-RICORD-1C-SITE2-000168-32448-0.png - Prediction 2 - Time 20.875775814056396
Rank 0 - Image MIDRC-RICORD-1C-419639-001464-32013-0.png - Prediction 2 - Time 20.86583924293518
Rank 2 - Image 4dbc44ca-694a-4814-9a24-bc60c8d8d611.png - Prediction 1 - Time 20.44202756881714
Rank 1 - Image MIDRC-RICORD-1C-SITE2-000125-08616-1.png - Prediction 2 - Time 19.96941113471985
Rank 0 - Image MIDRC-RICORD-1C-SITE2-000116-25889-1.png - Prediction 2 - Time 19.517226696014404
Rank 2 - Image 3f504abe-2133-4e09-98af-743cdea486f9.png - Prediction 1 - Time 20.276659727096558
Rank 1 - Image MIDRC-RICORD-1C-SITE2-000096-37358-0.png - Prediction 2 - Time 19.165168523788452
Rank 0 - Image MIDRC-RICORD-1C-SITE2-000229-76177-0.png - Prediction 2 - Time 20.418508768081665
Rank 2 - Image af169d21-1c39-445e-82d8-5035182a3a8c.png - Prediction 1 - Time 20.43361759185791
Rank 1 - Image MIDRC-RICORD-1C-SITE2-000221-43774-0.png - Prediction 2 - Time 20.234718799591064
Rank 0 - Image MIDRC-RICORD-1C-419639-001222-46073-0.png - Prediction 2 - Time 20.68962812423706
Rank 2 - Image fcd159f4-21d3-4169-a94b-95a2b5ccddcb.png - Prediction 1 - Time 21.6214702129364
Rank 1 - Image MIDRC-RICORD-1C-SITE2-000179-48742-0.png - Prediction 2 - Time 20.654874801635742
Rank 0 - Image MIDRC-RICORD-1C-419639-003360-73998-0.png - Prediction 2 - Time 19.55539298057556
Rank 2 - Image b6db3041-1554-43ef-baca-58733b6717d6.png - Prediction 0 - Time 20.95718240737915
Rank 1 - Image MIDRC-RICORD-1C-SITE2-000176-81030-0.png - Prediction 2 - Time 20.224546909332275
Rank 0 - Image MIDRC-RICORD-1C-419639-003334-51353-0.png - Prediction 2 - Time 20.560096502304077
Rank 2 - Image a0a8370a-dc3f-4f70-a440-e3fa9827928a.png - Prediction 1 - Time 21.65004062652588
Rank 1 - Image MIDRC-RICORD-1C-419639-003199-43900-0.png - Prediction 2 - Time 20.784344911575317
Rank 0 - Image MIDRC-RICORD-1C-419639-000538-40522-0.png - Prediction 2 - Time 20.104443073272705
Rank 2 - Image 1dad3414-88c9-4c56-af5d-3a1488af452c.png - Prediction 1 - Time 21.103941917419434
Rank 1 - Image MIDRC-RICORD-1C-419639-003191-84953-0.png - Prediction 2 - Time 20.23272967338562
Rank 0 - Image MIDRC-RICORD-1C-419639-001735-74702-0.png - Prediction 2 - Time 20.413784742355347
Rank 2 - Image f760c946-a103-4991-a6e5-ff60c24cd99f.png - Prediction 1 - Time 20.723586082458496
Rank 1 - Image MIDRC-RICORD-1C-SITE2-000029-97068-0.png - Prediction 2 - Time 20.867408275604248
Rank 0 - Image MIDRC-RICORD-1C-419639-000299-56159-0.png - Prediction 2 - Time 20.906622171401978
Rank 2 - Image b021293c-4dd0-450c-b1a4-2d72cedab0a2.png - Prediction 1 - Time 21.297499895095825
Rank 1 - Image MIDRC-RICORD-1C-419639-002401-32756-0.png - Prediction 2 - Time 20.345185041427612
Rank 0 - Image MIDRC-RICORD-1C-SITE2-000178-89752-0.png - Prediction 2 - Time 21.034677505493164
Rank 2 - Image 349f10b4-dc3e-4f3f-b2e4-a5b81448ce87.png - Prediction 1 - Time 20.86458396911621
Rank 1 - Image MIDRC-RICORD-1C-419639-001762-18334-0.png - Prediction 2 - Time 20.542514085769653
Rank 0 - Image MIDRC-RICORD-1C-419639-001287-60951-0.png - Prediction 2 - Time 20.90836524963379
Rank 2 - Image 05d3817a-5535-4e77-8dda-d4412e496c81.png - Prediction 1 - Time 19.613788843154907
Rank 1 - Image MIDRC-RICORD-1C-SITE2-000210-51719-0.png - Prediction 2 - Time 20.092581510543823
Rank 0 - Image MIDRC-RICORD-1C-SITE2-000182-35476-0.png - Prediction 2 - Time 20.185075521469116
Rank 2 - Image c21157da-1f74-4966-ba4e-c144d8f5da2d.png - Prediction 1 - Time 21.505629777908325
Rank 1 - Image MIDRC-RICORD-1C-SITE2-000200-97745-0.png - Prediction 2 - Time 20.445857286453247
Rank 0 - Image MIDRC-RICORD-1C-419639-000025-17477-0.png - Prediction 2 - Time 20.433037996292114
Rank 2 - Image 5acc56a4-1b6e-4394-9364-9772047d583f.png - Prediction 1 - Time 20.145599603652954
Rank 1 - Image MIDRC-RICORD-1C-419639-001374-75990-0.png - Prediction 2 - Time 20.289020538330078
Rank 0 - Image MIDRC-RICORD-1C-419639-002528-57471-0.png - Prediction 2 - Time 20.612159729003906
Rank 2 - Image dd4d6a4c-1e67-4911-bda2-7d8af75b1b19.png - Prediction 1 - Time 20.429205894470215
Rank 1 - Image MIDRC-RICORD-1C-419639-003336-50845-0.png - Prediction 2 - Time 20.148823022842407
Rank 0 - Image MIDRC-RICORD-1C-419639-001932-82193-0.png - Prediction 2 - Time 20.94212508201599
Rank 2 - Image f0ba0019-718f-4677-a723-05c27dba2f3e.png - Prediction 1 - Time 21.82126808166504
Rank 1 - Image MIDRC-RICORD-1C-419639-002929-69159-0.png - Prediction 2 - Time 20.086572408676147
Rank 0 - Image MIDRC-RICORD-1C-419639-000002-10161-0.png - Prediction 2 - Time 20.34289526939392
Rank 2 - Image cc3177c8-6570-497c-aef3-6fbddef692f6.png - Prediction 1 - Time 21.349781036376953
Rank 1 - Image MIDRC-RICORD-1C-SITE2-000120-98054-0.png - Prediction 2 - Time 20.407269954681396
Rank 0 - Image MIDRC-RICORD-1C-419639-001464-72163-0.png - Prediction 2 - Time 20.07124972343445
Rank 2 - Image 0e03c2d7-9cea-4dc7-8e91-794a8b3ff58d.png - Prediction 1 - Time 21.03390121459961
Rank 1 - Image MIDRC-RICORD-1C-SITE2-000127-30661-0.png - Prediction 2 - Time 20.277555465698242
Rank 0 - Image MIDRC-RICORD-1C-SITE2-000239-21655-0.png - Prediction 2 - Time 20.794578075408936
Rank 2 - Image 070c921f-171c-420c-915b-e49e3f600c38.png - Prediction 1 - Time 21.17139720916748
Rank 1 - Image MIDRC-RICORD-1C-SITE2-000206-25871-0.png - Prediction 2 - Time 20.458993911743164
Rank 0 - Image MIDRC-RICORD-1C-419639-003371-97350-0.png - Prediction 2 - Time 20.849663257598877
Rank 2 - Image caa545b4-4eea-4e3a-90b1-c4c0789a1109.png - Prediction 1 - Time 20.715059757232666
Rank 1 - Image MIDRC-RICORD-1C-SITE2-000141-46899-0.png - Prediction 2 - Time 20.657643795013428
Rank 0 - Image MIDRC-RICORD-1C-419639-000432-86017-0.png - Prediction 2 - Time 20.236979484558105
Rank 2 - Image 7817b551-d220-479b-815f-395f83e1dba1.png - Prediction 1 - Time 20.7715585231781
Rank 1 - Image MIDRC-RICORD-1C-SITE2-000203-08712-0.png - Prediction 2 - Time 20.137524127960205
Rank 0 - Image MIDRC-RICORD-1C-419639-001007-89903-0.png - Prediction 2 - Time 20.8126699924469
Rank 2 - Image f743c21e-5876-460b-bbd6-2e2dcca41baa.png - Prediction 1 - Time 20.71122980117798
Rank 1 - Image MIDRC-RICORD-1C-SITE2-000045-76077-0.png - Prediction 2 - Time 20.995173454284668
Rank 0 - Image MIDRC-RICORD-1C-419639-001464-39871-1.png - Prediction 2 - Time 20.371387243270874
Rank 2 - Image e1d5a233-39ca-41dc-a289-b07c3e78cdb1.png - Prediction 1 - Time 20.031598329544067
Rank 1 - Image MIDRC-RICORD-1C-SITE2-000162-64489-0.png - Prediction 2 - Time 20.375187635421753
Rank 0 - Image MIDRC-RICORD-1C-419639-002374-98411-0.png - Prediction 2 - Time 20.195150136947632
Rank 2 - Image 40a2f7fd-342e-494b-a7e0-5857b73ec582.png - Prediction 1 - Time 20.665759086608887
Rank 1 - Image MIDRC-RICORD-1C-419639-001505-21193-0.png - Prediction 2 - Time 20.331870317459106
Rank 0 - Image MIDRC-RICORD-1C-SITE2-000028-53390-0.png - Prediction 2 - Time 20.64028239250183
Rank 2 - Image bcdd92c8-2cde-4899-a6fc-46b875aaab62.png - Prediction 1 - Time 21.04568862915039
Rank 1 - Image MIDRC-RICORD-1C-SITE2-000173-80432-1.png - Prediction 2 - Time 21.636351108551025
Rank 0 - Image MIDRC-RICORD-1C-419639-001070-42385-0.png - Prediction 2 - Time 20.851507902145386
Rank 2 - Image ac648f87-a79f-4ce0-9439-23a8dd886b71.png - Prediction 1 - Time 20.452725648880005
Rank 1 - Image MIDRC-RICORD-1C-419639-002871-45785-0.png - Prediction 2 - Time 20.539778470993042
Rank 0 - Image MIDRC-RICORD-1C-SITE2-000283-41971-0.png - Prediction 2 - Time 20.699240684509277
Rank 2 - Image 93b49de9-9267-43c2-a507-6885e4caeaba.png - Prediction 1 - Time 20.29374861717224
Rank 1 - Image MIDRC-RICORD-1C-SITE2-000220-78771-1.png - Prediction 2 - Time 20.561455249786377
Rank 0 - Image MIDRC-RICORD-1C-SITE2-000023-20254-0.png - Prediction 2 - Time 21.20736336708069
Rank 2 - Image af2ff93b-2f33-4c91-bde1-1490fc435b50.png - Prediction 1 - Time 21.068519592285156
Rank 1 - Image MIDRC-RICORD-1C-419639-001661-28330-1.png - Prediction 2 - Time 20.02620792388916
Rank 0 - Image MIDRC-RICORD-1C-SITE2-000181-63935-0.png - Prediction 2 - Time 20.291476011276245
Rank 2 - Image 31692137-f770-4cfe-a02e-fd207ce813ac.png - Prediction 1 - Time 20.79045081138611
Rank 1 - Image MIDRC-RICORD-1C-SITE2-000142-56843-0.png - Prediction 2 - Time 20.957459211349487
Rank 0 - Image MIDRC-RICORD-1C-419639-003105-50900-0.png - Prediction 2 - Time 21.118141412734985
Rank 2 - Image f7379744-be39-44b2-8816-a743857bd6a6.png - Prediction 1 - Time 21.290488719940186
Rank 1 - Image MIDRC-RICORD-1C-419639-003099-52606-0.png - Prediction 2 - Time 20.645657777786255
Rank 0 - Image MIDRC-RICORD-1C-SITE2-000185-39456-0.png - Prediction 2 - Time 21.130908489227295
Rank 2 - Image 3186d210-966f-4733-ba72-98729be9551a.png - Prediction 1 - Time 20.626848459243774
Rank 1 - Image MIDRC-RICORD-1C-419639-002463-12463-0.png - Prediction 2 - Time 20.027775764465332
Rank 0 - Image MIDRC-RICORD-1C-419639-003187-73922-0.png - Prediction 2 - Time 20.859776496887207
Rank 2 - Image b51c3c24-f9aa-4039-9fc1-527a5567dff6.png - Prediction 1 - Time 21.167282581329346
Rank 1 - Image MIDRC-RICORD-1C-419639-001085-09031-0.png - Prediction 2 - Time 20.900863647460938
Rank 0 - Image MIDRC-RICORD-1C-SITE2-000066-97290-0.png - Prediction 2 - Time 20.524510860443115
Rank 2 - Image e9e58e10-2795-4dec-a738-c9792ea8f685.png - Prediction 1 - Time 19.546457529067993
Rank 1 - Image MIDRC-RICORD-1C-419639-002895-42704-0.png - Prediction 2 - Time 20.46208381652832
Rank 0 - Image MIDRC-RICORD-1C-SITE2-000105-65881-0.png - Prediction 2 - Time 19.49795627593994
Rank 2 - Image cd9d2d22-4395-4e4d-8837-cfb33c2bdaab.png - Prediction 1 - Time 19.22718071937561
Rank 1 - Image 47c78742-4998-4878-aec4-37b11b1354ac.png - Prediction 0 - Time 19.736563205718994
Rank 0 - Image MIDRC-RICORD-1C-419639-003080-09097-0.png - Prediction 2 - Time 21.08203101158142
Rank 2 - Image b42eaeb8-b6d3-41d7-836c-56fd0922abf6.png - Prediction 1 - Time 20.202521324157715
Rank 1 - Image 8989e25c-a698-48fc-b428-fff56931fc8f.png - Prediction 0 - Time 21.11261558532715
Rank 0 - Image MIDRC-RICORD-1C-SITE2-000230-35167-0.png - Prediction 2 - Time 20.93350601196289
Rank 2 - Image ae06b30f-ae30-40d3-b237-c934ce499774.png - Prediction 1 - Time 20.08459758758545
Rank 1 - Image 7fb3786c-5045-4a90-981d-c55b53d4d5d3.png - Prediction 0 - Time 20.38007426261902
Rank 0 - Image MIDRC-RICORD-1C-419639-003365-72952-0.png - Prediction 2 - Time 21.681134462356567
Rank 2 - Image f59ae80d-d98e-465f-963a-1064764211f8.png - Prediction 1 - Time 20.549835443496704
Rank 1 - Image 766b8aea-3b43-4a34-b675-09f373ca066b.png - Prediction 0 - Time 20.8708279132843
Rank 0 - Image MIDRC-RICORD-1C-SITE2-000208-34584-0.png - Prediction 2 - Time 19.74596905708313
Rank 2 - Image 03a9498c-549d-4e7d-800b-e74797f7f625.png - Prediction 1 - Time 19.930273294448853
Rank 1 - Image f6236cb5-cc36-4ec4-895c-d11ce043341d.png - Prediction 0 - Time 19.991969347000122
Rank 0 - Image MIDRC-RICORD-1C-419639-001464-53024-0.png - Prediction 2 - Time 21.38955020904541
Rank 2 - Image 080f2b35-fcd5-473e-864b-a7dea3054cc7.png - Prediction 1 - Time 19.653523206710815
Rank 1 - Image 153b7c2b-4909-4dca-8579-9523582bc4fe.png - Prediction 0 - Time 20.31931710243225
Rank 0 - Image MIDRC-RICORD-1C-419639-003157-67493-0.png - Prediction 2 - Time 20.534582376480103
Rank 2 - Image b479635e-4c58-4d27-879b-fb0e87b2a1aa.png - Prediction 1 - Time 20.34540343284607
Rank 1 - Image 1afd6582-da9d-4e5a-a81f-62a188fe9366.png - Prediction 0 - Time 20.956605434417725
Rank 0 - Image MIDRC-RICORD-1C-SITE2-000048-66689-0.png - Prediction 2 - Time 20.411495447158813
Rank 2 - Image 86853bbd-5af2-4551-8273-f2978dffdd76.png - Prediction 1 - Time 20.97030997276306
Rank 1 - Image 85bb48fe-e6d6-47de-bb71-d1636aced7dc.png - Prediction 0 - Time 20.482852697372437
Rank 0 - Image MIDRC-RICORD-1C-440808-000020-8.458-0.png - Prediction 2 - Time 19.470836877822876
Rank 2 - Image acb5c720-f741-415c-993c-65855be08ffa.png - Prediction 1 - Time 20.198739528656006
Rank 1 - Image eaeb935a-7294-4dd3-8bf5-73ba781d28af.png - Prediction 0 - Time 20.276307821273804
Rank 0 - Image MIDRC-RICORD-1C-SITE2-000034-76728-1.png - Prediction 2 - Time 19.72542142868042
Rank 2 - Image 1414c7d6-dff3-453c-8322-b25bb5899d78.png - Prediction 1 - Time 20.755383729934692
Rank 1 - Image 5f137fa7-6539-499e-b0d5-0e481221bf5a.png - Prediction 1 - Time 20.984381675720215
Rank 0 - Image MIDRC-RICORD-1C-419639-002784-76664-0.png - Prediction 0 - Time 20.695364952087402
Rank 2 - Image c3a6ca22-c09b-4be0-a59d-e52718fbb645.png - Prediction 1 - Time 20.166892290115356
Rank 1 - Image b5234584-1487-492c-8742-444b9ca41c3d.png - Prediction 0 - Time 20.204190254211426
Rank 0 - Image MIDRC-RICORD-1C-SITE2-000014-81802-0.png - Prediction 2 - Time 20.95099115371704
Rank 2 - Image bfd795ae-7656-40fc-b44e-566515e52ed2.png - Prediction 1 - Time 20.855458974838257
Rank 1 - Image 71d8d6ec-253b-4272-a467-311828b2a35b.png - Prediction 0 - Time 20.476027250289917
Rank 0 - Image MIDRC-RICORD-1C-SITE2-000068-39061-0.png - Prediction 2 - Time 21.724597215652466
Rank 2 - Image 098906c5-cf22-43d3-9f0d-90e88e602090.png - Prediction 1 - Time 21.281503200531006
Rank 1 - Image 0103fadb-1663-40a6-8a9e-09d626cd2091.png - Prediction 0 - Time 20.968231439590454
Rank 0 - Image MIDRC-RICORD-1C-419639-000025-84235-0.png - Prediction 2 - Time 21.161741971969604
Rank 2 - Image b5714c0f-6d0f-4c56-833f-8b83f19e982a.png - Prediction 1 - Time 20.706830501556396
Rank 1 - Image e4cd65ae-65de-44fc-a6b2-ebbc46d2e8d8.png - Prediction 0 - Time 20.310428619384766
Rank 0 - Image MIDRC-RICORD-1C-SITE2-000001-16794-0.png - Prediction 2 - Time 21.121013402938843
Rank 2 - Image 875b34e4-b58d-479f-954a-5b015071f448.png - Prediction 1 - Time 20.39641308784485
Rank 1 - Image 2f8fbfdc-56db-4eca-bf64-3c9a0637e28c.png - Prediction 0 - Time 20.303585529327393
Rank 0 - Image MIDRC-RICORD-1C-419639-001571-15270-0.png - Prediction 2 - Time 20.203840255737305
Rank 2 - Image 91e187a5-771d-4a83-9601-e22ed326bc8e.png - Prediction 1 - Time 20.247381925582886
Rank 1 - Image bc46651a-1314-44af-a834-1eb8a36e589e.png - Prediction 0 - Time 19.994365692138672
Rank 0 - Image MIDRC-RICORD-1C-419639-001903-65209-0.png - Prediction 2 - Time 20.858903884887695
Rank 2 - Image 3abb7176-035d-46cc-844e-820870e8154b.png - Prediction 1 - Time 20.71579647064209
Rank 1 - Image 71d25920-4060-4a31-b7aa-cfbf4721a5c5.png - Prediction 0 - Time 19.9979248046875
Rank 0 - Image MIDRC-RICORD-1C-SITE2-000244-77429-0.png - Prediction 2 - Time 19.218011617660522
Rank 2 - Image 3e4ee273-d5ca-4cf8-a75a-05772e0e12fe.png - Prediction 1 - Time 20.15643334388733
Rank 1 - Image ca3c90e4-f7fe-4f6e-b20b-81473deab4f0.png - Prediction 0 - Time 20.12014627456665
Rank 0 - Image MIDRC-RICORD-1C-419639-000582-21506-0.png - Prediction 2 - Time 20.676604986190796
Rank 2 - Image bd9af100-1805-4e0a-8875-4a4b7195f0d8.png - Prediction 1 - Time 20.010892391204834
Rank 1 - Image dab2f334-331c-42c7-af09-a997092464b0.png - Prediction 1 - Time 20.870648622512817
Rank 0 - Image MIDRC-RICORD-1C-419639-002088-09388-0.png - Prediction 2 - Time 19.091039419174194
Rank 2 - Image 6804008c-94eb-4870-ba6e-b06514073e71.png - Prediction 1 - Time 20.220757007598877
Rank 1 - Image 436dce2a-06c3-4281-bb8e-840497a49381.png - Prediction 1 - Time 19.7496440410614
Rank 0 - Image MIDRC-RICORD-1C-419639-002050-25234-0.png - Prediction 2 - Time 20.499890565872192
Rank 2 - Image 0d9b1283-fc24-4fd3-a520-bc5d563e13e1.png - Prediction 1 - Time 20.29512071609497
Rank 1 - Image af6ef3d9-81c8-434e-bc5a-dbf89bc418aa.png - Prediction 0 - Time 20.563657522201538
Rank 0 - Image MIDRC-RICORD-1C-SITE2-000235-44451-0.png - Prediction 2 - Time 20.5306077003479
Rank 2 - Image 0a8d486f-1aa6-4fcf-b7be-4bf04fc8628b.png - Prediction 1 - Time 20.343510150909424
Rank 1 - Image a7aef71b-0fc8-4837-be79-4ced56e03439.png - Prediction 0 - Time 19.99201488494873
Rank 0 - Image MIDRC-RICORD-1C-SITE2-000202-80939-0.png - Prediction 2 - Time 20.640939950942993
Rank 2 - Image 37f17069-62ce-42ff-9fa4-d6a1056bd075.png - Prediction 1 - Time 20.221819639205933
Rank 1 - Image dfa57c1f-01fb-4417-a1b5-0641a9b4bb84.png - Prediction 0 - Time 21.110198259353638
Rank 0 - Image MIDRC-RICORD-1C-419639-003203-21209-0.png - Prediction 0 - Time 20.139102935791016
Rank 2 - Image 3db7e979-5f97-4985-bf0c-cdea7951e246.png - Prediction 1 - Time 20.202849626541138
Rank 1 - Image 5eb932e2-3455-40fe-93db-ae44f897d9e0.png - Prediction 0 - Time 20.221290826797485
Rank 0 - Image MIDRC-RICORD-1C-419639-000025-90087-1.png - Prediction 2 - Time 20.919435501098633
Rank 2 - Image e2e89418-6c0e-4f50-a2d9-6cd5e58feef0.png - Prediction 1 - Time 20.77764344215393
Rank 1 - Image e8485b0f-293d-4ca8-8b71-92db61c8ee3e.png - Prediction 0 - Time 20.727322578430176
Rank 0 - Image MIDRC-RICORD-1C-SITE2-000136-21646-0.png - Prediction 2 - Time 20.10319948196411
Rank 2 - Image 393b8e45-6d97-4013-8100-27ebf07a1dad.png - Prediction 1 - Time 19.904421091079712
Rank 1 - Image 35cda03a-0898-4f8b-92d3-6f263aed23ff.png - Prediction 0 - Time 20.197365760803223
Rank 0 - Image MIDRC-RICORD-1C-SITE2-000153-84142-0.png - Prediction 2 - Time 20.677707195281982
Rank 2 - Image 2348e8ba-483f-476d-b29d-5ba8398d7abc.png - Prediction 1 - Time 20.339492082595825
Rank 1 - Image d82e5841-2f43-4eab-ac17-e98a2d90c51b.png - Prediction 0 - Time 19.916590690612793
Rank 0 - Image MIDRC-RICORD-1C-419639-003216-61144-0.png - Prediction 2 - Time 20.47151803970337
Rank 2 - Image aef87dc2-a097-4683-9fb1-d1af6838a16a.png - Prediction 0 - Time 20.4509060382843
Rank 1 - Image af1d168c-4850-41e1-85b8-ff8fc645e671.png - Prediction 0 - Time 20.681320905685425
Rank 0 - Image MIDRC-RICORD-1C-419639-001464-60601-0.png - Prediction 2 - Time 20.711679220199585
Rank 2 - Image afe1b6e2-203e-4ee5-856a-2f205d8bca2a.png - Prediction 1 - Time 20.237102031707764
Rank 1 - Image 585f5059-8938-4885-accb-d7d0b1097c60.png - Prediction 0 - Time 20.444205045700073
Rank 0 - Image MIDRC-RICORD-1C-419639-003380-99227-0.png - Prediction 2 - Time 21.348578214645386
Rank 2 - Image 3d070009-c877-4ed4-ac80-53781cb30fef.png - Prediction 1 - Time 19.99307918548584
Rank 1 - Image 5d4c7318-4739-4470-89f3-70bbbca95f10.png - Prediction 0 - Time 19.658896684646606
Rank 0 - Image MIDRC-RICORD-1C-SITE2-000272-41527-0.png - Prediction 2 - Time 21.00572419166565
Rank 2 - Image 34fbff70-fa6e-4709-ab07-17f739fce394.png - Prediction 1 - Time 20.385175466537476
Rank 1 - Image d3ad2915-af30-426c-ad2d-1634df8c1b5f.png - Prediction 0 - Time 20.40238356590271
Rank 0 - Image MIDRC-RICORD-1C-419639-003338-57135-0.png - Prediction 2 - Time 20.710302591323853
Rank 2 - Image 2c68016e-5a63-4430-a834-efe5d43edd0e.png - Prediction 1 - Time 20.753976345062256
Rank 1 - Image dee054ff-0e1a-4167-b814-cbf339cf689c.png - Prediction 0 - Time 20.640453577041626
Rank 0 - Image MIDRC-RICORD-1C-419639-003060-04928-0.png - Prediction 2 - Time 20.403002738952637
Rank 2 - Image 8ae822ae-a656-47ba-ac5b-848ce2256575.png - Prediction 1 - Time 19.834734678268433
Rank 1 - Image bb068d57-86a8-4347-bee0-e29d59ddef6b.png - Prediction 0 - Time 20.036367654800415
Rank 0 - Image MIDRC-RICORD-1C-419639-002889-42412-0.png - Prediction 2 - Time 21.022207975387573
Rank 2 - Image f661fe70-2fc1-4564-9f53-45504c0b0688.png - Prediction 1 - Time 20.48790717124939
Rank 1 - Image 354c3756-43ed-4921-adf8-60be49a8b7e8.png - Prediction 0 - Time 21.390321969985962
Rank 2 - Image 78c33a1a-8f22-476c-ae97-8190192102df.png - Prediction 1 - Time 20.46121907234192
Rank 0 - Image MIDRC-RICORD-1C-SITE2-000106-15732-0.png - Prediction 2 - Time 20.938849687576294
Rank 1 - Image b8dd7d32-b177-4d1e-982f-6f0a743828fa.png - Prediction 0 - Time 20.612061500549316
Rank 2 - Image 652b519d-5eb4-4abc-93f7-15ae661a431f.png - Prediction 1 - Time 20.25636649131775
Rank 0 - Image MIDRC-RICORD-1C-SITE2-000297-71173-1.png - Prediction 2 - Time 20.506940603256226
Rank 1 - Image a17f7e03-42a6-41d3-82ad-d8a656826936.png - Prediction 0 - Time 20.83947205543518
Rank 2 - Image 2397b2f6-3dfa-476c-89ea-e9992c5bd9a9.png - Prediction 1 - Time 19.47986364364624
Rank 0 - Image MIDRC-RICORD-1C-SITE2-000204-24409-0.png - Prediction 2 - Time 21.26246213912964
Rank 1 - Image c3c78e4e-1a31-4a92-be4b-0fc3c7f992a4.png - Prediction 0 - Time 21.15532898902893
Rank 2 - Image ac10f43e-03b8-43d2-bcae-6fe000542397.png - Prediction 0 - Time 21.22791600227356
Rank 0 - Image MIDRC-RICORD-1C-419639-001464-82193-0.png - Prediction 2 - Time 20.94357705116272
Rank 1 - Image f1c8caa2-a6dc-40c0-ab85-4769688f1eec.png - Prediction 0 - Time 20.330756664276123
Rank 2 - Image 3c8cc0d1-be7f-493d-9570-542d851f623b.png - Prediction 1 - Time 20.958807468414307
Rank 0 - Image MIDRC-RICORD-1C-SITE2-000058-42859-0.png - Prediction 2 - Time 21.008007526397705
Rank 1 - Image d535a3c8-c4a4-4856-b5cd-17f6332eac8b.png - Prediction 0 - Time 19.428754806518555
Rank 2 - Image 6565a9e6-3f01-4de8-a18d-ade3121c5d7c.png - Prediction 1 - Time 21.30180025100708
Rank 0 - Image MIDRC-RICORD-1C-SITE2-000149-71428-1.png - Prediction 2 - Time 21.82165217399597
Rank 1 - Image 2ed06be4-9f0e-4256-b8bf-a4b396cc6364.png - Prediction 0 - Time 20.894501209259033
Rank 2 - Image ed0c5d1e-934a-4e31-9221-3a6a69ec9c1b.png - Prediction 1 - Time 20.458385705947876
Rank 0 - Image MIDRC-RICORD-1C-419639-002281-83348-0.png - Prediction 2 - Time 19.571190357208252
Rank 1 - Image 168f4fcb-a87d-49fc-b167-4ed42fd1ec43.png - Prediction 0 - Time 20.925938367843628
Rank 2 - Image 4bc8ce99-2420-48c2-a768-d067da67ced2.png - Prediction 1 - Time 20.669067859649658
Rank 0 - Image MIDRC-RICORD-1C-419639-002733-79941-0.png - Prediction 2 - Time 20.639728546142578
Rank 1 - Image a8e3ea7d-0b63-45cf-85d8-1078d3e2449d.png - Prediction 0 - Time 20.170818328857422
Rank 2 - Image 6df82c7a-a91e-487c-ae3a-9022b17d7c7a.png - Prediction 1 - Time 20.194939136505127
Rank 0 - Image MIDRC-RICORD-1C-419639-000025-81112-0.png - Prediction 2 - Time 20.44153094291687
Rank 1 - Image f31d1fb1-604b-4fec-b320-f07ce2694008.png - Prediction 0 - Time 21.16446304321289
Rank 2 - Image a6c364d2-b2d6-4b0b-a439-40b992ff65c7.png - Prediction 1 - Time 20.29954195022583
Rank 0 - Image MIDRC-RICORD-1C-419639-003186-86346-0.png - Prediction 2 - Time 20.266594886779785
Rank 1 - Image 069cfd47-0169-43e7-89a1-0be0fa24105b.png - Prediction 0 - Time 20.63141441345215
Rank 2 - Image 32a5977f-f8ab-41c9-9b51-5387248e4675.png - Prediction 0 - Time 19.716712713241577
Rank 0 - Image MIDRC-RICORD-1C-SITE2-000237-52517-0.png - Prediction 2 - Time 20.265122175216675
Rank 1 - Image 85d84453-ab2d-4666-98e6-5df3cbb81f5b.png - Prediction 0 - Time 20.65964961051941
Rank 2 - Image c3751c94-ea6f-4a7c-b3bf-87a54012fa80.png - Prediction 0 - Time 20.121865272521973
Rank 0 - Image MIDRC-RICORD-1C-SITE2-000002-65816-0.png - Prediction 2 - Time 20.60615587234497
Rank 1 - Image 8db71746-e837-43c2-bdf1-c44d1ab207e3.png - Prediction 0 - Time 20.720051527023315
Rank 2 - Image 1c0a780d-1cac-4eee-b46d-470ecebc9ae0.png - Prediction 1 - Time 20.743227243423462
Rank 0 - Image MIDRC-RICORD-1C-419639-000025-39552-1.png - Prediction 2 - Time 20.46237802505493
Rank 1 - Image 275f9fff-2439-4f3f-9c48-7c21f348701a.png - Prediction 0 - Time 20.916553020477295
Rank 2 - Image b852bc3c-0de5-4448-aff8-f96b2cc13d51.png - Prediction 1 - Time 20.588508129119873
Rank 0 - Image MIDRC-RICORD-1C-419639-000082-79663-0.png - Prediction 2 - Time 19.88670802116394
Rank 1 - Image 1d1968e2-88a5-4d72-9237-caf4cbad9423.png - Prediction 0 - Time 20.43342423439026
Rank 2 - Image a2616330-1f29-4019-928f-e2d62b3b737b.png - Prediction 1 - Time 21.1959810256958
Rank 0 - Image MIDRC-RICORD-1C-SITE2-000094-94497-0.png - Prediction 2 - Time 20.802565574645996
Rank 1 - Image 07aeb82e-773b-4498-95c0-fabdf4985bb2.png - Prediction 0 - Time 20.97551965713501
Rank 2 - Image a6236ddd-6367-4569-b5f1-07d2df9390ad.png - Prediction 1 - Time 20.611058950424194
Rank 0 - Image MIDRC-RICORD-1C-SITE2-000131-16046-1.png - Prediction 2 - Time 20.205286979675293
Rank 1 - Image 652d6bb3-56a0-4a89-9631-684ce27cfc4c.png - Prediction 0 - Time 19.935447216033936
Rank 2 - Image b8d6b40d-2a3d-475f-88d3-03560f645223.png - Prediction 1 - Time 20.815338850021362
Rank 0 - Image MIDRC-RICORD-1C-419639-002309-84923-0.png - Prediction 2 - Time 19.955588340759277
Rank 1 - Image e155c13d-7ac7-4765-bb86-899349978413.png - Prediction 1 - Time 20.771297693252563
Rank 2 - Image 49b2fb17-b12c-4e5a-8c4a-02449027c42b.png - Prediction 1 - Time 20.491588592529297
Rank 0 - Image MIDRC-RICORD-1C-419639-002768-13069-0.png - Prediction 2 - Time 20.507338523864746
Rank 1 - Image 98bfaf7a-d80b-491e-a7e0-c5c7316bebe9.png - Prediction 0 - Time 20.82318878173828
Rank 2 - Image 3766b0a6-1769-4d82-b081-fa53531de34e.png - Prediction 1 - Time 20.498648405075073
Rank 0 - Image MIDRC-RICORD-1C-SITE2-000108-12642-0.png - Prediction 2 - Time 20.447827577590942
Rank 1 - Image 76b180ab-242f-45d3-bce1-68df00c5ef45.png - Prediction 0 - Time 20.525378465652466
Rank 0 - Image MIDRC-RICORD-1C-SITE2-000170-25974-1.png - Prediction 2 - Time 19.850670337677002
Rank 2 - Image f12d7b12-0398-4533-8f55-8772cc434945.png - Prediction 1 - Time 20.454148054122925
Rank 1 - Image 372b2fea-2013-4600-a06f-765c3f054a82.png - Prediction 0 - Time 20.237605810165405
Rank 2 - Image 0b7a4fb2-adab-484b-a0f7-23f5111bc745.png - Prediction 1 - Time 19.924049377441406
Rank 0 - Image MIDRC-RICORD-1C-SITE2-000097-16347-1.png - Prediction 2 - Time 20.59373450279236
Rank 1 - Image a52aa522-a1b3-4f15-8609-f44bf96da2e3.png - Prediction 0 - Time 21.268794536590576
Rank 0 - Image MIDRC-RICORD-1C-419639-002043-49668-0.png - Prediction 2 - Time 20.127742528915405
Rank 2 - Image 1565fd6c-9432-454a-87e4-937fd5ad5b60.png - Prediction 1 - Time 20.401071548461914
Rank 1 - Image 6556ce72-1a60-40aa-aaf7-b50dbf07fae7.png - Prediction 0 - Time 20.314025402069092
Rank 2 - Image 02002619-3dea-4038-8d4d-458db30ed8de.png - Prediction 1 - Time 19.6941134929657
Rank 0 - Image MIDRC-RICORD-1C-419639-000785-60200-0.png - Prediction 2 - Time 20.496422290802002
Rank 1 - Image 633d9182-1809-41b7-a59b-1e60ac91f0c9.png - Prediction 0 - Time 20.24066925048828
Rank 2 - Image becefa4b-f719-48c6-a903-85e391e026a4.png - Prediction 1 - Time 19.737610340118408
Rank 0 - Image MIDRC-RICORD-1C-SITE2-000035-19513-0.png - Prediction 2 - Time 20.940492868423462
Rank 1 - Image fd7bad9a-1bff-49ec-9c6c-c9aae9e65726.png - Prediction 0 - Time 20.74997854232788
Rank 2 - Image 3f2b878e-9e3b-410b-a739-b43d81b98692.png - Prediction 1 - Time 20.36678695678711
Rank 0 - Image MIDRC-RICORD-1C-419639-001155-71955-0.png - Prediction 2 - Time 20.53887915611267
Rank 1 - Image 99432aa3-8d61-4ff2-a79a-f0a0218d6fa2.png - Prediction 0 - Time 20.363341331481934
Rank 2 - Image adce8349-6836-4328-ab63-f356d0bbe298.png - Prediction 1 - Time 20.242226362228394
Rank 0 - Image MIDRC-RICORD-1C-SITE2-000207-20956-0.png - Prediction 2 - Time 19.64588952064514
Rank 1 - Image 34bf2fcd-131a-428c-9a21-cd2fa9041f9b.png - Prediction 0 - Time 20.402621269226074
Rank 2 - Image 854fee36-d54c-4cde-904d-ab77f5e2e091.png - Prediction 1 - Time 20.319889545440674
Rank 0 - Image MIDRC-RICORD-1C-419639-002472-45590-0.png - Prediction 2 - Time 20.166792392730713
Rank 1 - Image b5007662-ff9c-49ad-9093-85ed7dc44bf4.png - Prediction 0 - Time 20.605165719985962
Rank 2 - Image baf8fe18-a7ca-4e9c-b3dc-5c80d474545b.png - Prediction 1 - Time 20.510271072387695
Rank 0 - Image MIDRC-RICORD-1C-419639-002114-73757-0.png - Prediction 2 - Time 20.687224626541138
Rank 1 - Image 06b2f933-3ea2-4477-ac27-18f732d1f4e1.png - Prediction 0 - Time 21.1474130153656
Rank 2 - Image a77b32f6-1999-4cc6-8a0d-1ef7e53850f0.png - Prediction 1 - Time 19.977768659591675
Rank 0 - Image MIDRC-RICORD-1C-419639-002997-12964-0.png - Prediction 2 - Time 20.3244206905365
Rank 1 - Image c2b24ebd-2c40-48c3-ba39-177224dd7db0.png - Prediction 0 - Time 20.66746211051941
Rank 2 - Image 41bf2042-53a2-44a8-9a29-55e643af5ac0.png - Prediction 1 - Time 20.79062509536743
Rank 0 - Image MIDRC-RICORD-1C-419639-001464-73170-0.png - Prediction 2 - Time 21.031017303466797
Rank 1 - Image 63192a6c-02ba-48a5-932a-bb82aeacb1bc.png - Prediction 0 - Time 21.046903371810913
Rank 2 - Image ec09ddb3-9b0b-4749-9e0d-f94a4a7e5fed.png - Prediction 1 - Time 20.311758995056152
Rank 0 - Image MIDRC-RICORD-1C-419639-003102-68604-0.png - Prediction 2 - Time 19.141727209091187
Rank 1 - Image 73dca3d1-5c58-4c72-80a9-201deca7ffec.png - Prediction 0 - Time 20.793701648712158
Rank 2 - Image abff4044-3c0a-458f-b0c7-04254be7fc0c.png - Prediction 1 - Time 21.59496521949768
Rank 0 - Image MIDRC-RICORD-1C-419639-001464-63464-0.png - Prediction 2 - Time 21.06788444519043
Rank 1 - Image c485a9bd-6e18-4328-8c5c-cf80f71aa35d.png - Prediction 0 - Time 21.11480164527893
Rank 0 - Image MIDRC-RICORD-1C-419639-001603-23454-0.png - Prediction 2 - Time 19.971608638763428
Rank 2 - Image 27b32500-40ef-4c14-ab88-ace5e9ceea27.png - Prediction 1 - Time 21.560293197631836
Rank 1 - Image b540ba89-72f7-40f5-a916-376546c20014.png - Prediction 0 - Time 21.039061546325684
Rank 0 - Image MIDRC-RICORD-1C-419639-000025-39552-0.png - Prediction 2 - Time 20.196043014526367
Rank 0 - gathering data of length: 3
Created csv file: /p/project/joaiml/ingolfsson1/COVID_Net/results/covidx_test_3_480_2748.csv
Total inference time: 2748.6129117012024
