Tue Nov 30 10:04:47 2021       
+-----------------------------------------------------------------------------+
| NVIDIA-SMI 418.87.00    Driver Version: 418.87.00    CUDA Version: 10.1     |
|-------------------------------+----------------------+----------------------+
| GPU  Name        Persistence-M| Bus-Id        Disp.A | Volatile Uncorr. ECC |
| Fan  Temp  Perf  Pwr:Usage/Cap|         Memory-Usage | GPU-Util  Compute M. |
|===============================+======================+======================|
|   0  Tesla V100-PCIE...  On   | 00000000:AF:00.0 Off |                    0 |
| N/A   37C    P0    27W / 250W |      0MiB / 32480MiB |      0%      Default |
+-------------------------------+----------------------+----------------------+
                                                                               
+-----------------------------------------------------------------------------+
| Processes:                                                       GPU Memory |
|  GPU       PID   Type   Process name                             Usage      |
|=============================================================================|
|  No running processes found                                                 |
+-----------------------------------------------------------------------------+
Rank 1 - Image 47c78742-4998-4878-aec4-37b11b1354ac.png - Prediction normal - Time 24.950084924697876
Rank 0 - Image MIDRC-RICORD-1C-419639-003251-46647-0.png - Prediction COVID-19 - Time 25.113044261932373
Rank 1 - Image 8989e25c-a698-48fc-b428-fff56931fc8f.png - Prediction normal - Time 19.606160879135132
Rank 0 - Image MIDRC-RICORD-1C-419639-001464-39871-0.png - Prediction COVID-19 - Time 19.696179628372192
Rank 1 - Image 7fb3786c-5045-4a90-981d-c55b53d4d5d3.png - Prediction normal - Time 19.02248477935791
Rank 0 - Image MIDRC-RICORD-1C-419639-000918-78965-0.png - Prediction COVID-19 - Time 21.136857271194458
Rank 1 - Image 766b8aea-3b43-4a34-b675-09f373ca066b.png - Prediction normal - Time 21.046719074249268
Rank 0 - Image MIDRC-RICORD-1C-419639-003318-64285-0.png - Prediction COVID-19 - Time 21.57876992225647
Rank 1 - Image f6236cb5-cc36-4ec4-895c-d11ce043341d.png - Prediction normal - Time 19.305619716644287
Rank 0 - Image MIDRC-RICORD-1C-419639-001015-81591-0.png - Prediction COVID-19 - Time 20.691864013671875
Rank 1 - Image 153b7c2b-4909-4dca-8579-9523582bc4fe.png - Prediction normal - Time 20.441506385803223
Rank 0 - Image MIDRC-RICORD-1C-SITE2-000265-99793-1.png - Prediction COVID-19 - Time 20.75533676147461
Rank 1 - Image 1afd6582-da9d-4e5a-a81f-62a188fe9366.png - Prediction normal - Time 21.321046352386475
Rank 0 - Image MIDRC-RICORD-1C-SITE2-000159-61155-0.png - Prediction COVID-19 - Time 20.56875967979431
Rank 1 - Image 85bb48fe-e6d6-47de-bb71-d1636aced7dc.png - Prediction normal - Time 20.489436626434326
Rank 0 - Image MIDRC-RICORD-1C-419639-003169-42019-0.png - Prediction normal - Time 19.574540615081787
Rank 1 - Image eaeb935a-7294-4dd3-8bf5-73ba781d28af.png - Prediction normal - Time 20.40762495994568
Rank 0 - Image MIDRC-RICORD-1C-SITE2-000238-25854-1.png - Prediction COVID-19 - Time 20.760640144348145
Rank 1 - Image 5f137fa7-6539-499e-b0d5-0e481221bf5a.png - Prediction pneumonia - Time 21.06246066093445
Rank 0 - Image MIDRC-RICORD-1C-419639-001464-33260-0.png - Prediction COVID-19 - Time 19.9968843460083
Rank 1 - Image b5234584-1487-492c-8742-444b9ca41c3d.png - Prediction normal - Time 20.071847915649414
Rank 0 - Image MIDRC-RICORD-1C-SITE2-000018-55212-0.png - Prediction COVID-19 - Time 20.80743980407715
Rank 1 - Image 71d8d6ec-253b-4272-a467-311828b2a35b.png - Prediction normal - Time 20.440731525421143
Rank 0 - Image MIDRC-RICORD-1C-419639-000025-50888-0.png - Prediction COVID-19 - Time 20.716327905654907
Rank 1 - Image 0103fadb-1663-40a6-8a9e-09d626cd2091.png - Prediction normal - Time 20.512518405914307
Rank 0 - Image MIDRC-RICORD-1C-419639-001288-10277-0.png - Prediction COVID-19 - Time 21.894577980041504
Rank 1 - Image e4cd65ae-65de-44fc-a6b2-ebbc46d2e8d8.png - Prediction normal - Time 20.4899582862854
Rank 0 - Image MIDRC-RICORD-1C-419639-002757-16718-0.png - Prediction COVID-19 - Time 19.735143661499023
Rank 1 - Image 2f8fbfdc-56db-4eca-bf64-3c9a0637e28c.png - Prediction normal - Time 21.021806955337524
Rank 0 - Image MIDRC-RICORD-1C-SITE2-000135-64564-1.png - Prediction COVID-19 - Time 20.462042331695557
Rank 1 - Image bc46651a-1314-44af-a834-1eb8a36e589e.png - Prediction normal - Time 21.231322526931763
Rank 0 - Image MIDRC-RICORD-1C-SITE2-000147-13199-0.png - Prediction COVID-19 - Time 21.309040546417236
Rank 1 - Image 71d25920-4060-4a31-b7aa-cfbf4721a5c5.png - Prediction normal - Time 20.854308128356934
Rank 0 - Image MIDRC-RICORD-1C-419639-002601-92699-0.png - Prediction COVID-19 - Time 20.788779258728027
Rank 1 - Image ca3c90e4-f7fe-4f6e-b20b-81473deab4f0.png - Prediction normal - Time 21.22365975379944
Rank 0 - Image MIDRC-RICORD-1C-419639-002310-52924-0.png - Prediction COVID-19 - Time 20.761902332305908
Rank 1 - Image dab2f334-331c-42c7-af09-a997092464b0.png - Prediction pneumonia - Time 20.059648513793945
Rank 0 - Image MIDRC-RICORD-1C-SITE2-000171-45676-0.png - Prediction COVID-19 - Time 20.808105945587158
Rank 1 - Image 436dce2a-06c3-4281-bb8e-840497a49381.png - Prediction pneumonia - Time 20.30751919746399
Rank 0 - Image MIDRC-RICORD-1C-419639-000025-56001-0.png - Prediction COVID-19 - Time 20.566965341567993
Rank 1 - Image af6ef3d9-81c8-434e-bc5a-dbf89bc418aa.png - Prediction normal - Time 19.9541335105896
Rank 0 - Image MIDRC-RICORD-1C-419639-003340-85716-0.png - Prediction COVID-19 - Time 20.434638738632202
Rank 1 - Image a7aef71b-0fc8-4837-be79-4ced56e03439.png - Prediction normal - Time 20.20311665534973
Rank 0 - Image MIDRC-RICORD-1C-419639-003257-00787-0.png - Prediction COVID-19 - Time 20.286706924438477
Rank 1 - Image dfa57c1f-01fb-4417-a1b5-0641a9b4bb84.png - Prediction normal - Time 20.441078186035156
Rank 0 - Image MIDRC-RICORD-1C-SITE2-000099-22857-0.png - Prediction COVID-19 - Time 20.220274925231934
Rank 1 - Image 5eb932e2-3455-40fe-93db-ae44f897d9e0.png - Prediction normal - Time 20.443937063217163
Rank 0 - Image MIDRC-RICORD-1C-SITE2-000155-37671-0.png - Prediction COVID-19 - Time 21.118185997009277
Rank 1 - Image e8485b0f-293d-4ca8-8b71-92db61c8ee3e.png - Prediction normal - Time 20.146054983139038
Rank 0 - Image MIDRC-RICORD-1C-419639-000235-89929-0.png - Prediction COVID-19 - Time 21.626203536987305
Rank 1 - Image 35cda03a-0898-4f8b-92d3-6f263aed23ff.png - Prediction normal - Time 20.483070611953735
Rank 0 - Image MIDRC-RICORD-1C-419639-002376-07504-0.png - Prediction COVID-19 - Time 20.381248235702515
Rank 1 - Image d82e5841-2f43-4eab-ac17-e98a2d90c51b.png - Prediction normal - Time 20.329391479492188
Rank 0 - Image MIDRC-RICORD-1C-419639-001433-28259-0.png - Prediction COVID-19 - Time 19.99183464050293
Rank 1 - Image af1d168c-4850-41e1-85b8-ff8fc645e671.png - Prediction normal - Time 21.010162115097046
Rank 0 - Image MIDRC-RICORD-1C-419639-003116-57702-0.png - Prediction COVID-19 - Time 20.845893383026123
Rank 1 - Image 585f5059-8938-4885-accb-d7d0b1097c60.png - Prediction normal - Time 19.8618061542511
Rank 0 - Image MIDRC-RICORD-1C-419639-001629-03737-0.png - Prediction COVID-19 - Time 20.701642513275146
Rank 1 - Image 5d4c7318-4739-4470-89f3-70bbbca95f10.png - Prediction normal - Time 20.30075979232788
Rank 0 - Image MIDRC-RICORD-1C-SITE2-000211-85940-0.png - Prediction COVID-19 - Time 20.635318279266357
Rank 1 - Image d3ad2915-af30-426c-ad2d-1634df8c1b5f.png - Prediction normal - Time 20.774966955184937
Rank 0 - Image MIDRC-RICORD-1C-419639-003027-36839-0.png - Prediction COVID-19 - Time 21.59303379058838
Rank 1 - Image dee054ff-0e1a-4167-b814-cbf339cf689c.png - Prediction normal - Time 20.199610710144043
Rank 0 - Image MIDRC-RICORD-1C-419639-003021-81745-0.png - Prediction COVID-19 - Time 20.695289850234985
Rank 1 - Image bb068d57-86a8-4347-bee0-e29d59ddef6b.png - Prediction normal - Time 20.447954177856445
Rank 0 - Image MIDRC-RICORD-1C-419639-003024-14703-0.png - Prediction COVID-19 - Time 21.073471307754517
Rank 1 - Image 354c3756-43ed-4921-adf8-60be49a8b7e8.png - Prediction normal - Time 20.50676679611206
Rank 0 - Image MIDRC-RICORD-1C-419639-002724-03387-0.png - Prediction COVID-19 - Time 21.006360054016113
Rank 1 - Image b8dd7d32-b177-4d1e-982f-6f0a743828fa.png - Prediction normal - Time 20.44428849220276
Rank 0 - Image MIDRC-RICORD-1C-419639-001464-32013-0.png - Prediction COVID-19 - Time 20.86066460609436
Rank 1 - Image a17f7e03-42a6-41d3-82ad-d8a656826936.png - Prediction normal - Time 20.441478729248047
Rank 0 - Image MIDRC-RICORD-1C-SITE2-000116-25889-1.png - Prediction COVID-19 - Time 20.166980981826782
Rank 1 - Image c3c78e4e-1a31-4a92-be4b-0fc3c7f992a4.png - Prediction normal - Time 20.503089666366577
Rank 0 - Image MIDRC-RICORD-1C-SITE2-000229-76177-0.png - Prediction COVID-19 - Time 19.850226879119873
Rank 1 - Image f1c8caa2-a6dc-40c0-ab85-4769688f1eec.png - Prediction normal - Time 20.924408674240112
Rank 0 - Image MIDRC-RICORD-1C-419639-001222-46073-0.png - Prediction COVID-19 - Time 20.78740906715393
Rank 1 - Image d535a3c8-c4a4-4856-b5cd-17f6332eac8b.png - Prediction normal - Time 20.265902042388916
Rank 0 - Image MIDRC-RICORD-1C-419639-003360-73998-0.png - Prediction COVID-19 - Time 20.22769856452942
Rank 1 - Image 2ed06be4-9f0e-4256-b8bf-a4b396cc6364.png - Prediction normal - Time 20.914164781570435
Rank 0 - Image MIDRC-RICORD-1C-419639-003334-51353-0.png - Prediction COVID-19 - Time 19.683777809143066
Rank 1 - Image 168f4fcb-a87d-49fc-b167-4ed42fd1ec43.png - Prediction normal - Time 19.794816970825195
Rank 0 - Image MIDRC-RICORD-1C-419639-000538-40522-0.png - Prediction COVID-19 - Time 19.877533197402954
Rank 1 - Image a8e3ea7d-0b63-45cf-85d8-1078d3e2449d.png - Prediction normal - Time 19.618958473205566
Rank 0 - Image MIDRC-RICORD-1C-419639-001735-74702-0.png - Prediction COVID-19 - Time 20.266515731811523
Rank 1 - Image f31d1fb1-604b-4fec-b320-f07ce2694008.png - Prediction normal - Time 21.032229900360107
Rank 0 - Image MIDRC-RICORD-1C-419639-000299-56159-0.png - Prediction COVID-19 - Time 19.714643001556396
Rank 1 - Image 069cfd47-0169-43e7-89a1-0be0fa24105b.png - Prediction normal - Time 20.52509117126465
Rank 0 - Image MIDRC-RICORD-1C-SITE2-000178-89752-0.png - Prediction COVID-19 - Time 20.373162031173706
Rank 1 - Image 85d84453-ab2d-4666-98e6-5df3cbb81f5b.png - Prediction normal - Time 20.231228828430176
Rank 0 - Image MIDRC-RICORD-1C-419639-001287-60951-0.png - Prediction COVID-19 - Time 19.270986318588257
Rank 1 - Image 8db71746-e837-43c2-bdf1-c44d1ab207e3.png - Prediction normal - Time 20.879231691360474
Rank 0 - Image MIDRC-RICORD-1C-SITE2-000182-35476-0.png - Prediction COVID-19 - Time 19.895894050598145
Rank 1 - Image 275f9fff-2439-4f3f-9c48-7c21f348701a.png - Prediction normal - Time 19.448591470718384
Rank 0 - Image MIDRC-RICORD-1C-419639-000025-17477-0.png - Prediction COVID-19 - Time 20.14982533454895
Rank 1 - Image 1d1968e2-88a5-4d72-9237-caf4cbad9423.png - Prediction normal - Time 19.94071936607361
Rank 0 - Image MIDRC-RICORD-1C-419639-002528-57471-0.png - Prediction COVID-19 - Time 20.726556062698364
Rank 1 - Image 07aeb82e-773b-4498-95c0-fabdf4985bb2.png - Prediction normal - Time 21.29094958305359
Rank 0 - Image MIDRC-RICORD-1C-419639-001932-82193-0.png - Prediction COVID-19 - Time 20.693732261657715
Rank 1 - Image 652d6bb3-56a0-4a89-9631-684ce27cfc4c.png - Prediction normal - Time 20.46126675605774
Rank 0 - Image MIDRC-RICORD-1C-419639-000002-10161-0.png - Prediction COVID-19 - Time 19.52573871612549
Rank 1 - Image e155c13d-7ac7-4765-bb86-899349978413.png - Prediction pneumonia - Time 20.002340078353882
Rank 0 - Image MIDRC-RICORD-1C-419639-001464-72163-0.png - Prediction COVID-19 - Time 19.97298836708069
Rank 1 - Image 98bfaf7a-d80b-491e-a7e0-c5c7316bebe9.png - Prediction normal - Time 20.49407696723938
Rank 0 - Image MIDRC-RICORD-1C-SITE2-000239-21655-0.png - Prediction COVID-19 - Time 20.84784960746765
Rank 1 - Image 76b180ab-242f-45d3-bce1-68df00c5ef45.png - Prediction normal - Time 20.220142364501953
Rank 0 - Image MIDRC-RICORD-1C-419639-003371-97350-0.png - Prediction COVID-19 - Time 21.543509006500244
Rank 1 - Image 372b2fea-2013-4600-a06f-765c3f054a82.png - Prediction normal - Time 20.40286874771118
Rank 0 - Image MIDRC-RICORD-1C-419639-000432-86017-0.png - Prediction COVID-19 - Time 20.73124122619629
Rank 1 - Image a52aa522-a1b3-4f15-8609-f44bf96da2e3.png - Prediction normal - Time 20.771084785461426
Rank 0 - Image MIDRC-RICORD-1C-419639-001007-89903-0.png - Prediction COVID-19 - Time 21.1366925239563
Rank 1 - Image 6556ce72-1a60-40aa-aaf7-b50dbf07fae7.png - Prediction normal - Time 20.325037479400635
Rank 0 - Image MIDRC-RICORD-1C-419639-001464-39871-1.png - Prediction COVID-19 - Time 19.432640075683594
Rank 1 - Image 633d9182-1809-41b7-a59b-1e60ac91f0c9.png - Prediction normal - Time 20.190314292907715
Rank 0 - Image MIDRC-RICORD-1C-419639-002374-98411-0.png - Prediction COVID-19 - Time 21.291179895401
Rank 1 - Image fd7bad9a-1bff-49ec-9c6c-c9aae9e65726.png - Prediction normal - Time 21.095978021621704
Rank 0 - Image MIDRC-RICORD-1C-SITE2-000028-53390-0.png - Prediction COVID-19 - Time 20.983208179473877
Rank 1 - Image 99432aa3-8d61-4ff2-a79a-f0a0218d6fa2.png - Prediction normal - Time 21.029261827468872
Rank 0 - Image MIDRC-RICORD-1C-419639-001070-42385-0.png - Prediction COVID-19 - Time 20.79950523376465
Rank 1 - Image 34bf2fcd-131a-428c-9a21-cd2fa9041f9b.png - Prediction normal - Time 20.396968603134155
Rank 0 - Image MIDRC-RICORD-1C-SITE2-000283-41971-0.png - Prediction COVID-19 - Time 20.51926589012146
Rank 1 - Image b5007662-ff9c-49ad-9093-85ed7dc44bf4.png - Prediction normal - Time 20.759296655654907
Rank 0 - Image MIDRC-RICORD-1C-SITE2-000023-20254-0.png - Prediction COVID-19 - Time 20.88139057159424
Rank 1 - Image 06b2f933-3ea2-4477-ac27-18f732d1f4e1.png - Prediction normal - Time 19.671008586883545
Rank 0 - Image MIDRC-RICORD-1C-SITE2-000181-63935-0.png - Prediction COVID-19 - Time 19.43496012687683
Rank 1 - Image c2b24ebd-2c40-48c3-ba39-177224dd7db0.png - Prediction normal - Time 20.41957426071167
Rank 0 - Image MIDRC-RICORD-1C-419639-003105-50900-0.png - Prediction COVID-19 - Time 20.697540044784546
Rank 1 - Image 63192a6c-02ba-48a5-932a-bb82aeacb1bc.png - Prediction normal - Time 20.945003509521484
Rank 0 - Image MIDRC-RICORD-1C-SITE2-000185-39456-0.png - Prediction COVID-19 - Time 20.05834674835205
Rank 1 - Image 73dca3d1-5c58-4c72-80a9-201deca7ffec.png - Prediction normal - Time 20.793028831481934
Rank 0 - Image MIDRC-RICORD-1C-419639-003187-73922-0.png - Prediction COVID-19 - Time 19.82831907272339
Rank 1 - Image c485a9bd-6e18-4328-8c5c-cf80f71aa35d.png - Prediction normal - Time 19.718854188919067
Rank 0 - Image MIDRC-RICORD-1C-SITE2-000066-97290-0.png - Prediction COVID-19 - Time 20.24770760536194
Rank 1 - Image b540ba89-72f7-40f5-a916-376546c20014.png - Prediction normal - Time 20.70050024986267
Rank 0 - Image MIDRC-RICORD-1C-SITE2-000105-65881-0.png - Prediction COVID-19 - Time 19.40571427345276
Rank 1 - Image 33e4e43b-054b-4537-9cd6-0fe574f7d337.png - Prediction normal - Time 20.805417776107788
Rank 0 - Image MIDRC-RICORD-1C-419639-003080-09097-0.png - Prediction COVID-19 - Time 20.70759153366089
Rank 1 - Image 45dd0d26-0740-4c32-bd01-34246a41f3e3.png - Prediction normal - Time 20.436908721923828
Rank 0 - Image MIDRC-RICORD-1C-SITE2-000230-35167-0.png - Prediction COVID-19 - Time 20.142523765563965
Rank 1 - Image ad446933-fb8e-4739-bb40-2063e796ffd8.png - Prediction normal - Time 20.949709177017212
Rank 0 - Image MIDRC-RICORD-1C-419639-003365-72952-0.png - Prediction COVID-19 - Time 19.84588932991028
Rank 1 - Image 5b12801f-aaf7-442e-b994-ec8f15ce78e5.png - Prediction normal - Time 19.67741298675537
Rank 0 - Image MIDRC-RICORD-1C-SITE2-000208-34584-0.png - Prediction COVID-19 - Time 20.706085205078125
Rank 1 - Image 3fe1550e-8bcb-4732-a343-725acce70531.png - Prediction normal - Time 19.746727228164673
Rank 0 - Image MIDRC-RICORD-1C-419639-001464-53024-0.png - Prediction COVID-19 - Time 20.391765356063843
Rank 1 - Image 0bb24183-8b59-48f1-8bbf-4d889976fc82.png - Prediction normal - Time 20.724855422973633
Rank 0 - Image MIDRC-RICORD-1C-419639-003157-67493-0.png - Prediction COVID-19 - Time 21.003060340881348
Rank 1 - Image 02e4191e-fb03-4581-914c-f0438a17e53e.png - Prediction normal - Time 19.833995819091797
Rank 0 - Image MIDRC-RICORD-1C-SITE2-000048-66689-0.png - Prediction COVID-19 - Time 20.368473529815674
Rank 1 - Image a8dfd068-69e9-4486-bb22-2a04f2f2e1a5.png - Prediction normal - Time 20.19706082344055
Rank 0 - Image MIDRC-RICORD-1C-440808-000020-8.458-0.png - Prediction COVID-19 - Time 20.901928663253784
Rank 1 - Image 63f71157-7db6-476f-b320-ba2fcbe2543f.png - Prediction normal - Time 20.894041299819946
Rank 0 - Image MIDRC-RICORD-1C-SITE2-000034-76728-1.png - Prediction COVID-19 - Time 20.8870849609375
Rank 1 - Image 1cdba4ee-0bb8-421d-9a24-7febeb399729.png - Prediction normal - Time 19.970261812210083
Rank 0 - Image MIDRC-RICORD-1C-419639-002784-76664-0.png - Prediction normal - Time 19.566999197006226
Rank 1 - Image e1d23cbe-213d-48d6-a8c2-672c4e68285d.png - Prediction normal - Time 20.297057151794434
Rank 0 - Image MIDRC-RICORD-1C-SITE2-000014-81802-0.png - Prediction COVID-19 - Time 19.581319093704224
Rank 1 - Image 4b1cab8a-c9bd-40e6-bc86-23c6be98a099.png - Prediction normal - Time 20.961570978164673
Rank 0 - Image MIDRC-RICORD-1C-SITE2-000068-39061-0.png - Prediction COVID-19 - Time 20.48300862312317
Rank 1 - Image ec0492da-e6be-49cf-8b18-dc143180f1a2.png - Prediction normal - Time 20.416659116744995
Rank 0 - Image MIDRC-RICORD-1C-419639-000025-84235-0.png - Prediction COVID-19 - Time 20.972023248672485
Rank 1 - Image 89dd8f63-8320-48f3-b142-d903f40d5c8c.png - Prediction normal - Time 19.924553155899048
Rank 0 - Image MIDRC-RICORD-1C-SITE2-000001-16794-0.png - Prediction COVID-19 - Time 21.092946767807007
Rank 1 - Image b76728e6-f44b-40bf-8688-e703d10d2039.png - Prediction normal - Time 20.61311626434326
Rank 0 - Image MIDRC-RICORD-1C-419639-001571-15270-0.png - Prediction COVID-19 - Time 19.954599618911743
Rank 1 - Image d9884def-b31a-4861-9eea-27f97bffeba2.png - Prediction normal - Time 21.290610551834106
Rank 0 - Image MIDRC-RICORD-1C-419639-001903-65209-0.png - Prediction COVID-19 - Time 21.539700031280518
Rank 1 - Image ffba6230-71cf-4287-a0d1-887f5d16e95d.png - Prediction normal - Time 21.020638942718506
Rank 0 - Image MIDRC-RICORD-1C-SITE2-000244-77429-0.png - Prediction COVID-19 - Time 20.59812831878662
Rank 1 - Image f3b015ab-e337-4e7f-971d-eb7cc3dd4e92.png - Prediction normal - Time 21.479640007019043
Rank 0 - Image MIDRC-RICORD-1C-419639-000582-21506-0.png - Prediction COVID-19 - Time 20.402706146240234
Rank 1 - Image bca4aa4d-0cc9-4cc0-b06d-5b675194bf62.png - Prediction normal - Time 20.752628087997437
Rank 0 - Image MIDRC-RICORD-1C-419639-002088-09388-0.png - Prediction COVID-19 - Time 20.577489137649536
Rank 1 - Image 9e2ddac8-9a4c-448b-98c8-a840a548d0f7.png - Prediction normal - Time 21.075303077697754
Rank 0 - Image MIDRC-RICORD-1C-419639-002050-25234-0.png - Prediction COVID-19 - Time 21.12786555290222
Rank 1 - Image fc958b63-5da8-448d-8962-3c5167dc9410.png - Prediction normal - Time 20.570672273635864
Rank 0 - Image MIDRC-RICORD-1C-SITE2-000235-44451-0.png - Prediction COVID-19 - Time 20.531148672103882
Rank 1 - Image cb7d021b-b273-436a-bd7a-e68c11ed3f6b.png - Prediction normal - Time 21.06177067756653
Rank 0 - Image MIDRC-RICORD-1C-SITE2-000202-80939-0.png - Prediction COVID-19 - Time 20.840593576431274
Rank 1 - Image ff332704-48e0-445b-9188-b2a696d1f0d7.png - Prediction normal - Time 20.919596433639526
Rank 0 - Image MIDRC-RICORD-1C-419639-003203-21209-0.png - Prediction normal - Time 20.010663986206055
Rank 1 - Image 3e1b619a-cdd9-495a-bcbf-a9d62b418991.png - Prediction normal - Time 21.592123985290527
Rank 0 - Image MIDRC-RICORD-1C-419639-000025-90087-1.png - Prediction COVID-19 - Time 20.75831651687622
Rank 1 - Image 0977f16c-c343-42c9-95ed-d7ca996feb16.png - Prediction pneumonia - Time 19.332926034927368
Rank 0 - Image MIDRC-RICORD-1C-SITE2-000136-21646-0.png - Prediction COVID-19 - Time 20.842559576034546
Rank 1 - Image f8a11cd6-e541-4765-a41b-3d70b6f3481e.png - Prediction normal - Time 20.707744359970093
Rank 0 - Image MIDRC-RICORD-1C-SITE2-000153-84142-0.png - Prediction COVID-19 - Time 21.025305032730103
Rank 1 - Image 960131aa-4ce4-4b26-aa12-5f73d8d81453.png - Prediction normal - Time 21.492504596710205
Rank 0 - Image MIDRC-RICORD-1C-419639-003216-61144-0.png - Prediction COVID-19 - Time 20.937155723571777
Rank 1 - Image 3a5327d8-8830-4ae2-bd6b-293f5aa42d4b.png - Prediction normal - Time 19.493759393692017
Rank 0 - Image MIDRC-RICORD-1C-419639-001464-60601-0.png - Prediction COVID-19 - Time 21.679457664489746
Rank 1 - Image a0b9597d-93f4-4a7c-a412-81cb78bccb66.png - Prediction normal - Time 20.208265781402588
Rank 0 - Image MIDRC-RICORD-1C-419639-003380-99227-0.png - Prediction COVID-19 - Time 20.1932475566864
Rank 1 - Image cdac0980-033c-4685-b7e4-0a12c86a00a9.png - Prediction normal - Time 20.659234523773193
Rank 0 - Image MIDRC-RICORD-1C-SITE2-000272-41527-0.png - Prediction COVID-19 - Time 20.82555890083313
Rank 1 - Image 7ca5c75a-1ec6-49a7-a3b0-93b6122a3170.png - Prediction normal - Time 20.757956504821777
Rank 0 - Image MIDRC-RICORD-1C-419639-003338-57135-0.png - Prediction COVID-19 - Time 21.44136381149292
Rank 1 - Image d1e0d69c-a4df-485a-983c-535494221d1a.png - Prediction normal - Time 20.5301296710968
Rank 0 - Image MIDRC-RICORD-1C-419639-003060-04928-0.png - Prediction COVID-19 - Time 20.23764705657959
Rank 1 - Image 6b969591-8a07-49ed-9f65-fa19a453df59.png - Prediction pneumonia - Time 21.400832176208496
Rank 0 - Image MIDRC-RICORD-1C-419639-002889-42412-0.png - Prediction COVID-19 - Time 20.050091981887817
Rank 1 - Image bd8facb9-dce0-4048-8249-e6078b28e1b7.png - Prediction pneumonia - Time 21.051647424697876
Rank 0 - Image MIDRC-RICORD-1C-SITE2-000106-15732-0.png - Prediction COVID-19 - Time 20.787454843521118
Rank 1 - Image 4dbc44ca-694a-4814-9a24-bc60c8d8d611.png - Prediction pneumonia - Time 20.487794160842896
Rank 0 - Image MIDRC-RICORD-1C-SITE2-000297-71173-1.png - Prediction COVID-19 - Time 20.703290939331055
Rank 1 - Image 3f504abe-2133-4e09-98af-743cdea486f9.png - Prediction pneumonia - Time 21.10334324836731
Rank 0 - Image MIDRC-RICORD-1C-SITE2-000204-24409-0.png - Prediction COVID-19 - Time 20.18491840362549
Rank 1 - Image af169d21-1c39-445e-82d8-5035182a3a8c.png - Prediction pneumonia - Time 21.236168384552002
Rank 0 - Image MIDRC-RICORD-1C-419639-001464-82193-0.png - Prediction COVID-19 - Time 20.413010120391846
Rank 1 - Image fcd159f4-21d3-4169-a94b-95a2b5ccddcb.png - Prediction pneumonia - Time 20.662445068359375
Rank 0 - Image MIDRC-RICORD-1C-SITE2-000058-42859-0.png - Prediction COVID-19 - Time 20.618770360946655
Rank 1 - Image b6db3041-1554-43ef-baca-58733b6717d6.png - Prediction normal - Time 20.88433837890625
Rank 0 - Image MIDRC-RICORD-1C-SITE2-000149-71428-1.png - Prediction COVID-19 - Time 20.83528995513916
Rank 1 - Image a0a8370a-dc3f-4f70-a440-e3fa9827928a.png - Prediction pneumonia - Time 20.403536796569824
Rank 0 - Image MIDRC-RICORD-1C-419639-002281-83348-0.png - Prediction COVID-19 - Time 19.18373131752014
Rank 1 - Image 1dad3414-88c9-4c56-af5d-3a1488af452c.png - Prediction pneumonia - Time 20.77702784538269
Rank 0 - Image MIDRC-RICORD-1C-419639-002733-79941-0.png - Prediction COVID-19 - Time 20.572282075881958
Rank 1 - Image f760c946-a103-4991-a6e5-ff60c24cd99f.png - Prediction pneumonia - Time 20.58199143409729
Rank 0 - Image MIDRC-RICORD-1C-419639-000025-81112-0.png - Prediction COVID-19 - Time 21.076749324798584
Rank 1 - Image b021293c-4dd0-450c-b1a4-2d72cedab0a2.png - Prediction pneumonia - Time 19.574628353118896
Rank 0 - Image MIDRC-RICORD-1C-419639-003186-86346-0.png - Prediction COVID-19 - Time 20.1169650554657
Rank 1 - Image 349f10b4-dc3e-4f3f-b2e4-a5b81448ce87.png - Prediction pneumonia - Time 20.35045576095581
Rank 0 - Image MIDRC-RICORD-1C-SITE2-000237-52517-0.png - Prediction COVID-19 - Time 19.39374089241028
Rank 1 - Image 05d3817a-5535-4e77-8dda-d4412e496c81.png - Prediction pneumonia - Time 20.33235239982605
Rank 0 - Image MIDRC-RICORD-1C-SITE2-000002-65816-0.png - Prediction COVID-19 - Time 19.350127458572388
Rank 1 - Image c21157da-1f74-4966-ba4e-c144d8f5da2d.png - Prediction pneumonia - Time 20.16657328605652
Rank 0 - Image MIDRC-RICORD-1C-419639-000025-39552-1.png - Prediction COVID-19 - Time 21.327121019363403
Rank 1 - Image 5acc56a4-1b6e-4394-9364-9772047d583f.png - Prediction pneumonia - Time 20.606237173080444
Rank 0 - Image MIDRC-RICORD-1C-419639-000082-79663-0.png - Prediction COVID-19 - Time 20.41686749458313
Rank 1 - Image dd4d6a4c-1e67-4911-bda2-7d8af75b1b19.png - Prediction pneumonia - Time 19.89640474319458
Rank 0 - Image MIDRC-RICORD-1C-SITE2-000094-94497-0.png - Prediction COVID-19 - Time 20.95415472984314
Rank 1 - Image f0ba0019-718f-4677-a723-05c27dba2f3e.png - Prediction pneumonia - Time 20.153448343276978
Rank 0 - Image MIDRC-RICORD-1C-SITE2-000131-16046-1.png - Prediction COVID-19 - Time 20.815743923187256
Rank 1 - Image cc3177c8-6570-497c-aef3-6fbddef692f6.png - Prediction pneumonia - Time 20.3401837348938
Rank 0 - Image MIDRC-RICORD-1C-419639-002309-84923-0.png - Prediction COVID-19 - Time 21.11757183074951
Rank 1 - Image 0e03c2d7-9cea-4dc7-8e91-794a8b3ff58d.png - Prediction pneumonia - Time 20.937821626663208
Rank 0 - Image MIDRC-RICORD-1C-419639-002768-13069-0.png - Prediction COVID-19 - Time 21.611390113830566
Rank 1 - Image 070c921f-171c-420c-915b-e49e3f600c38.png - Prediction pneumonia - Time 20.310965538024902
Rank 0 - Image MIDRC-RICORD-1C-SITE2-000108-12642-0.png - Prediction COVID-19 - Time 20.43175506591797
Rank 1 - Image caa545b4-4eea-4e3a-90b1-c4c0789a1109.png - Prediction pneumonia - Time 20.73248600959778
Rank 0 - Image MIDRC-RICORD-1C-SITE2-000170-25974-1.png - Prediction COVID-19 - Time 20.82231092453003
Rank 1 - Image 7817b551-d220-479b-815f-395f83e1dba1.png - Prediction pneumonia - Time 21.705638885498047
Rank 0 - Image MIDRC-RICORD-1C-SITE2-000097-16347-1.png - Prediction COVID-19 - Time 20.35442352294922
Rank 1 - Image f743c21e-5876-460b-bbd6-2e2dcca41baa.png - Prediction pneumonia - Time 19.99164056777954
Rank 0 - Image MIDRC-RICORD-1C-419639-002043-49668-0.png - Prediction COVID-19 - Time 20.41955041885376
Rank 1 - Image e1d5a233-39ca-41dc-a289-b07c3e78cdb1.png - Prediction pneumonia - Time 20.711852550506592
Rank 0 - Image MIDRC-RICORD-1C-419639-000785-60200-0.png - Prediction COVID-19 - Time 20.476048946380615
Rank 1 - Image 40a2f7fd-342e-494b-a7e0-5857b73ec582.png - Prediction pneumonia - Time 20.85327959060669
Rank 0 - Image MIDRC-RICORD-1C-SITE2-000035-19513-0.png - Prediction COVID-19 - Time 20.75554847717285
Rank 1 - Image bcdd92c8-2cde-4899-a6fc-46b875aaab62.png - Prediction pneumonia - Time 20.66237449645996
Rank 0 - Image MIDRC-RICORD-1C-419639-001155-71955-0.png - Prediction COVID-19 - Time 19.995792865753174
Rank 1 - Image ac648f87-a79f-4ce0-9439-23a8dd886b71.png - Prediction pneumonia - Time 20.335804224014282
Rank 0 - Image MIDRC-RICORD-1C-SITE2-000207-20956-0.png - Prediction COVID-19 - Time 20.58060050010681
Rank 1 - Image 93b49de9-9267-43c2-a507-6885e4caeaba.png - Prediction pneumonia - Time 20.456807851791382
Rank 0 - Image MIDRC-RICORD-1C-419639-002472-45590-0.png - Prediction COVID-19 - Time 20.639777183532715
Rank 1 - Image af2ff93b-2f33-4c91-bde1-1490fc435b50.png - Prediction pneumonia - Time 19.8683602809906
Rank 0 - Image MIDRC-RICORD-1C-419639-002114-73757-0.png - Prediction COVID-19 - Time 20.836171865463257
Rank 1 - Image 31692137-f770-4cfe-a02e-fd207ce813ac.png - Prediction pneumonia - Time 20.331223249435425
Rank 0 - Image MIDRC-RICORD-1C-419639-002997-12964-0.png - Prediction COVID-19 - Time 20.349212169647217
Rank 1 - Image f7379744-be39-44b2-8816-a743857bd6a6.png - Prediction pneumonia - Time 20.64990544319153
Rank 0 - Image MIDRC-RICORD-1C-419639-001464-73170-0.png - Prediction COVID-19 - Time 19.94422674179077
Rank 1 - Image 3186d210-966f-4733-ba72-98729be9551a.png - Prediction pneumonia - Time 19.974245071411133
Rank 0 - Image MIDRC-RICORD-1C-419639-003102-68604-0.png - Prediction COVID-19 - Time 19.93276286125183
Rank 1 - Image b51c3c24-f9aa-4039-9fc1-527a5567dff6.png - Prediction pneumonia - Time 20.114869594573975
Rank 0 - Image MIDRC-RICORD-1C-419639-001464-63464-0.png - Prediction COVID-19 - Time 21.214900493621826
Rank 1 - Image e9e58e10-2795-4dec-a738-c9792ea8f685.png - Prediction pneumonia - Time 20.50970959663391
Rank 0 - Image MIDRC-RICORD-1C-419639-001603-23454-0.png - Prediction COVID-19 - Time 20.948139429092407
Rank 1 - Image cd9d2d22-4395-4e4d-8837-cfb33c2bdaab.png - Prediction pneumonia - Time 20.01801371574402
Rank 0 - Image MIDRC-RICORD-1C-419639-000025-39552-0.png - Prediction COVID-19 - Time 20.28774070739746
Rank 1 - Image b42eaeb8-b6d3-41d7-836c-56fd0922abf6.png - Prediction pneumonia - Time 21.107507467269897
Rank 0 - Image MIDRC-RICORD-1C-SITE2-000291-42841-0.png - Prediction COVID-19 - Time 19.506296157836914
Rank 1 - Image ae06b30f-ae30-40d3-b237-c934ce499774.png - Prediction pneumonia - Time 21.178122758865356
Rank 0 - Image MIDRC-RICORD-1C-419639-001782-15190-0.png - Prediction COVID-19 - Time 21.625214099884033
Rank 1 - Image f59ae80d-d98e-465f-963a-1064764211f8.png - Prediction pneumonia - Time 20.188706398010254
Rank 0 - Image MIDRC-RICORD-1C-SITE2-000279-56879-0.png - Prediction COVID-19 - Time 20.236859560012817
Rank 1 - Image 03a9498c-549d-4e7d-800b-e74797f7f625.png - Prediction pneumonia - Time 20.760859966278076
Rank 0 - Image MIDRC-RICORD-1C-SITE2-000067-11643-0.png - Prediction COVID-19 - Time 20.734428882598877
Rank 1 - Image 080f2b35-fcd5-473e-864b-a7dea3054cc7.png - Prediction pneumonia - Time 21.039630651474
Rank 0 - Image MIDRC-RICORD-1C-SITE2-000015-91071-0.png - Prediction COVID-19 - Time 20.288771152496338
Rank 1 - Image b479635e-4c58-4d27-879b-fb0e87b2a1aa.png - Prediction pneumonia - Time 20.508435487747192
Rank 0 - Image MIDRC-RICORD-1C-440808-000016-8.281-0.png - Prediction normal - Time 19.830329179763794
Rank 1 - Image 86853bbd-5af2-4551-8273-f2978dffdd76.png - Prediction pneumonia - Time 20.3385488986969
Rank 0 - Image MIDRC-RICORD-1C-419639-001829-30276-0.png - Prediction COVID-19 - Time 20.355602025985718
Rank 1 - Image acb5c720-f741-415c-993c-65855be08ffa.png - Prediction pneumonia - Time 20.529036283493042
Rank 0 - Image MIDRC-RICORD-1C-419639-000025-53641-0.png - Prediction COVID-19 - Time 19.625543355941772
Rank 1 - Image 1414c7d6-dff3-453c-8322-b25bb5899d78.png - Prediction pneumonia - Time 20.998926162719727
Rank 0 - Image MIDRC-RICORD-1C-SITE2-000124-65701-0.png - Prediction COVID-19 - Time 20.860080242156982
Rank 1 - Image c3a6ca22-c09b-4be0-a59d-e52718fbb645.png - Prediction pneumonia - Time 20.634573221206665
Rank 0 - Image MIDRC-RICORD-1C-419639-001464-85049-0.png - Prediction COVID-19 - Time 19.589987754821777
Rank 1 - Image bfd795ae-7656-40fc-b44e-566515e52ed2.png - Prediction pneumonia - Time 20.73219633102417
Rank 0 - Image MIDRC-RICORD-1C-419639-000025-90087-0.png - Prediction COVID-19 - Time 19.658448219299316
Rank 1 - Image 098906c5-cf22-43d3-9f0d-90e88e602090.png - Prediction pneumonia - Time 20.424980640411377
Rank 0 - Image MIDRC-RICORD-1C-SITE2-000098-66227-0.png - Prediction COVID-19 - Time 20.5670006275177
Rank 0 - Image MIDRC-RICORD-1C-SITE2-000188-54382-0.png - Prediction COVID-19 - Time 20.376108646392822
Rank 1 - Image b5714c0f-6d0f-4c56-833f-8b83f19e982a.png - Prediction pneumonia - Time 20.731533765792847
Rank 0 - Image MIDRC-RICORD-1C-SITE2-000072-79474-0.png - Prediction COVID-19 - Time 20.962037563323975
Rank 1 - Image 875b34e4-b58d-479f-954a-5b015071f448.png - Prediction pneumonia - Time 21.38527226448059
Rank 0 - Image MIDRC-RICORD-1C-419639-001882-13628-0.png - Prediction COVID-19 - Time 20.67400074005127
Rank 1 - Image 91e187a5-771d-4a83-9601-e22ed326bc8e.png - Prediction pneumonia - Time 20.490344762802124
Rank 0 - Image MIDRC-RICORD-1C-419639-000402-60433-0.png - Prediction COVID-19 - Time 20.2929904460907
Rank 1 - Image 3abb7176-035d-46cc-844e-820870e8154b.png - Prediction pneumonia - Time 20.526368618011475
Rank 0 - Image MIDRC-RICORD-1C-440808-000019-8.433-0.png - Prediction pneumonia - Time 21.565680980682373
Rank 1 - Image 3e4ee273-d5ca-4cf8-a75a-05772e0e12fe.png - Prediction pneumonia - Time 21.236830234527588
Rank 0 - Image MIDRC-RICORD-1C-419639-003319-99931-0.png - Prediction COVID-19 - Time 20.32993721961975
Rank 1 - Image bd9af100-1805-4e0a-8875-4a4b7195f0d8.png - Prediction pneumonia - Time 20.1083345413208
Rank 1 - Image 6804008c-94eb-4870-ba6e-b06514073e71.png - Prediction pneumonia - Time 20.41756319999695
Rank 0 - Image MIDRC-RICORD-1C-SITE2-000217-73086-0.png - Prediction COVID-19 - Time 21.44486689567566
Rank 1 - Image 0d9b1283-fc24-4fd3-a520-bc5d563e13e1.png - Prediction pneumonia - Time 20.724539279937744
Rank 0 - Image MIDRC-RICORD-1C-419639-000586-49647-0.png - Prediction COVID-19 - Time 21.354923486709595
Rank 1 - Image 0a8d486f-1aa6-4fcf-b7be-4bf04fc8628b.png - Prediction pneumonia - Time 20.245978355407715
Rank 0 - Image MIDRC-RICORD-1C-SITE2-000115-40758-0.png - Prediction COVID-19 - Time 21.226266145706177
Rank 1 - Image 37f17069-62ce-42ff-9fa4-d6a1056bd075.png - Prediction pneumonia - Time 19.357691287994385
Rank 0 - Image MIDRC-RICORD-1C-419639-000025-56207-0.png - Prediction COVID-19 - Time 20.208538055419922
Rank 1 - Image 3db7e979-5f97-4985-bf0c-cdea7951e246.png - Prediction pneumonia - Time 19.58643937110901
Rank 0 - Image MIDRC-RICORD-1C-419639-001699-69345-0.png - Prediction COVID-19 - Time 19.905025959014893
Rank 1 - Image e2e89418-6c0e-4f50-a2d9-6cd5e58feef0.png - Prediction pneumonia - Time 19.376814126968384
Rank 0 - Image MIDRC-RICORD-1C-SITE2-000003-00527-0.png - Prediction COVID-19 - Time 19.79589319229126
Rank 1 - Image 393b8e45-6d97-4013-8100-27ebf07a1dad.png - Prediction pneumonia - Time 20.146706104278564
Rank 0 - Image MIDRC-RICORD-1C-419639-003232-50592-0.png - Prediction COVID-19 - Time 20.873831272125244
Rank 1 - Image 2348e8ba-483f-476d-b29d-5ba8398d7abc.png - Prediction pneumonia - Time 20.523321866989136
Rank 0 - Image MIDRC-RICORD-1C-419639-000025-04760-0.png - Prediction COVID-19 - Time 20.422683477401733
Rank 1 - Image aef87dc2-a097-4683-9fb1-d1af6838a16a.png - Prediction normal - Time 19.555252075195312
Rank 0 - Image MIDRC-RICORD-1C-419639-000025-89853-0.png - Prediction COVID-19 - Time 19.913690328598022
Rank 1 - Image afe1b6e2-203e-4ee5-856a-2f205d8bca2a.png - Prediction pneumonia - Time 20.6207115650177
Rank 0 - Image MIDRC-RICORD-1C-419639-001425-17331-0.png - Prediction COVID-19 - Time 20.09821128845215
Rank 1 - Image 3d070009-c877-4ed4-ac80-53781cb30fef.png - Prediction pneumonia - Time 21.42079520225525
Rank 0 - Image MIDRC-RICORD-1C-440808-000009-08.98-0.png - Prediction COVID-19 - Time 21.11302399635315
Rank 1 - Image 34fbff70-fa6e-4709-ab07-17f739fce394.png - Prediction pneumonia - Time 19.590456008911133
Rank 0 - Image MIDRC-RICORD-1C-419639-000086-21140-0.png - Prediction COVID-19 - Time 19.81183695793152
Rank 1 - Image 2c68016e-5a63-4430-a834-efe5d43edd0e.png - Prediction pneumonia - Time 20.07291579246521
Rank 0 - Image MIDRC-RICORD-1C-SITE2-000270-57009-0.png - Prediction COVID-19 - Time 20.670243740081787
Rank 1 - Image 8ae822ae-a656-47ba-ac5b-848ce2256575.png - Prediction pneumonia - Time 19.56578826904297
Rank 0 - Image MIDRC-RICORD-1C-419639-000573-31324-0.png - Prediction COVID-19 - Time 20.387633800506592
Rank 1 - Image f661fe70-2fc1-4564-9f53-45504c0b0688.png - Prediction pneumonia - Time 20.376843214035034
Rank 0 - Image MIDRC-RICORD-1C-SITE2-000154-41630-0.png - Prediction COVID-19 - Time 19.7613844871521
Rank 1 - Image 78c33a1a-8f22-476c-ae97-8190192102df.png - Prediction pneumonia - Time 20.545103073120117
Rank 0 - Image MIDRC-RICORD-1C-SITE2-000168-32448-0.png - Prediction COVID-19 - Time 20.128859996795654
Rank 1 - Image 652b519d-5eb4-4abc-93f7-15ae661a431f.png - Prediction pneumonia - Time 19.8689706325531
Rank 0 - Image MIDRC-RICORD-1C-SITE2-000125-08616-1.png - Prediction COVID-19 - Time 20.733343362808228
Rank 1 - Image 2397b2f6-3dfa-476c-89ea-e9992c5bd9a9.png - Prediction pneumonia - Time 19.412208557128906
Rank 0 - Image MIDRC-RICORD-1C-SITE2-000096-37358-0.png - Prediction COVID-19 - Time 19.38289737701416
Rank 1 - Image ac10f43e-03b8-43d2-bcae-6fe000542397.png - Prediction normal - Time 20.58900809288025
Rank 0 - Image MIDRC-RICORD-1C-SITE2-000221-43774-0.png - Prediction COVID-19 - Time 20.24944257736206
Rank 1 - Image 3c8cc0d1-be7f-493d-9570-542d851f623b.png - Prediction pneumonia - Time 19.150548458099365
Rank 0 - Image MIDRC-RICORD-1C-SITE2-000179-48742-0.png - Prediction COVID-19 - Time 19.27120542526245
Rank 1 - Image 6565a9e6-3f01-4de8-a18d-ade3121c5d7c.png - Prediction pneumonia - Time 20.879390954971313
Rank 0 - Image MIDRC-RICORD-1C-SITE2-000176-81030-0.png - Prediction COVID-19 - Time 20.932122230529785
Rank 1 - Image ed0c5d1e-934a-4e31-9221-3a6a69ec9c1b.png - Prediction pneumonia - Time 19.820028066635132
Rank 0 - Image MIDRC-RICORD-1C-419639-003199-43900-0.png - Prediction COVID-19 - Time 20.673933506011963
Rank 1 - Image 4bc8ce99-2420-48c2-a768-d067da67ced2.png - Prediction pneumonia - Time 20.77104902267456
Rank 0 - Image MIDRC-RICORD-1C-419639-003191-84953-0.png - Prediction COVID-19 - Time 19.669968366622925
Rank 1 - Image 6df82c7a-a91e-487c-ae3a-9022b17d7c7a.png - Prediction pneumonia - Time 19.334732055664062
Rank 0 - Image MIDRC-RICORD-1C-SITE2-000029-97068-0.png - Prediction COVID-19 - Time 19.922240018844604
Rank 1 - Image a6c364d2-b2d6-4b0b-a439-40b992ff65c7.png - Prediction pneumonia - Time 19.42990803718567
Rank 0 - Image MIDRC-RICORD-1C-419639-002401-32756-0.png - Prediction COVID-19 - Time 19.476627588272095
Rank 1 - Image 32a5977f-f8ab-41c9-9b51-5387248e4675.png - Prediction normal - Time 19.334466695785522
Rank 0 - Image MIDRC-RICORD-1C-419639-001762-18334-0.png - Prediction COVID-19 - Time 19.563114404678345
Rank 1 - Image c3751c94-ea6f-4a7c-b3bf-87a54012fa80.png - Prediction normal - Time 18.93223237991333
Rank 0 - Image MIDRC-RICORD-1C-SITE2-000210-51719-0.png - Prediction COVID-19 - Time 19.33303737640381
Rank 1 - Image 1c0a780d-1cac-4eee-b46d-470ecebc9ae0.png - Prediction pneumonia - Time 20.06108260154724
Rank 0 - Image MIDRC-RICORD-1C-SITE2-000200-97745-0.png - Prediction COVID-19 - Time 20.5677011013031
Rank 1 - Image b852bc3c-0de5-4448-aff8-f96b2cc13d51.png - Prediction pneumonia - Time 20.739609003067017
Rank 0 - Image MIDRC-RICORD-1C-419639-001374-75990-0.png - Prediction COVID-19 - Time 20.772725343704224
Rank 1 - Image a2616330-1f29-4019-928f-e2d62b3b737b.png - Prediction pneumonia - Time 19.64965009689331
Rank 0 - Image MIDRC-RICORD-1C-419639-003336-50845-0.png - Prediction COVID-19 - Time 19.074254035949707
Rank 1 - Image a6236ddd-6367-4569-b5f1-07d2df9390ad.png - Prediction pneumonia - Time 20.126418113708496
Rank 0 - Image MIDRC-RICORD-1C-419639-002929-69159-0.png - Prediction COVID-19 - Time 20.316587924957275
Rank 1 - Image b8d6b40d-2a3d-475f-88d3-03560f645223.png - Prediction pneumonia - Time 20.658254861831665
Rank 0 - Image MIDRC-RICORD-1C-SITE2-000120-98054-0.png - Prediction COVID-19 - Time 20.716296911239624
Rank 1 - Image 49b2fb17-b12c-4e5a-8c4a-02449027c42b.png - Prediction pneumonia - Time 20.670219659805298
Rank 0 - Image MIDRC-RICORD-1C-SITE2-000127-30661-0.png - Prediction COVID-19 - Time 20.163515090942383
Rank 1 - Image 3766b0a6-1769-4d82-b081-fa53531de34e.png - Prediction pneumonia - Time 19.507249355316162
Rank 0 - Image MIDRC-RICORD-1C-SITE2-000206-25871-0.png - Prediction COVID-19 - Time 19.980778694152832
Rank 1 - Image f12d7b12-0398-4533-8f55-8772cc434945.png - Prediction pneumonia - Time 20.12021780014038
Rank 0 - Image MIDRC-RICORD-1C-SITE2-000141-46899-0.png - Prediction COVID-19 - Time 20.127724170684814
Rank 1 - Image 0b7a4fb2-adab-484b-a0f7-23f5111bc745.png - Prediction pneumonia - Time 20.241934776306152
Rank 0 - Image MIDRC-RICORD-1C-SITE2-000203-08712-0.png - Prediction COVID-19 - Time 20.830137252807617
Rank 1 - Image 1565fd6c-9432-454a-87e4-937fd5ad5b60.png - Prediction pneumonia - Time 20.681028604507446
Rank 0 - Image MIDRC-RICORD-1C-SITE2-000045-76077-0.png - Prediction COVID-19 - Time 19.910884141921997
Rank 1 - Image 02002619-3dea-4038-8d4d-458db30ed8de.png - Prediction pneumonia - Time 20.19495916366577
Rank 0 - Image MIDRC-RICORD-1C-SITE2-000162-64489-0.png - Prediction COVID-19 - Time 20.42865824699402
Rank 1 - Image becefa4b-f719-48c6-a903-85e391e026a4.png - Prediction pneumonia - Time 20.132436990737915
Rank 0 - Image MIDRC-RICORD-1C-419639-001505-21193-0.png - Prediction COVID-19 - Time 20.304503440856934
Rank 1 - Image 3f2b878e-9e3b-410b-a739-b43d81b98692.png - Prediction pneumonia - Time 20.27141046524048
Rank 0 - Image MIDRC-RICORD-1C-SITE2-000173-80432-1.png - Prediction COVID-19 - Time 20.991339206695557
Rank 1 - Image adce8349-6836-4328-ab63-f356d0bbe298.png - Prediction pneumonia - Time 19.83070993423462
Rank 0 - Image MIDRC-RICORD-1C-419639-002871-45785-0.png - Prediction COVID-19 - Time 19.7788245677948
Rank 1 - Image 854fee36-d54c-4cde-904d-ab77f5e2e091.png - Prediction pneumonia - Time 19.505582332611084
Rank 0 - Image MIDRC-RICORD-1C-SITE2-000220-78771-1.png - Prediction COVID-19 - Time 20.00850820541382
Rank 1 - Image baf8fe18-a7ca-4e9c-b3dc-5c80d474545b.png - Prediction pneumonia - Time 20.454179763793945
Rank 0 - Image MIDRC-RICORD-1C-419639-001661-28330-1.png - Prediction COVID-19 - Time 20.03828763961792
Rank 1 - Image a77b32f6-1999-4cc6-8a0d-1ef7e53850f0.png - Prediction pneumonia - Time 19.67907428741455
Rank 0 - Image MIDRC-RICORD-1C-SITE2-000142-56843-0.png - Prediction COVID-19 - Time 20.488611221313477
Rank 1 - Image 41bf2042-53a2-44a8-9a29-55e643af5ac0.png - Prediction pneumonia - Time 19.908050537109375
Rank 0 - Image MIDRC-RICORD-1C-419639-003099-52606-0.png - Prediction COVID-19 - Time 19.25003743171692
Rank 1 - Image ec09ddb3-9b0b-4749-9e0d-f94a4a7e5fed.png - Prediction pneumonia - Time 19.362508058547974
Rank 0 - Image MIDRC-RICORD-1C-419639-002463-12463-0.png - Prediction COVID-19 - Time 20.260789155960083
Rank 1 - Image abff4044-3c0a-458f-b0c7-04254be7fc0c.png - Prediction pneumonia - Time 21.104917526245117
Rank 0 - Image MIDRC-RICORD-1C-419639-001085-09031-0.png - Prediction COVID-19 - Time 21.176491498947144
Rank 1 - Image 27b32500-40ef-4c14-ab88-ace5e9ceea27.png - Prediction pneumonia - Time 19.981752395629883
Rank 0 - Image MIDRC-RICORD-1C-419639-002895-42704-0.png - Prediction COVID-19 - Time 19.36934542655945
Rank 0 - gathering data of length: 2
