Thu Jan  6 21:05:06 2022       
+-----------------------------------------------------------------------------+
| NVIDIA-SMI 418.87.00    Driver Version: 418.87.00    CUDA Version: 10.1     |
|-------------------------------+----------------------+----------------------+
| GPU  Name        Persistence-M| Bus-Id        Disp.A | Volatile Uncorr. ECC |
| Fan  Temp  Perf  Pwr:Usage/Cap|         Memory-Usage | GPU-Util  Compute M. |
|===============================+======================+======================|
|   0  Tesla V100-PCIE...  On   | 00000000:AF:00.0 Off |                    0 |
| N/A   30C    P0    25W / 250W |      0MiB / 32480MiB |      0%      Default |
+-------------------------------+----------------------+----------------------+
                                                                               
+-----------------------------------------------------------------------------+
| Processes:                                                       GPU Memory |
|  GPU       PID   Type   Process name                             Usage      |
|=============================================================================|
|  No running processes found                                                 |
+-----------------------------------------------------------------------------+
0/0 working on job 0
Output: /p/project/joaiml/ingolfsson1/COVID_Net/output/COVIDNet-lr0.0002
13441 2158
Saved baseline checkpoint
Baseline eval:
[[ 94.   6.   0.]
 [  5.  95.   0.]
 [  4.   1. 195.]]
Sens Normal: 0.940, Pneumonia: 0.950, Covid-19: 0.975
PPV Normal: 0.913, Pneumonia: 0.931, Covid-19: 1.000
Training started
