Sat Dec  4 17:46:50 2021       
+-----------------------------------------------------------------------------+
| NVIDIA-SMI 418.87.00    Driver Version: 418.87.00    CUDA Version: 10.1     |
|-------------------------------+----------------------+----------------------+
| GPU  Name        Persistence-M| Bus-Id        Disp.A | Volatile Uncorr. ECC |
| Fan  Temp  Perf  Pwr:Usage/Cap|         Memory-Usage | GPU-Util  Compute M. |
|===============================+======================+======================|
|   0  Tesla V100-PCIE...  On   | 00000000:AF:00.0 Off |                    0 |
| N/A   29C    P0    26W / 250W |      0MiB / 32480MiB |      0%      Default |
+-------------------------------+----------------------+----------------------+
                                                                               
+-----------------------------------------------------------------------------+
| Processes:                                                       GPU Memory |
|  GPU       PID   Type   Process name                             Usage      |
|=============================================================================|
|  No running processes found                                                 |
+-----------------------------------------------------------------------------+
Rank 6 - Image bd8facb9-dce0-4048-8249-e6078b28e1b7.png - Prediction 1 - Time 23.13524055480957
Rank 5 - Image e155c13d-7ac7-4765-bb86-899349978413.png - Prediction 1 - Time 23.167804479599
Rank 7 - Image 3e4ee273-d5ca-4cf8-a75a-05772e0e12fe.png - Prediction 1 - Time 23.19173264503479
Rank 0 - Image MIDRC-RICORD-1C-419639-003251-46647-0.png - Prediction 2 - Time 23.26277995109558
Rank 3 - Image MIDRC-RICORD-1C-440808-000019-8.433-0.png - Prediction 1 - Time 23.295161724090576
Rank 2 - Image MIDRC-RICORD-1C-SITE2-000106-15732-0.png - Prediction 2 - Time 24.038437128067017
Rank 4 - Image 47c78742-4998-4878-aec4-37b11b1354ac.png - Prediction 0 - Time 25.93024778366089
Rank 1 - Image MIDRC-RICORD-1C-419639-001464-72163-0.png - Prediction 2 - Time 28.742708921432495
Rank 6 - Image 4dbc44ca-694a-4814-9a24-bc60c8d8d611.png - Prediction 1 - Time 19.429036617279053
Rank 0 - Image MIDRC-RICORD-1C-419639-001464-39871-0.png - Prediction 2 - Time 19.571537017822266
Rank 5 - Image 98bfaf7a-d80b-491e-a7e0-c5c7316bebe9.png - Prediction 0 - Time 19.70241117477417
Rank 7 - Image bd9af100-1805-4e0a-8875-4a4b7195f0d8.png - Prediction 1 - Time 20.83640193939209
Rank 3 - Image MIDRC-RICORD-1C-419639-003319-99931-0.png - Prediction 2 - Time 20.763671875
Rank 2 - Image MIDRC-RICORD-1C-SITE2-000297-71173-1.png - Prediction 2 - Time 20.79608702659607
Rank 4 - Image 8989e25c-a698-48fc-b428-fff56931fc8f.png - Prediction 0 - Time 20.666972875595093
Rank 1 - Image MIDRC-RICORD-1C-SITE2-000239-21655-0.png - Prediction 2 - Time 25.340498208999634
Rank 6 - Image 3f504abe-2133-4e09-98af-743cdea486f9.png - Prediction 1 - Time 19.000405311584473
Rank 0 - Image MIDRC-RICORD-1C-419639-000918-78965-0.png - Prediction 2 - Time 19.05298686027527
Rank 5 - Image 76b180ab-242f-45d3-bce1-68df00c5ef45.png - Prediction 0 - Time 20.00058102607727
Rank 3 - Image MIDRC-RICORD-1C-SITE2-000217-73086-0.png - Prediction 2 - Time 20.341355085372925
Rank 7 - Image 6804008c-94eb-4870-ba6e-b06514073e71.png - Prediction 1 - Time 20.572802782058716
Rank 2 - Image MIDRC-RICORD-1C-SITE2-000204-24409-0.png - Prediction 2 - Time 19.850456476211548
Rank 4 - Image 7fb3786c-5045-4a90-981d-c55b53d4d5d3.png - Prediction 0 - Time 19.897268056869507
Rank 1 - Image MIDRC-RICORD-1C-419639-003371-97350-0.png - Prediction 2 - Time 24.25744915008545
Rank 0 - Image MIDRC-RICORD-1C-419639-003318-64285-0.png - Prediction 2 - Time 19.55203652381897
Rank 6 - Image af169d21-1c39-445e-82d8-5035182a3a8c.png - Prediction 1 - Time 21.24806809425354
Rank 5 - Image 372b2fea-2013-4600-a06f-765c3f054a82.png - Prediction 0 - Time 20.63941216468811
Rank 7 - Image 0d9b1283-fc24-4fd3-a520-bc5d563e13e1.png - Prediction 1 - Time 20.17959761619568
Rank 3 - Image MIDRC-RICORD-1C-419639-000586-49647-0.png - Prediction 2 - Time 20.444267988204956
Rank 2 - Image MIDRC-RICORD-1C-419639-001464-82193-0.png - Prediction 2 - Time 20.96161723136902
Rank 4 - Image 766b8aea-3b43-4a34-b675-09f373ca066b.png - Prediction 0 - Time 20.815890073776245
Rank 0 - Image MIDRC-RICORD-1C-419639-001015-81591-0.png - Prediction 2 - Time 19.08821988105774
Rank 6 - Image fcd159f4-21d3-4169-a94b-95a2b5ccddcb.png - Prediction 1 - Time 19.224499940872192
Rank 5 - Image a52aa522-a1b3-4f15-8609-f44bf96da2e3.png - Prediction 0 - Time 19.170757293701172
Rank 1 - Image MIDRC-RICORD-1C-419639-000432-86017-0.png - Prediction 2 - Time 23.7284414768219
Rank 7 - Image 0a8d486f-1aa6-4fcf-b7be-4bf04fc8628b.png - Prediction 1 - Time 19.20731282234192
Rank 3 - Image MIDRC-RICORD-1C-SITE2-000115-40758-0.png - Prediction 2 - Time 20.216156482696533
Rank 2 - Image MIDRC-RICORD-1C-SITE2-000058-42859-0.png - Prediction 2 - Time 19.94924283027649
Rank 4 - Image f6236cb5-cc36-4ec4-895c-d11ce043341d.png - Prediction 0 - Time 20.20067524909973
Rank 0 - Image MIDRC-RICORD-1C-SITE2-000265-99793-1.png - Prediction 2 - Time 19.26588797569275
Rank 6 - Image b6db3041-1554-43ef-baca-58733b6717d6.png - Prediction 0 - Time 20.211275100708008
Rank 5 - Image 6556ce72-1a60-40aa-aaf7-b50dbf07fae7.png - Prediction 0 - Time 20.307267427444458
Rank 7 - Image 37f17069-62ce-42ff-9fa4-d6a1056bd075.png - Prediction 1 - Time 20.488687992095947
Rank 3 - Image MIDRC-RICORD-1C-419639-000025-56207-0.png - Prediction 2 - Time 20.07688808441162
Rank 2 - Image MIDRC-RICORD-1C-SITE2-000149-71428-1.png - Prediction 2 - Time 20.28201985359192
Rank 1 - Image MIDRC-RICORD-1C-419639-001007-89903-0.png - Prediction 2 - Time 23.969358444213867
Rank 4 - Image 153b7c2b-4909-4dca-8579-9523582bc4fe.png - Prediction 0 - Time 20.32721185684204
Rank 0 - Image MIDRC-RICORD-1C-SITE2-000159-61155-0.png - Prediction 2 - Time 19.545830965042114
Rank 6 - Image a0a8370a-dc3f-4f70-a440-e3fa9827928a.png - Prediction 1 - Time 20.86892533302307
Rank 5 - Image 633d9182-1809-41b7-a59b-1e60ac91f0c9.png - Prediction 0 - Time 21.0210964679718
Rank 7 - Image 3db7e979-5f97-4985-bf0c-cdea7951e246.png - Prediction 1 - Time 20.551969528198242
Rank 3 - Image MIDRC-RICORD-1C-419639-001699-69345-0.png - Prediction 2 - Time 20.866034984588623
Rank 2 - Image MIDRC-RICORD-1C-419639-002281-83348-0.png - Prediction 2 - Time 20.662650108337402
Rank 4 - Image 1afd6582-da9d-4e5a-a81f-62a188fe9366.png - Prediction 0 - Time 20.99804949760437
Rank 1 - Image MIDRC-RICORD-1C-419639-001464-39871-1.png - Prediction 2 - Time 23.86471700668335
Rank 0 - Image MIDRC-RICORD-1C-419639-003169-42019-0.png - Prediction 0 - Time 19.171390771865845
Rank 6 - Image 1dad3414-88c9-4c56-af5d-3a1488af452c.png - Prediction 1 - Time 19.532379388809204
Rank 5 - Image fd7bad9a-1bff-49ec-9c6c-c9aae9e65726.png - Prediction 0 - Time 20.366570472717285
Rank 7 - Image e2e89418-6c0e-4f50-a2d9-6cd5e58feef0.png - Prediction 1 - Time 20.0361168384552
Rank 2 - Image MIDRC-RICORD-1C-419639-002733-79941-0.png - Prediction 2 - Time 19.847883939743042
Rank 3 - Image MIDRC-RICORD-1C-SITE2-000003-00527-0.png - Prediction 2 - Time 20.524595975875854
Rank 4 - Image 85bb48fe-e6d6-47de-bb71-d1636aced7dc.png - Prediction 0 - Time 20.994786262512207
Rank 1 - Image MIDRC-RICORD-1C-419639-002374-98411-0.png - Prediction 2 - Time 24.140424013137817
Rank 0 - Image MIDRC-RICORD-1C-SITE2-000238-25854-1.png - Prediction 2 - Time 19.279797315597534
Rank 6 - Image f760c946-a103-4991-a6e5-ff60c24cd99f.png - Prediction 1 - Time 20.463677883148193
Rank 5 - Image 99432aa3-8d61-4ff2-a79a-f0a0218d6fa2.png - Prediction 0 - Time 19.702658653259277
Rank 7 - Image 393b8e45-6d97-4013-8100-27ebf07a1dad.png - Prediction 1 - Time 20.12206482887268
Rank 2 - Image MIDRC-RICORD-1C-419639-000025-81112-0.png - Prediction 2 - Time 19.785208702087402
Rank 3 - Image MIDRC-RICORD-1C-419639-003232-50592-0.png - Prediction 2 - Time 20.073241233825684
Rank 4 - Image eaeb935a-7294-4dd3-8bf5-73ba781d28af.png - Prediction 0 - Time 19.815442085266113
Rank 0 - Image MIDRC-RICORD-1C-419639-001464-33260-0.png - Prediction 2 - Time 19.660810708999634
Rank 1 - Image MIDRC-RICORD-1C-SITE2-000028-53390-0.png - Prediction 2 - Time 24.46315050125122
Rank 6 - Image b021293c-4dd0-450c-b1a4-2d72cedab0a2.png - Prediction 1 - Time 20.906348943710327
Rank 5 - Image 34bf2fcd-131a-428c-9a21-cd2fa9041f9b.png - Prediction 0 - Time 21.521143913269043
Rank 7 - Image 2348e8ba-483f-476d-b29d-5ba8398d7abc.png - Prediction 1 - Time 20.995086669921875
Rank 2 - Image MIDRC-RICORD-1C-419639-003186-86346-0.png - Prediction 2 - Time 20.47064471244812
Rank 3 - Image MIDRC-RICORD-1C-419639-000025-04760-0.png - Prediction 2 - Time 20.542428970336914
Rank 4 - Image 5f137fa7-6539-499e-b0d5-0e481221bf5a.png - Prediction 1 - Time 21.555028915405273
Rank 0 - Image MIDRC-RICORD-1C-SITE2-000018-55212-0.png - Prediction 2 - Time 19.135502099990845
Rank 6 - Image 349f10b4-dc3e-4f3f-b2e4-a5b81448ce87.png - Prediction 1 - Time 20.31103205680847
Rank 1 - Image MIDRC-RICORD-1C-419639-001070-42385-0.png - Prediction 2 - Time 24.571390867233276
Rank 7 - Image aef87dc2-a097-4683-9fb1-d1af6838a16a.png - Prediction 0 - Time 20.081939220428467
Rank 5 - Image b5007662-ff9c-49ad-9093-85ed7dc44bf4.png - Prediction 0 - Time 20.826496362686157
Rank 2 - Image MIDRC-RICORD-1C-SITE2-000237-52517-0.png - Prediction 2 - Time 20.05135440826416
Rank 3 - Image MIDRC-RICORD-1C-419639-000025-89853-0.png - Prediction 2 - Time 20.184386253356934
Rank 4 - Image b5234584-1487-492c-8742-444b9ca41c3d.png - Prediction 0 - Time 20.16627264022827
Rank 0 - Image MIDRC-RICORD-1C-419639-000025-50888-0.png - Prediction 2 - Time 19.305013179779053
Rank 6 - Image 05d3817a-5535-4e77-8dda-d4412e496c81.png - Prediction 1 - Time 20.242151737213135
Rank 7 - Image afe1b6e2-203e-4ee5-856a-2f205d8bca2a.png - Prediction 1 - Time 19.304165840148926
Rank 2 - Image MIDRC-RICORD-1C-SITE2-000002-65816-0.png - Prediction 2 - Time 19.90515160560608
Rank 3 - Image MIDRC-RICORD-1C-419639-001425-17331-0.png - Prediction 2 - Time 20.077510356903076
Rank 5 - Image 06b2f933-3ea2-4477-ac27-18f732d1f4e1.png - Prediction 0 - Time 21.245540142059326
Rank 1 - Image MIDRC-RICORD-1C-SITE2-000283-41971-0.png - Prediction 2 - Time 25.50046467781067
Rank 4 - Image 71d8d6ec-253b-4272-a467-311828b2a35b.png - Prediction 0 - Time 19.62834095954895
Rank 0 - Image MIDRC-RICORD-1C-419639-001288-10277-0.png - Prediction 2 - Time 19.632566928863525
Rank 6 - Image c21157da-1f74-4966-ba4e-c144d8f5da2d.png - Prediction 1 - Time 20.530630588531494
Rank 7 - Image 3d070009-c877-4ed4-ac80-53781cb30fef.png - Prediction 1 - Time 21.004707098007202
Rank 2 - Image MIDRC-RICORD-1C-419639-000025-39552-1.png - Prediction 2 - Time 20.089616298675537
Rank 3 - Image MIDRC-RICORD-1C-440808-000009-08.98-0.png - Prediction 2 - Time 20.5592360496521
Rank 5 - Image c2b24ebd-2c40-48c3-ba39-177224dd7db0.png - Prediction 0 - Time 21.01970648765564
Rank 4 - Image 0103fadb-1663-40a6-8a9e-09d626cd2091.png - Prediction 0 - Time 20.86768126487732
Rank 1 - Image MIDRC-RICORD-1C-SITE2-000023-20254-0.png - Prediction 2 - Time 24.313820123672485
Rank 0 - Image MIDRC-RICORD-1C-419639-002757-16718-0.png - Prediction 2 - Time 19.318767309188843
Rank 6 - Image 5acc56a4-1b6e-4394-9364-9772047d583f.png - Prediction 1 - Time 20.617990255355835
Rank 7 - Image 34fbff70-fa6e-4709-ab07-17f739fce394.png - Prediction 1 - Time 19.77536678314209
Rank 2 - Image MIDRC-RICORD-1C-419639-000082-79663-0.png - Prediction 2 - Time 20.200292825698853
Rank 3 - Image MIDRC-RICORD-1C-419639-000086-21140-0.png - Prediction 2 - Time 20.232280254364014
Rank 5 - Image 63192a6c-02ba-48a5-932a-bb82aeacb1bc.png - Prediction 0 - Time 20.24913716316223
Rank 4 - Image e4cd65ae-65de-44fc-a6b2-ebbc46d2e8d8.png - Prediction 0 - Time 21.15904188156128
Rank 0 - Image MIDRC-RICORD-1C-SITE2-000135-64564-1.png - Prediction 2 - Time 19.113393545150757
Rank 1 - Image MIDRC-RICORD-1C-SITE2-000181-63935-0.png - Prediction 2 - Time 25.351765155792236
Rank 7 - Image 2c68016e-5a63-4430-a834-efe5d43edd0e.png - Prediction 1 - Time 19.186477661132812
Rank 6 - Image dd4d6a4c-1e67-4911-bda2-7d8af75b1b19.png - Prediction 1 - Time 20.764817714691162
Rank 2 - Image MIDRC-RICORD-1C-SITE2-000094-94497-0.png - Prediction 2 - Time 19.638561487197876
Rank 5 - Image 73dca3d1-5c58-4c72-80a9-201deca7ffec.png - Prediction 0 - Time 19.17514705657959
Rank 3 - Image MIDRC-RICORD-1C-SITE2-000270-57009-0.png - Prediction 2 - Time 20.859750270843506
Rank 4 - Image 2f8fbfdc-56db-4eca-bf64-3c9a0637e28c.png - Prediction 0 - Time 20.2174973487854
Rank 0 - Image MIDRC-RICORD-1C-SITE2-000147-13199-0.png - Prediction 2 - Time 19.628977060317993
Rank 1 - Image MIDRC-RICORD-1C-419639-003105-50900-0.png - Prediction 2 - Time 25.2768657207489
Rank 6 - Image f0ba0019-718f-4677-a723-05c27dba2f3e.png - Prediction 1 - Time 19.635299682617188
Rank 7 - Image 8ae822ae-a656-47ba-ac5b-848ce2256575.png - Prediction 1 - Time 20.83208703994751
Rank 2 - Image MIDRC-RICORD-1C-SITE2-000131-16046-1.png - Prediction 2 - Time 20.28439688682556
Rank 5 - Image c485a9bd-6e18-4328-8c5c-cf80f71aa35d.png - Prediction 0 - Time 20.817429542541504
Rank 3 - Image MIDRC-RICORD-1C-419639-000573-31324-0.png - Prediction 2 - Time 21.61297869682312
Rank 0 - Image MIDRC-RICORD-1C-419639-002601-92699-0.png - Prediction 2 - Time 19.010671377182007
Rank 4 - Image bc46651a-1314-44af-a834-1eb8a36e589e.png - Prediction 0 - Time 20.842385053634644
Rank 6 - Image cc3177c8-6570-497c-aef3-6fbddef692f6.png - Prediction 1 - Time 19.901880502700806
Rank 2 - Image MIDRC-RICORD-1C-419639-002309-84923-0.png - Prediction 2 - Time 19.32667589187622
Rank 7 - Image f661fe70-2fc1-4564-9f53-45504c0b0688.png - Prediction 1 - Time 19.86094617843628
Rank 5 - Image b540ba89-72f7-40f5-a916-376546c20014.png - Prediction 0 - Time 18.938838005065918
Rank 1 - Image MIDRC-RICORD-1C-SITE2-000185-39456-0.png - Prediction 2 - Time 24.753628253936768
Rank 3 - Image MIDRC-RICORD-1C-SITE2-000154-41630-0.png - Prediction 2 - Time 20.36475157737732
Rank 0 - Image MIDRC-RICORD-1C-419639-002310-52924-0.png - Prediction 2 - Time 19.331700801849365
Rank 4 - Image 71d25920-4060-4a31-b7aa-cfbf4721a5c5.png - Prediction 0 - Time 19.985618352890015
Rank 7 - Image 78c33a1a-8f22-476c-ae97-8190192102df.png - Prediction 1 - Time 19.305649518966675
Rank 6 - Image 0e03c2d7-9cea-4dc7-8e91-794a8b3ff58d.png - Prediction 1 - Time 20.498043060302734
Rank 2 - Image MIDRC-RICORD-1C-419639-002768-13069-0.png - Prediction 2 - Time 20.45890188217163
Rank 5 - Image 33e4e43b-054b-4537-9cd6-0fe574f7d337.png - Prediction 0 - Time 19.393953323364258
Rank 0 - Image MIDRC-RICORD-1C-SITE2-000171-45676-0.png - Prediction 2 - Time 19.481669425964355
Rank 3 - Image MIDRC-RICORD-1C-SITE2-000168-32448-0.png - Prediction 2 - Time 20.37674069404602
Rank 4 - Image ca3c90e4-f7fe-4f6e-b20b-81473deab4f0.png - Prediction 0 - Time 20.290913105010986
Rank 1 - Image MIDRC-RICORD-1C-419639-003187-73922-0.png - Prediction 2 - Time 25.02078604698181
Rank 7 - Image 652b519d-5eb4-4abc-93f7-15ae661a431f.png - Prediction 1 - Time 21.1275794506073
Rank 6 - Image 070c921f-171c-420c-915b-e49e3f600c38.png - Prediction 1 - Time 20.39173722267151
Rank 2 - Image MIDRC-RICORD-1C-SITE2-000108-12642-0.png - Prediction 2 - Time 20.747804641723633
Rank 5 - Image 45dd0d26-0740-4c32-bd01-34246a41f3e3.png - Prediction 0 - Time 21.230712890625
Rank 0 - Image MIDRC-RICORD-1C-419639-000025-56001-0.png - Prediction 2 - Time 19.225021600723267
Rank 3 - Image MIDRC-RICORD-1C-SITE2-000125-08616-1.png - Prediction 2 - Time 21.492368936538696
Rank 4 - Image dab2f334-331c-42c7-af09-a997092464b0.png - Prediction 1 - Time 20.686779737472534
Rank 1 - Image MIDRC-RICORD-1C-SITE2-000066-97290-0.png - Prediction 2 - Time 25.478336334228516
Rank 6 - Image caa545b4-4eea-4e3a-90b1-c4c0789a1109.png - Prediction 1 - Time 20.08863067626953
Rank 7 - Image 2397b2f6-3dfa-476c-89ea-e9992c5bd9a9.png - Prediction 1 - Time 20.560127019882202
Rank 2 - Image MIDRC-RICORD-1C-SITE2-000170-25974-1.png - Prediction 2 - Time 19.892172813415527
Rank 5 - Image ad446933-fb8e-4739-bb40-2063e796ffd8.png - Prediction 0 - Time 19.495676040649414
Rank 0 - Image MIDRC-RICORD-1C-419639-003340-85716-0.png - Prediction 2 - Time 19.247920274734497
Rank 3 - Image MIDRC-RICORD-1C-SITE2-000096-37358-0.png - Prediction 2 - Time 20.550130605697632
Rank 4 - Image 436dce2a-06c3-4281-bb8e-840497a49381.png - Prediction 1 - Time 20.184061288833618
Rank 1 - Image MIDRC-RICORD-1C-SITE2-000105-65881-0.png - Prediction 2 - Time 25.22666573524475
Rank 2 - Image MIDRC-RICORD-1C-SITE2-000097-16347-1.png - Prediction 2 - Time 19.59296727180481
Rank 6 - Image 7817b551-d220-479b-815f-395f83e1dba1.png - Prediction 1 - Time 20.084203720092773
Rank 7 - Image ac10f43e-03b8-43d2-bcae-6fe000542397.png - Prediction 0 - Time 20.362627506256104
Rank 5 - Image 5b12801f-aaf7-442e-b994-ec8f15ce78e5.png - Prediction 0 - Time 20.190109968185425
Rank 0 - Image MIDRC-RICORD-1C-419639-003257-00787-0.png - Prediction 2 - Time 19.181442737579346
Rank 3 - Image MIDRC-RICORD-1C-SITE2-000221-43774-0.png - Prediction 2 - Time 20.638532638549805
Rank 4 - Image af6ef3d9-81c8-434e-bc5a-dbf89bc418aa.png - Prediction 0 - Time 20.033657789230347
Rank 2 - Image MIDRC-RICORD-1C-419639-002043-49668-0.png - Prediction 2 - Time 19.690454721450806
Rank 6 - Image f743c21e-5876-460b-bbd6-2e2dcca41baa.png - Prediction 1 - Time 20.30674934387207
Rank 7 - Image 3c8cc0d1-be7f-493d-9570-542d851f623b.png - Prediction 1 - Time 20.64551591873169
Rank 5 - Image 3fe1550e-8bcb-4732-a343-725acce70531.png - Prediction 0 - Time 20.369539976119995
Rank 0 - Image MIDRC-RICORD-1C-SITE2-000099-22857-0.png - Prediction 2 - Time 19.544357776641846
Rank 1 - Image MIDRC-RICORD-1C-419639-003080-09097-0.png - Prediction 2 - Time 24.98996615409851
Rank 3 - Image MIDRC-RICORD-1C-SITE2-000179-48742-0.png - Prediction 2 - Time 20.295397758483887
Rank 4 - Image a7aef71b-0fc8-4837-be79-4ced56e03439.png - Prediction 0 - Time 20.462657928466797
Rank 2 - Image MIDRC-RICORD-1C-419639-000785-60200-0.png - Prediction 2 - Time 20.454915523529053
Rank 6 - Image e1d5a233-39ca-41dc-a289-b07c3e78cdb1.png - Prediction 1 - Time 19.81059741973877
Rank 0 - Image MIDRC-RICORD-1C-SITE2-000155-37671-0.png - Prediction 2 - Time 19.280036687850952
Rank 7 - Image 6565a9e6-3f01-4de8-a18d-ade3121c5d7c.png - Prediction 1 - Time 19.748961687088013
Rank 5 - Image 0bb24183-8b59-48f1-8bbf-4d889976fc82.png - Prediction 0 - Time 20.213052988052368
Rank 1 - Image MIDRC-RICORD-1C-SITE2-000230-35167-0.png - Prediction 2 - Time 24.01835584640503
Rank 3 - Image MIDRC-RICORD-1C-SITE2-000176-81030-0.png - Prediction 2 - Time 21.000080585479736
Rank 4 - Image dfa57c1f-01fb-4417-a1b5-0641a9b4bb84.png - Prediction 0 - Time 20.19777250289917
Rank 2 - Image MIDRC-RICORD-1C-SITE2-000035-19513-0.png - Prediction 2 - Time 19.70369291305542
Rank 0 - Image MIDRC-RICORD-1C-419639-000235-89929-0.png - Prediction 2 - Time 19.549354553222656
Rank 6 - Image 40a2f7fd-342e-494b-a7e0-5857b73ec582.png - Prediction 1 - Time 20.402793884277344
Rank 7 - Image ed0c5d1e-934a-4e31-9221-3a6a69ec9c1b.png - Prediction 1 - Time 20.5421462059021
Rank 5 - Image 02e4191e-fb03-4581-914c-f0438a17e53e.png - Prediction 0 - Time 20.033368825912476
Rank 3 - Image MIDRC-RICORD-1C-419639-003199-43900-0.png - Prediction 2 - Time 20.261618852615356
Rank 4 - Image 5eb932e2-3455-40fe-93db-ae44f897d9e0.png - Prediction 0 - Time 20.20857882499695
Rank 1 - Image MIDRC-RICORD-1C-419639-003365-72952-0.png - Prediction 2 - Time 24.53682851791382
Rank 0 - Image MIDRC-RICORD-1C-419639-002376-07504-0.png - Prediction 2 - Time 19.12590003013611
Rank 2 - Image MIDRC-RICORD-1C-419639-001155-71955-0.png - Prediction 2 - Time 20.147680282592773
Rank 6 - Image bcdd92c8-2cde-4899-a6fc-46b875aaab62.png - Prediction 1 - Time 20.65614104270935
Rank 7 - Image 4bc8ce99-2420-48c2-a768-d067da67ced2.png - Prediction 1 - Time 20.748902082443237
Rank 5 - Image a8dfd068-69e9-4486-bb22-2a04f2f2e1a5.png - Prediction 0 - Time 20.652533769607544
Rank 3 - Image MIDRC-RICORD-1C-419639-003191-84953-0.png - Prediction 2 - Time 20.57016396522522
Rank 4 - Image e8485b0f-293d-4ca8-8b71-92db61c8ee3e.png - Prediction 0 - Time 20.666985511779785
Rank 1 - Image MIDRC-RICORD-1C-SITE2-000208-34584-0.png - Prediction 2 - Time 24.256399631500244
Rank 0 - Image MIDRC-RICORD-1C-419639-001433-28259-0.png - Prediction 2 - Time 19.26675319671631
Rank 2 - Image MIDRC-RICORD-1C-SITE2-000207-20956-0.png - Prediction 2 - Time 19.517174005508423
Rank 6 - Image ac648f87-a79f-4ce0-9439-23a8dd886b71.png - Prediction 1 - Time 19.023677349090576
Rank 7 - Image 6df82c7a-a91e-487c-ae3a-9022b17d7c7a.png - Prediction 1 - Time 19.815243005752563
Rank 5 - Image 63f71157-7db6-476f-b320-ba2fcbe2543f.png - Prediction 0 - Time 20.05286407470703
Rank 3 - Image MIDRC-RICORD-1C-SITE2-000029-97068-0.png - Prediction 2 - Time 20.441588163375854
Rank 4 - Image 35cda03a-0898-4f8b-92d3-6f263aed23ff.png - Prediction 0 - Time 20.70423913002014
Rank 0 - Image MIDRC-RICORD-1C-419639-003116-57702-0.png - Prediction 2 - Time 19.496199131011963
Rank 2 - Image MIDRC-RICORD-1C-419639-002472-45590-0.png - Prediction 2 - Time 20.257469654083252
Rank 1 - Image MIDRC-RICORD-1C-419639-001464-53024-0.png - Prediction 2 - Time 24.571802139282227
Rank 6 - Image 93b49de9-9267-43c2-a507-6885e4caeaba.png - Prediction 1 - Time 20.416248559951782
Rank 7 - Image a6c364d2-b2d6-4b0b-a439-40b992ff65c7.png - Prediction 1 - Time 20.517205476760864
Rank 5 - Image 1cdba4ee-0bb8-421d-9a24-7febeb399729.png - Prediction 0 - Time 20.269405841827393
Rank 3 - Image MIDRC-RICORD-1C-419639-002401-32756-0.png - Prediction 2 - Time 20.54181742668152
Rank 4 - Image d82e5841-2f43-4eab-ac17-e98a2d90c51b.png - Prediction 0 - Time 21.206017017364502
Rank 0 - Image MIDRC-RICORD-1C-419639-001629-03737-0.png - Prediction 2 - Time 19.40950322151184
Rank 2 - Image MIDRC-RICORD-1C-419639-002114-73757-0.png - Prediction 2 - Time 20.307323217391968
Rank 6 - Image af2ff93b-2f33-4c91-bde1-1490fc435b50.png - Prediction 1 - Time 20.702572107315063
Rank 5 - Image e1d23cbe-213d-48d6-a8c2-672c4e68285d.png - Prediction 0 - Time 20.615500926971436
Rank 7 - Image 32a5977f-f8ab-41c9-9b51-5387248e4675.png - Prediction 0 - Time 20.825122833251953
Rank 1 - Image MIDRC-RICORD-1C-419639-003157-67493-0.png - Prediction 2 - Time 24.905954599380493
Rank 3 - Image MIDRC-RICORD-1C-419639-001762-18334-0.png - Prediction 2 - Time 20.2575261592865
Rank 4 - Image af1d168c-4850-41e1-85b8-ff8fc645e671.png - Prediction 0 - Time 21.2938449382782
Rank 0 - Image MIDRC-RICORD-1C-SITE2-000211-85940-0.png - Prediction 2 - Time 19.19352078437805
Rank 2 - Image MIDRC-RICORD-1C-419639-002997-12964-0.png - Prediction 2 - Time 20.32223153114319
Rank 6 - Image 31692137-f770-4cfe-a02e-fd207ce813ac.png - Prediction 1 - Time 20.215541124343872
Rank 7 - Image c3751c94-ea6f-4a7c-b3bf-87a54012fa80.png - Prediction 0 - Time 20.387341022491455
Rank 5 - Image 4b1cab8a-c9bd-40e6-bc86-23c6be98a099.png - Prediction 0 - Time 20.52577567100525
Rank 1 - Image MIDRC-RICORD-1C-SITE2-000048-66689-0.png - Prediction 2 - Time 24.50974464416504
Rank 3 - Image MIDRC-RICORD-1C-SITE2-000210-51719-0.png - Prediction 2 - Time 20.352779388427734
Rank 4 - Image 585f5059-8938-4885-accb-d7d0b1097c60.png - Prediction 0 - Time 20.01034164428711
Rank 0 - Image MIDRC-RICORD-1C-419639-003027-36839-0.png - Prediction 2 - Time 19.433319807052612
Rank 2 - Image MIDRC-RICORD-1C-419639-001464-73170-0.png - Prediction 2 - Time 19.620394945144653
Rank 6 - Image f7379744-be39-44b2-8816-a743857bd6a6.png - Prediction 1 - Time 20.257131814956665
Rank 7 - Image 1c0a780d-1cac-4eee-b46d-470ecebc9ae0.png - Prediction 1 - Time 20.204700708389282
Rank 5 - Image ec0492da-e6be-49cf-8b18-dc143180f1a2.png - Prediction 0 - Time 20.200064420700073
Rank 3 - Image MIDRC-RICORD-1C-SITE2-000200-97745-0.png - Prediction 2 - Time 19.468268394470215
Rank 4 - Image 5d4c7318-4739-4470-89f3-70bbbca95f10.png - Prediction 0 - Time 20.117050647735596
Rank 1 - Image MIDRC-RICORD-1C-440808-000020-8.458-0.png - Prediction 2 - Time 24.89533042907715
Rank 0 - Image MIDRC-RICORD-1C-419639-003021-81745-0.png - Prediction 2 - Time 19.210699558258057
Rank 2 - Image MIDRC-RICORD-1C-419639-003102-68604-0.png - Prediction 2 - Time 20.44661808013916
Rank 6 - Image 3186d210-966f-4733-ba72-98729be9551a.png - Prediction 1 - Time 21.03546166419983
Rank 5 - Image 89dd8f63-8320-48f3-b142-d903f40d5c8c.png - Prediction 0 - Time 20.89013695716858
Rank 7 - Image b852bc3c-0de5-4448-aff8-f96b2cc13d51.png - Prediction 1 - Time 21.26831293106079
Rank 3 - Image MIDRC-RICORD-1C-419639-001374-75990-0.png - Prediction 2 - Time 20.2232768535614
Rank 4 - Image d3ad2915-af30-426c-ad2d-1634df8c1b5f.png - Prediction 0 - Time 21.07709527015686
Rank 0 - Image MIDRC-RICORD-1C-419639-003024-14703-0.png - Prediction 2 - Time 19.32406187057495
Rank 1 - Image MIDRC-RICORD-1C-SITE2-000034-76728-1.png - Prediction 2 - Time 24.49598526954651
Rank 2 - Image MIDRC-RICORD-1C-419639-001464-63464-0.png - Prediction 2 - Time 19.60347008705139
Rank 6 - Image b51c3c24-f9aa-4039-9fc1-527a5567dff6.png - Prediction 1 - Time 20.110167980194092
Rank 5 - Image b76728e6-f44b-40bf-8688-e703d10d2039.png - Prediction 0 - Time 20.313811540603638
Rank 7 - Image a2616330-1f29-4019-928f-e2d62b3b737b.png - Prediction 1 - Time 20.356165885925293
Rank 3 - Image MIDRC-RICORD-1C-419639-003336-50845-0.png - Prediction 2 - Time 19.983778953552246
Rank 4 - Image dee054ff-0e1a-4167-b814-cbf339cf689c.png - Prediction 0 - Time 19.699881553649902
Rank 0 - Image MIDRC-RICORD-1C-419639-002724-03387-0.png - Prediction 2 - Time 19.558614015579224
Rank 2 - Image MIDRC-RICORD-1C-419639-001603-23454-0.png - Prediction 2 - Time 19.96141004562378
Rank 6 - Image e9e58e10-2795-4dec-a738-c9792ea8f685.png - Prediction 1 - Time 20.52276873588562
Rank 1 - Image MIDRC-RICORD-1C-419639-002784-76664-0.png - Prediction 0 - Time 24.137877225875854
Rank 5 - Image d9884def-b31a-4861-9eea-27f97bffeba2.png - Prediction 0 - Time 19.91134762763977
Rank 7 - Image a6236ddd-6367-4569-b5f1-07d2df9390ad.png - Prediction 1 - Time 20.809051275253296
Rank 3 - Image MIDRC-RICORD-1C-419639-002929-69159-0.png - Prediction 2 - Time 19.291794776916504
Rank 0 - Image MIDRC-RICORD-1C-419639-001464-32013-0.png - Prediction 2 - Time 19.3996524810791
Rank 4 - Image bb068d57-86a8-4347-bee0-e29d59ddef6b.png - Prediction 0 - Time 20.96859097480774
Rank 2 - Image MIDRC-RICORD-1C-419639-000025-39552-0.png - Prediction 2 - Time 20.351327896118164
Rank 6 - Image cd9d2d22-4395-4e4d-8837-cfb33c2bdaab.png - Prediction 1 - Time 20.078193426132202
Rank 5 - Image ffba6230-71cf-4287-a0d1-887f5d16e95d.png - Prediction 0 - Time 20.66146683692932
Rank 7 - Image b8d6b40d-2a3d-475f-88d3-03560f645223.png - Prediction 1 - Time 20.15949249267578
Rank 1 - Image MIDRC-RICORD-1C-SITE2-000014-81802-0.png - Prediction 2 - Time 24.32848572731018
Rank 3 - Image MIDRC-RICORD-1C-SITE2-000120-98054-0.png - Prediction 2 - Time 20.401430130004883
Rank 0 - Image MIDRC-RICORD-1C-SITE2-000116-25889-1.png - Prediction 2 - Time 19.237030744552612
Rank 4 - Image 354c3756-43ed-4921-adf8-60be49a8b7e8.png - Prediction 0 - Time 20.219939708709717
Rank 2 - Image MIDRC-RICORD-1C-SITE2-000291-42841-0.png - Prediction 2 - Time 19.923866510391235
Rank 6 - Image b42eaeb8-b6d3-41d7-836c-56fd0922abf6.png - Prediction 1 - Time 20.428669452667236
Rank 5 - Image f3b015ab-e337-4e7f-971d-eb7cc3dd4e92.png - Prediction 0 - Time 19.457308769226074
Rank 7 - Image 49b2fb17-b12c-4e5a-8c4a-02449027c42b.png - Prediction 1 - Time 20.970386028289795
Rank 3 - Image MIDRC-RICORD-1C-SITE2-000127-30661-0.png - Prediction 2 - Time 19.90728211402893
Rank 1 - Image MIDRC-RICORD-1C-SITE2-000068-39061-0.png - Prediction 2 - Time 24.22590923309326
Rank 0 - Image MIDRC-RICORD-1C-SITE2-000229-76177-0.png - Prediction 2 - Time 19.230782508850098
Rank 4 - Image b8dd7d32-b177-4d1e-982f-6f0a743828fa.png - Prediction 0 - Time 20.573067903518677
Rank 2 - Image MIDRC-RICORD-1C-419639-001782-15190-0.png - Prediction 2 - Time 19.657742261886597
Rank 6 - Image ae06b30f-ae30-40d3-b237-c934ce499774.png - Prediction 1 - Time 20.040017127990723
Rank 5 - Image bca4aa4d-0cc9-4cc0-b06d-5b675194bf62.png - Prediction 0 - Time 20.616617679595947
Rank 7 - Image 3766b0a6-1769-4d82-b081-fa53531de34e.png - Prediction 1 - Time 20.581496715545654
Rank 3 - Image MIDRC-RICORD-1C-SITE2-000206-25871-0.png - Prediction 2 - Time 20.30959963798523
Rank 0 - Image MIDRC-RICORD-1C-419639-001222-46073-0.png - Prediction 2 - Time 19.604925394058228
Rank 4 - Image a17f7e03-42a6-41d3-82ad-d8a656826936.png - Prediction 0 - Time 20.225072383880615
Rank 1 - Image MIDRC-RICORD-1C-419639-000025-84235-0.png - Prediction 2 - Time 24.495466470718384
Rank 2 - Image MIDRC-RICORD-1C-SITE2-000279-56879-0.png - Prediction 2 - Time 20.164934158325195
Rank 6 - Image f59ae80d-d98e-465f-963a-1064764211f8.png - Prediction 1 - Time 20.39995837211609
Rank 5 - Image 9e2ddac8-9a4c-448b-98c8-a840a548d0f7.png - Prediction 0 - Time 21.008649349212646
Rank 7 - Image f12d7b12-0398-4533-8f55-8772cc434945.png - Prediction 1 - Time 21.142210483551025
Rank 3 - Image MIDRC-RICORD-1C-SITE2-000141-46899-0.png - Prediction 2 - Time 20.513399124145508
Rank 0 - Image MIDRC-RICORD-1C-419639-003360-73998-0.png - Prediction 2 - Time 19.175601959228516
Rank 4 - Image c3c78e4e-1a31-4a92-be4b-0fc3c7f992a4.png - Prediction 0 - Time 20.281811237335205
Rank 2 - Image MIDRC-RICORD-1C-SITE2-000067-11643-0.png - Prediction 2 - Time 20.254923582077026
Rank 1 - Image MIDRC-RICORD-1C-SITE2-000001-16794-0.png - Prediction 2 - Time 25.839272022247314
Rank 6 - Image 03a9498c-549d-4e7d-800b-e74797f7f625.png - Prediction 1 - Time 20.55681300163269
Rank 5 - Image fc958b63-5da8-448d-8962-3c5167dc9410.png - Prediction 0 - Time 21.29093074798584
Rank 7 - Image 0b7a4fb2-adab-484b-a0f7-23f5111bc745.png - Prediction 1 - Time 20.795918941497803
Rank 0 - Image MIDRC-RICORD-1C-419639-003334-51353-0.png - Prediction 2 - Time 19.560468435287476
Rank 3 - Image MIDRC-RICORD-1C-SITE2-000203-08712-0.png - Prediction 2 - Time 21.127784967422485
Rank 4 - Image f1c8caa2-a6dc-40c0-ab85-4769688f1eec.png - Prediction 0 - Time 20.460933923721313
Rank 2 - Image MIDRC-RICORD-1C-SITE2-000015-91071-0.png - Prediction 2 - Time 19.591437339782715
Rank 6 - Image 080f2b35-fcd5-473e-864b-a7dea3054cc7.png - Prediction 1 - Time 21.099796533584595
Rank 1 - Image MIDRC-RICORD-1C-419639-001571-15270-0.png - Prediction 2 - Time 23.850863695144653
Rank 5 - Image cb7d021b-b273-436a-bd7a-e68c11ed3f6b.png - Prediction 0 - Time 20.219093322753906
Rank 0 - Image MIDRC-RICORD-1C-419639-000538-40522-0.png - Prediction 2 - Time 19.178597927093506
Rank 7 - Image 1565fd6c-9432-454a-87e4-937fd5ad5b60.png - Prediction 1 - Time 20.876108169555664
Rank 3 - Image MIDRC-RICORD-1C-SITE2-000045-76077-0.png - Prediction 2 - Time 20.44745397567749
Rank 4 - Image d535a3c8-c4a4-4856-b5cd-17f6332eac8b.png - Prediction 0 - Time 20.12396788597107
Rank 2 - Image MIDRC-RICORD-1C-440808-000016-8.281-0.png - Prediction 0 - Time 20.45303463935852
Rank 6 - Image b479635e-4c58-4d27-879b-fb0e87b2a1aa.png - Prediction 1 - Time 20.87413001060486
Rank 0 - Image MIDRC-RICORD-1C-419639-001735-74702-0.png - Prediction 2 - Time 19.315394163131714
Rank 5 - Image ff332704-48e0-445b-9188-b2a696d1f0d7.png - Prediction 0 - Time 21.447805881500244
Rank 1 - Image MIDRC-RICORD-1C-419639-001903-65209-0.png - Prediction 2 - Time 24.60632872581482
Rank 7 - Image 02002619-3dea-4038-8d4d-458db30ed8de.png - Prediction 1 - Time 21.287487268447876
Rank 3 - Image MIDRC-RICORD-1C-SITE2-000162-64489-0.png - Prediction 2 - Time 20.375224590301514
Rank 4 - Image 2ed06be4-9f0e-4256-b8bf-a4b396cc6364.png - Prediction 0 - Time 21.024508953094482
Rank 2 - Image MIDRC-RICORD-1C-419639-001829-30276-0.png - Prediction 2 - Time 19.133146047592163
Rank 6 - Image 86853bbd-5af2-4551-8273-f2978dffdd76.png - Prediction 1 - Time 20.491140127182007
Rank 0 - Image MIDRC-RICORD-1C-419639-000299-56159-0.png - Prediction 2 - Time 19.66731309890747
Rank 5 - Image 3e1b619a-cdd9-495a-bcbf-a9d62b418991.png - Prediction 0 - Time 20.317554712295532
Rank 7 - Image becefa4b-f719-48c6-a903-85e391e026a4.png - Prediction 1 - Time 20.78165316581726
Rank 3 - Image MIDRC-RICORD-1C-419639-001505-21193-0.png - Prediction 2 - Time 20.542160749435425
Rank 1 - Image MIDRC-RICORD-1C-SITE2-000244-77429-0.png - Prediction 2 - Time 25.22704577445984
Rank 4 - Image 168f4fcb-a87d-49fc-b167-4ed42fd1ec43.png - Prediction 0 - Time 19.92109990119934
Rank 2 - Image MIDRC-RICORD-1C-419639-000025-53641-0.png - Prediction 2 - Time 19.905726671218872
Rank 6 - Image acb5c720-f741-415c-993c-65855be08ffa.png - Prediction 1 - Time 20.57837438583374
Rank 0 - Image MIDRC-RICORD-1C-SITE2-000178-89752-0.png - Prediction 2 - Time 19.35108971595764
Rank 5 - Image 0977f16c-c343-42c9-95ed-d7ca996feb16.png - Prediction 1 - Time 20.712932109832764
Rank 7 - Image 3f2b878e-9e3b-410b-a739-b43d81b98692.png - Prediction 1 - Time 21.0355064868927
Rank 3 - Image MIDRC-RICORD-1C-SITE2-000173-80432-1.png - Prediction 2 - Time 20.71645164489746
Rank 4 - Image a8e3ea7d-0b63-45cf-85d8-1078d3e2449d.png - Prediction 0 - Time 20.56476616859436
Rank 1 - Image MIDRC-RICORD-1C-419639-000582-21506-0.png - Prediction 2 - Time 24.45580744743347
Rank 2 - Image MIDRC-RICORD-1C-SITE2-000124-65701-0.png - Prediction 2 - Time 21.331162214279175
Rank 0 - Image MIDRC-RICORD-1C-419639-001287-60951-0.png - Prediction 2 - Time 19.211673736572266
Rank 6 - Image 1414c7d6-dff3-453c-8322-b25bb5899d78.png - Prediction 1 - Time 20.547890424728394
Rank 5 - Image f8a11cd6-e541-4765-a41b-3d70b6f3481e.png - Prediction 0 - Time 19.971489906311035
Rank 3 - Image MIDRC-RICORD-1C-419639-002871-45785-0.png - Prediction 2 - Time 21.108614683151245
Rank 7 - Image adce8349-6836-4328-ab63-f356d0bbe298.png - Prediction 1 - Time 21.23262119293213
Rank 4 - Image f31d1fb1-604b-4fec-b320-f07ce2694008.png - Prediction 0 - Time 20.88431406021118
Rank 2 - Image MIDRC-RICORD-1C-419639-001464-85049-0.png - Prediction 2 - Time 20.939191579818726
Rank 1 - Image MIDRC-RICORD-1C-419639-002088-09388-0.png - Prediction 2 - Time 25.507448434829712
Rank 0 - Image MIDRC-RICORD-1C-SITE2-000182-35476-0.png - Prediction 2 - Time 19.720262050628662
Rank 6 - Image c3a6ca22-c09b-4be0-a59d-e52718fbb645.png - Prediction 1 - Time 20.361116886138916
Rank 5 - Image 960131aa-4ce4-4b26-aa12-5f73d8d81453.png - Prediction 0 - Time 20.615424633026123
Rank 3 - Image MIDRC-RICORD-1C-SITE2-000220-78771-1.png - Prediction 2 - Time 20.21887469291687
Rank 7 - Image 854fee36-d54c-4cde-904d-ab77f5e2e091.png - Prediction 1 - Time 20.83402442932129
Rank 4 - Image 069cfd47-0169-43e7-89a1-0be0fa24105b.png - Prediction 0 - Time 20.006340742111206
Rank 2 - Image MIDRC-RICORD-1C-419639-000025-90087-0.png - Prediction 2 - Time 20.354477643966675
Rank 0 - Image MIDRC-RICORD-1C-419639-000025-17477-0.png - Prediction 2 - Time 19.203919172286987
Rank 6 - Image bfd795ae-7656-40fc-b44e-566515e52ed2.png - Prediction 1 - Time 20.356815814971924
Rank 1 - Image MIDRC-RICORD-1C-419639-002050-25234-0.png - Prediction 2 - Time 25.271319150924683
Rank 5 - Image 3a5327d8-8830-4ae2-bd6b-293f5aa42d4b.png - Prediction 0 - Time 20.270310640335083
Rank 3 - Image MIDRC-RICORD-1C-419639-001661-28330-1.png - Prediction 2 - Time 20.196425437927246
Rank 7 - Image baf8fe18-a7ca-4e9c-b3dc-5c80d474545b.png - Prediction 1 - Time 20.191883325576782
Rank 4 - Image 85d84453-ab2d-4666-98e6-5df3cbb81f5b.png - Prediction 0 - Time 20.186415195465088
Rank 2 - Image MIDRC-RICORD-1C-SITE2-000098-66227-0.png - Prediction 2 - Time 19.927327156066895
Rank 0 - Image MIDRC-RICORD-1C-419639-002528-57471-0.png - Prediction 2 - Time 19.293569803237915
Rank 6 - Image 098906c5-cf22-43d3-9f0d-90e88e602090.png - Prediction 1 - Time 21.203036785125732
Rank 5 - Image a0b9597d-93f4-4a7c-a412-81cb78bccb66.png - Prediction 0 - Time 20.602024793624878
Rank 3 - Image MIDRC-RICORD-1C-SITE2-000142-56843-0.png - Prediction 2 - Time 19.97915554046631
Rank 1 - Image MIDRC-RICORD-1C-SITE2-000235-44451-0.png - Prediction 2 - Time 24.87281823158264
Rank 7 - Image a77b32f6-1999-4cc6-8a0d-1ef7e53850f0.png - Prediction 1 - Time 20.893211603164673
Rank 4 - Image 8db71746-e837-43c2-bdf1-c44d1ab207e3.png - Prediction 0 - Time 20.833208560943604
Rank 2 - Image MIDRC-RICORD-1C-SITE2-000188-54382-0.png - Prediction 2 - Time 19.292484521865845
Rank 0 - Image MIDRC-RICORD-1C-419639-001932-82193-0.png - Prediction 2 - Time 19.552197694778442
Rank 6 - Image b5714c0f-6d0f-4c56-833f-8b83f19e982a.png - Prediction 1 - Time 20.158236503601074
Rank 5 - Image cdac0980-033c-4685-b7e4-0a12c86a00a9.png - Prediction 0 - Time 20.184474229812622
Rank 3 - Image MIDRC-RICORD-1C-419639-003099-52606-0.png - Prediction 2 - Time 19.88347101211548
Rank 7 - Image 41bf2042-53a2-44a8-9a29-55e643af5ac0.png - Prediction 1 - Time 20.1478271484375
Rank 4 - Image 275f9fff-2439-4f3f-9c48-7c21f348701a.png - Prediction 0 - Time 19.530885934829712
Rank 1 - Image MIDRC-RICORD-1C-SITE2-000202-80939-0.png - Prediction 2 - Time 24.314187049865723
Rank 2 - Image MIDRC-RICORD-1C-SITE2-000072-79474-0.png - Prediction 2 - Time 19.848063230514526
Rank 0 - Image MIDRC-RICORD-1C-419639-000002-10161-0.png - Prediction 2 - Time 19.327100038528442
Rank 6 - Image 875b34e4-b58d-479f-954a-5b015071f448.png - Prediction 1 - Time 20.224778413772583
Rank 5 - Image 7ca5c75a-1ec6-49a7-a3b0-93b6122a3170.png - Prediction 0 - Time 20.622780323028564
Rank 3 - Image MIDRC-RICORD-1C-419639-002463-12463-0.png - Prediction 2 - Time 20.517889976501465
Rank 7 - Image ec09ddb3-9b0b-4749-9e0d-f94a4a7e5fed.png - Prediction 1 - Time 20.274678230285645
Rank 4 - Image 1d1968e2-88a5-4d72-9237-caf4cbad9423.png - Prediction 0 - Time 20.46271538734436
Rank 2 - Image MIDRC-RICORD-1C-419639-001882-13628-0.png - Prediction 2 - Time 20.001010179519653
Rank 1 - Image MIDRC-RICORD-1C-419639-003203-21209-0.png - Prediction 0 - Time 25.342929124832153
Rank 6 - Image 91e187a5-771d-4a83-9601-e22ed326bc8e.png - Prediction 1 - Time 20.32574963569641
Rank 5 - Image d1e0d69c-a4df-485a-983c-535494221d1a.png - Prediction 0 - Time 20.927359342575073
Rank 3 - Image MIDRC-RICORD-1C-419639-001085-09031-0.png - Prediction 2 - Time 20.69856882095337
Rank 7 - Image abff4044-3c0a-458f-b0c7-04254be7fc0c.png - Prediction 1 - Time 20.35493779182434
Rank 2 - Image MIDRC-RICORD-1C-419639-000402-60433-0.png - Prediction 2 - Time 19.699324131011963
Rank 4 - Image 07aeb82e-773b-4498-95c0-fabdf4985bb2.png - Prediction 0 - Time 21.070414304733276
Rank 1 - Image MIDRC-RICORD-1C-419639-000025-90087-1.png - Prediction 2 - Time 24.188575267791748
Rank 6 - Image 3abb7176-035d-46cc-844e-820870e8154b.png - Prediction 1 - Time 20.302377462387085
Rank 5 - Image 6b969591-8a07-49ed-9f65-fa19a453df59.png - Prediction 1 - Time 20.23758316040039
Rank 3 - Image MIDRC-RICORD-1C-419639-002895-42704-0.png - Prediction 2 - Time 20.282063007354736
Rank 7 - Image 27b32500-40ef-4c14-ab88-ace5e9ceea27.png - Prediction 1 - Time 20.497624158859253
Rank 4 - Image 652d6bb3-56a0-4a89-9631-684ce27cfc4c.png - Prediction 0 - Time 20.778630256652832
Rank 1 - Image MIDRC-RICORD-1C-SITE2-000136-21646-0.png - Prediction 2 - Time 25.220511436462402
Rank 1 - Image MIDRC-RICORD-1C-SITE2-000153-84142-0.png - Prediction 2 - Time 24.22894024848938
Rank 1 - Image MIDRC-RICORD-1C-419639-003216-61144-0.png - Prediction 2 - Time 24.63176465034485
Rank 1 - Image MIDRC-RICORD-1C-419639-001464-60601-0.png - Prediction 2 - Time 24.324386835098267
Rank 1 - Image MIDRC-RICORD-1C-419639-003380-99227-0.png - Prediction 2 - Time 24.50718927383423
Rank 1 - Image MIDRC-RICORD-1C-SITE2-000272-41527-0.png - Prediction 2 - Time 24.43496561050415
Rank 1 - Image MIDRC-RICORD-1C-419639-003338-57135-0.png - Prediction 2 - Time 24.538161039352417
Rank 1 - Image MIDRC-RICORD-1C-419639-003060-04928-0.png - Prediction 2 - Time 24.62615728378296
Rank 1 - Image MIDRC-RICORD-1C-419639-002889-42412-0.png - Prediction 2 - Time 25.09001326560974
Rank 0 - gathering data of length: 8
Created csv file: /p/project/joaiml/ingolfsson1/COVID_Net/results/covidx_test_8_480_1238.csv
Total inference time: 1238.8385660648346
