Sat Dec  4 16:33:16 2021       
+-----------------------------------------------------------------------------+
| NVIDIA-SMI 418.87.00    Driver Version: 418.87.00    CUDA Version: 10.1     |
|-------------------------------+----------------------+----------------------+
| GPU  Name        Persistence-M| Bus-Id        Disp.A | Volatile Uncorr. ECC |
| Fan  Temp  Perf  Pwr:Usage/Cap|         Memory-Usage | GPU-Util  Compute M. |
|===============================+======================+======================|
|   0  Tesla V100-PCIE...  On   | 00000000:AF:00.0 Off |                    0 |
| N/A   29C    P0    26W / 250W |      0MiB / 32480MiB |      0%      Default |
+-------------------------------+----------------------+----------------------+
                                                                               
+-----------------------------------------------------------------------------+
| Processes:                                                       GPU Memory |
|  GPU       PID   Type   Process name                             Usage      |
|=============================================================================|
|  No running processes found                                                 |
+-----------------------------------------------------------------------------+
Rank 0 - Image MIDRC-RICORD-1C-419639-003251-46647-0.png - Prediction 2 - Time 23.81030535697937
Rank 3 - Image MIDRC-RICORD-1C-SITE2-000097-16347-1.png - Prediction 2 - Time 25.690818786621094
Rank 5 - Image 47c78742-4998-4878-aec4-37b11b1354ac.png - Prediction 0 - Time 25.920581579208374
Rank 4 - Image MIDRC-RICORD-1C-419639-000025-89853-0.png - Prediction 2 - Time 26.414952278137207
Rank 2 - Image MIDRC-RICORD-1C-SITE2-000001-16794-0.png - Prediction 2 - Time 26.468915462493896
Rank 9 - Image aef87dc2-a097-4683-9fb1-d1af6838a16a.png - Prediction 0 - Time 26.532052278518677
Rank 7 - Image 89dd8f63-8320-48f3-b142-d903f40d5c8c.png - Prediction 0 - Time 26.548023462295532
Rank 6 - Image 168f4fcb-a87d-49fc-b167-4ed42fd1ec43.png - Prediction 0 - Time 26.639074325561523
Rank 8 - Image 7817b551-d220-479b-815f-395f83e1dba1.png - Prediction 1 - Time 28.759520053863525
Rank 1 - Image MIDRC-RICORD-1C-419639-000538-40522-0.png - Prediction 2 - Time 27.826298236846924
Rank 0 - Image MIDRC-RICORD-1C-419639-001464-39871-0.png - Prediction 2 - Time 20.724762439727783
Rank 3 - Image MIDRC-RICORD-1C-419639-002043-49668-0.png - Prediction 2 - Time 20.754611015319824
Rank 5 - Image 8989e25c-a698-48fc-b428-fff56931fc8f.png - Prediction 0 - Time 20.55355477333069
Rank 4 - Image MIDRC-RICORD-1C-419639-001425-17331-0.png - Prediction 2 - Time 20.310389280319214
Rank 9 - Image afe1b6e2-203e-4ee5-856a-2f205d8bca2a.png - Prediction 1 - Time 20.579679012298584
Rank 7 - Image b76728e6-f44b-40bf-8688-e703d10d2039.png - Prediction 0 - Time 20.60346031188965
Rank 6 - Image a8e3ea7d-0b63-45cf-85d8-1078d3e2449d.png - Prediction 0 - Time 20.755335807800293
Rank 2 - Image MIDRC-RICORD-1C-419639-001571-15270-0.png - Prediction 2 - Time 21.336451053619385
Rank 8 - Image f743c21e-5876-460b-bbd6-2e2dcca41baa.png - Prediction 1 - Time 20.565152883529663
Rank 1 - Image MIDRC-RICORD-1C-419639-001735-74702-0.png - Prediction 2 - Time 23.659022331237793
Rank 0 - Image MIDRC-RICORD-1C-419639-000918-78965-0.png - Prediction 2 - Time 20.021259307861328
Rank 5 - Image 7fb3786c-5045-4a90-981d-c55b53d4d5d3.png - Prediction 0 - Time 20.090126752853394
Rank 6 - Image f31d1fb1-604b-4fec-b320-f07ce2694008.png - Prediction 0 - Time 19.367788553237915
Rank 3 - Image MIDRC-RICORD-1C-419639-000785-60200-0.png - Prediction 2 - Time 20.386341094970703
Rank 7 - Image d9884def-b31a-4861-9eea-27f97bffeba2.png - Prediction 0 - Time 20.145359992980957
Rank 4 - Image MIDRC-RICORD-1C-440808-000009-08.98-0.png - Prediction 2 - Time 20.584157466888428
Rank 9 - Image 3d070009-c877-4ed4-ac80-53781cb30fef.png - Prediction 1 - Time 20.406692504882812
Rank 2 - Image MIDRC-RICORD-1C-419639-001903-65209-0.png - Prediction 2 - Time 19.899545431137085
Rank 8 - Image e1d5a233-39ca-41dc-a289-b07c3e78cdb1.png - Prediction 1 - Time 19.81830072402954
Rank 1 - Image MIDRC-RICORD-1C-419639-000299-56159-0.png - Prediction 2 - Time 23.124817848205566
Rank 0 - Image MIDRC-RICORD-1C-419639-003318-64285-0.png - Prediction 2 - Time 20.81320595741272
Rank 5 - Image 766b8aea-3b43-4a34-b675-09f373ca066b.png - Prediction 0 - Time 19.830871105194092
Rank 2 - Image MIDRC-RICORD-1C-SITE2-000244-77429-0.png - Prediction 2 - Time 19.607688188552856
Rank 6 - Image 069cfd47-0169-43e7-89a1-0be0fa24105b.png - Prediction 0 - Time 20.95498490333557
Rank 3 - Image MIDRC-RICORD-1C-SITE2-000035-19513-0.png - Prediction 2 - Time 21.100200653076172
Rank 7 - Image ffba6230-71cf-4287-a0d1-887f5d16e95d.png - Prediction 0 - Time 20.838613271713257
Rank 4 - Image MIDRC-RICORD-1C-419639-000086-21140-0.png - Prediction 2 - Time 20.922176361083984
Rank 9 - Image 34fbff70-fa6e-4709-ab07-17f739fce394.png - Prediction 1 - Time 21.172847986221313
Rank 8 - Image 40a2f7fd-342e-494b-a7e0-5857b73ec582.png - Prediction 1 - Time 19.706984043121338
Rank 1 - Image MIDRC-RICORD-1C-SITE2-000178-89752-0.png - Prediction 2 - Time 23.6438410282135
Rank 0 - Image MIDRC-RICORD-1C-419639-001015-81591-0.png - Prediction 2 - Time 20.338568210601807
Rank 5 - Image f6236cb5-cc36-4ec4-895c-d11ce043341d.png - Prediction 0 - Time 19.402782201766968
Rank 6 - Image 85d84453-ab2d-4666-98e6-5df3cbb81f5b.png - Prediction 0 - Time 19.740833520889282
Rank 3 - Image MIDRC-RICORD-1C-419639-001155-71955-0.png - Prediction 2 - Time 19.913071632385254
Rank 4 - Image MIDRC-RICORD-1C-SITE2-000270-57009-0.png - Prediction 2 - Time 19.721062421798706
Rank 2 - Image MIDRC-RICORD-1C-419639-000582-21506-0.png - Prediction 2 - Time 20.707969427108765
Rank 9 - Image 2c68016e-5a63-4430-a834-efe5d43edd0e.png - Prediction 1 - Time 19.854788064956665
Rank 7 - Image f3b015ab-e337-4e7f-971d-eb7cc3dd4e92.png - Prediction 0 - Time 20.42977261543274
Rank 8 - Image bcdd92c8-2cde-4899-a6fc-46b875aaab62.png - Prediction 1 - Time 20.3742778301239
Rank 1 - Image MIDRC-RICORD-1C-419639-001287-60951-0.png - Prediction 2 - Time 23.085981369018555
Rank 5 - Image 153b7c2b-4909-4dca-8579-9523582bc4fe.png - Prediction 0 - Time 19.533596992492676
Rank 0 - Image MIDRC-RICORD-1C-SITE2-000265-99793-1.png - Prediction 2 - Time 20.510446071624756
Rank 2 - Image MIDRC-RICORD-1C-419639-002088-09388-0.png - Prediction 2 - Time 20.33471965789795
Rank 6 - Image 8db71746-e837-43c2-bdf1-c44d1ab207e3.png - Prediction 0 - Time 20.90629768371582
Rank 3 - Image MIDRC-RICORD-1C-SITE2-000207-20956-0.png - Prediction 2 - Time 20.53862166404724
Rank 9 - Image 8ae822ae-a656-47ba-ac5b-848ce2256575.png - Prediction 1 - Time 19.945149421691895
Rank 4 - Image MIDRC-RICORD-1C-419639-000573-31324-0.png - Prediction 2 - Time 20.847753763198853
Rank 7 - Image bca4aa4d-0cc9-4cc0-b06d-5b675194bf62.png - Prediction 0 - Time 20.808162689208984
Rank 8 - Image ac648f87-a79f-4ce0-9439-23a8dd886b71.png - Prediction 1 - Time 20.176356077194214
Rank 5 - Image 1afd6582-da9d-4e5a-a81f-62a188fe9366.png - Prediction 0 - Time 20.642046213150024
Rank 1 - Image MIDRC-RICORD-1C-SITE2-000182-35476-0.png - Prediction 2 - Time 23.490384817123413
Rank 0 - Image MIDRC-RICORD-1C-SITE2-000159-61155-0.png - Prediction 2 - Time 20.92491579055786
Rank 9 - Image f661fe70-2fc1-4564-9f53-45504c0b0688.png - Prediction 1 - Time 19.821269989013672
Rank 6 - Image 275f9fff-2439-4f3f-9c48-7c21f348701a.png - Prediction 0 - Time 20.249385833740234
Rank 3 - Image MIDRC-RICORD-1C-419639-002472-45590-0.png - Prediction 2 - Time 20.323853492736816
Rank 2 - Image MIDRC-RICORD-1C-419639-002050-25234-0.png - Prediction 2 - Time 20.930015325546265
Rank 4 - Image MIDRC-RICORD-1C-SITE2-000154-41630-0.png - Prediction 2 - Time 20.984583139419556
Rank 7 - Image 9e2ddac8-9a4c-448b-98c8-a840a548d0f7.png - Prediction 0 - Time 21.47913932800293
Rank 8 - Image 93b49de9-9267-43c2-a507-6885e4caeaba.png - Prediction 1 - Time 21.51531171798706
Rank 5 - Image 85bb48fe-e6d6-47de-bb71-d1636aced7dc.png - Prediction 0 - Time 20.139466285705566
Rank 9 - Image 78c33a1a-8f22-476c-ae97-8190192102df.png - Prediction 1 - Time 19.47204828262329
Rank 0 - Image MIDRC-RICORD-1C-419639-003169-42019-0.png - Prediction 0 - Time 20.75190782546997
Rank 3 - Image MIDRC-RICORD-1C-419639-002114-73757-0.png - Prediction 2 - Time 20.446505069732666
Rank 6 - Image 1d1968e2-88a5-4d72-9237-caf4cbad9423.png - Prediction 0 - Time 21.131189346313477
Rank 1 - Image MIDRC-RICORD-1C-419639-000025-17477-0.png - Prediction 2 - Time 23.55133295059204
Rank 2 - Image MIDRC-RICORD-1C-SITE2-000235-44451-0.png - Prediction 2 - Time 20.845516443252563
Rank 4 - Image MIDRC-RICORD-1C-SITE2-000168-32448-0.png - Prediction 2 - Time 20.61852478981018
Rank 7 - Image fc958b63-5da8-448d-8962-3c5167dc9410.png - Prediction 0 - Time 20.69342541694641
Rank 8 - Image af2ff93b-2f33-4c91-bde1-1490fc435b50.png - Prediction 1 - Time 20.867218494415283
Rank 5 - Image eaeb935a-7294-4dd3-8bf5-73ba781d28af.png - Prediction 0 - Time 20.433581352233887
Rank 9 - Image 652b519d-5eb4-4abc-93f7-15ae661a431f.png - Prediction 1 - Time 20.27618384361267
Rank 0 - Image MIDRC-RICORD-1C-SITE2-000238-25854-1.png - Prediction 2 - Time 20.392805099487305
Rank 3 - Image MIDRC-RICORD-1C-419639-002997-12964-0.png - Prediction 2 - Time 20.108788013458252
Rank 6 - Image 07aeb82e-773b-4498-95c0-fabdf4985bb2.png - Prediction 0 - Time 20.2218017578125
Rank 4 - Image MIDRC-RICORD-1C-SITE2-000125-08616-1.png - Prediction 2 - Time 19.611286878585815
Rank 2 - Image MIDRC-RICORD-1C-SITE2-000202-80939-0.png - Prediction 2 - Time 20.182188510894775
Rank 8 - Image 31692137-f770-4cfe-a02e-fd207ce813ac.png - Prediction 1 - Time 20.693417072296143
Rank 7 - Image cb7d021b-b273-436a-bd7a-e68c11ed3f6b.png - Prediction 0 - Time 21.204495429992676
Rank 1 - Image MIDRC-RICORD-1C-419639-002528-57471-0.png - Prediction 2 - Time 23.29324197769165
Rank 5 - Image 5f137fa7-6539-499e-b0d5-0e481221bf5a.png - Prediction 1 - Time 20.834563732147217
Rank 9 - Image 2397b2f6-3dfa-476c-89ea-e9992c5bd9a9.png - Prediction 1 - Time 19.5234375
Rank 0 - Image MIDRC-RICORD-1C-419639-001464-33260-0.png - Prediction 2 - Time 20.820249557495117
Rank 3 - Image MIDRC-RICORD-1C-419639-001464-73170-0.png - Prediction 2 - Time 20.76880407333374
Rank 6 - Image 652d6bb3-56a0-4a89-9631-684ce27cfc4c.png - Prediction 0 - Time 20.30663537979126
Rank 4 - Image MIDRC-RICORD-1C-SITE2-000096-37358-0.png - Prediction 2 - Time 20.82153344154358
Rank 2 - Image MIDRC-RICORD-1C-419639-003203-21209-0.png - Prediction 0 - Time 20.788139820098877
Rank 7 - Image ff332704-48e0-445b-9188-b2a696d1f0d7.png - Prediction 0 - Time 20.49196696281433
Rank 8 - Image f7379744-be39-44b2-8816-a743857bd6a6.png - Prediction 1 - Time 20.945600032806396
Rank 1 - Image MIDRC-RICORD-1C-419639-001932-82193-0.png - Prediction 2 - Time 23.282907009124756
Rank 5 - Image b5234584-1487-492c-8742-444b9ca41c3d.png - Prediction 0 - Time 20.1195387840271
Rank 9 - Image ac10f43e-03b8-43d2-bcae-6fe000542397.png - Prediction 0 - Time 20.262123346328735
Rank 0 - Image MIDRC-RICORD-1C-SITE2-000018-55212-0.png - Prediction 2 - Time 20.186277151107788
Rank 6 - Image e155c13d-7ac7-4765-bb86-899349978413.png - Prediction 1 - Time 20.297679901123047
Rank 3 - Image MIDRC-RICORD-1C-419639-003102-68604-0.png - Prediction 2 - Time 20.617005825042725
Rank 2 - Image MIDRC-RICORD-1C-419639-000025-90087-1.png - Prediction 2 - Time 20.39589238166809
Rank 4 - Image MIDRC-RICORD-1C-SITE2-000221-43774-0.png - Prediction 2 - Time 20.739160299301147
Rank 8 - Image 3186d210-966f-4733-ba72-98729be9551a.png - Prediction 1 - Time 20.136219263076782
Rank 7 - Image 3e1b619a-cdd9-495a-bcbf-a9d62b418991.png - Prediction 0 - Time 20.60633087158203
Rank 1 - Image MIDRC-RICORD-1C-419639-000002-10161-0.png - Prediction 2 - Time 23.6632342338562
Rank 5 - Image 71d8d6ec-253b-4272-a467-311828b2a35b.png - Prediction 0 - Time 20.671083688735962
Rank 9 - Image 3c8cc0d1-be7f-493d-9570-542d851f623b.png - Prediction 1 - Time 21.08878231048584
Rank 0 - Image MIDRC-RICORD-1C-419639-000025-50888-0.png - Prediction 2 - Time 20.2611882686615
Rank 3 - Image MIDRC-RICORD-1C-419639-001464-63464-0.png - Prediction 2 - Time 20.332210063934326
Rank 6 - Image 98bfaf7a-d80b-491e-a7e0-c5c7316bebe9.png - Prediction 0 - Time 20.550190210342407
Rank 2 - Image MIDRC-RICORD-1C-SITE2-000136-21646-0.png - Prediction 2 - Time 20.446412563323975
Rank 4 - Image MIDRC-RICORD-1C-SITE2-000179-48742-0.png - Prediction 2 - Time 20.41368842124939
Rank 8 - Image b51c3c24-f9aa-4039-9fc1-527a5567dff6.png - Prediction 1 - Time 20.536369800567627
Rank 7 - Image 0977f16c-c343-42c9-95ed-d7ca996feb16.png - Prediction 1 - Time 20.8173565864563
Rank 1 - Image MIDRC-RICORD-1C-419639-001464-72163-0.png - Prediction 2 - Time 23.189616441726685
Rank 5 - Image 0103fadb-1663-40a6-8a9e-09d626cd2091.png - Prediction 0 - Time 19.7320339679718
Rank 9 - Image 6565a9e6-3f01-4de8-a18d-ade3121c5d7c.png - Prediction 1 - Time 20.548534154891968
Rank 0 - Image MIDRC-RICORD-1C-419639-001288-10277-0.png - Prediction 2 - Time 20.81917428970337
Rank 6 - Image 76b180ab-242f-45d3-bce1-68df00c5ef45.png - Prediction 0 - Time 20.121564149856567
Rank 3 - Image MIDRC-RICORD-1C-419639-001603-23454-0.png - Prediction 2 - Time 20.718602418899536
Rank 2 - Image MIDRC-RICORD-1C-SITE2-000153-84142-0.png - Prediction 2 - Time 20.728381872177124
Rank 4 - Image MIDRC-RICORD-1C-SITE2-000176-81030-0.png - Prediction 2 - Time 20.69795250892639
Rank 8 - Image e9e58e10-2795-4dec-a738-c9792ea8f685.png - Prediction 1 - Time 21.085426092147827
Rank 7 - Image f8a11cd6-e541-4765-a41b-3d70b6f3481e.png - Prediction 0 - Time 21.19891357421875
Rank 1 - Image MIDRC-RICORD-1C-SITE2-000239-21655-0.png - Prediction 2 - Time 23.347128868103027
Rank 9 - Image ed0c5d1e-934a-4e31-9221-3a6a69ec9c1b.png - Prediction 1 - Time 19.219549417495728
Rank 5 - Image e4cd65ae-65de-44fc-a6b2-ebbc46d2e8d8.png - Prediction 0 - Time 20.971246242523193
Rank 0 - Image MIDRC-RICORD-1C-419639-002757-16718-0.png - Prediction 2 - Time 20.937249422073364
Rank 3 - Image MIDRC-RICORD-1C-419639-000025-39552-0.png - Prediction 2 - Time 20.1464262008667
Rank 6 - Image 372b2fea-2013-4600-a06f-765c3f054a82.png - Prediction 0 - Time 20.792710065841675
Rank 4 - Image MIDRC-RICORD-1C-419639-003199-43900-0.png - Prediction 2 - Time 20.022988080978394
Rank 2 - Image MIDRC-RICORD-1C-419639-003216-61144-0.png - Prediction 2 - Time 20.415966272354126
Rank 8 - Image cd9d2d22-4395-4e4d-8837-cfb33c2bdaab.png - Prediction 1 - Time 20.606182098388672
Rank 7 - Image 960131aa-4ce4-4b26-aa12-5f73d8d81453.png - Prediction 0 - Time 20.51567530632019
Rank 9 - Image 4bc8ce99-2420-48c2-a768-d067da67ced2.png - Prediction 1 - Time 19.174641370773315
Rank 5 - Image 2f8fbfdc-56db-4eca-bf64-3c9a0637e28c.png - Prediction 0 - Time 19.192003965377808
Rank 1 - Image MIDRC-RICORD-1C-419639-003371-97350-0.png - Prediction 2 - Time 23.583186626434326
Rank 0 - Image MIDRC-RICORD-1C-SITE2-000135-64564-1.png - Prediction 2 - Time 20.378170490264893
Rank 3 - Image MIDRC-RICORD-1C-SITE2-000291-42841-0.png - Prediction 2 - Time 20.4976544380188
Rank 6 - Image a52aa522-a1b3-4f15-8609-f44bf96da2e3.png - Prediction 0 - Time 20.473939180374146
Rank 4 - Image MIDRC-RICORD-1C-419639-003191-84953-0.png - Prediction 2 - Time 20.22759699821472
Rank 2 - Image MIDRC-RICORD-1C-419639-001464-60601-0.png - Prediction 2 - Time 19.87806797027588
Rank 8 - Image b42eaeb8-b6d3-41d7-836c-56fd0922abf6.png - Prediction 1 - Time 20.216482400894165
Rank 7 - Image 3a5327d8-8830-4ae2-bd6b-293f5aa42d4b.png - Prediction 0 - Time 20.350960731506348
Rank 5 - Image bc46651a-1314-44af-a834-1eb8a36e589e.png - Prediction 0 - Time 19.5674307346344
Rank 9 - Image 6df82c7a-a91e-487c-ae3a-9022b17d7c7a.png - Prediction 1 - Time 20.747480630874634
Rank 0 - Image MIDRC-RICORD-1C-SITE2-000147-13199-0.png - Prediction 2 - Time 20.89935541152954
Rank 3 - Image MIDRC-RICORD-1C-419639-001782-15190-0.png - Prediction 2 - Time 21.116461753845215
Rank 1 - Image MIDRC-RICORD-1C-419639-000432-86017-0.png - Prediction 2 - Time 23.43804669380188
Rank 6 - Image 6556ce72-1a60-40aa-aaf7-b50dbf07fae7.png - Prediction 0 - Time 21.32756519317627
Rank 4 - Image MIDRC-RICORD-1C-SITE2-000029-97068-0.png - Prediction 2 - Time 20.967499494552612
Rank 2 - Image MIDRC-RICORD-1C-419639-003380-99227-0.png - Prediction 2 - Time 21.087558269500732
Rank 8 - Image ae06b30f-ae30-40d3-b237-c934ce499774.png - Prediction 1 - Time 20.83362126350403
Rank 7 - Image a0b9597d-93f4-4a7c-a412-81cb78bccb66.png - Prediction 0 - Time 21.040717363357544
Rank 5 - Image 71d25920-4060-4a31-b7aa-cfbf4721a5c5.png - Prediction 0 - Time 20.63903498649597
Rank 9 - Image a6c364d2-b2d6-4b0b-a439-40b992ff65c7.png - Prediction 1 - Time 20.205044507980347
Rank 0 - Image MIDRC-RICORD-1C-419639-002601-92699-0.png - Prediction 2 - Time 20.506353855133057
Rank 4 - Image MIDRC-RICORD-1C-419639-002401-32756-0.png - Prediction 2 - Time 19.80566120147705
Rank 3 - Image MIDRC-RICORD-1C-SITE2-000279-56879-0.png - Prediction 2 - Time 20.53921103477478
Rank 2 - Image MIDRC-RICORD-1C-SITE2-000272-41527-0.png - Prediction 2 - Time 20.008565187454224
Rank 6 - Image 633d9182-1809-41b7-a59b-1e60ac91f0c9.png - Prediction 0 - Time 20.275514841079712
Rank 8 - Image f59ae80d-d98e-465f-963a-1064764211f8.png - Prediction 1 - Time 19.878401279449463
Rank 1 - Image MIDRC-RICORD-1C-419639-001007-89903-0.png - Prediction 2 - Time 23.316023111343384
Rank 7 - Image cdac0980-033c-4685-b7e4-0a12c86a00a9.png - Prediction 0 - Time 20.505029916763306
Rank 5 - Image ca3c90e4-f7fe-4f6e-b20b-81473deab4f0.png - Prediction 0 - Time 19.36702251434326
Rank 9 - Image 32a5977f-f8ab-41c9-9b51-5387248e4675.png - Prediction 0 - Time 20.885536670684814
Rank 0 - Image MIDRC-RICORD-1C-419639-002310-52924-0.png - Prediction 2 - Time 20.315215826034546
Rank 4 - Image MIDRC-RICORD-1C-419639-001762-18334-0.png - Prediction 2 - Time 19.89396905899048
Rank 2 - Image MIDRC-RICORD-1C-419639-003338-57135-0.png - Prediction 2 - Time 20.37077307701111
Rank 3 - Image MIDRC-RICORD-1C-SITE2-000067-11643-0.png - Prediction 2 - Time 20.476686716079712
Rank 6 - Image fd7bad9a-1bff-49ec-9c6c-c9aae9e65726.png - Prediction 0 - Time 20.573169708251953
Rank 8 - Image 03a9498c-549d-4e7d-800b-e74797f7f625.png - Prediction 1 - Time 20.60525393486023
Rank 7 - Image 7ca5c75a-1ec6-49a7-a3b0-93b6122a3170.png - Prediction 0 - Time 20.259459972381592
Rank 1 - Image MIDRC-RICORD-1C-419639-001464-39871-1.png - Prediction 2 - Time 23.639131784439087
Rank 5 - Image dab2f334-331c-42c7-af09-a997092464b0.png - Prediction 1 - Time 20.729321002960205
Rank 9 - Image c3751c94-ea6f-4a7c-b3bf-87a54012fa80.png - Prediction 0 - Time 19.868077516555786
Rank 0 - Image MIDRC-RICORD-1C-SITE2-000171-45676-0.png - Prediction 2 - Time 21.061320543289185
Rank 4 - Image MIDRC-RICORD-1C-SITE2-000210-51719-0.png - Prediction 2 - Time 21.15442132949829
Rank 2 - Image MIDRC-RICORD-1C-419639-003060-04928-0.png - Prediction 2 - Time 20.488591194152832
Rank 3 - Image MIDRC-RICORD-1C-SITE2-000015-91071-0.png - Prediction 2 - Time 20.737316608428955
Rank 6 - Image 99432aa3-8d61-4ff2-a79a-f0a0218d6fa2.png - Prediction 0 - Time 20.858357667922974
Rank 7 - Image d1e0d69c-a4df-485a-983c-535494221d1a.png - Prediction 0 - Time 19.988397359848022
Rank 8 - Image 080f2b35-fcd5-473e-864b-a7dea3054cc7.png - Prediction 1 - Time 21.234540700912476
Rank 1 - Image MIDRC-RICORD-1C-419639-002374-98411-0.png - Prediction 2 - Time 22.984981298446655
Rank 5 - Image 436dce2a-06c3-4281-bb8e-840497a49381.png - Prediction 1 - Time 19.729190587997437
Rank 9 - Image 1c0a780d-1cac-4eee-b46d-470ecebc9ae0.png - Prediction 1 - Time 21.208333253860474
Rank 0 - Image MIDRC-RICORD-1C-419639-000025-56001-0.png - Prediction 2 - Time 19.743306398391724
Rank 4 - Image MIDRC-RICORD-1C-SITE2-000200-97745-0.png - Prediction 2 - Time 19.786836862564087
Rank 3 - Image MIDRC-RICORD-1C-440808-000016-8.281-0.png - Prediction 0 - Time 20.25801682472229
Rank 2 - Image MIDRC-RICORD-1C-419639-002889-42412-0.png - Prediction 2 - Time 20.671329736709595
Rank 6 - Image 34bf2fcd-131a-428c-9a21-cd2fa9041f9b.png - Prediction 0 - Time 20.195255994796753
Rank 7 - Image 6b969591-8a07-49ed-9f65-fa19a453df59.png - Prediction 1 - Time 19.37203621864319
Rank 8 - Image b479635e-4c58-4d27-879b-fb0e87b2a1aa.png - Prediction 1 - Time 20.7624568939209
Rank 1 - Image MIDRC-RICORD-1C-SITE2-000028-53390-0.png - Prediction 2 - Time 23.470619201660156
Rank 5 - Image af6ef3d9-81c8-434e-bc5a-dbf89bc418aa.png - Prediction 0 - Time 20.531517505645752
Rank 9 - Image b852bc3c-0de5-4448-aff8-f96b2cc13d51.png - Prediction 1 - Time 20.0089008808136
Rank 0 - Image MIDRC-RICORD-1C-419639-003340-85716-0.png - Prediction 2 - Time 20.225340127944946
Rank 4 - Image MIDRC-RICORD-1C-419639-001374-75990-0.png - Prediction 2 - Time 20.032795667648315
Rank 3 - Image MIDRC-RICORD-1C-419639-001829-30276-0.png - Prediction 2 - Time 20.16274404525757
Rank 6 - Image b5007662-ff9c-49ad-9093-85ed7dc44bf4.png - Prediction 0 - Time 20.12090253829956
Rank 2 - Image MIDRC-RICORD-1C-SITE2-000106-15732-0.png - Prediction 2 - Time 20.32750678062439
Rank 7 - Image bd8facb9-dce0-4048-8249-e6078b28e1b7.png - Prediction 1 - Time 20.290558338165283
Rank 8 - Image 86853bbd-5af2-4551-8273-f2978dffdd76.png - Prediction 1 - Time 19.3856303691864
Rank 5 - Image a7aef71b-0fc8-4837-be79-4ced56e03439.png - Prediction 0 - Time 19.651605367660522
Rank 1 - Image MIDRC-RICORD-1C-419639-001070-42385-0.png - Prediction 2 - Time 23.432015419006348
Rank 9 - Image a2616330-1f29-4019-928f-e2d62b3b737b.png - Prediction 1 - Time 21.036295413970947
Rank 0 - Image MIDRC-RICORD-1C-419639-003257-00787-0.png - Prediction 2 - Time 20.4215030670166
Rank 4 - Image MIDRC-RICORD-1C-419639-003336-50845-0.png - Prediction 2 - Time 20.68240261077881
Rank 3 - Image MIDRC-RICORD-1C-419639-000025-53641-0.png - Prediction 2 - Time 20.114195346832275
Rank 6 - Image 06b2f933-3ea2-4477-ac27-18f732d1f4e1.png - Prediction 0 - Time 20.445231676101685
Rank 2 - Image MIDRC-RICORD-1C-SITE2-000297-71173-1.png - Prediction 2 - Time 20.728233337402344
Rank 8 - Image acb5c720-f741-415c-993c-65855be08ffa.png - Prediction 1 - Time 19.964918613433838
Rank 7 - Image 4dbc44ca-694a-4814-9a24-bc60c8d8d611.png - Prediction 1 - Time 20.969340085983276
Rank 5 - Image dfa57c1f-01fb-4417-a1b5-0641a9b4bb84.png - Prediction 0 - Time 19.689138650894165
Rank 9 - Image a6236ddd-6367-4569-b5f1-07d2df9390ad.png - Prediction 1 - Time 20.814207792282104
Rank 1 - Image MIDRC-RICORD-1C-SITE2-000283-41971-0.png - Prediction 2 - Time 23.433462142944336
Rank 0 - Image MIDRC-RICORD-1C-SITE2-000099-22857-0.png - Prediction 2 - Time 20.900280237197876
Rank 4 - Image MIDRC-RICORD-1C-419639-002929-69159-0.png - Prediction 2 - Time 20.93052840232849
Rank 2 - Image MIDRC-RICORD-1C-SITE2-000204-24409-0.png - Prediction 2 - Time 20.294501781463623
Rank 6 - Image c2b24ebd-2c40-48c3-ba39-177224dd7db0.png - Prediction 0 - Time 21.22254490852356
Rank 3 - Image MIDRC-RICORD-1C-SITE2-000124-65701-0.png - Prediction 2 - Time 21.962255001068115
Rank 7 - Image 3f504abe-2133-4e09-98af-743cdea486f9.png - Prediction 1 - Time 20.734159469604492
Rank 8 - Image 1414c7d6-dff3-453c-8322-b25bb5899d78.png - Prediction 1 - Time 21.476303577423096
Rank 5 - Image 5eb932e2-3455-40fe-93db-ae44f897d9e0.png - Prediction 0 - Time 20.442981719970703
Rank 9 - Image b8d6b40d-2a3d-475f-88d3-03560f645223.png - Prediction 1 - Time 20.137027263641357
Rank 0 - Image MIDRC-RICORD-1C-SITE2-000155-37671-0.png - Prediction 2 - Time 20.168524980545044
Rank 2 - Image MIDRC-RICORD-1C-419639-001464-82193-0.png - Prediction 2 - Time 19.593435764312744
Rank 4 - Image MIDRC-RICORD-1C-SITE2-000120-98054-0.png - Prediction 2 - Time 20.554850101470947
Rank 1 - Image MIDRC-RICORD-1C-SITE2-000023-20254-0.png - Prediction 2 - Time 23.134312868118286
Rank 3 - Image MIDRC-RICORD-1C-419639-001464-85049-0.png - Prediction 2 - Time 20.0222430229187
Rank 6 - Image 63192a6c-02ba-48a5-932a-bb82aeacb1bc.png - Prediction 0 - Time 20.784419536590576
Rank 8 - Image c3a6ca22-c09b-4be0-a59d-e52718fbb645.png - Prediction 1 - Time 19.993037223815918
Rank 7 - Image af169d21-1c39-445e-82d8-5035182a3a8c.png - Prediction 1 - Time 20.573893070220947
Rank 5 - Image e8485b0f-293d-4ca8-8b71-92db61c8ee3e.png - Prediction 0 - Time 19.78184700012207
Rank 9 - Image 49b2fb17-b12c-4e5a-8c4a-02449027c42b.png - Prediction 1 - Time 21.1654691696167
Rank 0 - Image MIDRC-RICORD-1C-419639-000235-89929-0.png - Prediction 2 - Time 21.064478874206543
Rank 2 - Image MIDRC-RICORD-1C-SITE2-000058-42859-0.png - Prediction 2 - Time 20.73953342437744
Rank 4 - Image MIDRC-RICORD-1C-SITE2-000127-30661-0.png - Prediction 2 - Time 20.573343753814697
Rank 3 - Image MIDRC-RICORD-1C-419639-000025-90087-0.png - Prediction 2 - Time 21.095722913742065
Rank 6 - Image 73dca3d1-5c58-4c72-80a9-201deca7ffec.png - Prediction 0 - Time 21.10248064994812
Rank 1 - Image MIDRC-RICORD-1C-SITE2-000181-63935-0.png - Prediction 2 - Time 23.46349596977234
Rank 7 - Image fcd159f4-21d3-4169-a94b-95a2b5ccddcb.png - Prediction 1 - Time 20.610806703567505
Rank 8 - Image bfd795ae-7656-40fc-b44e-566515e52ed2.png - Prediction 1 - Time 20.978925943374634
Rank 5 - Image 35cda03a-0898-4f8b-92d3-6f263aed23ff.png - Prediction 0 - Time 19.058321475982666
Rank 9 - Image 3766b0a6-1769-4d82-b081-fa53531de34e.png - Prediction 1 - Time 20.382506370544434
Rank 0 - Image MIDRC-RICORD-1C-419639-002376-07504-0.png - Prediction 2 - Time 20.250812530517578
Rank 2 - Image MIDRC-RICORD-1C-SITE2-000149-71428-1.png - Prediction 2 - Time 20.082212448120117
Rank 4 - Image MIDRC-RICORD-1C-SITE2-000206-25871-0.png - Prediction 2 - Time 20.50236988067627
Rank 3 - Image MIDRC-RICORD-1C-SITE2-000098-66227-0.png - Prediction 2 - Time 20.687592029571533
Rank 6 - Image c485a9bd-6e18-4328-8c5c-cf80f71aa35d.png - Prediction 0 - Time 21.16439962387085
Rank 8 - Image 098906c5-cf22-43d3-9f0d-90e88e602090.png - Prediction 1 - Time 20.394811391830444
Rank 7 - Image b6db3041-1554-43ef-baca-58733b6717d6.png - Prediction 0 - Time 20.58502721786499
Rank 1 - Image MIDRC-RICORD-1C-419639-003105-50900-0.png - Prediction 2 - Time 23.64559555053711
Rank 5 - Image d82e5841-2f43-4eab-ac17-e98a2d90c51b.png - Prediction 0 - Time 20.463416814804077
Rank 9 - Image f12d7b12-0398-4533-8f55-8772cc434945.png - Prediction 1 - Time 20.37405300140381
Rank 2 - Image MIDRC-RICORD-1C-419639-002281-83348-0.png - Prediction 2 - Time 19.852867364883423
Rank 0 - Image MIDRC-RICORD-1C-419639-001433-28259-0.png - Prediction 2 - Time 20.543432235717773
Rank 4 - Image MIDRC-RICORD-1C-SITE2-000141-46899-0.png - Prediction 2 - Time 20.726433038711548
Rank 3 - Image MIDRC-RICORD-1C-SITE2-000188-54382-0.png - Prediction 2 - Time 20.880463123321533
Rank 6 - Image b540ba89-72f7-40f5-a916-376546c20014.png - Prediction 0 - Time 21.047178506851196
Rank 8 - Image b5714c0f-6d0f-4c56-833f-8b83f19e982a.png - Prediction 1 - Time 20.877368211746216
Rank 7 - Image a0a8370a-dc3f-4f70-a440-e3fa9827928a.png - Prediction 1 - Time 21.26632523536682
Rank 1 - Image MIDRC-RICORD-1C-SITE2-000185-39456-0.png - Prediction 2 - Time 24.610496282577515
Rank 5 - Image af1d168c-4850-41e1-85b8-ff8fc645e671.png - Prediction 0 - Time 21.177525520324707
Rank 9 - Image 0b7a4fb2-adab-484b-a0f7-23f5111bc745.png - Prediction 1 - Time 20.791064262390137
Rank 2 - Image MIDRC-RICORD-1C-419639-002733-79941-0.png - Prediction 2 - Time 20.30514097213745
Rank 0 - Image MIDRC-RICORD-1C-419639-003116-57702-0.png - Prediction 2 - Time 20.842240571975708
Rank 4 - Image MIDRC-RICORD-1C-SITE2-000203-08712-0.png - Prediction 2 - Time 20.739845275878906
Rank 3 - Image MIDRC-RICORD-1C-SITE2-000072-79474-0.png - Prediction 2 - Time 21.09488344192505
Rank 6 - Image 33e4e43b-054b-4537-9cd6-0fe574f7d337.png - Prediction 0 - Time 21.228199243545532
Rank 8 - Image 875b34e4-b58d-479f-954a-5b015071f448.png - Prediction 1 - Time 21.221170902252197
Rank 7 - Image 1dad3414-88c9-4c56-af5d-3a1488af452c.png - Prediction 1 - Time 20.693150520324707
Rank 5 - Image 585f5059-8938-4885-accb-d7d0b1097c60.png - Prediction 0 - Time 19.854608297348022
Rank 1 - Image MIDRC-RICORD-1C-419639-003187-73922-0.png - Prediction 2 - Time 25.285187482833862
Rank 9 - Image 1565fd6c-9432-454a-87e4-937fd5ad5b60.png - Prediction 1 - Time 20.748998641967773
Rank 2 - Image MIDRC-RICORD-1C-419639-000025-81112-0.png - Prediction 2 - Time 20.501609802246094
Rank 0 - Image MIDRC-RICORD-1C-419639-001629-03737-0.png - Prediction 2 - Time 20.75935125350952
Rank 4 - Image MIDRC-RICORD-1C-SITE2-000045-76077-0.png - Prediction 2 - Time 20.53906273841858
Rank 3 - Image MIDRC-RICORD-1C-419639-001882-13628-0.png - Prediction 2 - Time 20.936569452285767
Rank 6 - Image 45dd0d26-0740-4c32-bd01-34246a41f3e3.png - Prediction 0 - Time 20.79955768585205
Rank 8 - Image 91e187a5-771d-4a83-9601-e22ed326bc8e.png - Prediction 1 - Time 20.405980825424194
Rank 7 - Image f760c946-a103-4991-a6e5-ff60c24cd99f.png - Prediction 1 - Time 20.550166845321655
Rank 5 - Image 5d4c7318-4739-4470-89f3-70bbbca95f10.png - Prediction 0 - Time 20.51396155357361
Rank 9 - Image 02002619-3dea-4038-8d4d-458db30ed8de.png - Prediction 1 - Time 20.292757272720337
Rank 2 - Image MIDRC-RICORD-1C-419639-003186-86346-0.png - Prediction 2 - Time 19.769606828689575
Rank 1 - Image MIDRC-RICORD-1C-SITE2-000066-97290-0.png - Prediction 2 - Time 24.825181007385254
Rank 0 - Image MIDRC-RICORD-1C-SITE2-000211-85940-0.png - Prediction 2 - Time 20.551066637039185
Rank 4 - Image MIDRC-RICORD-1C-SITE2-000162-64489-0.png - Prediction 2 - Time 20.3043532371521
Rank 3 - Image MIDRC-RICORD-1C-419639-000402-60433-0.png - Prediction 2 - Time 20.65761399269104
Rank 7 - Image b021293c-4dd0-450c-b1a4-2d72cedab0a2.png - Prediction 1 - Time 19.362082719802856
Rank 8 - Image 3abb7176-035d-46cc-844e-820870e8154b.png - Prediction 1 - Time 19.566860914230347
Rank 6 - Image ad446933-fb8e-4739-bb40-2063e796ffd8.png - Prediction 0 - Time 20.641215324401855
Rank 5 - Image d3ad2915-af30-426c-ad2d-1634df8c1b5f.png - Prediction 0 - Time 21.2058002948761
Rank 9 - Image becefa4b-f719-48c6-a903-85e391e026a4.png - Prediction 1 - Time 20.829715490341187
Rank 2 - Image MIDRC-RICORD-1C-SITE2-000237-52517-0.png - Prediction 2 - Time 20.782810926437378
Rank 0 - Image MIDRC-RICORD-1C-419639-003027-36839-0.png - Prediction 2 - Time 19.957525491714478
Rank 4 - Image MIDRC-RICORD-1C-419639-001505-21193-0.png - Prediction 2 - Time 20.688501596450806
Rank 1 - Image MIDRC-RICORD-1C-SITE2-000105-65881-0.png - Prediction 2 - Time 24.889232873916626
Rank 3 - Image MIDRC-RICORD-1C-440808-000019-8.433-0.png - Prediction 1 - Time 20.847351551055908
Rank 7 - Image 349f10b4-dc3e-4f3f-b2e4-a5b81448ce87.png - Prediction 1 - Time 20.699581623077393
Rank 8 - Image 3e4ee273-d5ca-4cf8-a75a-05772e0e12fe.png - Prediction 1 - Time 21.066214323043823
Rank 6 - Image 5b12801f-aaf7-442e-b994-ec8f15ce78e5.png - Prediction 0 - Time 21.882158756256104
Rank 5 - Image dee054ff-0e1a-4167-b814-cbf339cf689c.png - Prediction 0 - Time 20.208268404006958
Rank 9 - Image 3f2b878e-9e3b-410b-a739-b43d81b98692.png - Prediction 1 - Time 19.963773488998413
Rank 2 - Image MIDRC-RICORD-1C-SITE2-000002-65816-0.png - Prediction 2 - Time 20.172363996505737
Rank 4 - Image MIDRC-RICORD-1C-SITE2-000173-80432-1.png - Prediction 2 - Time 20.02720069885254
Rank 0 - Image MIDRC-RICORD-1C-419639-003021-81745-0.png - Prediction 2 - Time 21.141172409057617
Rank 3 - Image MIDRC-RICORD-1C-419639-003319-99931-0.png - Prediction 2 - Time 20.451796054840088
Rank 7 - Image 05d3817a-5535-4e77-8dda-d4412e496c81.png - Prediction 1 - Time 20.362494945526123
Rank 8 - Image bd9af100-1805-4e0a-8875-4a4b7195f0d8.png - Prediction 1 - Time 20.354336738586426
Rank 6 - Image 3fe1550e-8bcb-4732-a343-725acce70531.png - Prediction 0 - Time 19.94145441055298
Rank 1 - Image MIDRC-RICORD-1C-419639-003080-09097-0.png - Prediction 2 - Time 25.724485635757446
Rank 5 - Image bb068d57-86a8-4347-bee0-e29d59ddef6b.png - Prediction 0 - Time 20.53441619873047
Rank 9 - Image adce8349-6836-4328-ab63-f356d0bbe298.png - Prediction 1 - Time 20.355552434921265
Rank 2 - Image MIDRC-RICORD-1C-419639-000025-39552-1.png - Prediction 2 - Time 20.32276940345764
Rank 0 - Image MIDRC-RICORD-1C-419639-003024-14703-0.png - Prediction 2 - Time 19.917428970336914
Rank 4 - Image MIDRC-RICORD-1C-419639-002871-45785-0.png - Prediction 2 - Time 21.487523555755615
Rank 7 - Image c21157da-1f74-4966-ba4e-c144d8f5da2d.png - Prediction 1 - Time 20.51125693321228
Rank 3 - Image MIDRC-RICORD-1C-SITE2-000217-73086-0.png - Prediction 2 - Time 20.73374056816101
Rank 8 - Image 6804008c-94eb-4870-ba6e-b06514073e71.png - Prediction 1 - Time 20.356626510620117
Rank 6 - Image 0bb24183-8b59-48f1-8bbf-4d889976fc82.png - Prediction 0 - Time 19.346140384674072
Rank 5 - Image 354c3756-43ed-4921-adf8-60be49a8b7e8.png - Prediction 0 - Time 20.508071422576904
Rank 1 - Image MIDRC-RICORD-1C-SITE2-000230-35167-0.png - Prediction 2 - Time 24.013731002807617
Rank 9 - Image 854fee36-d54c-4cde-904d-ab77f5e2e091.png - Prediction 1 - Time 20.221336841583252
Rank 2 - Image MIDRC-RICORD-1C-419639-000082-79663-0.png - Prediction 2 - Time 20.24413013458252
Rank 0 - Image MIDRC-RICORD-1C-419639-002724-03387-0.png - Prediction 2 - Time 20.25419545173645
Rank 4 - Image MIDRC-RICORD-1C-SITE2-000220-78771-1.png - Prediction 2 - Time 21.19892978668213
Rank 7 - Image 5acc56a4-1b6e-4394-9364-9772047d583f.png - Prediction 1 - Time 19.663421154022217
Rank 3 - Image MIDRC-RICORD-1C-419639-000586-49647-0.png - Prediction 2 - Time 20.5441632270813
Rank 6 - Image 02e4191e-fb03-4581-914c-f0438a17e53e.png - Prediction 0 - Time 20.490869522094727
Rank 8 - Image 0d9b1283-fc24-4fd3-a520-bc5d563e13e1.png - Prediction 1 - Time 20.903077602386475
Rank 5 - Image b8dd7d32-b177-4d1e-982f-6f0a743828fa.png - Prediction 0 - Time 20.809732913970947
Rank 1 - Image MIDRC-RICORD-1C-419639-003365-72952-0.png - Prediction 2 - Time 23.97614359855652
Rank 9 - Image baf8fe18-a7ca-4e9c-b3dc-5c80d474545b.png - Prediction 1 - Time 20.054117918014526
Rank 2 - Image MIDRC-RICORD-1C-SITE2-000094-94497-0.png - Prediction 2 - Time 19.815428495407104
Rank 0 - Image MIDRC-RICORD-1C-419639-001464-32013-0.png - Prediction 2 - Time 20.35830855369568
Rank 4 - Image MIDRC-RICORD-1C-419639-001661-28330-1.png - Prediction 2 - Time 21.178084135055542
Rank 7 - Image dd4d6a4c-1e67-4911-bda2-7d8af75b1b19.png - Prediction 1 - Time 20.391940116882324
Rank 6 - Image a8dfd068-69e9-4486-bb22-2a04f2f2e1a5.png - Prediction 0 - Time 20.173776388168335
Rank 3 - Image MIDRC-RICORD-1C-SITE2-000115-40758-0.png - Prediction 2 - Time 21.24762487411499
Rank 8 - Image 0a8d486f-1aa6-4fcf-b7be-4bf04fc8628b.png - Prediction 1 - Time 20.66689705848694
Rank 5 - Image a17f7e03-42a6-41d3-82ad-d8a656826936.png - Prediction 0 - Time 20.67598557472229
Rank 9 - Image a77b32f6-1999-4cc6-8a0d-1ef7e53850f0.png - Prediction 1 - Time 20.79272484779358
Rank 2 - Image MIDRC-RICORD-1C-SITE2-000131-16046-1.png - Prediction 2 - Time 19.7793550491333
Rank 0 - Image MIDRC-RICORD-1C-SITE2-000116-25889-1.png - Prediction 2 - Time 19.946357488632202
Rank 1 - Image MIDRC-RICORD-1C-SITE2-000208-34584-0.png - Prediction 2 - Time 24.126344203948975
Rank 7 - Image f0ba0019-718f-4677-a723-05c27dba2f3e.png - Prediction 1 - Time 19.160972356796265
Rank 4 - Image MIDRC-RICORD-1C-SITE2-000142-56843-0.png - Prediction 2 - Time 20.860974073410034
Rank 6 - Image 63f71157-7db6-476f-b320-ba2fcbe2543f.png - Prediction 0 - Time 20.33948040008545
Rank 8 - Image 37f17069-62ce-42ff-9fa4-d6a1056bd075.png - Prediction 1 - Time 20.36115837097168
Rank 3 - Image MIDRC-RICORD-1C-419639-000025-56207-0.png - Prediction 2 - Time 20.954998016357422
Rank 5 - Image c3c78e4e-1a31-4a92-be4b-0fc3c7f992a4.png - Prediction 0 - Time 20.25136685371399
Rank 2 - Image MIDRC-RICORD-1C-419639-002309-84923-0.png - Prediction 2 - Time 19.696835041046143
Rank 9 - Image 41bf2042-53a2-44a8-9a29-55e643af5ac0.png - Prediction 1 - Time 20.946959257125854
Rank 0 - Image MIDRC-RICORD-1C-SITE2-000229-76177-0.png - Prediction 2 - Time 20.254000186920166
Rank 7 - Image cc3177c8-6570-497c-aef3-6fbddef692f6.png - Prediction 1 - Time 20.273526668548584
Rank 1 - Image MIDRC-RICORD-1C-419639-001464-53024-0.png - Prediction 2 - Time 24.41703176498413
Rank 6 - Image 1cdba4ee-0bb8-421d-9a24-7febeb399729.png - Prediction 0 - Time 20.30379605293274
Rank 4 - Image MIDRC-RICORD-1C-419639-003099-52606-0.png - Prediction 2 - Time 21.25230360031128
Rank 8 - Image 3db7e979-5f97-4985-bf0c-cdea7951e246.png - Prediction 1 - Time 20.384439706802368
Rank 3 - Image MIDRC-RICORD-1C-419639-001699-69345-0.png - Prediction 2 - Time 20.108552932739258
Rank 5 - Image f1c8caa2-a6dc-40c0-ab85-4769688f1eec.png - Prediction 0 - Time 19.77369737625122
Rank 2 - Image MIDRC-RICORD-1C-419639-002768-13069-0.png - Prediction 2 - Time 20.086241483688354
Rank 9 - Image ec09ddb3-9b0b-4749-9e0d-f94a4a7e5fed.png - Prediction 1 - Time 21.138485193252563
Rank 0 - Image MIDRC-RICORD-1C-419639-001222-46073-0.png - Prediction 2 - Time 20.059685468673706
Rank 7 - Image 0e03c2d7-9cea-4dc7-8e91-794a8b3ff58d.png - Prediction 1 - Time 19.543195486068726
Rank 6 - Image e1d23cbe-213d-48d6-a8c2-672c4e68285d.png - Prediction 0 - Time 19.695042610168457
Rank 4 - Image MIDRC-RICORD-1C-419639-002463-12463-0.png - Prediction 2 - Time 19.90847373008728
Rank 8 - Image e2e89418-6c0e-4f50-a2d9-6cd5e58feef0.png - Prediction 1 - Time 20.542512893676758
Rank 3 - Image MIDRC-RICORD-1C-SITE2-000003-00527-0.png - Prediction 2 - Time 21.41939353942871
Rank 1 - Image MIDRC-RICORD-1C-419639-003157-67493-0.png - Prediction 2 - Time 24.24445152282715
Rank 5 - Image d535a3c8-c4a4-4856-b5cd-17f6332eac8b.png - Prediction 0 - Time 20.16985845565796
Rank 2 - Image MIDRC-RICORD-1C-SITE2-000108-12642-0.png - Prediction 2 - Time 19.853755235671997
Rank 0 - Image MIDRC-RICORD-1C-419639-003360-73998-0.png - Prediction 2 - Time 20.068981647491455
Rank 9 - Image abff4044-3c0a-458f-b0c7-04254be7fc0c.png - Prediction 1 - Time 21.148111820220947
Rank 7 - Image 070c921f-171c-420c-915b-e49e3f600c38.png - Prediction 1 - Time 20.680336713790894
Rank 6 - Image 4b1cab8a-c9bd-40e6-bc86-23c6be98a099.png - Prediction 0 - Time 20.098161697387695
Rank 4 - Image MIDRC-RICORD-1C-419639-001085-09031-0.png - Prediction 2 - Time 20.250041723251343
Rank 8 - Image 393b8e45-6d97-4013-8100-27ebf07a1dad.png - Prediction 1 - Time 20.063349962234497
Rank 3 - Image MIDRC-RICORD-1C-419639-003232-50592-0.png - Prediction 2 - Time 19.985294103622437
Rank 1 - Image MIDRC-RICORD-1C-SITE2-000048-66689-0.png - Prediction 2 - Time 23.971407175064087
Rank 5 - Image 2ed06be4-9f0e-4256-b8bf-a4b396cc6364.png - Prediction 0 - Time 21.0683331489563
Rank 2 - Image MIDRC-RICORD-1C-SITE2-000170-25974-1.png - Prediction 2 - Time 20.494096994400024
Rank 9 - Image 27b32500-40ef-4c14-ab88-ace5e9ceea27.png - Prediction 1 - Time 20.057663440704346
Rank 0 - Image MIDRC-RICORD-1C-419639-003334-51353-0.png - Prediction 2 - Time 20.24808430671692
Rank 7 - Image caa545b4-4eea-4e3a-90b1-c4c0789a1109.png - Prediction 1 - Time 20.681159734725952
Rank 4 - Image MIDRC-RICORD-1C-419639-002895-42704-0.png - Prediction 2 - Time 19.53758668899536
Rank 6 - Image ec0492da-e6be-49cf-8b18-dc143180f1a2.png - Prediction 0 - Time 20.76626181602478
Rank 8 - Image 2348e8ba-483f-476d-b29d-5ba8398d7abc.png - Prediction 1 - Time 20.286366939544678
Rank 3 - Image MIDRC-RICORD-1C-419639-000025-04760-0.png - Prediction 2 - Time 21.028892993927002
Rank 1 - Image MIDRC-RICORD-1C-440808-000020-8.458-0.png - Prediction 2 - Time 25.444690227508545
Rank 1 - Image MIDRC-RICORD-1C-SITE2-000034-76728-1.png - Prediction 2 - Time 25.38628578186035
Rank 1 - Image MIDRC-RICORD-1C-419639-002784-76664-0.png - Prediction 0 - Time 24.69335389137268
Rank 1 - Image MIDRC-RICORD-1C-SITE2-000014-81802-0.png - Prediction 2 - Time 25.371415376663208
Rank 1 - Image MIDRC-RICORD-1C-SITE2-000068-39061-0.png - Prediction 2 - Time 24.528624057769775
Rank 1 - Image MIDRC-RICORD-1C-419639-000025-84235-0.png - Prediction 2 - Time 25.30310344696045
Rank 0 - gathering data of length: 10
Created csv file: /p/project/joaiml/ingolfsson1/COVID_Net/results/covidx_test_10_480_965.1639978885651.csv
Total inference time: 965.1639978885651
