Tue Feb 22 08:18:52 2022       
+-----------------------------------------------------------------------------+
| NVIDIA-SMI 418.87.00    Driver Version: 470.57.02    CUDA Version: 11.4     |
|-------------------------------+----------------------+----------------------+
| GPU  Name        Persistence-M| Bus-Id        Disp.A | Volatile Uncorr. ECC |
| Fan  Temp  Perf  Pwr:Usage/Cap|         Memory-Usage | GPU-Util  Compute M. |
|===============================+======================+======================|
|   0  Tesla V100-PCIE...  On   | 00000000:AF:00.0 Off |                    0 |
| N/A   31C    P0    25W / 250W |      0MiB / 32510MiB |      0%      Default |
+-------------------------------+----------------------+----------------------+
                                                                               
+-----------------------------------------------------------------------------+
| Processes:                                                       GPU Memory |
|  GPU       PID   Type   Process name                             Usage      |
|=============================================================================|
|  No running processes found                                                 |
+-----------------------------------------------------------------------------+
[1645514333.617882] [dp-dam04:3176 :0]          ib_md.c:1948 UCX  ERROR ibv_query_device(mlx5_0) returned 38: No space left on device
[1645514333.621233] [dp-dam04:3176 :0]          ib_md.c:1948 UCX  ERROR ibv_query_device(mlx5_1) returned 38: No space left on device
[1645514333.673821] [dp-dam05:3217 :0]          ib_md.c:1948 UCX  ERROR ibv_query_device(mlx5_0) returned 38: No space left on device
[1645514333.677340] [dp-dam05:3217 :0]          ib_md.c:1948 UCX  ERROR ibv_query_device(mlx5_1) returned 38: No space left on device
[1645514333.679640] [dp-dam09:8602 :0]          ib_md.c:1948 UCX  ERROR ibv_query_device(mlx5_0) returned 38: No space left on device
[1645514333.680516] [dp-dam06:28614:0]          ib_md.c:1948 UCX  ERROR ibv_query_device(mlx5_0) returned 38: No space left on device
[1645514333.683949] [dp-dam09:8602 :0]          ib_md.c:1948 UCX  ERROR ibv_query_device(mlx5_1) returned 38: Protocol not supported
[1645514333.683791] [dp-dam06:28614:0]          ib_md.c:1948 UCX  ERROR ibv_query_device(mlx5_1) returned 38: No space left on device
[1645514333.689981] [dp-dam07:22154:0]          ib_md.c:1948 UCX  ERROR ibv_query_device(mlx5_0) returned 38: No space left on device
[1645514333.698167] [dp-dam10:3201 :0]          ib_md.c:1948 UCX  ERROR ibv_query_device(mlx5_0) returned 38: No space left on device
[1645514333.705216] [dp-dam07:22154:0]          ib_md.c:1948 UCX  ERROR ibv_query_device(mlx5_1) returned 38: No space left on device
[1645514333.714265] [dp-dam10:3201 :0]          ib_md.c:1948 UCX  ERROR ibv_query_device(mlx5_1) returned 38: Protocol not supported
[1645514333.723383] [dp-dam08:7952 :0]          ib_md.c:1948 UCX  ERROR ibv_query_device(mlx5_0) returned 38: No space left on device
[1645514333.727724] [dp-dam08:7952 :0]          ib_md.c:1948 UCX  ERROR ibv_query_device(mlx5_1) returned 38: No space left on device
[1645514336.415733] [dp-dam11:11865:0]          ib_md.c:1948 UCX  ERROR ibv_query_device(mlx5_0) returned 38: No space left on device
[1645514336.420055] [dp-dam11:11865:0]          ib_md.c:1948 UCX  ERROR ibv_query_device(mlx5_1) returned 38: Protocol not supported
Rank 3 - Image MIDRC-RICORD-1C-440808-000019-8.433-0.png - Prediction 1 - Time 9.14331841468811
Rank 1 - Image MIDRC-RICORD-1C-419639-001464-72163-0.png - Prediction 1 - Time 9.982401609420776
Rank 5 - Image e155c13d-7ac7-4765-bb86-899349978413.png - Prediction 0 - Time 10.075812101364136
Rank 0 - Image MIDRC-RICORD-1C-419639-003251-46647-0.png - Prediction 2 - Time 12.741932392120361
Rank 2 - Image MIDRC-RICORD-1C-SITE2-000106-15732-0.png - Prediction 2 - Time 12.82998013496399
Rank 6 - Image bd8facb9-dce0-4048-8249-e6078b28e1b7.png - Prediction 1 - Time 12.594088554382324
Rank 4 - Image 47c78742-4998-4878-aec4-37b11b1354ac.png - Prediction 0 - Time 14.440925598144531
Rank 3 - Image MIDRC-RICORD-1C-419639-003319-99931-0.png - Prediction 2 - Time 5.983687400817871
Rank 1 - Image MIDRC-RICORD-1C-SITE2-000239-21655-0.png - Prediction 2 - Time 6.5916900634765625
Rank 5 - Image 98bfaf7a-d80b-491e-a7e0-c5c7316bebe9.png - Prediction 0 - Time 6.430761814117432
Rank 0 - Image MIDRC-RICORD-1C-419639-001464-39871-0.png - Prediction 1 - Time 5.988337278366089
Rank 2 - Image MIDRC-RICORD-1C-SITE2-000297-71173-1.png - Prediction 2 - Time 5.9994683265686035
Rank 6 - Image 4dbc44ca-694a-4814-9a24-bc60c8d8d611.png - Prediction 1 - Time 7.009401798248291
Rank 3 - Image MIDRC-RICORD-1C-SITE2-000217-73086-0.png - Prediction 2 - Time 5.923133373260498
Rank 4 - Image 8989e25c-a698-48fc-b428-fff56931fc8f.png - Prediction 0 - Time 7.6231114864349365
Rank 1 - Image MIDRC-RICORD-1C-419639-003371-97350-0.png - Prediction 2 - Time 7.159021377563477
Rank 5 - Image 76b180ab-242f-45d3-bce1-68df00c5ef45.png - Prediction 0 - Time 7.021560430526733
Rank 0 - Image MIDRC-RICORD-1C-419639-000918-78965-0.png - Prediction 2 - Time 6.090681791305542
Rank 2 - Image MIDRC-RICORD-1C-SITE2-000204-24409-0.png - Prediction 1 - Time 6.082522869110107
Rank 6 - Image 3f504abe-2133-4e09-98af-743cdea486f9.png - Prediction 1 - Time 6.262200832366943
Rank 3 - Image MIDRC-RICORD-1C-419639-000586-49647-0.png - Prediction 2 - Time 5.956355810165405
Rank 7 - Image 3e4ee273-d5ca-4cf8-a75a-05772e0e12fe.png - Prediction 1 - Time 21.4862322807312
Rank 4 - Image 7fb3786c-5045-4a90-981d-c55b53d4d5d3.png - Prediction 0 - Time 7.235766172409058
Rank 1 - Image MIDRC-RICORD-1C-419639-000432-86017-0.png - Prediction 2 - Time 6.524795293807983
Rank 0 - Image MIDRC-RICORD-1C-419639-003318-64285-0.png - Prediction 2 - Time 5.914876222610474
Rank 2 - Image MIDRC-RICORD-1C-419639-001464-82193-0.png - Prediction 2 - Time 5.855469226837158
Rank 5 - Image 372b2fea-2013-4600-a06f-765c3f054a82.png - Prediction 0 - Time 6.549152612686157
Rank 6 - Image af169d21-1c39-445e-82d8-5035182a3a8c.png - Prediction 2 - Time 5.9315690994262695
Rank 3 - Image MIDRC-RICORD-1C-SITE2-000115-40758-0.png - Prediction 2 - Time 5.900771141052246
Rank 7 - Image bd9af100-1805-4e0a-8875-4a4b7195f0d8.png - Prediction 1 - Time 5.7756507396698
Rank 0 - Image MIDRC-RICORD-1C-419639-001015-81591-0.png - Prediction 0 - Time 5.911221742630005
Rank 2 - Image MIDRC-RICORD-1C-SITE2-000058-42859-0.png - Prediction 2 - Time 5.960618734359741
Rank 1 - Image MIDRC-RICORD-1C-419639-001007-89903-0.png - Prediction 2 - Time 6.501358985900879
Rank 4 - Image 766b8aea-3b43-4a34-b675-09f373ca066b.png - Prediction 0 - Time 7.195946216583252
Rank 5 - Image a52aa522-a1b3-4f15-8609-f44bf96da2e3.png - Prediction 0 - Time 6.433318138122559
Rank 6 - Image fcd159f4-21d3-4169-a94b-95a2b5ccddcb.png - Prediction 1 - Time 5.820448875427246
Rank 3 - Image MIDRC-RICORD-1C-419639-000025-56207-0.png - Prediction 2 - Time 5.813889980316162
Rank 7 - Image 6804008c-94eb-4870-ba6e-b06514073e71.png - Prediction 1 - Time 5.656959056854248
Rank 0 - Image MIDRC-RICORD-1C-SITE2-000265-99793-1.png - Prediction 2 - Time 5.862436771392822
Rank 2 - Image MIDRC-RICORD-1C-SITE2-000149-71428-1.png - Prediction 2 - Time 5.808772802352905
Rank 5 - Image 6556ce72-1a60-40aa-aaf7-b50dbf07fae7.png - Prediction 0 - Time 6.364855527877808
Rank 1 - Image MIDRC-RICORD-1C-419639-001464-39871-1.png - Prediction 2 - Time 6.532109022140503
Rank 6 - Image b6db3041-1554-43ef-baca-58733b6717d6.png - Prediction 0 - Time 5.736158847808838
Rank 4 - Image f6236cb5-cc36-4ec4-895c-d11ce043341d.png - Prediction 0 - Time 7.227413654327393
Rank 3 - Image MIDRC-RICORD-1C-419639-001699-69345-0.png - Prediction 2 - Time 5.896639585494995
Rank 7 - Image 0d9b1283-fc24-4fd3-a520-bc5d563e13e1.png - Prediction 0 - Time 5.558109760284424
Rank 2 - Image MIDRC-RICORD-1C-419639-002281-83348-0.png - Prediction 2 - Time 5.910933971405029
Rank 0 - Image MIDRC-RICORD-1C-SITE2-000159-61155-0.png - Prediction 2 - Time 5.949341535568237
Rank 6 - Image a0a8370a-dc3f-4f70-a440-e3fa9827928a.png - Prediction 1 - Time 5.755300998687744
Rank 5 - Image 633d9182-1809-41b7-a59b-1e60ac91f0c9.png - Prediction 0 - Time 6.398392915725708
Rank 1 - Image MIDRC-RICORD-1C-419639-002374-98411-0.png - Prediction 2 - Time 6.449320077896118
Rank 3 - Image MIDRC-RICORD-1C-SITE2-000003-00527-0.png - Prediction 2 - Time 5.816953420639038
Rank 7 - Image 0a8d486f-1aa6-4fcf-b7be-4bf04fc8628b.png - Prediction 1 - Time 5.679061651229858
Rank 4 - Image 153b7c2b-4909-4dca-8579-9523582bc4fe.png - Prediction 0 - Time 7.10673451423645
Rank 2 - Image MIDRC-RICORD-1C-419639-002733-79941-0.png - Prediction 2 - Time 5.839176416397095
Rank 0 - Image MIDRC-RICORD-1C-419639-003169-42019-0.png - Prediction 0 - Time 5.866821050643921
Rank 6 - Image 1dad3414-88c9-4c56-af5d-3a1488af452c.png - Prediction 1 - Time 5.699975490570068
Rank 5 - Image fd7bad9a-1bff-49ec-9c6c-c9aae9e65726.png - Prediction 0 - Time 6.335716962814331
Rank 3 - Image MIDRC-RICORD-1C-419639-003232-50592-0.png - Prediction 2 - Time 5.839562892913818
Rank 1 - Image MIDRC-RICORD-1C-SITE2-000028-53390-0.png - Prediction 2 - Time 6.399678707122803
Rank 7 - Image 37f17069-62ce-42ff-9fa4-d6a1056bd075.png - Prediction 1 - Time 5.552873849868774
Rank 4 - Image 1afd6582-da9d-4e5a-a81f-62a188fe9366.png - Prediction 0 - Time 7.215646982192993
Rank 2 - Image MIDRC-RICORD-1C-419639-000025-81112-0.png - Prediction 2 - Time 5.865597486495972
Rank 0 - Image MIDRC-RICORD-1C-SITE2-000238-25854-1.png - Prediction 2 - Time 5.97163462638855
Rank 6 - Image f760c946-a103-4991-a6e5-ff60c24cd99f.png - Prediction 1 - Time 5.750783205032349
Rank 7 - Image 3db7e979-5f97-4985-bf0c-cdea7951e246.png - Prediction 1 - Time 5.682791709899902
Rank 3 - Image MIDRC-RICORD-1C-419639-000025-04760-0.png - Prediction 2 - Time 5.815492868423462
Rank 5 - Image 99432aa3-8d61-4ff2-a79a-f0a0218d6fa2.png - Prediction 0 - Time 6.44119119644165
Rank 1 - Image MIDRC-RICORD-1C-419639-001070-42385-0.png - Prediction 2 - Time 6.425565004348755
Rank 4 - Image 85bb48fe-e6d6-47de-bb71-d1636aced7dc.png - Prediction 0 - Time 7.131642580032349
Rank 2 - Image MIDRC-RICORD-1C-419639-003186-86346-0.png - Prediction 0 - Time 5.824145078659058
Rank 0 - Image MIDRC-RICORD-1C-419639-001464-33260-0.png - Prediction 2 - Time 5.880768775939941
Rank 6 - Image b021293c-4dd0-450c-b1a4-2d72cedab0a2.png - Prediction 1 - Time 5.705154180526733
Rank 3 - Image MIDRC-RICORD-1C-419639-000025-89853-0.png - Prediction 2 - Time 5.843094110488892
Rank 5 - Image 34bf2fcd-131a-428c-9a21-cd2fa9041f9b.png - Prediction 0 - Time 6.322089433670044
Rank 1 - Image MIDRC-RICORD-1C-SITE2-000283-41971-0.png - Prediction 2 - Time 6.456831932067871
Rank 7 - Image e2e89418-6c0e-4f50-a2d9-6cd5e58feef0.png - Prediction 1 - Time 7.76524806022644
Rank 2 - Image MIDRC-RICORD-1C-SITE2-000237-52517-0.png - Prediction 0 - Time 5.919013738632202
Rank 0 - Image MIDRC-RICORD-1C-SITE2-000018-55212-0.png - Prediction 2 - Time 5.978281497955322
Rank 6 - Image 349f10b4-dc3e-4f3f-b2e4-a5b81448ce87.png - Prediction 1 - Time 5.783605337142944
Rank 4 - Image eaeb935a-7294-4dd3-8bf5-73ba781d28af.png - Prediction 0 - Time 7.22851824760437
Rank 3 - Image MIDRC-RICORD-1C-419639-001425-17331-0.png - Prediction 2 - Time 5.805600166320801
Rank 5 - Image b5007662-ff9c-49ad-9093-85ed7dc44bf4.png - Prediction 0 - Time 6.393421411514282
Rank 1 - Image MIDRC-RICORD-1C-SITE2-000023-20254-0.png - Prediction 2 - Time 6.507400989532471
Rank 7 - Image 393b8e45-6d97-4013-8100-27ebf07a1dad.png - Prediction 1 - Time 6.983004570007324
Rank 2 - Image MIDRC-RICORD-1C-SITE2-000002-65816-0.png - Prediction 2 - Time 5.858457565307617
Rank 0 - Image MIDRC-RICORD-1C-419639-000025-50888-0.png - Prediction 2 - Time 5.83779501914978
Rank 6 - Image 05d3817a-5535-4e77-8dda-d4412e496c81.png - Prediction 1 - Time 5.67663311958313
Rank 3 - Image MIDRC-RICORD-1C-440808-000009-08.98-0.png - Prediction 2 - Time 5.775126695632935
Rank 4 - Image 5f137fa7-6539-499e-b0d5-0e481221bf5a.png - Prediction 0 - Time 7.141341209411621
Rank 5 - Image 06b2f933-3ea2-4477-ac27-18f732d1f4e1.png - Prediction 0 - Time 6.31878399848938
Rank 1 - Image MIDRC-RICORD-1C-SITE2-000181-63935-0.png - Prediction 2 - Time 6.419613599777222
Rank 7 - Image 2348e8ba-483f-476d-b29d-5ba8398d7abc.png - Prediction 1 - Time 6.142652988433838
Rank 2 - Image MIDRC-RICORD-1C-419639-000025-39552-1.png - Prediction 2 - Time 5.808457612991333
Rank 0 - Image MIDRC-RICORD-1C-419639-001288-10277-0.png - Prediction 2 - Time 5.839578151702881
Rank 6 - Image c21157da-1f74-4966-ba4e-c144d8f5da2d.png - Prediction 1 - Time 5.663334131240845
Rank 3 - Image MIDRC-RICORD-1C-419639-000086-21140-0.png - Prediction 2 - Time 5.844943284988403
Rank 4 - Image b5234584-1487-492c-8742-444b9ca41c3d.png - Prediction 0 - Time 7.217846870422363
Rank 5 - Image c2b24ebd-2c40-48c3-ba39-177224dd7db0.png - Prediction 0 - Time 6.346487283706665
Rank 1 - Image MIDRC-RICORD-1C-419639-003105-50900-0.png - Prediction 0 - Time 6.400296688079834
Rank 2 - Image MIDRC-RICORD-1C-419639-000082-79663-0.png - Prediction 2 - Time 5.85576057434082
Rank 0 - Image MIDRC-RICORD-1C-419639-002757-16718-0.png - Prediction 2 - Time 5.926422119140625
Rank 6 - Image 5acc56a4-1b6e-4394-9364-9772047d583f.png - Prediction 2 - Time 5.731888055801392
Rank 7 - Image aef87dc2-a097-4683-9fb1-d1af6838a16a.png - Prediction 0 - Time 7.91874098777771
Rank 3 - Image MIDRC-RICORD-1C-SITE2-000270-57009-0.png - Prediction 2 - Time 5.876963376998901
Rank 5 - Image 63192a6c-02ba-48a5-932a-bb82aeacb1bc.png - Prediction 0 - Time 6.415010690689087
Rank 4 - Image 71d8d6ec-253b-4272-a467-311828b2a35b.png - Prediction 0 - Time 7.143826484680176
Rank 1 - Image MIDRC-RICORD-1C-SITE2-000185-39456-0.png - Prediction 2 - Time 6.4893574714660645
Rank 2 - Image MIDRC-RICORD-1C-SITE2-000094-94497-0.png - Prediction 2 - Time 5.9025187492370605
Rank 6 - Image dd4d6a4c-1e67-4911-bda2-7d8af75b1b19.png - Prediction 1 - Time 5.753229141235352
Rank 0 - Image MIDRC-RICORD-1C-SITE2-000135-64564-1.png - Prediction 2 - Time 5.934239864349365
Rank 3 - Image MIDRC-RICORD-1C-419639-000573-31324-0.png - Prediction 2 - Time 5.803977012634277
Rank 7 - Image afe1b6e2-203e-4ee5-856a-2f205d8bca2a.png - Prediction 1 - Time 7.5978734493255615
Rank 5 - Image 73dca3d1-5c58-4c72-80a9-201deca7ffec.png - Prediction 0 - Time 6.395423173904419
Rank 2 - Image MIDRC-RICORD-1C-SITE2-000131-16046-1.png - Prediction 2 - Time 5.783844232559204
Rank 6 - Image f0ba0019-718f-4677-a723-05c27dba2f3e.png - Prediction 1 - Time 5.656338930130005
Rank 1 - Image MIDRC-RICORD-1C-419639-003187-73922-0.png - Prediction 2 - Time 6.411167144775391
Rank 0 - Image MIDRC-RICORD-1C-SITE2-000147-13199-0.png - Prediction 2 - Time 5.896228075027466
Rank 4 - Image 0103fadb-1663-40a6-8a9e-09d626cd2091.png - Prediction 0 - Time 7.120064735412598
Rank 3 - Image MIDRC-RICORD-1C-SITE2-000154-41630-0.png - Prediction 2 - Time 5.9236156940460205
Rank 7 - Image 3d070009-c877-4ed4-ac80-53781cb30fef.png - Prediction 1 - Time 5.67546820640564
Rank 6 - Image cc3177c8-6570-497c-aef3-6fbddef692f6.png - Prediction 1 - Time 5.739457130432129
Rank 2 - Image MIDRC-RICORD-1C-419639-002309-84923-0.png - Prediction 2 - Time 5.86457371711731
Rank 5 - Image c485a9bd-6e18-4328-8c5c-cf80f71aa35d.png - Prediction 0 - Time 6.345548629760742
Rank 0 - Image MIDRC-RICORD-1C-419639-002601-92699-0.png - Prediction 2 - Time 5.946934461593628
Rank 1 - Image MIDRC-RICORD-1C-SITE2-000066-97290-0.png - Prediction 2 - Time 6.453927040100098
Rank 3 - Image MIDRC-RICORD-1C-SITE2-000168-32448-0.png - Prediction 2 - Time 5.766417503356934
Rank 4 - Image e4cd65ae-65de-44fc-a6b2-ebbc46d2e8d8.png - Prediction 0 - Time 7.177462100982666
Rank 7 - Image 34fbff70-fa6e-4709-ab07-17f739fce394.png - Prediction 1 - Time 5.636467218399048
Rank 6 - Image 0e03c2d7-9cea-4dc7-8e91-794a8b3ff58d.png - Prediction 1 - Time 5.664484024047852
Rank 2 - Image MIDRC-RICORD-1C-419639-002768-13069-0.png - Prediction 2 - Time 5.824106216430664
Rank 0 - Image MIDRC-RICORD-1C-419639-002310-52924-0.png - Prediction 2 - Time 5.852550745010376
Rank 5 - Image b540ba89-72f7-40f5-a916-376546c20014.png - Prediction 0 - Time 6.40720796585083
Rank 1 - Image MIDRC-RICORD-1C-SITE2-000105-65881-0.png - Prediction 2 - Time 6.498934984207153
Rank 3 - Image MIDRC-RICORD-1C-SITE2-000125-08616-1.png - Prediction 2 - Time 5.843109369277954
Rank 7 - Image 2c68016e-5a63-4430-a834-efe5d43edd0e.png - Prediction 1 - Time 5.607920169830322
Rank 4 - Image 2f8fbfdc-56db-4eca-bf64-3c9a0637e28c.png - Prediction 0 - Time 7.160711765289307
Rank 6 - Image 070c921f-171c-420c-915b-e49e3f600c38.png - Prediction 1 - Time 5.664275407791138
Rank 2 - Image MIDRC-RICORD-1C-SITE2-000108-12642-0.png - Prediction 2 - Time 5.836845874786377
Rank 0 - Image MIDRC-RICORD-1C-SITE2-000171-45676-0.png - Prediction 2 - Time 5.719476222991943
Rank 5 - Image 33e4e43b-054b-4537-9cd6-0fe574f7d337.png - Prediction 0 - Time 6.324605464935303
Rank 3 - Image MIDRC-RICORD-1C-SITE2-000096-37358-0.png - Prediction 2 - Time 5.88662576675415
Rank 1 - Image MIDRC-RICORD-1C-419639-003080-09097-0.png - Prediction 2 - Time 6.3472583293914795
Rank 7 - Image 8ae822ae-a656-47ba-ac5b-848ce2256575.png - Prediction 1 - Time 5.585785388946533
Rank 4 - Image bc46651a-1314-44af-a834-1eb8a36e589e.png - Prediction 0 - Time 7.087541103363037
Rank 6 - Image caa545b4-4eea-4e3a-90b1-c4c0789a1109.png - Prediction 1 - Time 5.7113587856292725
Rank 2 - Image MIDRC-RICORD-1C-SITE2-000170-25974-1.png - Prediction 2 - Time 5.892198085784912
Rank 0 - Image MIDRC-RICORD-1C-419639-000025-56001-0.png - Prediction 2 - Time 5.77800726890564
Rank 5 - Image 45dd0d26-0740-4c32-bd01-34246a41f3e3.png - Prediction 0 - Time 6.31976842880249
Rank 3 - Image MIDRC-RICORD-1C-SITE2-000221-43774-0.png - Prediction 2 - Time 5.828631401062012
Rank 7 - Image f661fe70-2fc1-4564-9f53-45504c0b0688.png - Prediction 1 - Time 5.668853521347046
Rank 1 - Image MIDRC-RICORD-1C-SITE2-000230-35167-0.png - Prediction 2 - Time 6.369739532470703
Rank 6 - Image 7817b551-d220-479b-815f-395f83e1dba1.png - Prediction 1 - Time 5.642864227294922
Rank 2 - Image MIDRC-RICORD-1C-SITE2-000097-16347-1.png - Prediction 2 - Time 5.838435173034668
Rank 4 - Image 71d25920-4060-4a31-b7aa-cfbf4721a5c5.png - Prediction 0 - Time 7.228458642959595
Rank 0 - Image MIDRC-RICORD-1C-419639-003340-85716-0.png - Prediction 2 - Time 5.7089807987213135
Rank 3 - Image MIDRC-RICORD-1C-SITE2-000179-48742-0.png - Prediction 2 - Time 5.896738052368164
Rank 7 - Image 78c33a1a-8f22-476c-ae97-8190192102df.png - Prediction 1 - Time 5.6179423332214355
Rank 5 - Image ad446933-fb8e-4739-bb40-2063e796ffd8.png - Prediction 0 - Time 6.367430210113525
Rank 1 - Image MIDRC-RICORD-1C-419639-003365-72952-0.png - Prediction 2 - Time 6.426001310348511
Rank 6 - Image f743c21e-5876-460b-bbd6-2e2dcca41baa.png - Prediction 1 - Time 5.769611835479736
Rank 2 - Image MIDRC-RICORD-1C-419639-002043-49668-0.png - Prediction 2 - Time 5.85266637802124
Rank 0 - Image MIDRC-RICORD-1C-419639-003257-00787-0.png - Prediction 2 - Time 5.776130199432373
Rank 4 - Image ca3c90e4-f7fe-4f6e-b20b-81473deab4f0.png - Prediction 0 - Time 7.120387554168701
Rank 7 - Image 652b519d-5eb4-4abc-93f7-15ae661a431f.png - Prediction 1 - Time 5.555180072784424
Rank 3 - Image MIDRC-RICORD-1C-SITE2-000176-81030-0.png - Prediction 2 - Time 5.885231018066406
Rank 5 - Image 5b12801f-aaf7-442e-b994-ec8f15ce78e5.png - Prediction 0 - Time 6.311566352844238
Rank 1 - Image MIDRC-RICORD-1C-SITE2-000208-34584-0.png - Prediction 2 - Time 6.423393726348877
Rank 6 - Image e1d5a233-39ca-41dc-a289-b07c3e78cdb1.png - Prediction 1 - Time 5.672799825668335
Rank 2 - Image MIDRC-RICORD-1C-419639-000785-60200-0.png - Prediction 0 - Time 5.796061754226685
Rank 0 - Image MIDRC-RICORD-1C-SITE2-000099-22857-0.png - Prediction 2 - Time 5.726755380630493
Rank 7 - Image 2397b2f6-3dfa-476c-89ea-e9992c5bd9a9.png - Prediction 1 - Time 5.685441255569458
Rank 3 - Image MIDRC-RICORD-1C-419639-003199-43900-0.png - Prediction 2 - Time 5.836331367492676
Rank 4 - Image dab2f334-331c-42c7-af09-a997092464b0.png - Prediction 0 - Time 7.170054197311401
Rank 5 - Image 3fe1550e-8bcb-4732-a343-725acce70531.png - Prediction 0 - Time 6.366499900817871
Rank 1 - Image MIDRC-RICORD-1C-419639-001464-53024-0.png - Prediction 1 - Time 6.420058488845825
Rank 6 - Image 40a2f7fd-342e-494b-a7e0-5857b73ec582.png - Prediction 1 - Time 5.732092618942261
Rank 2 - Image MIDRC-RICORD-1C-SITE2-000035-19513-0.png - Prediction 2 - Time 5.915630340576172
Rank 0 - Image MIDRC-RICORD-1C-SITE2-000155-37671-0.png - Prediction 2 - Time 5.832478046417236
Rank 7 - Image ac10f43e-03b8-43d2-bcae-6fe000542397.png - Prediction 0 - Time 5.5489349365234375
Rank 3 - Image MIDRC-RICORD-1C-419639-003191-84953-0.png - Prediction 0 - Time 5.79103684425354
Rank 5 - Image 0bb24183-8b59-48f1-8bbf-4d889976fc82.png - Prediction 0 - Time 6.303753852844238
Rank 4 - Image 436dce2a-06c3-4281-bb8e-840497a49381.png - Prediction 1 - Time 7.161398649215698
Rank 6 - Image bcdd92c8-2cde-4899-a6fc-46b875aaab62.png - Prediction 1 - Time 5.651082277297974
Rank 1 - Image MIDRC-RICORD-1C-419639-003157-67493-0.png - Prediction 2 - Time 6.374740839004517
Rank 0 - Image MIDRC-RICORD-1C-419639-000235-89929-0.png - Prediction 0 - Time 5.7235541343688965
Rank 2 - Image MIDRC-RICORD-1C-419639-001155-71955-0.png - Prediction 2 - Time 5.803349256515503
Rank 7 - Image 3c8cc0d1-be7f-493d-9570-542d851f623b.png - Prediction 1 - Time 5.677370309829712
Rank 3 - Image MIDRC-RICORD-1C-SITE2-000029-97068-0.png - Prediction 2 - Time 5.863975286483765
Rank 5 - Image 02e4191e-fb03-4581-914c-f0438a17e53e.png - Prediction 0 - Time 6.367225170135498
Rank 6 - Image ac648f87-a79f-4ce0-9439-23a8dd886b71.png - Prediction 1 - Time 5.7188215255737305
Rank 4 - Image af6ef3d9-81c8-434e-bc5a-dbf89bc418aa.png - Prediction 0 - Time 7.159051895141602
Rank 1 - Image MIDRC-RICORD-1C-SITE2-000048-66689-0.png - Prediction 2 - Time 6.472413063049316
Rank 0 - Image MIDRC-RICORD-1C-419639-002376-07504-0.png - Prediction 2 - Time 5.755066871643066
Rank 2 - Image MIDRC-RICORD-1C-SITE2-000207-20956-0.png - Prediction 2 - Time 5.945491790771484
Rank 7 - Image 6565a9e6-3f01-4de8-a18d-ade3121c5d7c.png - Prediction 1 - Time 5.552654504776001
Rank 3 - Image MIDRC-RICORD-1C-419639-002401-32756-0.png - Prediction 0 - Time 5.791311502456665
Rank 6 - Image 93b49de9-9267-43c2-a507-6885e4caeaba.png - Prediction 1 - Time 5.6685121059417725
Rank 5 - Image a8dfd068-69e9-4486-bb22-2a04f2f2e1a5.png - Prediction 0 - Time 6.329080104827881
Rank 0 - Image MIDRC-RICORD-1C-419639-001433-28259-0.png - Prediction 0 - Time 5.7016355991363525
Rank 2 - Image MIDRC-RICORD-1C-419639-002472-45590-0.png - Prediction 2 - Time 5.78595495223999
Rank 1 - Image MIDRC-RICORD-1C-440808-000020-8.458-0.png - Prediction 2 - Time 6.335736989974976
Rank 7 - Image ed0c5d1e-934a-4e31-9221-3a6a69ec9c1b.png - Prediction 1 - Time 5.701322793960571
Rank 4 - Image a7aef71b-0fc8-4837-be79-4ced56e03439.png - Prediction 0 - Time 7.155540466308594
Rank 3 - Image MIDRC-RICORD-1C-419639-001762-18334-0.png - Prediction 2 - Time 5.848830699920654
Rank 6 - Image af2ff93b-2f33-4c91-bde1-1490fc435b50.png - Prediction 1 - Time 5.710707187652588
Rank 5 - Image 63f71157-7db6-476f-b320-ba2fcbe2543f.png - Prediction 0 - Time 6.37873101234436
Rank 0 - Image MIDRC-RICORD-1C-419639-003116-57702-0.png - Prediction 2 - Time 5.769775867462158
Rank 2 - Image MIDRC-RICORD-1C-419639-002114-73757-0.png - Prediction 0 - Time 5.844967842102051
Rank 7 - Image 4bc8ce99-2420-48c2-a768-d067da67ced2.png - Prediction 1 - Time 5.602107048034668
Rank 1 - Image MIDRC-RICORD-1C-SITE2-000034-76728-1.png - Prediction 2 - Time 6.456923961639404
Rank 3 - Image MIDRC-RICORD-1C-SITE2-000210-51719-0.png - Prediction 2 - Time 5.826118230819702
Rank 4 - Image dfa57c1f-01fb-4417-a1b5-0641a9b4bb84.png - Prediction 0 - Time 7.141583204269409
Rank 6 - Image 31692137-f770-4cfe-a02e-fd207ce813ac.png - Prediction 1 - Time 5.661175012588501
Rank 0 - Image MIDRC-RICORD-1C-419639-001629-03737-0.png - Prediction 0 - Time 5.735145330429077
Rank 5 - Image 1cdba4ee-0bb8-421d-9a24-7febeb399729.png - Prediction 0 - Time 6.293645858764648
Rank 2 - Image MIDRC-RICORD-1C-419639-002997-12964-0.png - Prediction 2 - Time 5.795154333114624
Rank 7 - Image 6df82c7a-a91e-487c-ae3a-9022b17d7c7a.png - Prediction 1 - Time 5.60633111000061
Rank 1 - Image MIDRC-RICORD-1C-419639-002784-76664-0.png - Prediction 0 - Time 6.301673173904419
Rank 3 - Image MIDRC-RICORD-1C-SITE2-000200-97745-0.png - Prediction 2 - Time 5.8990843296051025
Rank 4 - Image 5eb932e2-3455-40fe-93db-ae44f897d9e0.png - Prediction 0 - Time 7.164679288864136
Rank 6 - Image f7379744-be39-44b2-8816-a743857bd6a6.png - Prediction 1 - Time 5.714622974395752
Rank 0 - Image MIDRC-RICORD-1C-SITE2-000211-85940-0.png - Prediction 2 - Time 5.78853702545166
Rank 7 - Image a6c364d2-b2d6-4b0b-a439-40b992ff65c7.png - Prediction 1 - Time 5.5225231647491455
Rank 2 - Image MIDRC-RICORD-1C-419639-001464-73170-0.png - Prediction 2 - Time 5.873380422592163
Rank 5 - Image e1d23cbe-213d-48d6-a8c2-672c4e68285d.png - Prediction 0 - Time 6.365223169326782
Rank 3 - Image MIDRC-RICORD-1C-419639-001374-75990-0.png - Prediction 2 - Time 5.763012409210205
Rank 1 - Image MIDRC-RICORD-1C-SITE2-000014-81802-0.png - Prediction 2 - Time 6.471313953399658
Rank 6 - Image 3186d210-966f-4733-ba72-98729be9551a.png - Prediction 1 - Time 5.648491382598877
Rank 4 - Image e8485b0f-293d-4ca8-8b71-92db61c8ee3e.png - Prediction 0 - Time 7.147812843322754
Rank 0 - Image MIDRC-RICORD-1C-419639-003027-36839-0.png - Prediction 2 - Time 5.697925329208374
Rank 7 - Image 32a5977f-f8ab-41c9-9b51-5387248e4675.png - Prediction 0 - Time 5.571658611297607
Rank 2 - Image MIDRC-RICORD-1C-419639-003102-68604-0.png - Prediction 2 - Time 5.779232025146484
Rank 5 - Image 4b1cab8a-c9bd-40e6-bc86-23c6be98a099.png - Prediction 0 - Time 6.307950735092163
Rank 3 - Image MIDRC-RICORD-1C-419639-003336-50845-0.png - Prediction 2 - Time 5.849949359893799
Rank 1 - Image MIDRC-RICORD-1C-SITE2-000068-39061-0.png - Prediction 2 - Time 6.386332750320435
Rank 6 - Image b51c3c24-f9aa-4039-9fc1-527a5567dff6.png - Prediction 0 - Time 5.719755411148071
Rank 0 - Image MIDRC-RICORD-1C-419639-003021-81745-0.png - Prediction 2 - Time 5.771522283554077
Rank 7 - Image c3751c94-ea6f-4a7c-b3bf-87a54012fa80.png - Prediction 0 - Time 5.4723803997039795
Rank 2 - Image MIDRC-RICORD-1C-419639-001464-63464-0.png - Prediction 2 - Time 5.847151756286621
Rank 4 - Image 35cda03a-0898-4f8b-92d3-6f263aed23ff.png - Prediction 0 - Time 7.2424635887146
Rank 5 - Image ec0492da-e6be-49cf-8b18-dc143180f1a2.png - Prediction 0 - Time 6.370372772216797
Rank 3 - Image MIDRC-RICORD-1C-419639-002929-69159-0.png - Prediction 2 - Time 5.761013031005859
Rank 1 - Image MIDRC-RICORD-1C-419639-000025-84235-0.png - Prediction 2 - Time 6.390428304672241
Rank 6 - Image e9e58e10-2795-4dec-a738-c9792ea8f685.png - Prediction 1 - Time 5.511608362197876
Rank 7 - Image 1c0a780d-1cac-4eee-b46d-470ecebc9ae0.png - Prediction 1 - Time 5.542907953262329
Rank 0 - Image MIDRC-RICORD-1C-419639-003024-14703-0.png - Prediction 2 - Time 5.699256658554077
Rank 2 - Image MIDRC-RICORD-1C-419639-001603-23454-0.png - Prediction 2 - Time 5.791657447814941
Rank 4 - Image d82e5841-2f43-4eab-ac17-e98a2d90c51b.png - Prediction 0 - Time 7.154144525527954
Rank 3 - Image MIDRC-RICORD-1C-SITE2-000120-98054-0.png - Prediction 2 - Time 5.818257570266724
Rank 5 - Image 89dd8f63-8320-48f3-b142-d903f40d5c8c.png - Prediction 0 - Time 6.332131624221802
Rank 6 - Image cd9d2d22-4395-4e4d-8837-cfb33c2bdaab.png - Prediction 1 - Time 5.5718464851379395
Rank 1 - Image MIDRC-RICORD-1C-SITE2-000001-16794-0.png - Prediction 2 - Time 6.449664354324341
Rank 7 - Image b852bc3c-0de5-4448-aff8-f96b2cc13d51.png - Prediction 1 - Time 5.486495494842529
Rank 0 - Image MIDRC-RICORD-1C-419639-002724-03387-0.png - Prediction 2 - Time 5.700075626373291
Rank 2 - Image MIDRC-RICORD-1C-419639-000025-39552-0.png - Prediction 2 - Time 5.843663215637207
Rank 3 - Image MIDRC-RICORD-1C-SITE2-000127-30661-0.png - Prediction 2 - Time 5.822615385055542
Rank 5 - Image b76728e6-f44b-40bf-8688-e703d10d2039.png - Prediction 0 - Time 6.383735418319702
Rank 6 - Image b42eaeb8-b6d3-41d7-836c-56fd0922abf6.png - Prediction 1 - Time 5.504058122634888
Rank 4 - Image af1d168c-4850-41e1-85b8-ff8fc645e671.png - Prediction 0 - Time 7.219416379928589
Rank 7 - Image a2616330-1f29-4019-928f-e2d62b3b737b.png - Prediction 1 - Time 5.550060033798218
Rank 1 - Image MIDRC-RICORD-1C-419639-001571-15270-0.png - Prediction 2 - Time 6.40854549407959
Rank 0 - Image MIDRC-RICORD-1C-419639-001464-32013-0.png - Prediction 1 - Time 5.659358739852905
Rank 2 - Image MIDRC-RICORD-1C-SITE2-000291-42841-0.png - Prediction 2 - Time 5.8072121143341064
Rank 3 - Image MIDRC-RICORD-1C-SITE2-000206-25871-0.png - Prediction 2 - Time 5.919450283050537
Rank 6 - Image ae06b30f-ae30-40d3-b237-c934ce499774.png - Prediction 1 - Time 5.558342218399048
Rank 5 - Image d9884def-b31a-4861-9eea-27f97bffeba2.png - Prediction 0 - Time 6.3110151290893555
Rank 7 - Image a6236ddd-6367-4569-b5f1-07d2df9390ad.png - Prediction 1 - Time 5.546355247497559
Rank 4 - Image 585f5059-8938-4885-accb-d7d0b1097c60.png - Prediction 0 - Time 6.970180034637451
Rank 0 - Image MIDRC-RICORD-1C-SITE2-000116-25889-1.png - Prediction 0 - Time 5.781186103820801
Rank 1 - Image MIDRC-RICORD-1C-419639-001903-65209-0.png - Prediction 2 - Time 6.353109836578369
Rank 2 - Image MIDRC-RICORD-1C-419639-001782-15190-0.png - Prediction 2 - Time 5.860905647277832
Rank 3 - Image MIDRC-RICORD-1C-SITE2-000141-46899-0.png - Prediction 2 - Time 5.8026344776153564
Rank 6 - Image f59ae80d-d98e-465f-963a-1064764211f8.png - Prediction 1 - Time 5.503649473190308
Rank 5 - Image ffba6230-71cf-4287-a0d1-887f5d16e95d.png - Prediction 0 - Time 6.3875837326049805
Rank 7 - Image b8d6b40d-2a3d-475f-88d3-03560f645223.png - Prediction 1 - Time 5.616972923278809
Rank 0 - Image MIDRC-RICORD-1C-SITE2-000229-76177-0.png - Prediction 2 - Time 5.702275276184082
Rank 4 - Image 5d4c7318-4739-4470-89f3-70bbbca95f10.png - Prediction 0 - Time 7.035855770111084
Rank 1 - Image MIDRC-RICORD-1C-SITE2-000244-77429-0.png - Prediction 2 - Time 6.443644285202026
Rank 2 - Image MIDRC-RICORD-1C-SITE2-000279-56879-0.png - Prediction 2 - Time 5.69615626335144
Rank 6 - Image 03a9498c-549d-4e7d-800b-e74797f7f625.png - Prediction 1 - Time 5.554057359695435
Rank 3 - Image MIDRC-RICORD-1C-SITE2-000203-08712-0.png - Prediction 2 - Time 5.91879415512085
Rank 7 - Image 49b2fb17-b12c-4e5a-8c4a-02449027c42b.png - Prediction 1 - Time 5.578017234802246
Rank 5 - Image f3b015ab-e337-4e7f-971d-eb7cc3dd4e92.png - Prediction 0 - Time 6.309767246246338
Rank 0 - Image MIDRC-RICORD-1C-419639-001222-46073-0.png - Prediction 1 - Time 5.698854923248291
Rank 2 - Image MIDRC-RICORD-1C-SITE2-000067-11643-0.png - Prediction 1 - Time 5.817986249923706
Rank 1 - Image MIDRC-RICORD-1C-419639-000582-21506-0.png - Prediction 2 - Time 6.357819080352783
Rank 4 - Image d3ad2915-af30-426c-ad2d-1634df8c1b5f.png - Prediction 0 - Time 6.928774356842041
Rank 6 - Image 080f2b35-fcd5-473e-864b-a7dea3054cc7.png - Prediction 1 - Time 5.49830436706543
Rank 3 - Image MIDRC-RICORD-1C-SITE2-000045-76077-0.png - Prediction 2 - Time 5.843477249145508
Rank 7 - Image 3766b0a6-1769-4d82-b081-fa53531de34e.png - Prediction 1 - Time 5.539637088775635
Rank 0 - Image MIDRC-RICORD-1C-419639-003360-73998-0.png - Prediction 2 - Time 5.666116237640381
Rank 5 - Image bca4aa4d-0cc9-4cc0-b06d-5b675194bf62.png - Prediction 0 - Time 6.395675182342529
Rank 2 - Image MIDRC-RICORD-1C-SITE2-000015-91071-0.png - Prediction 2 - Time 5.711729288101196
Rank 1 - Image MIDRC-RICORD-1C-419639-002088-09388-0.png - Prediction 2 - Time 6.408869981765747
Rank 6 - Image b479635e-4c58-4d27-879b-fb0e87b2a1aa.png - Prediction 1 - Time 5.60308575630188
Rank 4 - Image dee054ff-0e1a-4167-b814-cbf339cf689c.png - Prediction 0 - Time 7.025789976119995
Rank 3 - Image MIDRC-RICORD-1C-SITE2-000162-64489-0.png - Prediction 2 - Time 5.816418409347534
Rank 7 - Image f12d7b12-0398-4533-8f55-8772cc434945.png - Prediction 1 - Time 5.57026481628418
Rank 0 - Image MIDRC-RICORD-1C-419639-003334-51353-0.png - Prediction 2 - Time 5.746945381164551
Rank 5 - Image 9e2ddac8-9a4c-448b-98c8-a840a548d0f7.png - Prediction 0 - Time 6.310091733932495
Rank 2 - Image MIDRC-RICORD-1C-440808-000016-8.281-0.png - Prediction 0 - Time 5.776378631591797
Rank 6 - Image 86853bbd-5af2-4551-8273-f2978dffdd76.png - Prediction 0 - Time 5.582925319671631
Rank 1 - Image MIDRC-RICORD-1C-419639-002050-25234-0.png - Prediction 2 - Time 6.331976652145386
Rank 3 - Image MIDRC-RICORD-1C-419639-001505-21193-0.png - Prediction 2 - Time 5.804086446762085
Rank 7 - Image 0b7a4fb2-adab-484b-a0f7-23f5111bc745.png - Prediction 1 - Time 5.611247301101685
Rank 4 - Image bb068d57-86a8-4347-bee0-e29d59ddef6b.png - Prediction 0 - Time 6.880753755569458
Rank 0 - Image MIDRC-RICORD-1C-419639-000538-40522-0.png - Prediction 2 - Time 5.666116952896118
Rank 2 - Image MIDRC-RICORD-1C-419639-001829-30276-0.png - Prediction 2 - Time 5.739076852798462
Rank 5 - Image fc958b63-5da8-448d-8962-3c5167dc9410.png - Prediction 0 - Time 6.389183759689331
Rank 6 - Image acb5c720-f741-415c-993c-65855be08ffa.png - Prediction 1 - Time 5.554474353790283
Rank 3 - Image MIDRC-RICORD-1C-SITE2-000173-80432-1.png - Prediction 2 - Time 5.798273086547852
Rank 1 - Image MIDRC-RICORD-1C-SITE2-000235-44451-0.png - Prediction 2 - Time 6.522262334823608
Rank 7 - Image 1565fd6c-9432-454a-87e4-937fd5ad5b60.png - Prediction 1 - Time 5.4818034172058105
Rank 0 - Image MIDRC-RICORD-1C-419639-001735-74702-0.png - Prediction 2 - Time 5.626032590866089
Rank 4 - Image 354c3756-43ed-4921-adf8-60be49a8b7e8.png - Prediction 0 - Time 6.933225870132446
Rank 2 - Image MIDRC-RICORD-1C-419639-000025-53641-0.png - Prediction 2 - Time 5.712774276733398
Rank 5 - Image cb7d021b-b273-436a-bd7a-e68c11ed3f6b.png - Prediction 0 - Time 6.3154425621032715
Rank 6 - Image 1414c7d6-dff3-453c-8322-b25bb5899d78.png - Prediction 1 - Time 5.636152505874634
Rank 3 - Image MIDRC-RICORD-1C-419639-002871-45785-0.png - Prediction 2 - Time 5.862953186035156
Rank 7 - Image 02002619-3dea-4038-8d4d-458db30ed8de.png - Prediction 1 - Time 5.616234302520752
Rank 1 - Image MIDRC-RICORD-1C-SITE2-000202-80939-0.png - Prediction 2 - Time 6.343482255935669
Rank 0 - Image MIDRC-RICORD-1C-419639-000299-56159-0.png - Prediction 2 - Time 5.702805280685425
Rank 4 - Image b8dd7d32-b177-4d1e-982f-6f0a743828fa.png - Prediction 0 - Time 6.873274326324463
Rank 2 - Image MIDRC-RICORD-1C-SITE2-000124-65701-0.png - Prediction 2 - Time 5.825300216674805
Rank 6 - Image c3a6ca22-c09b-4be0-a59d-e52718fbb645.png - Prediction 1 - Time 5.625348806381226
Rank 5 - Image ff332704-48e0-445b-9188-b2a696d1f0d7.png - Prediction 0 - Time 6.390069007873535
Rank 7 - Image becefa4b-f719-48c6-a903-85e391e026a4.png - Prediction 1 - Time 5.4669411182403564
Rank 3 - Image MIDRC-RICORD-1C-SITE2-000220-78771-1.png - Prediction 0 - Time 5.83046817779541
Rank 1 - Image MIDRC-RICORD-1C-419639-003203-21209-0.png - Prediction 2 - Time 6.415837287902832
Rank 0 - Image MIDRC-RICORD-1C-SITE2-000178-89752-0.png - Prediction 2 - Time 5.6289002895355225
Rank 2 - Image MIDRC-RICORD-1C-419639-001464-85049-0.png - Prediction 2 - Time 5.775816917419434
Rank 6 - Image bfd795ae-7656-40fc-b44e-566515e52ed2.png - Prediction 1 - Time 5.580857276916504
Rank 4 - Image a17f7e03-42a6-41d3-82ad-d8a656826936.png - Prediction 0 - Time 7.003695011138916
Rank 5 - Image 3e1b619a-cdd9-495a-bcbf-a9d62b418991.png - Prediction 0 - Time 6.286643743515015
Rank 7 - Image 3f2b878e-9e3b-410b-a739-b43d81b98692.png - Prediction 1 - Time 5.553610801696777
Rank 3 - Image MIDRC-RICORD-1C-419639-001661-28330-1.png - Prediction 2 - Time 5.735767602920532
Rank 0 - Image MIDRC-RICORD-1C-419639-001287-60951-0.png - Prediction 2 - Time 5.551579713821411
Rank 1 - Image MIDRC-RICORD-1C-419639-000025-90087-1.png - Prediction 2 - Time 6.372985363006592
Rank 2 - Image MIDRC-RICORD-1C-419639-000025-90087-0.png - Prediction 2 - Time 5.7232749462127686
Rank 6 - Image 098906c5-cf22-43d3-9f0d-90e88e602090.png - Prediction 1 - Time 5.621918678283691
Rank 7 - Image adce8349-6836-4328-ab63-f356d0bbe298.png - Prediction 1 - Time 5.53660774230957
Rank 4 - Image c3c78e4e-1a31-4a92-be4b-0fc3c7f992a4.png - Prediction 0 - Time 6.883857250213623
Rank 5 - Image 0977f16c-c343-42c9-95ed-d7ca996feb16.png - Prediction 0 - Time 6.135392665863037
Rank 3 - Image MIDRC-RICORD-1C-SITE2-000142-56843-0.png - Prediction 2 - Time 5.713060617446899
Rank 0 - Image MIDRC-RICORD-1C-SITE2-000182-35476-0.png - Prediction 2 - Time 5.6373515129089355
Rank 1 - Image MIDRC-RICORD-1C-SITE2-000136-21646-0.png - Prediction 2 - Time 6.396913290023804
Rank 2 - Image MIDRC-RICORD-1C-SITE2-000098-66227-0.png - Prediction 2 - Time 5.740504741668701
Rank 6 - Image b5714c0f-6d0f-4c56-833f-8b83f19e982a.png - Prediction 1 - Time 5.568320989608765
Rank 7 - Image 854fee36-d54c-4cde-904d-ab77f5e2e091.png - Prediction 1 - Time 5.539479494094849
Rank 3 - Image MIDRC-RICORD-1C-419639-003099-52606-0.png - Prediction 0 - Time 5.599512338638306
Rank 5 - Image f8a11cd6-e541-4765-a41b-3d70b6f3481e.png - Prediction 0 - Time 6.189661979675293
Rank 4 - Image f1c8caa2-a6dc-40c0-ab85-4769688f1eec.png - Prediction 0 - Time 6.908713340759277
Rank 0 - Image MIDRC-RICORD-1C-419639-000025-17477-0.png - Prediction 2 - Time 5.507096290588379
Rank 1 - Image MIDRC-RICORD-1C-SITE2-000153-84142-0.png - Prediction 2 - Time 6.479990482330322
Rank 2 - Image MIDRC-RICORD-1C-SITE2-000188-54382-0.png - Prediction 2 - Time 5.774815559387207
Rank 6 - Image 875b34e4-b58d-479f-954a-5b015071f448.png - Prediction 1 - Time 5.565154790878296
Rank 7 - Image baf8fe18-a7ca-4e9c-b3dc-5c80d474545b.png - Prediction 1 - Time 5.46647047996521
Rank 3 - Image MIDRC-RICORD-1C-419639-002463-12463-0.png - Prediction 2 - Time 5.6354334354400635
Rank 0 - Image MIDRC-RICORD-1C-419639-002528-57471-0.png - Prediction 1 - Time 5.482621431350708
Rank 5 - Image 960131aa-4ce4-4b26-aa12-5f73d8d81453.png - Prediction 0 - Time 6.205620765686035
Rank 4 - Image d535a3c8-c4a4-4856-b5cd-17f6332eac8b.png - Prediction 0 - Time 6.946130990982056
Rank 2 - Image MIDRC-RICORD-1C-SITE2-000072-79474-0.png - Prediction 2 - Time 5.703406810760498
Rank 6 - Image 91e187a5-771d-4a83-9601-e22ed326bc8e.png - Prediction 1 - Time 5.6266188621521
Rank 1 - Image MIDRC-RICORD-1C-419639-003216-61144-0.png - Prediction 2 - Time 6.410213470458984
Rank 7 - Image a77b32f6-1999-4cc6-8a0d-1ef7e53850f0.png - Prediction 1 - Time 5.6073219776153564
Rank 3 - Image MIDRC-RICORD-1C-419639-001085-09031-0.png - Prediction 0 - Time 5.661386966705322
Rank 0 - Image MIDRC-RICORD-1C-419639-001932-82193-0.png - Prediction 2 - Time 5.557795763015747
Rank 5 - Image 3a5327d8-8830-4ae2-bd6b-293f5aa42d4b.png - Prediction 0 - Time 6.1203203201293945
Rank 4 - Image 2ed06be4-9f0e-4256-b8bf-a4b396cc6364.png - Prediction 0 - Time 6.941549777984619
Rank 6 - Image 3abb7176-035d-46cc-844e-820870e8154b.png - Prediction 1 - Time 5.576840400695801
Rank 2 - Image MIDRC-RICORD-1C-419639-001882-13628-0.png - Prediction 2 - Time 5.7733213901519775
Rank 7 - Image 41bf2042-53a2-44a8-9a29-55e643af5ac0.png - Prediction 1 - Time 5.563274383544922
Rank 1 - Image MIDRC-RICORD-1C-419639-001464-60601-0.png - Prediction 2 - Time 6.358250141143799
Rank 3 - Image MIDRC-RICORD-1C-419639-002895-42704-0.png - Prediction 0 - Time 5.631648302078247
Rank 0 - Image MIDRC-RICORD-1C-419639-000002-10161-0.png - Prediction 2 - Time 5.5164854526519775
Rank 5 - Image a0b9597d-93f4-4a7c-a412-81cb78bccb66.png - Prediction 0 - Time 6.189506530761719
Rank 2 - Image MIDRC-RICORD-1C-419639-000402-60433-0.png - Prediction 0 - Time 5.704837799072266
Rank 7 - Image ec09ddb3-9b0b-4749-9e0d-f94a4a7e5fed.png - Prediction 1 - Time 5.465534210205078
Rank 4 - Image 168f4fcb-a87d-49fc-b167-4ed42fd1ec43.png - Prediction 0 - Time 6.8770692348480225
Rank 1 - Image MIDRC-RICORD-1C-419639-003380-99227-0.png - Prediction 0 - Time 6.425692319869995
Rank 5 - Image cdac0980-033c-4685-b7e4-0a12c86a00a9.png - Prediction 0 - Time 6.1256842613220215
Rank 7 - Image abff4044-3c0a-458f-b0c7-04254be7fc0c.png - Prediction 1 - Time 5.511902570724487
Rank 4 - Image a8e3ea7d-0b63-45cf-85d8-1078d3e2449d.png - Prediction 0 - Time 6.858360767364502
Rank 1 - Image MIDRC-RICORD-1C-SITE2-000272-41527-0.png - Prediction 2 - Time 6.369283676147461
Rank 5 - Image 7ca5c75a-1ec6-49a7-a3b0-93b6122a3170.png - Prediction 0 - Time 6.133594512939453
Rank 7 - Image 27b32500-40ef-4c14-ab88-ace5e9ceea27.png - Prediction 1 - Time 5.524890422821045
Rank 1 - Image MIDRC-RICORD-1C-419639-003338-57135-0.png - Prediction 2 - Time 6.167028427124023
Rank 4 - Image f31d1fb1-604b-4fec-b320-f07ce2694008.png - Prediction 0 - Time 6.929239511489868
Rank 5 - Image d1e0d69c-a4df-485a-983c-535494221d1a.png - Prediction 0 - Time 6.179948806762695
Rank 1 - Image MIDRC-RICORD-1C-419639-003060-04928-0.png - Prediction 2 - Time 6.232202768325806
Rank 4 - Image 069cfd47-0169-43e7-89a1-0be0fa24105b.png - Prediction 0 - Time 6.924337387084961
Rank 5 - Image 6b969591-8a07-49ed-9f65-fa19a453df59.png - Prediction 0 - Time 6.112576484680176
Rank 1 - Image MIDRC-RICORD-1C-419639-002889-42412-0.png - Prediction 2 - Time 6.162096977233887
Rank 4 - Image 85d84453-ab2d-4666-98e6-5df3cbb81f5b.png - Prediction 0 - Time 6.8674070835113525
Rank 4 - Image 8db71746-e837-43c2-bdf1-c44d1ab207e3.png - Prediction 0 - Time 6.931513547897339
Rank 4 - Image 275f9fff-2439-4f3f-9c48-7c21f348701a.png - Prediction 0 - Time 6.898497581481934
Rank 4 - Image 1d1968e2-88a5-4d72-9237-caf4cbad9423.png - Prediction 0 - Time 6.851006507873535
Rank 4 - Image 07aeb82e-773b-4498-95c0-fabdf4985bb2.png - Prediction 0 - Time 6.918618440628052
Rank 4 - Image 652d6bb3-56a0-4a89-9631-684ce27cfc4c.png - Prediction 0 - Time 6.86068320274353
Rank 0 - gathering data of length: 8
Created csv file: /p/project/joaiml/ingolfsson1/COVID_Net/results/covidx_test_8_224_361.csv
Total inference time: 361.55699586868286
