Sat Dec  4 15:25:25 2021       
+-----------------------------------------------------------------------------+
| NVIDIA-SMI 418.87.00    Driver Version: 418.87.00    CUDA Version: 10.1     |
|-------------------------------+----------------------+----------------------+
| GPU  Name        Persistence-M| Bus-Id        Disp.A | Volatile Uncorr. ECC |
| Fan  Temp  Perf  Pwr:Usage/Cap|         Memory-Usage | GPU-Util  Compute M. |
|===============================+======================+======================|
|   0  Tesla V100-PCIE...  On   | 00000000:AF:00.0 Off |                    0 |
| N/A   29C    P0    26W / 250W |      0MiB / 32480MiB |      0%      Default |
+-------------------------------+----------------------+----------------------+
                                                                               
+-----------------------------------------------------------------------------+
| Processes:                                                       GPU Memory |
|  GPU       PID   Type   Process name                             Usage      |
|=============================================================================|
|  No running processes found                                                 |
+-----------------------------------------------------------------------------+
Rank 0 - Image MIDRC-RICORD-1C-419639-003251-46647-0.png - Prediction COVID-19 - Time 25.669694900512695
Rank 1 - Image MIDRC-RICORD-1C-SITE2-000159-61155-0.png - Prediction COVID-19 - Time 29.495028257369995
Rank 0 - Image MIDRC-RICORD-1C-419639-001464-39871-0.png - Prediction COVID-19 - Time 20.72932720184326
Rank 1 - Image MIDRC-RICORD-1C-419639-003169-42019-0.png - Prediction normal - Time 23.568170070648193
Rank 0 - Image MIDRC-RICORD-1C-419639-000918-78965-0.png - Prediction COVID-19 - Time 19.479043006896973
Rank 1 - Image MIDRC-RICORD-1C-SITE2-000238-25854-1.png - Prediction COVID-19 - Time 23.255608797073364
Rank 0 - Image MIDRC-RICORD-1C-419639-003318-64285-0.png - Prediction COVID-19 - Time 21.02665638923645
Rank 1 - Image MIDRC-RICORD-1C-419639-001464-33260-0.png - Prediction COVID-19 - Time 24.855984687805176
Rank 0 - Image MIDRC-RICORD-1C-419639-001015-81591-0.png - Prediction COVID-19 - Time 20.525693655014038
Rank 1 - Image MIDRC-RICORD-1C-SITE2-000018-55212-0.png - Prediction COVID-19 - Time 23.93573522567749
Rank 0 - Image MIDRC-RICORD-1C-SITE2-000265-99793-1.png - Prediction COVID-19 - Time 21.231033325195312
Rank 0 - gathering data of length: 2

[['0' 'COVID-19' '25.669694900512695']
 ['1' 'COVID-19' '20.72932720184326']
 ['2' 'COVID-19' '19.479043006896973']
 ['3' 'COVID-19' '21.02665638923645']
 ['4' 'COVID-19' '20.525693655014038']
 ['5' 'COVID-19' '21.231033325195312']
 ['6' 'COVID-19' '29.495028257369995']
 ['7' 'normal' '23.568170070648193']
 ['8' 'COVID-19' '23.255608797073364']
 ['9' 'COVID-19' '24.855984687805176']
 ['10' 'COVID-19' '23.93573522567749']]
