Correct: COVID-19
Predicted: COVID-19
Inference time: 44.583736181259155
Total time elapsed: 44.583736181259155

Correct: COVID-19
Predicted: COVID-19
Inference time: 42.98439955711365
Total time elapsed: 87.5681357383728

Correct: COVID-19
Predicted: COVID-19
Inference time: 44.22735357284546
Total time elapsed: 131.79548931121826

Correct: COVID-19
Predicted: COVID-19
Inference time: 42.55895662307739
Total time elapsed: 174.35444593429565

Correct: COVID-19
Predicted: COVID-19
Inference time: 42.59021782875061
Total time elapsed: 216.94466376304626

Correct: COVID-19
Predicted: COVID-19
Inference time: 43.61372900009155
Total time elapsed: 260.5583927631378

Correct: COVID-19
Predicted: COVID-19
Inference time: 43.85385012626648
Total time elapsed: 304.4122428894043

Correct: COVID-19
Predicted: normal
Inference time: 41.667784214019775
Total time elapsed: 346.0800271034241

Correct: COVID-19
Predicted: COVID-19
Inference time: 43.29438829421997
Total time elapsed: 389.37441539764404

Correct: COVID-19
Predicted: COVID-19
Inference time: 42.21459984779358
Total time elapsed: 431.5890152454376

Correct: COVID-19
Predicted: COVID-19
Inference time: 43.20084023475647
Total time elapsed: 474.7898554801941

Correct: COVID-19
Predicted: COVID-19
Inference time: 42.36003255844116
Total time elapsed: 517.1498880386353

Correct: COVID-19
Predicted: COVID-19
Inference time: 42.62449383735657
Total time elapsed: 559.7743818759918

Correct: COVID-19
Predicted: COVID-19
Inference time: 42.80431818962097
Total time elapsed: 602.5787000656128

Correct: COVID-19
Predicted: COVID-19
Inference time: 43.00278091430664
Total time elapsed: 645.5814809799194

Correct: COVID-19
Predicted: COVID-19
Inference time: 42.448955059051514
Total time elapsed: 688.030436038971

Correct: COVID-19
Predicted: COVID-19
Inference time: 43.05884313583374
Total time elapsed: 731.0892791748047

Correct: COVID-19
Predicted: COVID-19
Inference time: 42.85910677909851
Total time elapsed: 773.9483859539032

Correct: COVID-19
Predicted: COVID-19
Inference time: 43.669682264328
Total time elapsed: 817.6180682182312

Correct: COVID-19
Predicted: COVID-19
Inference time: 43.81573009490967
Total time elapsed: 861.4337983131409

Correct: COVID-19
Predicted: COVID-19
Inference time: 43.51470327377319
Total time elapsed: 904.9485015869141

Correct: COVID-19
Predicted: COVID-19
Inference time: 42.24428105354309
Total time elapsed: 947.1927826404572

Correct: COVID-19
Predicted: COVID-19
Inference time: 42.535863399505615
Total time elapsed: 989.7286460399628

Correct: COVID-19
Predicted: COVID-19
Inference time: 42.469072341918945
Total time elapsed: 1032.1977183818817

Correct: COVID-19
Predicted: COVID-19
Inference time: 43.61477518081665
Total time elapsed: 1075.8124935626984

Correct: COVID-19
Predicted: COVID-19
Inference time: 42.217408657073975
Total time elapsed: 1118.0299022197723

Correct: COVID-19
Predicted: COVID-19
Inference time: 43.13073015213013
Total time elapsed: 1161.1606323719025

Correct: COVID-19
Predicted: COVID-19
Inference time: 42.17668175697327
Total time elapsed: 1203.3373141288757

Correct: COVID-19
Predicted: COVID-19
Inference time: 43.43548941612244
Total time elapsed: 1246.7728035449982

Correct: COVID-19
Predicted: COVID-19
Inference time: 42.05295729637146
Total time elapsed: 1288.8257608413696

Correct: COVID-19
Predicted: COVID-19
Inference time: 43.759209871292114
Total time elapsed: 1332.5849707126617

Correct: COVID-19
Predicted: COVID-19
Inference time: 42.84073615074158
Total time elapsed: 1375.4257068634033

Correct: COVID-19
Predicted: COVID-19
Inference time: 42.71495532989502
Total time elapsed: 1418.1406621932983

Correct: COVID-19
Predicted: COVID-19
Inference time: 42.1743905544281
Total time elapsed: 1460.3150527477264

Correct: COVID-19
Predicted: COVID-19
Inference time: 42.53818202018738
Total time elapsed: 1502.8532347679138

Correct: COVID-19
Predicted: COVID-19
Inference time: 42.52865505218506
Total time elapsed: 1545.3818898200989

Correct: COVID-19
Predicted: COVID-19
Inference time: 43.49905729293823
Total time elapsed: 1588.880947113037

Correct: COVID-19
Predicted: COVID-19
Inference time: 42.640873432159424
Total time elapsed: 1631.5218205451965

Correct: COVID-19
Predicted: COVID-19
Inference time: 43.22228407859802
Total time elapsed: 1674.7441046237946

Correct: COVID-19
Predicted: COVID-19
Inference time: 42.083677768707275
Total time elapsed: 1716.8277823925018

Correct: COVID-19
Predicted: COVID-19
Inference time: 43.34131979942322
Total time elapsed: 1760.169102191925

Correct: COVID-19
Predicted: COVID-19
Inference time: 42.58869671821594
Total time elapsed: 1802.757798910141

Correct: COVID-19
Predicted: COVID-19
Inference time: 42.71375036239624
Total time elapsed: 1845.4715492725372

Correct: COVID-19
Predicted: COVID-19
Inference time: 42.551957845687866
Total time elapsed: 1888.023507118225

Correct: COVID-19
Predicted: COVID-19
Inference time: 43.56972408294678
Total time elapsed: 1931.5932312011719

Correct: COVID-19
Predicted: COVID-19
Inference time: 43.112839221954346
Total time elapsed: 1974.7060704231262

Correct: COVID-19
Predicted: COVID-19
Inference time: 43.597758293151855
Total time elapsed: 2018.303828716278

Correct: COVID-19
Predicted: COVID-19
Inference time: 43.100067377090454
Total time elapsed: 2061.4038960933685

Correct: COVID-19
Predicted: COVID-19
Inference time: 44.294400453567505
Total time elapsed: 2105.698296546936

Correct: COVID-19
Predicted: COVID-19
Inference time: 42.39086842536926
Total time elapsed: 2148.0891649723053

Correct: COVID-19
Predicted: COVID-19
Inference time: 42.27079129219055
Total time elapsed: 2190.359956264496

Correct: COVID-19
Predicted: COVID-19
Inference time: 43.206093549728394
Total time elapsed: 2233.5660498142242

Correct: COVID-19
Predicted: COVID-19
Inference time: 42.673466205596924
Total time elapsed: 2276.239516019821

Correct: COVID-19
Predicted: COVID-19
Inference time: 42.21602129936218
Total time elapsed: 2318.4555373191833

Correct: COVID-19
Predicted: COVID-19
Inference time: 43.519951820373535
Total time elapsed: 2361.975489139557

Correct: COVID-19
Predicted: COVID-19
Inference time: 42.03428316116333
Total time elapsed: 2404.00977230072

Correct: COVID-19
Predicted: COVID-19
Inference time: 43.74164962768555
Total time elapsed: 2447.7514219284058

Correct: COVID-19
Predicted: COVID-19
Inference time: 42.77968668937683
Total time elapsed: 2490.5311086177826

Correct: COVID-19
Predicted: COVID-19
Inference time: 42.80110573768616
Total time elapsed: 2533.3322143554688

Correct: COVID-19
Predicted: COVID-19
Inference time: 42.73786497116089
Total time elapsed: 2576.0700793266296

Correct: COVID-19
Predicted: COVID-19
Inference time: 43.328548431396484
Total time elapsed: 2619.398627758026

Correct: COVID-19
Predicted: COVID-19
Inference time: 42.29117798805237
Total time elapsed: 2661.6898057460785

Correct: COVID-19
Predicted: COVID-19
Inference time: 43.38928842544556
Total time elapsed: 2705.079094171524

Correct: COVID-19
Predicted: COVID-19
Inference time: 41.502854347229004
Total time elapsed: 2746.581948518753

Correct: COVID-19
Predicted: COVID-19
Inference time: 42.420061349868774
Total time elapsed: 2789.002009868622

Correct: COVID-19
Predicted: COVID-19
Inference time: 42.86642360687256
Total time elapsed: 2831.8684334754944

Correct: COVID-19
Predicted: COVID-19
Inference time: 43.37462782859802
Total time elapsed: 2875.2430613040924

Correct: COVID-19
Predicted: COVID-19
Inference time: 42.00225901603699
Total time elapsed: 2917.2453203201294

Correct: COVID-19
Predicted: COVID-19
Inference time: 43.698325395584106
Total time elapsed: 2960.9436457157135

Correct: COVID-19
Predicted: COVID-19
Inference time: 42.494057416915894
Total time elapsed: 3003.4377031326294

Correct: COVID-19
Predicted: COVID-19
Inference time: 43.586066484451294
Total time elapsed: 3047.0237696170807

Correct: COVID-19
Predicted: COVID-19
Inference time: 43.121506690979004
Total time elapsed: 3090.1452763080597

Correct: COVID-19
Predicted: COVID-19
Inference time: 43.53944492340088
Total time elapsed: 3133.6847212314606

Correct: COVID-19
Predicted: COVID-19
Inference time: 42.07334923744202
Total time elapsed: 3175.7580704689026

Correct: COVID-19
Predicted: COVID-19
Inference time: 43.35929989814758
Total time elapsed: 3219.11737036705

Correct: COVID-19
Predicted: COVID-19
Inference time: 42.8326461315155
Total time elapsed: 3261.9500164985657

Correct: COVID-19
Predicted: normal
Inference time: 43.4084255695343
Total time elapsed: 3305.3584420681

Correct: COVID-19
Predicted: COVID-19
Inference time: 43.25959491729736
Total time elapsed: 3348.6180369853973

Correct: COVID-19
Predicted: COVID-19
Inference time: 43.36470651626587
Total time elapsed: 3391.982743501663

Correct: COVID-19
Predicted: COVID-19
Inference time: 42.90351605415344
Total time elapsed: 3434.8862595558167

Correct: COVID-19
Predicted: COVID-19
Inference time: 43.12653970718384
Total time elapsed: 3478.0127992630005

Correct: COVID-19
Predicted: COVID-19
Inference time: 41.423274993896484
Total time elapsed: 3519.436074256897

Correct: COVID-19
Predicted: COVID-19
Inference time: 44.224100828170776
Total time elapsed: 3563.6601750850677

Correct: COVID-19
Predicted: COVID-19
Inference time: 42.30425953865051
Total time elapsed: 3605.9644346237183

Correct: COVID-19
Predicted: COVID-19
Inference time: 43.35948443412781
Total time elapsed: 3649.323919057846

Correct: COVID-19
Predicted: COVID-19
Inference time: 42.212708473205566
Total time elapsed: 3691.5366275310516

Correct: COVID-19
Predicted: COVID-19
Inference time: 43.42715239524841
Total time elapsed: 3734.9637799263

Correct: COVID-19
Predicted: COVID-19
Inference time: 41.72492027282715
Total time elapsed: 3776.688700199127

Correct: COVID-19
Predicted: COVID-19
Inference time: 43.26426386833191
Total time elapsed: 3819.952964067459

Correct: COVID-19
Predicted: normal
Inference time: 42.36841654777527
Total time elapsed: 3862.3213806152344

Correct: COVID-19
Predicted: COVID-19
Inference time: 43.04617381095886
Total time elapsed: 3905.3675544261932

Correct: COVID-19
Predicted: COVID-19
Inference time: 42.915761947631836
Total time elapsed: 3948.283316373825

Correct: COVID-19
Predicted: COVID-19
Inference time: 42.9636914730072
Total time elapsed: 3991.2470078468323

Correct: COVID-19
Predicted: COVID-19
Inference time: 43.70296788215637
Total time elapsed: 4034.9499757289886

Correct: COVID-19
Predicted: COVID-19
Inference time: 42.40159487724304
Total time elapsed: 4077.3515706062317

Correct: COVID-19
Predicted: COVID-19
Inference time: 43.14886260032654
Total time elapsed: 4120.500433206558

Correct: COVID-19
Predicted: COVID-19
Inference time: 43.54940485954285
Total time elapsed: 4164.049838066101

Correct: COVID-19
Predicted: COVID-19
Inference time: 42.81484031677246
Total time elapsed: 4206.8646783828735

Correct: COVID-19
Predicted: COVID-19
Inference time: 43.685765981674194
Total time elapsed: 4250.550444364548

Correct: COVID-19
Predicted: COVID-19
Inference time: 43.070170402526855
Total time elapsed: 4293.620614767075

Correct: COVID-19
Predicted: COVID-19
Inference time: 43.65828776359558
Total time elapsed: 4337.27890253067

Correct: COVID-19
Predicted: COVID-19
Inference time: 42.645355224609375
Total time elapsed: 4379.9242577552795

Correct: COVID-19
Predicted: COVID-19
Inference time: 43.54981756210327
Total time elapsed: 4423.474075317383

Correct: COVID-19
Predicted: COVID-19
Inference time: 42.41578531265259
Total time elapsed: 4465.889860630035

Correct: COVID-19
Predicted: COVID-19
Inference time: 43.424970626831055
Total time elapsed: 4509.3148312568665

Correct: COVID-19
Predicted: COVID-19
Inference time: 41.90018439292908
Total time elapsed: 4551.2150156497955

Correct: COVID-19
Predicted: COVID-19
Inference time: 43.382017612457275
Total time elapsed: 4594.597033262253

Correct: COVID-19
Predicted: COVID-19
Inference time: 42.540592193603516
Total time elapsed: 4637.137625455856

Correct: COVID-19
Predicted: COVID-19
Inference time: 43.02136182785034
Total time elapsed: 4680.158987283707

Correct: COVID-19
Predicted: COVID-19
Inference time: 43.30758714675903
Total time elapsed: 4723.466574430466

Correct: COVID-19
Predicted: COVID-19
Inference time: 42.89027786254883
Total time elapsed: 4766.3568522930145

Correct: COVID-19
Predicted: COVID-19
Inference time: 42.6784827709198
Total time elapsed: 4809.035335063934

Correct: COVID-19
Predicted: COVID-19
Inference time: 42.75096154212952
Total time elapsed: 4851.786296606064

Correct: COVID-19
Predicted: COVID-19
Inference time: 42.43537187576294
Total time elapsed: 4894.221668481827

Correct: COVID-19
Predicted: COVID-19
Inference time: 43.72373366355896
Total time elapsed: 4937.945402145386

Correct: COVID-19
Predicted: COVID-19
Inference time: 42.19341993331909
Total time elapsed: 4980.138822078705

Correct: COVID-19
Predicted: COVID-19
Inference time: 43.41059923171997
Total time elapsed: 5023.549421310425

Correct: COVID-19
Predicted: COVID-19
Inference time: 42.34461045265198
Total time elapsed: 5065.894031763077

Correct: COVID-19
Predicted: COVID-19
Inference time: 42.95235729217529
Total time elapsed: 5108.846389055252

Correct: COVID-19
Predicted: COVID-19
Inference time: 43.38890480995178
Total time elapsed: 5152.235293865204

Correct: COVID-19
Predicted: COVID-19
Inference time: 43.42768740653992
Total time elapsed: 5195.662981271744

Correct: COVID-19
Predicted: COVID-19
Inference time: 42.87634563446045
Total time elapsed: 5238.539326906204

Correct: COVID-19
Predicted: COVID-19
Inference time: 42.91610646247864
Total time elapsed: 5281.455433368683

Correct: COVID-19
Predicted: COVID-19
Inference time: 42.254677057266235
Total time elapsed: 5323.710110425949

Correct: COVID-19
Predicted: COVID-19
Inference time: 43.905251026153564
Total time elapsed: 5367.615361452103

Correct: COVID-19
Predicted: COVID-19
Inference time: 42.62182402610779
Total time elapsed: 5410.23718547821

Correct: COVID-19
Predicted: COVID-19
Inference time: 43.038341999053955
Total time elapsed: 5453.275527477264

Correct: COVID-19
Predicted: COVID-19
Inference time: 41.86681866645813
Total time elapsed: 5495.1423461437225

Correct: COVID-19
Predicted: COVID-19
Inference time: 42.41880464553833
Total time elapsed: 5537.561150789261

Correct: COVID-19
Predicted: COVID-19
Inference time: 42.186243534088135
Total time elapsed: 5579.747394323349

Correct: COVID-19
Predicted: COVID-19
Inference time: 43.21683859825134
Total time elapsed: 5622.9642329216

Correct: COVID-19
Predicted: COVID-19
Inference time: 42.04942965507507
Total time elapsed: 5665.013662576675

Correct: COVID-19
Predicted: COVID-19
Inference time: 43.35353350639343
Total time elapsed: 5708.367196083069

Correct: COVID-19
Predicted: COVID-19
Inference time: 42.1862690448761
Total time elapsed: 5750.553465127945

Correct: COVID-19
Predicted: COVID-19
Inference time: 43.189666986465454
Total time elapsed: 5793.74313211441

Correct: COVID-19
Predicted: COVID-19
Inference time: 42.864404916763306
Total time elapsed: 5836.607537031174

Correct: COVID-19
Predicted: COVID-19
Inference time: 42.287768602371216
Total time elapsed: 5878.895305633545

Correct: COVID-19
Predicted: COVID-19
Inference time: 43.04985857009888
Total time elapsed: 5921.945164203644

Correct: COVID-19
Predicted: COVID-19
Inference time: 43.03426265716553
Total time elapsed: 5964.979426860809

Correct: COVID-19
Predicted: normal
Inference time: 41.51549506187439
Total time elapsed: 6006.494921922684

Correct: COVID-19
Predicted: COVID-19
Inference time: 43.39932942390442
Total time elapsed: 6049.894251346588

Correct: COVID-19
Predicted: COVID-19
Inference time: 42.72820281982422
Total time elapsed: 6092.622454166412

Correct: COVID-19
Predicted: COVID-19
Inference time: 43.36564350128174
Total time elapsed: 6135.988097667694

Correct: COVID-19
Predicted: COVID-19
Inference time: 42.88319420814514
Total time elapsed: 6178.871291875839

Correct: COVID-19
Predicted: COVID-19
Inference time: 43.4208984375
Total time elapsed: 6222.292190313339

Correct: COVID-19
Predicted: COVID-19
Inference time: 42.880351066589355
Total time elapsed: 6265.172541379929

Correct: COVID-19
Predicted: COVID-19
Inference time: 42.46087694168091
Total time elapsed: 6307.6334183216095

Correct: COVID-19
Predicted: COVID-19
Inference time: 43.542850971221924
Total time elapsed: 6351.176269292831

Correct: COVID-19
Predicted: COVID-19
Inference time: 42.8818302154541
Total time elapsed: 6394.0580995082855

Correct: COVID-19
Predicted: COVID-19
Inference time: 43.14544939994812
Total time elapsed: 6437.203548908234

Correct: COVID-19
Predicted: pneumonia
Inference time: 43.732855796813965
Total time elapsed: 6480.936404705048

Correct: COVID-19
Predicted: COVID-19
Inference time: 43.36418914794922
Total time elapsed: 6524.300593852997

Correct: COVID-19
Predicted: COVID-19
Inference time: 43.267807483673096
Total time elapsed: 6567.56840133667

Correct: COVID-19
Predicted: COVID-19
Inference time: 41.544992208480835
Total time elapsed: 6609.113393545151

Correct: COVID-19
Predicted: COVID-19
Inference time: 44.69820308685303
Total time elapsed: 6653.811596632004

Correct: COVID-19
Predicted: COVID-19
Inference time: 42.603626012802124
Total time elapsed: 6696.415222644806

Correct: COVID-19
Predicted: COVID-19
Inference time: 43.28628635406494
Total time elapsed: 6739.701508998871

Correct: COVID-19
Predicted: COVID-19
Inference time: 42.939614057540894
Total time elapsed: 6782.641123056412

Correct: COVID-19
Predicted: COVID-19
Inference time: 42.11408305168152
Total time elapsed: 6824.755206108093

Correct: COVID-19
Predicted: COVID-19
Inference time: 43.029725313186646
Total time elapsed: 6867.78493142128

Correct: COVID-19
Predicted: COVID-19
Inference time: 43.168225049972534
Total time elapsed: 6910.953156471252

Correct: COVID-19
Predicted: COVID-19
Inference time: 42.625261306762695
Total time elapsed: 6953.578417778015

Correct: COVID-19
Predicted: COVID-19
Inference time: 43.42062950134277
Total time elapsed: 6996.999047279358

Correct: COVID-19
Predicted: COVID-19
Inference time: 43.08345866203308
Total time elapsed: 7040.082505941391

Correct: COVID-19
Predicted: COVID-19
Inference time: 43.67695116996765
Total time elapsed: 7083.759457111359

Correct: COVID-19
Predicted: COVID-19
Inference time: 42.39737105369568
Total time elapsed: 7126.156828165054

Correct: COVID-19
Predicted: COVID-19
Inference time: 43.08715772628784
Total time elapsed: 7169.243985891342

Correct: COVID-19
Predicted: COVID-19
Inference time: 43.89536428451538
Total time elapsed: 7213.1393501758575

Correct: COVID-19
Predicted: COVID-19
Inference time: 43.015464067459106
Total time elapsed: 7256.154814243317

Correct: COVID-19
Predicted: COVID-19
Inference time: 42.67471671104431
Total time elapsed: 7298.829530954361

Correct: COVID-19
Predicted: COVID-19
Inference time: 44.18353867530823
Total time elapsed: 7343.013069629669

Correct: COVID-19
Predicted: COVID-19
Inference time: 42.81549406051636
Total time elapsed: 7385.828563690186

Correct: COVID-19
Predicted: COVID-19
Inference time: 44.470606565475464
Total time elapsed: 7430.299170255661

Correct: COVID-19
Predicted: COVID-19
Inference time: 43.52280330657959
Total time elapsed: 7473.821973562241

Correct: COVID-19
Predicted: COVID-19
Inference time: 42.99105668067932
Total time elapsed: 7516.81303024292

Correct: COVID-19
Predicted: COVID-19
Inference time: 42.39315581321716
Total time elapsed: 7559.206186056137

Correct: COVID-19
Predicted: COVID-19
Inference time: 42.73202061653137
Total time elapsed: 7601.9382066726685

Correct: COVID-19
Predicted: COVID-19
Inference time: 43.30806088447571
Total time elapsed: 7645.246267557144

Correct: COVID-19
Predicted: COVID-19
Inference time: 43.970438718795776
Total time elapsed: 7689.21670627594

Correct: COVID-19
Predicted: COVID-19
Inference time: 42.314889430999756
Total time elapsed: 7731.53159570694

Correct: COVID-19
Predicted: COVID-19
Inference time: 43.96287488937378
Total time elapsed: 7775.4944705963135

Correct: COVID-19
Predicted: COVID-19
Inference time: 41.79145336151123
Total time elapsed: 7817.285923957825

Correct: COVID-19
Predicted: COVID-19
Inference time: 43.00979495048523
Total time elapsed: 7860.29571890831

Correct: COVID-19
Predicted: COVID-19
Inference time: 42.78709816932678
Total time elapsed: 7903.082817077637

Correct: COVID-19
Predicted: COVID-19
Inference time: 42.74043869972229
Total time elapsed: 7945.823255777359

Correct: COVID-19
Predicted: COVID-19
Inference time: 43.10777711868286
Total time elapsed: 7988.931032896042

Correct: COVID-19
Predicted: COVID-19
Inference time: 42.916964054107666
Total time elapsed: 8031.8479969501495

Correct: COVID-19
Predicted: COVID-19
Inference time: 42.99752163887024
Total time elapsed: 8074.84551858902

Correct: COVID-19
Predicted: COVID-19
Inference time: 42.89299702644348
Total time elapsed: 8117.738515615463

Correct: COVID-19
Predicted: COVID-19
Inference time: 42.824678897857666
Total time elapsed: 8160.563194513321

Correct: COVID-19
Predicted: COVID-19
Inference time: 43.611735105514526
Total time elapsed: 8204.174929618835

Correct: COVID-19
Predicted: COVID-19
Inference time: 43.18254327774048
Total time elapsed: 8247.357472896576

Correct: COVID-19
Predicted: COVID-19
Inference time: 43.96915411949158
Total time elapsed: 8291.326627016068

Correct: COVID-19
Predicted: COVID-19
Inference time: 42.77997660636902
Total time elapsed: 8334.106603622437

Correct: COVID-19
Predicted: COVID-19
Inference time: 42.32381582260132
Total time elapsed: 8376.430419445038

Correct: COVID-19
Predicted: COVID-19
Inference time: 42.66111350059509
Total time elapsed: 8419.091532945633

Correct: COVID-19
Predicted: COVID-19
Inference time: 43.517945289611816
Total time elapsed: 8462.609478235245

Correct: COVID-19
Predicted: COVID-19
Inference time: 41.96566700935364
Total time elapsed: 8504.575145244598

Correct: COVID-19
Predicted: COVID-19
Inference time: 43.50217056274414
Total time elapsed: 8548.077315807343

Correct: COVID-19
Predicted: COVID-19
Inference time: 42.88422417640686
Total time elapsed: 8590.96153998375

Correct: normal
Predicted: normal
Inference time: 43.38529682159424
Total time elapsed: 8634.346836805344

Correct: normal
Predicted: normal
Inference time: 43.687307357788086
Total time elapsed: 8678.034144163132

Correct: normal
Predicted: normal
Inference time: 43.16099524497986
Total time elapsed: 8721.195139408112

Correct: normal
Predicted: normal
Inference time: 41.787370681762695
Total time elapsed: 8762.982510089874

Correct: normal
Predicted: normal
Inference time: 42.50716423988342
Total time elapsed: 8805.489674329758

Correct: normal
Predicted: normal
Inference time: 42.319987773895264
Total time elapsed: 8847.809662103653

Correct: normal
Predicted: normal
Inference time: 43.38852548599243
Total time elapsed: 8891.198187589645

Correct: normal
Predicted: normal
Inference time: 42.68579721450806
Total time elapsed: 8933.883984804153

Correct: normal
Predicted: normal
Inference time: 43.146509647369385
Total time elapsed: 8977.030494451523

Correct: normal
Predicted: pneumonia
Inference time: 42.448030948638916
Total time elapsed: 9019.478525400162

Correct: normal
Predicted: normal
Inference time: 43.266862630844116
Total time elapsed: 9062.745388031006

Correct: normal
Predicted: normal
Inference time: 43.24572944641113
Total time elapsed: 9105.991117477417

Correct: normal
Predicted: normal
Inference time: 43.438395500183105
Total time elapsed: 9149.4295129776

Correct: normal
Predicted: normal
Inference time: 42.062012672424316
Total time elapsed: 9191.491525650024

Correct: normal
Predicted: normal
Inference time: 45.48877835273743
Total time elapsed: 9236.980304002762

Correct: normal
Predicted: normal
Inference time: 42.64359211921692
Total time elapsed: 9279.623896121979

Correct: normal
Predicted: normal
Inference time: 43.311291217803955
Total time elapsed: 9322.935187339783

Correct: normal
Predicted: normal
Inference time: 41.64444899559021
Total time elapsed: 9364.579636335373

Correct: normal
Predicted: pneumonia
Inference time: 42.780115365982056
Total time elapsed: 9407.359751701355

Correct: normal
Predicted: pneumonia
Inference time: 42.827226877212524
Total time elapsed: 9450.186978578568

Correct: normal
Predicted: normal
Inference time: 42.506823778152466
Total time elapsed: 9492.69380235672

Correct: normal
Predicted: normal
Inference time: 42.80368638038635
Total time elapsed: 9535.497488737106

Correct: normal
Predicted: normal
Inference time: 42.524757385253906
Total time elapsed: 9578.02224612236

Correct: normal
Predicted: normal
Inference time: 42.542381048202515
Total time elapsed: 9620.564627170563

Correct: normal
Predicted: normal
Inference time: 42.99693298339844
Total time elapsed: 9663.561560153961

Correct: normal
Predicted: normal
Inference time: 42.20365381240845
Total time elapsed: 9705.76521396637

Correct: normal
Predicted: normal
Inference time: 43.463348150253296
Total time elapsed: 9749.228562116623

Correct: normal
Predicted: normal
Inference time: 41.92565155029297
Total time elapsed: 9791.154213666916

Correct: normal
Predicted: normal
Inference time: 43.604435205459595
Total time elapsed: 9834.758648872375

Correct: normal
Predicted: normal
Inference time: 42.77892351150513
Total time elapsed: 9877.53757238388

Correct: normal
Predicted: normal
Inference time: 41.66940212249756
Total time elapsed: 9919.206974506378

Correct: normal
Predicted: normal
Inference time: 42.761425495147705
Total time elapsed: 9961.968400001526

Correct: normal
Predicted: normal
Inference time: 47.04783821105957
Total time elapsed: 10009.016238212585

Correct: normal
Predicted: normal
Inference time: 42.32923984527588
Total time elapsed: 10051.345478057861

Correct: normal
Predicted: normal
Inference time: 42.39729595184326
Total time elapsed: 10093.742774009705

Correct: normal
Predicted: normal
Inference time: 42.35915493965149
Total time elapsed: 10136.101928949356

Correct: normal
Predicted: normal
Inference time: 42.9801185131073
Total time elapsed: 10179.082047462463

Correct: normal
Predicted: normal
Inference time: 42.73779106140137
Total time elapsed: 10221.819838523865

Correct: normal
Predicted: normal
Inference time: 42.675618410110474
Total time elapsed: 10264.495456933975

Correct: normal
Predicted: normal
Inference time: 42.07634234428406
Total time elapsed: 10306.57179927826

Correct: normal
Predicted: normal
Inference time: 42.82355046272278
Total time elapsed: 10349.395349740982

Correct: normal
Predicted: normal
Inference time: 42.356080293655396
Total time elapsed: 10391.751430034637

Correct: normal
Predicted: normal
Inference time: 42.68559169769287
Total time elapsed: 10434.43702173233

Correct: normal
Predicted: normal
Inference time: 42.75080180168152
Total time elapsed: 10477.187823534012

Correct: normal
Predicted: normal
Inference time: 43.142048597335815
Total time elapsed: 10520.329872131348

Correct: normal
Predicted: normal
Inference time: 42.93238377571106
Total time elapsed: 10563.262255907059

Correct: normal
Predicted: normal
Inference time: 43.63235569000244
Total time elapsed: 10606.894611597061

Correct: normal
Predicted: normal
Inference time: 42.27043151855469
Total time elapsed: 10649.165043115616

Correct: normal
Predicted: normal
Inference time: 42.73158836364746
Total time elapsed: 10691.896631479263

Correct: normal
Predicted: normal
Inference time: 43.27105736732483
Total time elapsed: 10735.167688846588

Correct: normal
Predicted: pneumonia
Inference time: 43.17623162269592
Total time elapsed: 10778.343920469284

Correct: normal
Predicted: normal
Inference time: 42.07935070991516
Total time elapsed: 10820.4232711792

Correct: normal
Predicted: normal
Inference time: 43.146958112716675
Total time elapsed: 10863.570229291916

Correct: normal
Predicted: normal
Inference time: 42.90945291519165
Total time elapsed: 10906.479682207108

Correct: normal
Predicted: normal
Inference time: 42.828433990478516
Total time elapsed: 10949.308116197586

Correct: normal
Predicted: normal
Inference time: 42.76182222366333
Total time elapsed: 10992.06993842125

Correct: normal
Predicted: normal
Inference time: 42.572890758514404
Total time elapsed: 11034.642829179764

Correct: normal
Predicted: normal
Inference time: 42.912349224090576
Total time elapsed: 11077.555178403854

Correct: normal
Predicted: normal
Inference time: 43.18422603607178
Total time elapsed: 11120.739404439926

Correct: normal
Predicted: normal
Inference time: 43.25081944465637
Total time elapsed: 11163.990223884583

Correct: normal
Predicted: normal
Inference time: 46.281707525253296
Total time elapsed: 11210.271931409836

Correct: normal
Predicted: normal
Inference time: 41.88036108016968
Total time elapsed: 11252.152292490005

Correct: normal
Predicted: normal
Inference time: 41.777031660079956
Total time elapsed: 11293.929324150085

Correct: normal
Predicted: normal
Inference time: 42.39065456390381
Total time elapsed: 11336.31997871399

Correct: normal
Predicted: normal
Inference time: 43.007357120513916
Total time elapsed: 11379.327335834503

Correct: normal
Predicted: normal
Inference time: 43.27298021316528
Total time elapsed: 11422.600316047668

Correct: normal
Predicted: normal
Inference time: 43.02993893623352
Total time elapsed: 11465.630254983902

Correct: normal
Predicted: normal
Inference time: 43.08874464035034
Total time elapsed: 11508.718999624252

Correct: normal
Predicted: normal
Inference time: 43.40079951286316
Total time elapsed: 11552.119799137115

Correct: normal
Predicted: normal
Inference time: 42.18634486198425
Total time elapsed: 11594.3061439991

Correct: normal
Predicted: normal
Inference time: 43.95203733444214
Total time elapsed: 11638.258181333542

Correct: normal
Predicted: normal
Inference time: 42.21759653091431
Total time elapsed: 11680.475777864456

Correct: normal
Predicted: normal
Inference time: 42.59506797790527
Total time elapsed: 11723.070845842361

Correct: normal
Predicted: normal
Inference time: 42.329192876815796
Total time elapsed: 11765.400038719177

Correct: normal
Predicted: normal
Inference time: 43.05234360694885
Total time elapsed: 11808.452382326126

Correct: normal
Predicted: normal
Inference time: 42.46756100654602
Total time elapsed: 11850.919943332672

Correct: normal
Predicted: normal
Inference time: 42.973426818847656
Total time elapsed: 11893.89337015152

Correct: normal
Predicted: normal
Inference time: 43.21967434883118
Total time elapsed: 11937.113044500351

Correct: normal
Predicted: normal
Inference time: 43.01801538467407
Total time elapsed: 11980.131059885025

Correct: normal
Predicted: normal
Inference time: 41.33943319320679
Total time elapsed: 12021.470493078232

Correct: normal
Predicted: normal
Inference time: 42.21854496002197
Total time elapsed: 12063.689038038254

Correct: normal
Predicted: normal
Inference time: 42.41561555862427
Total time elapsed: 12106.104653596878

Correct: normal
Predicted: normal
Inference time: 43.08702254295349
Total time elapsed: 12149.191676139832

Correct: normal
Predicted: normal
Inference time: 42.91580033302307
Total time elapsed: 12192.107476472855

Correct: normal
Predicted: normal
Inference time: 42.40158271789551
Total time elapsed: 12234.50905919075

Correct: normal
Predicted: normal
Inference time: 41.90607285499573
Total time elapsed: 12276.415132045746

Correct: normal
Predicted: normal
Inference time: 43.52096080780029
Total time elapsed: 12319.936092853546

Correct: normal
Predicted: normal
Inference time: 41.64127707481384
Total time elapsed: 12361.57736992836

Correct: normal
Predicted: normal
Inference time: 43.26708984375
Total time elapsed: 12404.84445977211

Correct: normal
Predicted: normal
Inference time: 43.58922815322876
Total time elapsed: 12448.433687925339

Correct: normal
Predicted: normal
Inference time: 42.942338943481445
Total time elapsed: 12491.37602686882

Correct: normal
Predicted: pneumonia
Inference time: 41.49189352989197
Total time elapsed: 12532.867920398712

Correct: normal
Predicted: normal
Inference time: 43.71627330780029
Total time elapsed: 12576.584193706512

Correct: normal
Predicted: normal
Inference time: 42.46950030326843
Total time elapsed: 12619.05369400978

Correct: normal
Predicted: normal
Inference time: 44.50787329673767
Total time elapsed: 12663.561567306519

Correct: normal
Predicted: normal
Inference time: 42.243536710739136
Total time elapsed: 12705.805104017258

Correct: normal
Predicted: normal
Inference time: 41.98806643486023
Total time elapsed: 12747.793170452118

Correct: normal
Predicted: normal
Inference time: 43.09276485443115
Total time elapsed: 12790.885935306549

Correct: normal
Predicted: normal
Inference time: 44.102094888687134
Total time elapsed: 12834.988030195236

Correct: normal
Predicted: pneumonia
Inference time: 43.169395446777344
Total time elapsed: 12878.157425642014

Correct: pneumonia
Predicted: pneumonia
Inference time: 42.96421790122986
Total time elapsed: 12921.121643543243

Correct: pneumonia
Predicted: pneumonia
Inference time: 40.97371816635132
Total time elapsed: 12962.095361709595

Correct: pneumonia
Predicted: pneumonia
Inference time: 42.67474555969238
Total time elapsed: 13004.770107269287

Correct: pneumonia
Predicted: pneumonia
Inference time: 42.98319387435913
Total time elapsed: 13047.753301143646

Correct: pneumonia
Predicted: pneumonia
Inference time: 43.56050181388855
Total time elapsed: 13091.313802957535

Correct: pneumonia
Predicted: normal
Inference time: 42.63275218009949
Total time elapsed: 13133.946555137634

Correct: pneumonia
Predicted: pneumonia
Inference time: 42.80617046356201
Total time elapsed: 13176.752725601196

Correct: pneumonia
Predicted: pneumonia
Inference time: 42.6696891784668
Total time elapsed: 13219.422414779663

Correct: pneumonia
Predicted: pneumonia
Inference time: 43.360504150390625
Total time elapsed: 13262.782918930054

Correct: pneumonia
Predicted: pneumonia
Inference time: 42.292218923568726
Total time elapsed: 13305.075137853622

Correct: pneumonia
Predicted: pneumonia
Inference time: 43.81735563278198
Total time elapsed: 13348.892493486404

Correct: pneumonia
Predicted: pneumonia
Inference time: 42.42980885505676
Total time elapsed: 13391.322302341461

Correct: pneumonia
Predicted: pneumonia
Inference time: 43.07783341407776
Total time elapsed: 13434.400135755539

Correct: pneumonia
Predicted: pneumonia
Inference time: 42.03549861907959
Total time elapsed: 13476.435634374619

Correct: pneumonia
Predicted: pneumonia
Inference time: 43.48603963851929
Total time elapsed: 13519.921674013138

Correct: pneumonia
Predicted: pneumonia
Inference time: 42.862791776657104
Total time elapsed: 13562.784465789795

Correct: pneumonia
Predicted: pneumonia
Inference time: 43.753737926483154
Total time elapsed: 13606.538203716278

Correct: pneumonia
Predicted: pneumonia
Inference time: 42.913357973098755
Total time elapsed: 13649.451561689377

Correct: pneumonia
Predicted: pneumonia
Inference time: 43.92988610267639
Total time elapsed: 13693.381447792053

Correct: pneumonia
Predicted: pneumonia
Inference time: 42.22489595413208
Total time elapsed: 13735.606343746185

Correct: pneumonia
Predicted: pneumonia
Inference time: 43.35983967781067
Total time elapsed: 13778.966183423996

Correct: pneumonia
Predicted: pneumonia
Inference time: 41.88518190383911
Total time elapsed: 13820.851365327835

Correct: pneumonia
Predicted: pneumonia
Inference time: 43.747944593429565
Total time elapsed: 13864.599309921265

Correct: pneumonia
Predicted: pneumonia
Inference time: 43.3617308139801
Total time elapsed: 13907.961040735245

Correct: pneumonia
Predicted: pneumonia
Inference time: 43.763540506362915
Total time elapsed: 13951.724581241608

Correct: pneumonia
Predicted: pneumonia
Inference time: 43.37248921394348
Total time elapsed: 13995.097070455551

Correct: pneumonia
Predicted: pneumonia
Inference time: 42.71453666687012
Total time elapsed: 14037.811607122421

Correct: pneumonia
Predicted: pneumonia
Inference time: 42.219189167022705
Total time elapsed: 14080.030796289444

Correct: pneumonia
Predicted: pneumonia
Inference time: 43.42308735847473
Total time elapsed: 14123.453883647919

Correct: pneumonia
Predicted: pneumonia
Inference time: 41.46849703788757
Total time elapsed: 14164.922380685806

Correct: pneumonia
Predicted: pneumonia
Inference time: 42.46973538398743
Total time elapsed: 14207.392116069794

Correct: pneumonia
Predicted: pneumonia
Inference time: 42.32884883880615
Total time elapsed: 14249.7209649086

Correct: pneumonia
Predicted: pneumonia
Inference time: 43.30933451652527
Total time elapsed: 14293.030299425125

Correct: pneumonia
Predicted: pneumonia
Inference time: 43.25919437408447
Total time elapsed: 14336.28949379921

Correct: pneumonia
Predicted: pneumonia
Inference time: 43.66344690322876
Total time elapsed: 14379.952940702438

Correct: pneumonia
Predicted: pneumonia
Inference time: 42.168707609176636
Total time elapsed: 14422.121648311615

Correct: pneumonia
Predicted: pneumonia
Inference time: 42.921441078186035
Total time elapsed: 14465.043089389801

Correct: pneumonia
Predicted: pneumonia
Inference time: 42.902509450912476
Total time elapsed: 14507.945598840714

Correct: pneumonia
Predicted: pneumonia
Inference time: 42.767170906066895
Total time elapsed: 14550.71276974678

Correct: pneumonia
Predicted: pneumonia
Inference time: 41.81582260131836
Total time elapsed: 14592.528592348099

Correct: pneumonia
Predicted: pneumonia
Inference time: 42.594343185424805
Total time elapsed: 14635.122935533524

Correct: pneumonia
Predicted: pneumonia
Inference time: 42.32596707344055
Total time elapsed: 14677.448902606964

Correct: pneumonia
Predicted: pneumonia
Inference time: 43.12345790863037
Total time elapsed: 14720.572360515594

Correct: pneumonia
Predicted: pneumonia
Inference time: 43.11017942428589
Total time elapsed: 14763.68253993988

Correct: pneumonia
Predicted: pneumonia
Inference time: 42.59185862541199
Total time elapsed: 14806.274398565292

Correct: pneumonia
Predicted: pneumonia
Inference time: 42.807941913604736
Total time elapsed: 14849.082340478897

Correct: pneumonia
Predicted: pneumonia
Inference time: 43.723315477371216
Total time elapsed: 14892.805655956268

Correct: pneumonia
Predicted: pneumonia
Inference time: 41.916964530944824
Total time elapsed: 14934.722620487213

Correct: pneumonia
Predicted: pneumonia
Inference time: 43.27093505859375
Total time elapsed: 14977.993555545807

Correct: pneumonia
Predicted: pneumonia
Inference time: 42.41950988769531
Total time elapsed: 15020.413065433502

Correct: pneumonia
Predicted: pneumonia
Inference time: 42.46570611000061
Total time elapsed: 15062.878771543503

Correct: pneumonia
Predicted: pneumonia
Inference time: 42.49748659133911
Total time elapsed: 15105.376258134842

Correct: pneumonia
Predicted: pneumonia
Inference time: 42.94386863708496
Total time elapsed: 15148.320126771927

Correct: pneumonia
Predicted: pneumonia
Inference time: 42.15106129646301
Total time elapsed: 15190.47118806839

Correct: pneumonia
Predicted: pneumonia
Inference time: 43.664369106292725
Total time elapsed: 15234.135557174683

Correct: pneumonia
Predicted: pneumonia
Inference time: 42.714285373687744
Total time elapsed: 15276.84984254837

Correct: pneumonia
Predicted: pneumonia
Inference time: 43.82265663146973
Total time elapsed: 15320.67249917984

Correct: pneumonia
Predicted: pneumonia
Inference time: 41.89659929275513
Total time elapsed: 15362.569098472595

Correct: pneumonia
Predicted: pneumonia
Inference time: 43.416887044906616
Total time elapsed: 15405.985985517502

Correct: pneumonia
Predicted: pneumonia
Inference time: 42.9711856842041
Total time elapsed: 15448.957171201706

Correct: pneumonia
Predicted: normal
Inference time: 45.80858874320984
Total time elapsed: 15494.765759944916

Correct: pneumonia
Predicted: pneumonia
Inference time: 42.851136207580566
Total time elapsed: 15537.616896152496

Correct: pneumonia
Predicted: pneumonia
Inference time: 42.25797653198242
Total time elapsed: 15579.874872684479

Correct: pneumonia
Predicted: pneumonia
Inference time: 42.36140727996826
Total time elapsed: 15622.236279964447

Correct: pneumonia
Predicted: pneumonia
Inference time: 42.15203523635864
Total time elapsed: 15664.388315200806

Correct: pneumonia
Predicted: pneumonia
Inference time: 43.059540033340454
Total time elapsed: 15707.447855234146

Correct: pneumonia
Predicted: pneumonia
Inference time: 42.4014892578125
Total time elapsed: 15749.849344491959

Correct: pneumonia
Predicted: pneumonia
Inference time: 42.71295118331909
Total time elapsed: 15792.562295675278

Correct: pneumonia
Predicted: pneumonia
Inference time: 43.89743375778198
Total time elapsed: 15836.45972943306

Correct: pneumonia
Predicted: pneumonia
Inference time: 41.99703311920166
Total time elapsed: 15878.456762552261

Correct: pneumonia
Predicted: normal
Inference time: 43.5667245388031
Total time elapsed: 15922.023487091064

Correct: pneumonia
Predicted: pneumonia
Inference time: 41.46509051322937
Total time elapsed: 15963.488577604294

Correct: pneumonia
Predicted: pneumonia
Inference time: 48.545270681381226
Total time elapsed: 16012.033848285675

Correct: pneumonia
Predicted: pneumonia
Inference time: 42.70859241485596
Total time elapsed: 16054.742440700531

Correct: pneumonia
Predicted: pneumonia
Inference time: 43.23255753517151
Total time elapsed: 16097.974998235703

Correct: pneumonia
Predicted: pneumonia
Inference time: 43.23954939842224
Total time elapsed: 16141.214547634125

Correct: pneumonia
Predicted: pneumonia
Inference time: 43.247578620910645
Total time elapsed: 16184.462126255035

Correct: pneumonia
Predicted: normal
Inference time: 43.21432089805603
Total time elapsed: 16227.676447153091

Correct: pneumonia
Predicted: normal
Inference time: 43.12792944908142
Total time elapsed: 16270.804376602173

Correct: pneumonia
Predicted: pneumonia
Inference time: 44.000869274139404
Total time elapsed: 16314.805245876312

Correct: pneumonia
Predicted: pneumonia
Inference time: 44.1915237903595
Total time elapsed: 16358.996769666672

Correct: pneumonia
Predicted: pneumonia
Inference time: 41.80746412277222
Total time elapsed: 16400.804233789444

Correct: pneumonia
Predicted: pneumonia
Inference time: 43.24280881881714
Total time elapsed: 16444.04704260826

Correct: pneumonia
Predicted: pneumonia
Inference time: 42.49612331390381
Total time elapsed: 16486.543165922165

Correct: pneumonia
Predicted: pneumonia
Inference time: 42.79258608818054
Total time elapsed: 16529.335752010345

Correct: pneumonia
Predicted: pneumonia
Inference time: 42.2566077709198
Total time elapsed: 16571.592359781265

Correct: pneumonia
Predicted: pneumonia
Inference time: 42.885003089904785
Total time elapsed: 16614.47736287117

Correct: pneumonia
Predicted: pneumonia
Inference time: 43.016308546066284
Total time elapsed: 16657.493671417236

Correct: pneumonia
Predicted: pneumonia
Inference time: 43.726866245269775
Total time elapsed: 16701.220537662506

Correct: pneumonia
Predicted: pneumonia
Inference time: 42.759382009506226
Total time elapsed: 16743.979919672012

Correct: pneumonia
Predicted: pneumonia
Inference time: 43.58915948867798
Total time elapsed: 16787.56907916069

Correct: pneumonia
Predicted: pneumonia
Inference time: 41.636860370635986
Total time elapsed: 16829.205939531326

Correct: pneumonia
Predicted: pneumonia
Inference time: 43.51939535140991
Total time elapsed: 16872.725334882736

Correct: pneumonia
Predicted: pneumonia
Inference time: 42.80401420593262
Total time elapsed: 16915.52934908867

Correct: pneumonia
Predicted: pneumonia
Inference time: 43.09079122543335
Total time elapsed: 16958.620140314102

Correct: pneumonia
Predicted: pneumonia
Inference time: 42.791372776031494
Total time elapsed: 17001.411513090134

Correct: pneumonia
Predicted: pneumonia
Inference time: 43.49401569366455
Total time elapsed: 17044.9055287838

Correct: pneumonia
Predicted: pneumonia
Inference time: 42.92260026931763
Total time elapsed: 17087.828129053116

Correct: pneumonia
Predicted: pneumonia
Inference time: 43.955012798309326
Total time elapsed: 17131.783141851425

Correct: pneumonia
Predicted: pneumonia
Inference time: 42.285194635391235
Total time elapsed: 17174.068336486816

Inference complete.
Total time elapsed: 17174.068336486816
