Tue Jan 18 18:14:40 2022       
+-----------------------------------------------------------------------------+
| NVIDIA-SMI 418.87.00    Driver Version: 418.87.00    CUDA Version: 10.1     |
|-------------------------------+----------------------+----------------------+
| GPU  Name        Persistence-M| Bus-Id        Disp.A | Volatile Uncorr. ECC |
| Fan  Temp  Perf  Pwr:Usage/Cap|         Memory-Usage | GPU-Util  Compute M. |
|===============================+======================+======================|
|   0  Tesla V100-PCIE...  On   | 00000000:AF:00.0 Off |                    0 |
| N/A   30C    P0    25W / 250W |      0MiB / 32480MiB |      0%      Default |
+-------------------------------+----------------------+----------------------+
                                                                               
+-----------------------------------------------------------------------------+
| Processes:                                                       GPU Memory |
|  GPU       PID   Type   Process name                             Usage      |
|=============================================================================|
|  No running processes found                                                 |
+-----------------------------------------------------------------------------+
0/3 working on job 0
2/3 working on job 6
1/3 working on job 3
3/3 working on job 9
Output: /p/project/joaiml/ingolfsson1/COVID_Net/output/COVIDNet-lr5e-05
Output: /p/project/joaiml/ingolfsson1/COVID_Net/output/COVIDNet-lr1e-05
Output: /p/project/joaiml/ingolfsson1/COVID_Net/output/COVIDNet-lr5e-06
Output: /p/project/joaiml/ingolfsson1/COVID_Net/output/COVIDNet-lr7e-05
