Tue Feb 22 07:44:36 2022       
+-----------------------------------------------------------------------------+
| NVIDIA-SMI 418.87.00    Driver Version: 470.57.02    CUDA Version: 11.4     |
|-------------------------------+----------------------+----------------------+
| GPU  Name        Persistence-M| Bus-Id        Disp.A | Volatile Uncorr. ECC |
| Fan  Temp  Perf  Pwr:Usage/Cap|         Memory-Usage | GPU-Util  Compute M. |
|===============================+======================+======================|
|   0  Tesla V100-PCIE...  On   | 00000000:AF:00.0 Off |                    0 |
| N/A   31C    P0    26W / 250W |      0MiB / 32510MiB |      0%      Default |
+-------------------------------+----------------------+----------------------+
                                                                               
+-----------------------------------------------------------------------------+
| Processes:                                                       GPU Memory |
|  GPU       PID   Type   Process name                             Usage      |
|=============================================================================|
|  No running processes found                                                 |
+-----------------------------------------------------------------------------+
[1645512277.577907] [dp-dam04:9254 :0]          ib_md.c:1948 UCX  ERROR ibv_query_device(mlx5_0) returned 38: No space left on device
[1645512277.581462] [dp-dam04:9254 :0]          ib_md.c:1948 UCX  ERROR ibv_query_device(mlx5_1) returned 38: No space left on device
[1645512277.623274] [dp-dam06:2629 :0]          ib_md.c:1948 UCX  ERROR ibv_query_device(mlx5_0) returned 38: No space left on device
[1645512277.626847] [dp-dam06:2629 :0]          ib_md.c:1948 UCX  ERROR ibv_query_device(mlx5_1) returned 38: No space left on device
[1645512277.640459] [dp-dam05:18870:0]          ib_md.c:1948 UCX  ERROR ibv_query_device(mlx5_0) returned 38: No space left on device
[1645512277.640720] [dp-dam07:28508:0]          ib_md.c:1948 UCX  ERROR ibv_query_device(mlx5_0) returned 38: No space left on device
[1645512277.644087] [dp-dam05:18870:0]          ib_md.c:1948 UCX  ERROR ibv_query_device(mlx5_1) returned 38: No space left on device
[1645512277.644101] [dp-dam07:28508:0]          ib_md.c:1948 UCX  ERROR ibv_query_device(mlx5_1) returned 38: No space left on device
[1645512277.689404] [dp-dam08:14241:0]          ib_md.c:1948 UCX  ERROR ibv_query_device(mlx5_0) returned 38: No space left on device
[1645512277.693792] [dp-dam08:14241:0]          ib_md.c:1948 UCX  ERROR ibv_query_device(mlx5_1) returned 38: No space left on device
Rank 3 - Image 168f4fcb-a87d-49fc-b167-4ed42fd1ec43.png - Prediction 0 - Time 9.048417568206787
Rank 1 - Image MIDRC-RICORD-1C-SITE2-000001-16794-0.png - Prediction 2 - Time 10.028080224990845
Rank 0 - Image MIDRC-RICORD-1C-419639-003251-46647-0.png - Prediction 2 - Time 13.305855512619019
Rank 2 - Image MIDRC-RICORD-1C-419639-000025-89853-0.png - Prediction 2 - Time 13.503345966339111
Rank 3 - Image a8e3ea7d-0b63-45cf-85d8-1078d3e2449d.png - Prediction 0 - Time 5.877708435058594
Rank 4 - Image 7817b551-d220-479b-815f-395f83e1dba1.png - Prediction 1 - Time 14.131707668304443
Rank 1 - Image MIDRC-RICORD-1C-419639-001571-15270-0.png - Prediction 2 - Time 6.510865688323975
Rank 0 - Image MIDRC-RICORD-1C-419639-001464-39871-0.png - Prediction 1 - Time 5.996452331542969
Rank 2 - Image MIDRC-RICORD-1C-419639-001425-17331-0.png - Prediction 2 - Time 6.268348693847656
Rank 3 - Image f31d1fb1-604b-4fec-b320-f07ce2694008.png - Prediction 0 - Time 5.852675676345825
Rank 4 - Image f743c21e-5876-460b-bbd6-2e2dcca41baa.png - Prediction 1 - Time 7.155306339263916
Rank 1 - Image MIDRC-RICORD-1C-419639-001903-65209-0.png - Prediction 2 - Time 6.46222996711731
Rank 0 - Image MIDRC-RICORD-1C-419639-000918-78965-0.png - Prediction 2 - Time 5.960044622421265
Rank 2 - Image MIDRC-RICORD-1C-440808-000009-08.98-0.png - Prediction 2 - Time 6.160834550857544
Rank 3 - Image 069cfd47-0169-43e7-89a1-0be0fa24105b.png - Prediction 0 - Time 5.831228971481323
Rank 1 - Image MIDRC-RICORD-1C-SITE2-000244-77429-0.png - Prediction 2 - Time 6.465729236602783
Rank 4 - Image e1d5a233-39ca-41dc-a289-b07c3e78cdb1.png - Prediction 1 - Time 7.1416075229644775
Rank 0 - Image MIDRC-RICORD-1C-419639-003318-64285-0.png - Prediction 2 - Time 5.9872331619262695
Rank 2 - Image MIDRC-RICORD-1C-419639-000086-21140-0.png - Prediction 2 - Time 6.003806829452515
Rank 3 - Image 85d84453-ab2d-4666-98e6-5df3cbb81f5b.png - Prediction 0 - Time 5.886395692825317
Rank 1 - Image MIDRC-RICORD-1C-419639-000582-21506-0.png - Prediction 2 - Time 6.459790229797363
Rank 4 - Image 40a2f7fd-342e-494b-a7e0-5857b73ec582.png - Prediction 1 - Time 7.112459897994995
Rank 0 - Image MIDRC-RICORD-1C-419639-001015-81591-0.png - Prediction 0 - Time 5.922001361846924
Rank 2 - Image MIDRC-RICORD-1C-SITE2-000270-57009-0.png - Prediction 2 - Time 5.9230592250823975
Rank 3 - Image 8db71746-e837-43c2-bdf1-c44d1ab207e3.png - Prediction 0 - Time 5.816428184509277
Rank 1 - Image MIDRC-RICORD-1C-419639-002088-09388-0.png - Prediction 2 - Time 6.388861656188965
Rank 0 - Image MIDRC-RICORD-1C-SITE2-000265-99793-1.png - Prediction 2 - Time 5.86541485786438
Rank 2 - Image MIDRC-RICORD-1C-419639-000573-31324-0.png - Prediction 2 - Time 5.830051422119141
Rank 4 - Image bcdd92c8-2cde-4899-a6fc-46b875aaab62.png - Prediction 1 - Time 7.116894960403442
Rank 3 - Image 275f9fff-2439-4f3f-9c48-7c21f348701a.png - Prediction 0 - Time 5.844810247421265
Rank 1 - Image MIDRC-RICORD-1C-419639-002050-25234-0.png - Prediction 2 - Time 6.429221153259277
Rank 0 - Image MIDRC-RICORD-1C-SITE2-000159-61155-0.png - Prediction 2 - Time 5.9676430225372314
Rank 2 - Image MIDRC-RICORD-1C-SITE2-000154-41630-0.png - Prediction 2 - Time 5.87366509437561
Rank 3 - Image 1d1968e2-88a5-4d72-9237-caf4cbad9423.png - Prediction 0 - Time 5.79384708404541
Rank 4 - Image ac648f87-a79f-4ce0-9439-23a8dd886b71.png - Prediction 1 - Time 7.022167921066284
Rank 0 - Image MIDRC-RICORD-1C-419639-003169-42019-0.png - Prediction 0 - Time 5.896928071975708
Rank 1 - Image MIDRC-RICORD-1C-SITE2-000235-44451-0.png - Prediction 2 - Time 6.477180004119873
Rank 2 - Image MIDRC-RICORD-1C-SITE2-000168-32448-0.png - Prediction 2 - Time 5.818116664886475
Rank 3 - Image 07aeb82e-773b-4498-95c0-fabdf4985bb2.png - Prediction 0 - Time 5.830920219421387
Rank 4 - Image 93b49de9-9267-43c2-a507-6885e4caeaba.png - Prediction 1 - Time 7.123608589172363
Rank 0 - Image MIDRC-RICORD-1C-SITE2-000238-25854-1.png - Prediction 2 - Time 6.010229825973511
Rank 2 - Image MIDRC-RICORD-1C-SITE2-000125-08616-1.png - Prediction 2 - Time 5.945573329925537
Rank 3 - Image 652d6bb3-56a0-4a89-9631-684ce27cfc4c.png - Prediction 0 - Time 5.784212827682495
Rank 1 - Image MIDRC-RICORD-1C-SITE2-000202-80939-0.png - Prediction 2 - Time 6.428552865982056
Rank 4 - Image af2ff93b-2f33-4c91-bde1-1490fc435b50.png - Prediction 1 - Time 7.051913261413574
Rank 0 - Image MIDRC-RICORD-1C-419639-001464-33260-0.png - Prediction 2 - Time 5.910589933395386
Rank 2 - Image MIDRC-RICORD-1C-SITE2-000096-37358-0.png - Prediction 2 - Time 5.854494094848633
Rank 3 - Image e155c13d-7ac7-4765-bb86-899349978413.png - Prediction 0 - Time 5.837587356567383
Rank 1 - Image MIDRC-RICORD-1C-419639-003203-21209-0.png - Prediction 2 - Time 6.344203472137451
Rank 4 - Image 31692137-f770-4cfe-a02e-fd207ce813ac.png - Prediction 1 - Time 7.093204736709595
Rank 0 - Image MIDRC-RICORD-1C-SITE2-000018-55212-0.png - Prediction 2 - Time 6.021935701370239
Rank 2 - Image MIDRC-RICORD-1C-SITE2-000221-43774-0.png - Prediction 2 - Time 5.947453022003174
Rank 3 - Image 98bfaf7a-d80b-491e-a7e0-c5c7316bebe9.png - Prediction 0 - Time 5.7594850063323975
Rank 1 - Image MIDRC-RICORD-1C-419639-000025-90087-1.png - Prediction 2 - Time 6.45881199836731
Rank 0 - Image MIDRC-RICORD-1C-419639-000025-50888-0.png - Prediction 2 - Time 5.845927476882935
Rank 2 - Image MIDRC-RICORD-1C-SITE2-000179-48742-0.png - Prediction 2 - Time 5.80834174156189
Rank 3 - Image 76b180ab-242f-45d3-bce1-68df00c5ef45.png - Prediction 0 - Time 5.780784606933594
Rank 4 - Image f7379744-be39-44b2-8816-a743857bd6a6.png - Prediction 1 - Time 7.01140832901001
Rank 1 - Image MIDRC-RICORD-1C-SITE2-000136-21646-0.png - Prediction 2 - Time 6.425975799560547
Rank 0 - Image MIDRC-RICORD-1C-419639-001288-10277-0.png - Prediction 2 - Time 5.851942777633667
Rank 2 - Image MIDRC-RICORD-1C-SITE2-000176-81030-0.png - Prediction 2 - Time 5.79550313949585
Rank 3 - Image 372b2fea-2013-4600-a06f-765c3f054a82.png - Prediction 0 - Time 5.8203864097595215
Rank 4 - Image 3186d210-966f-4733-ba72-98729be9551a.png - Prediction 1 - Time 7.102250337600708
Rank 1 - Image MIDRC-RICORD-1C-SITE2-000153-84142-0.png - Prediction 2 - Time 6.420091390609741
Rank 0 - Image MIDRC-RICORD-1C-419639-002757-16718-0.png - Prediction 2 - Time 5.967119932174683
Rank 2 - Image MIDRC-RICORD-1C-419639-003199-43900-0.png - Prediction 2 - Time 5.798313617706299
Rank 3 - Image a52aa522-a1b3-4f15-8609-f44bf96da2e3.png - Prediction 0 - Time 5.839479684829712
Rank 4 - Image b51c3c24-f9aa-4039-9fc1-527a5567dff6.png - Prediction 0 - Time 7.022594213485718
Rank 1 - Image MIDRC-RICORD-1C-419639-003216-61144-0.png - Prediction 2 - Time 6.408344745635986
Rank 3 - Image 6556ce72-1a60-40aa-aaf7-b50dbf07fae7.png - Prediction 0 - Time 5.757795333862305
Rank 2 - Image MIDRC-RICORD-1C-419639-003191-84953-0.png - Prediction 0 - Time 5.91310715675354
Rank 0 - Image MIDRC-RICORD-1C-SITE2-000135-64564-1.png - Prediction 2 - Time 5.93538236618042
Rank 1 - Image MIDRC-RICORD-1C-419639-001464-60601-0.png - Prediction 2 - Time 6.392740249633789
Rank 4 - Image e9e58e10-2795-4dec-a738-c9792ea8f685.png - Prediction 1 - Time 7.009933948516846
Rank 3 - Image 633d9182-1809-41b7-a59b-1e60ac91f0c9.png - Prediction 0 - Time 5.830929756164551
Rank 2 - Image MIDRC-RICORD-1C-SITE2-000029-97068-0.png - Prediction 2 - Time 5.84991192817688
Rank 0 - Image MIDRC-RICORD-1C-SITE2-000147-13199-0.png - Prediction 2 - Time 5.876363277435303
Rank 1 - Image MIDRC-RICORD-1C-419639-003380-99227-0.png - Prediction 0 - Time 6.364053964614868
Rank 4 - Image cd9d2d22-4395-4e4d-8837-cfb33c2bdaab.png - Prediction 1 - Time 7.085431098937988
Rank 3 - Image fd7bad9a-1bff-49ec-9c6c-c9aae9e65726.png - Prediction 0 - Time 5.77431583404541
Rank 2 - Image MIDRC-RICORD-1C-419639-002401-32756-0.png - Prediction 0 - Time 5.87361478805542
Rank 0 - Image MIDRC-RICORD-1C-419639-002601-92699-0.png - Prediction 2 - Time 5.9349045753479
Rank 1 - Image MIDRC-RICORD-1C-SITE2-000272-41527-0.png - Prediction 2 - Time 6.416301488876343
Rank 3 - Image 99432aa3-8d61-4ff2-a79a-f0a0218d6fa2.png - Prediction 0 - Time 5.75766921043396
Rank 2 - Image MIDRC-RICORD-1C-419639-001762-18334-0.png - Prediction 2 - Time 5.830684661865234
Rank 0 - Image MIDRC-RICORD-1C-419639-002310-52924-0.png - Prediction 2 - Time 5.85969090461731
Rank 4 - Image b42eaeb8-b6d3-41d7-836c-56fd0922abf6.png - Prediction 1 - Time 7.114138841629028
Rank 1 - Image MIDRC-RICORD-1C-419639-003338-57135-0.png - Prediction 2 - Time 6.32958722114563
Rank 3 - Image 34bf2fcd-131a-428c-9a21-cd2fa9041f9b.png - Prediction 0 - Time 5.819947719573975
Rank 2 - Image MIDRC-RICORD-1C-SITE2-000210-51719-0.png - Prediction 2 - Time 5.877335548400879
Rank 0 - Image MIDRC-RICORD-1C-SITE2-000171-45676-0.png - Prediction 2 - Time 5.762847900390625
Rank 4 - Image ae06b30f-ae30-40d3-b237-c934ce499774.png - Prediction 1 - Time 6.974189043045044
Rank 3 - Image b5007662-ff9c-49ad-9093-85ed7dc44bf4.png - Prediction 0 - Time 5.738092660903931
Rank 1 - Image MIDRC-RICORD-1C-419639-003060-04928-0.png - Prediction 2 - Time 6.340894937515259
Rank 0 - Image MIDRC-RICORD-1C-419639-000025-56001-0.png - Prediction 2 - Time 5.7825541496276855
Rank 2 - Image MIDRC-RICORD-1C-SITE2-000200-97745-0.png - Prediction 2 - Time 5.938453197479248
Rank 4 - Image f59ae80d-d98e-465f-963a-1064764211f8.png - Prediction 1 - Time 7.041098594665527
Rank 3 - Image 06b2f933-3ea2-4477-ac27-18f732d1f4e1.png - Prediction 0 - Time 5.825924634933472
Rank 0 - Image MIDRC-RICORD-1C-419639-003340-85716-0.png - Prediction 2 - Time 5.71744179725647
Rank 2 - Image MIDRC-RICORD-1C-419639-001374-75990-0.png - Prediction 2 - Time 5.830231189727783
Rank 1 - Image MIDRC-RICORD-1C-419639-002889-42412-0.png - Prediction 2 - Time 6.409407138824463
Rank 4 - Image 03a9498c-549d-4e7d-800b-e74797f7f625.png - Prediction 1 - Time 6.960795164108276
Rank 3 - Image c2b24ebd-2c40-48c3-ba39-177224dd7db0.png - Prediction 0 - Time 5.757962942123413
Rank 0 - Image MIDRC-RICORD-1C-419639-003257-00787-0.png - Prediction 2 - Time 5.803974628448486
Rank 2 - Image MIDRC-RICORD-1C-419639-003336-50845-0.png - Prediction 2 - Time 5.86479115486145
Rank 1 - Image MIDRC-RICORD-1C-SITE2-000106-15732-0.png - Prediction 2 - Time 6.425500869750977
Rank 4 - Image 080f2b35-fcd5-473e-864b-a7dea3054cc7.png - Prediction 1 - Time 6.973808288574219
Rank 3 - Image 63192a6c-02ba-48a5-932a-bb82aeacb1bc.png - Prediction 0 - Time 5.812972068786621
Rank 0 - Image MIDRC-RICORD-1C-SITE2-000099-22857-0.png - Prediction 2 - Time 5.726314544677734
Rank 2 - Image MIDRC-RICORD-1C-419639-002929-69159-0.png - Prediction 2 - Time 5.804076433181763
Rank 1 - Image MIDRC-RICORD-1C-SITE2-000297-71173-1.png - Prediction 2 - Time 6.47247838973999
Rank 3 - Image 73dca3d1-5c58-4c72-80a9-201deca7ffec.png - Prediction 0 - Time 5.756688594818115
Rank 0 - Image MIDRC-RICORD-1C-SITE2-000155-37671-0.png - Prediction 2 - Time 5.818485498428345
Rank 2 - Image MIDRC-RICORD-1C-SITE2-000120-98054-0.png - Prediction 2 - Time 5.8688507080078125
Rank 4 - Image b479635e-4c58-4d27-879b-fb0e87b2a1aa.png - Prediction 1 - Time 7.045914173126221
Rank 1 - Image MIDRC-RICORD-1C-SITE2-000204-24409-0.png - Prediction 1 - Time 6.402767658233643
Rank 3 - Image c485a9bd-6e18-4328-8c5c-cf80f71aa35d.png - Prediction 0 - Time 5.817952871322632
Rank 0 - Image MIDRC-RICORD-1C-419639-000235-89929-0.png - Prediction 0 - Time 5.703250885009766
Rank 2 - Image MIDRC-RICORD-1C-SITE2-000127-30661-0.png - Prediction 2 - Time 5.827206134796143
Rank 4 - Image 86853bbd-5af2-4551-8273-f2978dffdd76.png - Prediction 0 - Time 6.945791244506836
Rank 1 - Image MIDRC-RICORD-1C-419639-001464-82193-0.png - Prediction 2 - Time 6.38841438293457
Rank 3 - Image b540ba89-72f7-40f5-a916-376546c20014.png - Prediction 0 - Time 5.753499746322632
Rank 0 - Image MIDRC-RICORD-1C-419639-002376-07504-0.png - Prediction 2 - Time 5.75089693069458
Rank 2 - Image MIDRC-RICORD-1C-SITE2-000206-25871-0.png - Prediction 2 - Time 5.950116872787476
Rank 4 - Image acb5c720-f741-415c-993c-65855be08ffa.png - Prediction 1 - Time 7.056835651397705
Rank 1 - Image MIDRC-RICORD-1C-SITE2-000058-42859-0.png - Prediction 2 - Time 6.408678770065308
Rank 3 - Image 33e4e43b-054b-4537-9cd6-0fe574f7d337.png - Prediction 0 - Time 5.808321475982666
Rank 0 - Image MIDRC-RICORD-1C-419639-001433-28259-0.png - Prediction 0 - Time 5.682353973388672
Rank 2 - Image MIDRC-RICORD-1C-SITE2-000141-46899-0.png - Prediction 2 - Time 5.829484224319458
Rank 1 - Image MIDRC-RICORD-1C-SITE2-000149-71428-1.png - Prediction 2 - Time 6.303866863250732
Rank 4 - Image 1414c7d6-dff3-453c-8322-b25bb5899d78.png - Prediction 1 - Time 6.990849018096924
Rank 3 - Image 45dd0d26-0740-4c32-bd01-34246a41f3e3.png - Prediction 0 - Time 5.764240026473999
Rank 0 - Image MIDRC-RICORD-1C-419639-003116-57702-0.png - Prediction 2 - Time 5.761979341506958
Rank 2 - Image MIDRC-RICORD-1C-SITE2-000203-08712-0.png - Prediction 2 - Time 5.876627445220947
Rank 1 - Image MIDRC-RICORD-1C-419639-002281-83348-0.png - Prediction 2 - Time 6.223017454147339
Rank 0 - Image MIDRC-RICORD-1C-419639-001629-03737-0.png - Prediction 0 - Time 5.727388858795166
Rank 3 - Image ad446933-fb8e-4739-bb40-2063e796ffd8.png - Prediction 0 - Time 5.809978723526001
Rank 4 - Image c3a6ca22-c09b-4be0-a59d-e52718fbb645.png - Prediction 1 - Time 7.050188064575195
Rank 2 - Image MIDRC-RICORD-1C-SITE2-000045-76077-0.png - Prediction 2 - Time 5.95776104927063
Rank 1 - Image MIDRC-RICORD-1C-419639-002733-79941-0.png - Prediction 2 - Time 6.218279838562012
Rank 0 - Image MIDRC-RICORD-1C-SITE2-000211-85940-0.png - Prediction 2 - Time 5.780877351760864
Rank 3 - Image 5b12801f-aaf7-442e-b994-ec8f15ce78e5.png - Prediction 0 - Time 5.747495651245117
Rank 2 - Image MIDRC-RICORD-1C-SITE2-000162-64489-0.png - Prediction 2 - Time 5.866466045379639
Rank 4 - Image bfd795ae-7656-40fc-b44e-566515e52ed2.png - Prediction 1 - Time 6.966077566146851
Rank 0 - Image MIDRC-RICORD-1C-419639-003027-36839-0.png - Prediction 2 - Time 5.712994813919067
Rank 1 - Image MIDRC-RICORD-1C-419639-000025-81112-0.png - Prediction 2 - Time 6.134618520736694
Rank 3 - Image 3fe1550e-8bcb-4732-a343-725acce70531.png - Prediction 0 - Time 5.808644771575928
Rank 2 - Image MIDRC-RICORD-1C-419639-001505-21193-0.png - Prediction 2 - Time 5.802509784698486
Rank 4 - Image 098906c5-cf22-43d3-9f0d-90e88e602090.png - Prediction 1 - Time 7.0381200313568115
Rank 0 - Image MIDRC-RICORD-1C-419639-003021-81745-0.png - Prediction 2 - Time 5.767497777938843
Rank 3 - Image 0bb24183-8b59-48f1-8bbf-4d889976fc82.png - Prediction 0 - Time 5.7524573802948
Rank 1 - Image MIDRC-RICORD-1C-419639-003186-86346-0.png - Prediction 0 - Time 6.205669403076172
Rank 2 - Image MIDRC-RICORD-1C-SITE2-000173-80432-1.png - Prediction 2 - Time 5.908513069152832
Rank 4 - Image b5714c0f-6d0f-4c56-833f-8b83f19e982a.png - Prediction 1 - Time 6.962380409240723
Rank 0 - Image MIDRC-RICORD-1C-419639-003024-14703-0.png - Prediction 2 - Time 5.715566635131836
Rank 3 - Image 02e4191e-fb03-4581-914c-f0438a17e53e.png - Prediction 0 - Time 5.822517395019531
Rank 1 - Image MIDRC-RICORD-1C-SITE2-000237-52517-0.png - Prediction 0 - Time 6.202135801315308
Rank 2 - Image MIDRC-RICORD-1C-419639-002871-45785-0.png - Prediction 2 - Time 5.80982780456543
Rank 4 - Image 875b34e4-b58d-479f-954a-5b015071f448.png - Prediction 1 - Time 7.02587628364563
Rank 0 - Image MIDRC-RICORD-1C-419639-002724-03387-0.png - Prediction 2 - Time 5.785366535186768
Rank 3 - Image a8dfd068-69e9-4486-bb22-2a04f2f2e1a5.png - Prediction 0 - Time 5.755157947540283
Rank 1 - Image MIDRC-RICORD-1C-SITE2-000002-65816-0.png - Prediction 2 - Time 6.233212471008301
Rank 2 - Image MIDRC-RICORD-1C-SITE2-000220-78771-1.png - Prediction 0 - Time 5.8714439868927
Rank 0 - Image MIDRC-RICORD-1C-419639-001464-32013-0.png - Prediction 1 - Time 5.723364353179932
Rank 3 - Image 63f71157-7db6-476f-b320-ba2fcbe2543f.png - Prediction 0 - Time 5.808270454406738
Rank 4 - Image 91e187a5-771d-4a83-9601-e22ed326bc8e.png - Prediction 1 - Time 6.9999470710754395
Rank 2 - Image MIDRC-RICORD-1C-419639-001661-28330-1.png - Prediction 2 - Time 5.7655839920043945
Rank 1 - Image MIDRC-RICORD-1C-419639-000025-39552-1.png - Prediction 2 - Time 6.139101982116699
Rank 0 - Image MIDRC-RICORD-1C-SITE2-000116-25889-1.png - Prediction 0 - Time 5.8332390785217285
Rank 3 - Image 1cdba4ee-0bb8-421d-9a24-7febeb399729.png - Prediction 0 - Time 5.756039381027222
Rank 2 - Image MIDRC-RICORD-1C-SITE2-000142-56843-0.png - Prediction 2 - Time 5.869297981262207
Rank 4 - Image 3abb7176-035d-46cc-844e-820870e8154b.png - Prediction 1 - Time 7.02849817276001
Rank 1 - Image MIDRC-RICORD-1C-419639-000082-79663-0.png - Prediction 2 - Time 6.2031090259552
Rank 0 - Image MIDRC-RICORD-1C-SITE2-000229-76177-0.png - Prediction 2 - Time 5.758761405944824
Rank 3 - Image e1d23cbe-213d-48d6-a8c2-672c4e68285d.png - Prediction 0 - Time 5.8030846118927
Rank 2 - Image MIDRC-RICORD-1C-419639-003099-52606-0.png - Prediction 0 - Time 5.7856011390686035
Rank 1 - Image MIDRC-RICORD-1C-SITE2-000094-94497-0.png - Prediction 2 - Time 6.180617570877075
Rank 4 - Image 3e4ee273-d5ca-4cf8-a75a-05772e0e12fe.png - Prediction 1 - Time 6.974679946899414
Rank 0 - Image MIDRC-RICORD-1C-419639-001222-46073-0.png - Prediction 1 - Time 5.757055282592773
Rank 3 - Image 4b1cab8a-c9bd-40e6-bc86-23c6be98a099.png - Prediction 0 - Time 5.741257905960083
Rank 2 - Image MIDRC-RICORD-1C-419639-002463-12463-0.png - Prediction 2 - Time 5.897900342941284
Rank 1 - Image MIDRC-RICORD-1C-SITE2-000131-16046-1.png - Prediction 2 - Time 6.165509939193726
Rank 4 - Image bd9af100-1805-4e0a-8875-4a4b7195f0d8.png - Prediction 1 - Time 7.0157310962677
Rank 0 - Image MIDRC-RICORD-1C-419639-003360-73998-0.png - Prediction 2 - Time 5.7341814041137695
Rank 3 - Image ec0492da-e6be-49cf-8b18-dc143180f1a2.png - Prediction 0 - Time 5.820085287094116
Rank 2 - Image MIDRC-RICORD-1C-419639-001085-09031-0.png - Prediction 0 - Time 5.773432970046997
Rank 1 - Image MIDRC-RICORD-1C-419639-002309-84923-0.png - Prediction 2 - Time 6.141746997833252
Rank 4 - Image 6804008c-94eb-4870-ba6e-b06514073e71.png - Prediction 1 - Time 6.950390815734863
Rank 0 - Image MIDRC-RICORD-1C-419639-003334-51353-0.png - Prediction 2 - Time 5.794276237487793
Rank 3 - Image 89dd8f63-8320-48f3-b142-d903f40d5c8c.png - Prediction 0 - Time 5.780507564544678
Rank 2 - Image MIDRC-RICORD-1C-419639-002895-42704-0.png - Prediction 0 - Time 5.817039966583252
Rank 1 - Image MIDRC-RICORD-1C-419639-002768-13069-0.png - Prediction 2 - Time 6.212101936340332
Rank 0 - Image MIDRC-RICORD-1C-419639-000538-40522-0.png - Prediction 2 - Time 5.738786458969116
Rank 3 - Image b76728e6-f44b-40bf-8688-e703d10d2039.png - Prediction 0 - Time 5.7448601722717285
Rank 4 - Image 0d9b1283-fc24-4fd3-a520-bc5d563e13e1.png - Prediction 0 - Time 7.005343198776245
Rank 2 - Image 47c78742-4998-4878-aec4-37b11b1354ac.png - Prediction 0 - Time 5.591049671173096
Rank 1 - Image MIDRC-RICORD-1C-SITE2-000108-12642-0.png - Prediction 2 - Time 6.199965238571167
Rank 0 - Image MIDRC-RICORD-1C-419639-001735-74702-0.png - Prediction 2 - Time 5.69460129737854
Rank 3 - Image d9884def-b31a-4861-9eea-27f97bffeba2.png - Prediction 0 - Time 5.792291164398193
Rank 2 - Image 8989e25c-a698-48fc-b428-fff56931fc8f.png - Prediction 0 - Time 5.6028947830200195
Rank 4 - Image 0a8d486f-1aa6-4fcf-b7be-4bf04fc8628b.png - Prediction 1 - Time 6.946821689605713
Rank 1 - Image MIDRC-RICORD-1C-SITE2-000170-25974-1.png - Prediction 2 - Time 6.239380359649658
Rank 0 - Image MIDRC-RICORD-1C-419639-000299-56159-0.png - Prediction 2 - Time 5.791024446487427
Rank 3 - Image ffba6230-71cf-4287-a0d1-887f5d16e95d.png - Prediction 0 - Time 5.813755512237549
Rank 2 - Image 7fb3786c-5045-4a90-981d-c55b53d4d5d3.png - Prediction 0 - Time 5.633190631866455
Rank 4 - Image 37f17069-62ce-42ff-9fa4-d6a1056bd075.png - Prediction 1 - Time 7.02508807182312
Rank 1 - Image MIDRC-RICORD-1C-SITE2-000097-16347-1.png - Prediction 2 - Time 6.197615623474121
Rank 0 - Image MIDRC-RICORD-1C-SITE2-000178-89752-0.png - Prediction 2 - Time 5.784968852996826
Rank 3 - Image f3b015ab-e337-4e7f-971d-eb7cc3dd4e92.png - Prediction 0 - Time 5.7562971115112305
Rank 2 - Image 766b8aea-3b43-4a34-b675-09f373ca066b.png - Prediction 0 - Time 5.640822887420654
Rank 4 - Image 3db7e979-5f97-4985-bf0c-cdea7951e246.png - Prediction 1 - Time 6.9746174812316895
Rank 1 - Image MIDRC-RICORD-1C-419639-002043-49668-0.png - Prediction 2 - Time 6.120473861694336
Rank 0 - Image MIDRC-RICORD-1C-419639-001287-60951-0.png - Prediction 2 - Time 5.724413633346558
Rank 3 - Image bca4aa4d-0cc9-4cc0-b06d-5b675194bf62.png - Prediction 0 - Time 5.798697233200073
Rank 2 - Image f6236cb5-cc36-4ec4-895c-d11ce043341d.png - Prediction 0 - Time 5.569382905960083
Rank 0 - Image MIDRC-RICORD-1C-SITE2-000182-35476-0.png - Prediction 2 - Time 5.843093395233154
Rank 4 - Image e2e89418-6c0e-4f50-a2d9-6cd5e58feef0.png - Prediction 1 - Time 6.883598804473877
Rank 3 - Image 9e2ddac8-9a4c-448b-98c8-a840a548d0f7.png - Prediction 0 - Time 5.5907111167907715
Rank 1 - Image MIDRC-RICORD-1C-419639-000785-60200-0.png - Prediction 0 - Time 6.195173263549805
Rank 2 - Image 153b7c2b-4909-4dca-8579-9523582bc4fe.png - Prediction 0 - Time 5.641790390014648
Rank 0 - Image MIDRC-RICORD-1C-419639-000025-17477-0.png - Prediction 2 - Time 5.72619891166687
Rank 3 - Image fc958b63-5da8-448d-8962-3c5167dc9410.png - Prediction 0 - Time 5.586869716644287
Rank 1 - Image MIDRC-RICORD-1C-SITE2-000035-19513-0.png - Prediction 2 - Time 6.279926300048828
Rank 2 - Image 1afd6582-da9d-4e5a-a81f-62a188fe9366.png - Prediction 0 - Time 5.5938637256622314
Rank 4 - Image 393b8e45-6d97-4013-8100-27ebf07a1dad.png - Prediction 1 - Time 6.724340915679932
Rank 0 - Image MIDRC-RICORD-1C-419639-002528-57471-0.png - Prediction 1 - Time 5.69131875038147
Rank 3 - Image cb7d021b-b273-436a-bd7a-e68c11ed3f6b.png - Prediction 0 - Time 5.651701927185059
Rank 2 - Image 85bb48fe-e6d6-47de-bb71-d1636aced7dc.png - Prediction 0 - Time 5.5892651081085205
Rank 1 - Image MIDRC-RICORD-1C-419639-001155-71955-0.png - Prediction 2 - Time 6.14551568031311
Rank 4 - Image 2348e8ba-483f-476d-b29d-5ba8398d7abc.png - Prediction 1 - Time 6.785387277603149
Rank 3 - Image ff332704-48e0-445b-9188-b2a696d1f0d7.png - Prediction 0 - Time 5.581021070480347
Rank 0 - Image MIDRC-RICORD-1C-419639-001932-82193-0.png - Prediction 2 - Time 5.608360767364502
Rank 2 - Image eaeb935a-7294-4dd3-8bf5-73ba781d28af.png - Prediction 0 - Time 5.631487846374512
Rank 1 - Image MIDRC-RICORD-1C-SITE2-000207-20956-0.png - Prediction 2 - Time 6.2943785190582275
Rank 4 - Image aef87dc2-a097-4683-9fb1-d1af6838a16a.png - Prediction 0 - Time 6.699505567550659
Rank 0 - Image MIDRC-RICORD-1C-419639-000002-10161-0.png - Prediction 2 - Time 5.563801527023315
Rank 3 - Image 3e1b619a-cdd9-495a-bcbf-a9d62b418991.png - Prediction 0 - Time 5.6390626430511475
Rank 2 - Image 5f137fa7-6539-499e-b0d5-0e481221bf5a.png - Prediction 0 - Time 5.567420482635498
Rank 1 - Image MIDRC-RICORD-1C-419639-002472-45590-0.png - Prediction 2 - Time 6.146377801895142
Rank 4 - Image afe1b6e2-203e-4ee5-856a-2f205d8bca2a.png - Prediction 1 - Time 6.711638450622559
Rank 0 - Image MIDRC-RICORD-1C-419639-001464-72163-0.png - Prediction 1 - Time 5.625592231750488
Rank 3 - Image 0977f16c-c343-42c9-95ed-d7ca996feb16.png - Prediction 0 - Time 5.582761287689209
Rank 2 - Image b5234584-1487-492c-8742-444b9ca41c3d.png - Prediction 0 - Time 5.669066905975342
Rank 1 - Image MIDRC-RICORD-1C-419639-002114-73757-0.png - Prediction 0 - Time 6.128225326538086
Rank 4 - Image 3d070009-c877-4ed4-ac80-53781cb30fef.png - Prediction 1 - Time 6.756285905838013
Rank 0 - Image MIDRC-RICORD-1C-SITE2-000239-21655-0.png - Prediction 2 - Time 5.578140735626221
Rank 3 - Image f8a11cd6-e541-4765-a41b-3d70b6f3481e.png - Prediction 0 - Time 5.640413284301758
Rank 2 - Image 71d8d6ec-253b-4272-a467-311828b2a35b.png - Prediction 0 - Time 5.5931785106658936
Rank 1 - Image MIDRC-RICORD-1C-419639-002997-12964-0.png - Prediction 2 - Time 6.195284128189087
Rank 0 - Image MIDRC-RICORD-1C-419639-003371-97350-0.png - Prediction 2 - Time 5.5753703117370605
Rank 3 - Image 960131aa-4ce4-4b26-aa12-5f73d8d81453.png - Prediction 0 - Time 5.597368955612183
Rank 2 - Image 0103fadb-1663-40a6-8a9e-09d626cd2091.png - Prediction 0 - Time 5.638942003250122
Rank 4 - Image 34fbff70-fa6e-4709-ab07-17f739fce394.png - Prediction 1 - Time 6.785315275192261
Rank 1 - Image MIDRC-RICORD-1C-419639-001464-73170-0.png - Prediction 2 - Time 6.1305108070373535
Rank 0 - Image MIDRC-RICORD-1C-419639-000432-86017-0.png - Prediction 2 - Time 5.491344451904297
Rank 3 - Image 3a5327d8-8830-4ae2-bd6b-293f5aa42d4b.png - Prediction 0 - Time 5.655581474304199
Rank 2 - Image e4cd65ae-65de-44fc-a6b2-ebbc46d2e8d8.png - Prediction 0 - Time 5.582745313644409
Rank 4 - Image 2c68016e-5a63-4430-a834-efe5d43edd0e.png - Prediction 1 - Time 6.7235095500946045
Rank 1 - Image MIDRC-RICORD-1C-419639-003102-68604-0.png - Prediction 2 - Time 6.189417600631714
Rank 0 - Image MIDRC-RICORD-1C-419639-001007-89903-0.png - Prediction 2 - Time 5.556104898452759
Rank 3 - Image a0b9597d-93f4-4a7c-a412-81cb78bccb66.png - Prediction 0 - Time 5.587151050567627
Rank 2 - Image 2f8fbfdc-56db-4eca-bf64-3c9a0637e28c.png - Prediction 0 - Time 5.634919881820679
Rank 4 - Image 8ae822ae-a656-47ba-ac5b-848ce2256575.png - Prediction 1 - Time 6.8379857540130615
Rank 0 - Image MIDRC-RICORD-1C-419639-001464-39871-1.png - Prediction 2 - Time 5.490002632141113
Rank 1 - Image MIDRC-RICORD-1C-419639-001464-63464-0.png - Prediction 2 - Time 6.13188910484314
Rank 3 - Image cdac0980-033c-4685-b7e4-0a12c86a00a9.png - Prediction 0 - Time 5.6564106941223145
Rank 2 - Image bc46651a-1314-44af-a834-1eb8a36e589e.png - Prediction 0 - Time 5.557050704956055
Rank 4 - Image f661fe70-2fc1-4564-9f53-45504c0b0688.png - Prediction 1 - Time 6.793020248413086
Rank 0 - Image MIDRC-RICORD-1C-419639-002374-98411-0.png - Prediction 2 - Time 5.5433738231658936
Rank 3 - Image 7ca5c75a-1ec6-49a7-a3b0-93b6122a3170.png - Prediction 0 - Time 5.592278480529785
Rank 1 - Image MIDRC-RICORD-1C-419639-001603-23454-0.png - Prediction 2 - Time 6.190070629119873
Rank 2 - Image 71d25920-4060-4a31-b7aa-cfbf4721a5c5.png - Prediction 0 - Time 5.653939485549927
Rank 0 - Image MIDRC-RICORD-1C-SITE2-000028-53390-0.png - Prediction 2 - Time 5.511586427688599
Rank 4 - Image 78c33a1a-8f22-476c-ae97-8190192102df.png - Prediction 1 - Time 6.707892656326294
Rank 3 - Image d1e0d69c-a4df-485a-983c-535494221d1a.png - Prediction 0 - Time 5.657829284667969
Rank 1 - Image MIDRC-RICORD-1C-419639-000025-39552-0.png - Prediction 2 - Time 6.137991189956665
Rank 2 - Image ca3c90e4-f7fe-4f6e-b20b-81473deab4f0.png - Prediction 0 - Time 5.571901798248291
Rank 0 - Image MIDRC-RICORD-1C-419639-001070-42385-0.png - Prediction 2 - Time 5.546361207962036
Rank 3 - Image 6b969591-8a07-49ed-9f65-fa19a453df59.png - Prediction 0 - Time 5.577981948852539
Rank 2 - Image dab2f334-331c-42c7-af09-a997092464b0.png - Prediction 0 - Time 5.65026330947876
Rank 4 - Image 652b519d-5eb4-4abc-93f7-15ae661a431f.png - Prediction 1 - Time 6.761895656585693
Rank 1 - Image MIDRC-RICORD-1C-SITE2-000291-42841-0.png - Prediction 2 - Time 6.223529100418091
Rank 0 - Image MIDRC-RICORD-1C-SITE2-000283-41971-0.png - Prediction 2 - Time 5.577697992324829
Rank 3 - Image bd8facb9-dce0-4048-8249-e6078b28e1b7.png - Prediction 1 - Time 5.586803913116455
Rank 2 - Image 436dce2a-06c3-4281-bb8e-840497a49381.png - Prediction 1 - Time 5.588507413864136
Rank 1 - Image MIDRC-RICORD-1C-419639-001782-15190-0.png - Prediction 2 - Time 6.1308369636535645
Rank 4 - Image 2397b2f6-3dfa-476c-89ea-e9992c5bd9a9.png - Prediction 1 - Time 6.7632763385772705
Rank 0 - Image MIDRC-RICORD-1C-SITE2-000023-20254-0.png - Prediction 2 - Time 5.581686019897461
Rank 3 - Image 4dbc44ca-694a-4814-9a24-bc60c8d8d611.png - Prediction 1 - Time 5.524487733840942
Rank 2 - Image af6ef3d9-81c8-434e-bc5a-dbf89bc418aa.png - Prediction 0 - Time 5.636123180389404
Rank 1 - Image MIDRC-RICORD-1C-SITE2-000279-56879-0.png - Prediction 2 - Time 6.260443449020386
Rank 4 - Image ac10f43e-03b8-43d2-bcae-6fe000542397.png - Prediction 0 - Time 6.834821462631226
Rank 0 - Image MIDRC-RICORD-1C-SITE2-000181-63935-0.png - Prediction 2 - Time 5.596614599227905
Rank 3 - Image 3f504abe-2133-4e09-98af-743cdea486f9.png - Prediction 1 - Time 5.565325021743774
Rank 2 - Image a7aef71b-0fc8-4837-be79-4ced56e03439.png - Prediction 0 - Time 5.61457371711731
Rank 1 - Image MIDRC-RICORD-1C-SITE2-000067-11643-0.png - Prediction 1 - Time 6.207379341125488
Rank 4 - Image 3c8cc0d1-be7f-493d-9570-542d851f623b.png - Prediction 1 - Time 6.779937982559204
Rank 0 - Image MIDRC-RICORD-1C-419639-003105-50900-0.png - Prediction 0 - Time 5.605088949203491
Rank 3 - Image af169d21-1c39-445e-82d8-5035182a3a8c.png - Prediction 2 - Time 5.509610176086426
Rank 2 - Image dfa57c1f-01fb-4417-a1b5-0641a9b4bb84.png - Prediction 0 - Time 5.649073600769043
Rank 1 - Image MIDRC-RICORD-1C-SITE2-000015-91071-0.png - Prediction 2 - Time 6.275255441665649
Rank 0 - Image MIDRC-RICORD-1C-SITE2-000185-39456-0.png - Prediction 2 - Time 5.60693621635437
Rank 3 - Image fcd159f4-21d3-4169-a94b-95a2b5ccddcb.png - Prediction 1 - Time 5.570031404495239
Rank 4 - Image 6565a9e6-3f01-4de8-a18d-ade3121c5d7c.png - Prediction 1 - Time 6.778413534164429
Rank 2 - Image 5eb932e2-3455-40fe-93db-ae44f897d9e0.png - Prediction 0 - Time 5.564269304275513
Rank 1 - Image MIDRC-RICORD-1C-440808-000016-8.281-0.png - Prediction 0 - Time 6.144015550613403
Rank 0 - Image MIDRC-RICORD-1C-419639-003187-73922-0.png - Prediction 2 - Time 5.594927549362183
Rank 3 - Image b6db3041-1554-43ef-baca-58733b6717d6.png - Prediction 0 - Time 5.514312744140625
Rank 2 - Image e8485b0f-293d-4ca8-8b71-92db61c8ee3e.png - Prediction 0 - Time 5.637031078338623
Rank 4 - Image ed0c5d1e-934a-4e31-9221-3a6a69ec9c1b.png - Prediction 1 - Time 6.704482078552246
Rank 0 - Image MIDRC-RICORD-1C-SITE2-000066-97290-0.png - Prediction 2 - Time 5.6516547203063965
Rank 1 - Image MIDRC-RICORD-1C-419639-001829-30276-0.png - Prediction 2 - Time 6.224850654602051
Rank 3 - Image a0a8370a-dc3f-4f70-a440-e3fa9827928a.png - Prediction 1 - Time 5.578260898590088
Rank 2 - Image 35cda03a-0898-4f8b-92d3-6f263aed23ff.png - Prediction 0 - Time 5.605065584182739
Rank 4 - Image 4bc8ce99-2420-48c2-a768-d067da67ced2.png - Prediction 1 - Time 6.835892677307129
Rank 0 - Image MIDRC-RICORD-1C-SITE2-000105-65881-0.png - Prediction 2 - Time 5.626204490661621
Rank 3 - Image 1dad3414-88c9-4c56-af5d-3a1488af452c.png - Prediction 1 - Time 5.522193670272827
Rank 1 - Image MIDRC-RICORD-1C-419639-000025-53641-0.png - Prediction 2 - Time 6.131913661956787
Rank 2 - Image d82e5841-2f43-4eab-ac17-e98a2d90c51b.png - Prediction 0 - Time 5.657830715179443
Rank 4 - Image 6df82c7a-a91e-487c-ae3a-9022b17d7c7a.png - Prediction 1 - Time 6.755648851394653
Rank 0 - Image MIDRC-RICORD-1C-419639-003080-09097-0.png - Prediction 2 - Time 5.542704343795776
Rank 3 - Image f760c946-a103-4991-a6e5-ff60c24cd99f.png - Prediction 1 - Time 5.571403980255127
Rank 1 - Image MIDRC-RICORD-1C-SITE2-000124-65701-0.png - Prediction 2 - Time 6.271522760391235
Rank 2 - Image af1d168c-4850-41e1-85b8-ff8fc645e671.png - Prediction 0 - Time 5.58694052696228
Rank 0 - Image MIDRC-RICORD-1C-SITE2-000230-35167-0.png - Prediction 2 - Time 5.617899656295776
Rank 3 - Image b021293c-4dd0-450c-b1a4-2d72cedab0a2.png - Prediction 1 - Time 5.505995750427246
Rank 4 - Image a6c364d2-b2d6-4b0b-a439-40b992ff65c7.png - Prediction 1 - Time 6.834587574005127
Rank 1 - Image MIDRC-RICORD-1C-419639-001464-85049-0.png - Prediction 2 - Time 6.145029544830322
Rank 2 - Image 585f5059-8938-4885-accb-d7d0b1097c60.png - Prediction 0 - Time 5.6331939697265625
Rank 3 - Image 349f10b4-dc3e-4f3f-b2e4-a5b81448ce87.png - Prediction 1 - Time 5.499850273132324
Rank 0 - Image MIDRC-RICORD-1C-419639-003365-72952-0.png - Prediction 2 - Time 5.682160377502441
Rank 4 - Image 32a5977f-f8ab-41c9-9b51-5387248e4675.png - Prediction 0 - Time 6.712968111038208
Rank 2 - Image 5d4c7318-4739-4470-89f3-70bbbca95f10.png - Prediction 0 - Time 5.574993371963501
Rank 1 - Image MIDRC-RICORD-1C-419639-000025-90087-0.png - Prediction 2 - Time 6.2094244956970215
Rank 3 - Image 05d3817a-5535-4e77-8dda-d4412e496c81.png - Prediction 1 - Time 5.574939250946045
Rank 0 - Image MIDRC-RICORD-1C-SITE2-000208-34584-0.png - Prediction 2 - Time 5.571141958236694
Rank 2 - Image d3ad2915-af30-426c-ad2d-1634df8c1b5f.png - Prediction 0 - Time 5.574653148651123
Rank 4 - Image c3751c94-ea6f-4a7c-b3bf-87a54012fa80.png - Prediction 0 - Time 6.8496177196502686
Rank 1 - Image MIDRC-RICORD-1C-SITE2-000098-66227-0.png - Prediction 2 - Time 6.104269504547119
Rank 3 - Image c21157da-1f74-4966-ba4e-c144d8f5da2d.png - Prediction 1 - Time 5.582792520523071
Rank 0 - Image MIDRC-RICORD-1C-419639-001464-53024-0.png - Prediction 1 - Time 5.5805017948150635
Rank 2 - Image dee054ff-0e1a-4167-b814-cbf339cf689c.png - Prediction 0 - Time 5.6568284034729
Rank 1 - Image MIDRC-RICORD-1C-SITE2-000188-54382-0.png - Prediction 2 - Time 6.2662858963012695
Rank 4 - Image 1c0a780d-1cac-4eee-b46d-470ecebc9ae0.png - Prediction 1 - Time 6.742068529129028
Rank 3 - Image 5acc56a4-1b6e-4394-9364-9772047d583f.png - Prediction 2 - Time 5.516307592391968
Rank 0 - Image MIDRC-RICORD-1C-419639-003157-67493-0.png - Prediction 2 - Time 5.615666389465332
Rank 2 - Image bb068d57-86a8-4347-bee0-e29d59ddef6b.png - Prediction 0 - Time 5.642354488372803
Rank 1 - Image MIDRC-RICORD-1C-SITE2-000072-79474-0.png - Prediction 2 - Time 6.141080379486084
Rank 4 - Image b852bc3c-0de5-4448-aff8-f96b2cc13d51.png - Prediction 1 - Time 6.844043254852295
Rank 3 - Image dd4d6a4c-1e67-4911-bda2-7d8af75b1b19.png - Prediction 1 - Time 5.561456680297852
Rank 0 - Image MIDRC-RICORD-1C-SITE2-000048-66689-0.png - Prediction 2 - Time 5.606407165527344
Rank 2 - Image 354c3756-43ed-4921-adf8-60be49a8b7e8.png - Prediction 0 - Time 5.555853843688965
Rank 1 - Image MIDRC-RICORD-1C-419639-001882-13628-0.png - Prediction 2 - Time 6.193051099777222
Rank 3 - Image f0ba0019-718f-4677-a723-05c27dba2f3e.png - Prediction 1 - Time 5.515648365020752
Rank 0 - Image MIDRC-RICORD-1C-440808-000020-8.458-0.png - Prediction 2 - Time 5.569455146789551
Rank 4 - Image a2616330-1f29-4019-928f-e2d62b3b737b.png - Prediction 1 - Time 6.754185199737549
Rank 2 - Image b8dd7d32-b177-4d1e-982f-6f0a743828fa.png - Prediction 0 - Time 5.667158603668213
Rank 1 - Image MIDRC-RICORD-1C-419639-000402-60433-0.png - Prediction 0 - Time 6.129973411560059
Rank 3 - Image cc3177c8-6570-497c-aef3-6fbddef692f6.png - Prediction 1 - Time 5.511349201202393
Rank 0 - Image MIDRC-RICORD-1C-SITE2-000034-76728-1.png - Prediction 2 - Time 5.542359828948975
Rank 4 - Image a6236ddd-6367-4569-b5f1-07d2df9390ad.png - Prediction 1 - Time 6.80337929725647
Rank 2 - Image a17f7e03-42a6-41d3-82ad-d8a656826936.png - Prediction 0 - Time 5.569783926010132
Rank 3 - Image 0e03c2d7-9cea-4dc7-8e91-794a8b3ff58d.png - Prediction 1 - Time 5.573868751525879
Rank 0 - Image MIDRC-RICORD-1C-419639-002784-76664-0.png - Prediction 0 - Time 5.4840452671051025
Rank 1 - Image MIDRC-RICORD-1C-440808-000019-8.433-0.png - Prediction 1 - Time 6.1250317096710205
Rank 2 - Image c3c78e4e-1a31-4a92-be4b-0fc3c7f992a4.png - Prediction 0 - Time 5.561614274978638
Rank 4 - Image b8d6b40d-2a3d-475f-88d3-03560f645223.png - Prediction 1 - Time 6.695531606674194
Rank 3 - Image 070c921f-171c-420c-915b-e49e3f600c38.png - Prediction 1 - Time 5.503751516342163
Rank 0 - Image MIDRC-RICORD-1C-SITE2-000014-81802-0.png - Prediction 2 - Time 5.613972187042236
Rank 1 - Image MIDRC-RICORD-1C-419639-003319-99931-0.png - Prediction 2 - Time 6.199166774749756
Rank 2 - Image f1c8caa2-a6dc-40c0-ab85-4769688f1eec.png - Prediction 0 - Time 5.634355306625366
Rank 4 - Image 49b2fb17-b12c-4e5a-8c4a-02449027c42b.png - Prediction 1 - Time 6.818114757537842
Rank 3 - Image caa545b4-4eea-4e3a-90b1-c4c0789a1109.png - Prediction 1 - Time 5.57212233543396
Rank 0 - Image MIDRC-RICORD-1C-SITE2-000068-39061-0.png - Prediction 2 - Time 5.520989179611206
Rank 1 - Image MIDRC-RICORD-1C-SITE2-000217-73086-0.png - Prediction 2 - Time 6.223128080368042
Rank 2 - Image d535a3c8-c4a4-4856-b5cd-17f6332eac8b.png - Prediction 0 - Time 5.568793058395386
Rank 4 - Image 3766b0a6-1769-4d82-b081-fa53531de34e.png - Prediction 1 - Time 6.705432653427124
Rank 0 - Image MIDRC-RICORD-1C-419639-000025-84235-0.png - Prediction 2 - Time 5.548386335372925
Rank 2 - Image 2ed06be4-9f0e-4256-b8bf-a4b396cc6364.png - Prediction 0 - Time 5.632377862930298
Rank 1 - Image MIDRC-RICORD-1C-419639-000586-49647-0.png - Prediction 2 - Time 6.147346258163452
Rank 4 - Image f12d7b12-0398-4533-8f55-8772cc434945.png - Prediction 1 - Time 6.857120752334595
Rank 1 - Image MIDRC-RICORD-1C-SITE2-000115-40758-0.png - Prediction 2 - Time 6.24835467338562
Rank 4 - Image 0b7a4fb2-adab-484b-a0f7-23f5111bc745.png - Prediction 1 - Time 6.761213064193726
Rank 1 - Image MIDRC-RICORD-1C-419639-000025-56207-0.png - Prediction 2 - Time 6.13781476020813
Rank 4 - Image 1565fd6c-9432-454a-87e4-937fd5ad5b60.png - Prediction 1 - Time 6.794330596923828
Rank 1 - Image MIDRC-RICORD-1C-419639-001699-69345-0.png - Prediction 2 - Time 6.120199918746948
Rank 1 - Image MIDRC-RICORD-1C-SITE2-000003-00527-0.png - Prediction 2 - Time 6.216909885406494
Rank 4 - Image 02002619-3dea-4038-8d4d-458db30ed8de.png - Prediction 1 - Time 6.770753860473633
Rank 1 - Image MIDRC-RICORD-1C-419639-003232-50592-0.png - Prediction 2 - Time 6.109371662139893
Rank 4 - Image becefa4b-f719-48c6-a903-85e391e026a4.png - Prediction 1 - Time 6.747103214263916
Rank 1 - Image MIDRC-RICORD-1C-419639-000025-04760-0.png - Prediction 2 - Time 6.190463066101074
Rank 4 - Image 3f2b878e-9e3b-410b-a739-b43d81b98692.png - Prediction 1 - Time 6.8218889236450195
Rank 4 - Image adce8349-6836-4328-ab63-f356d0bbe298.png - Prediction 1 - Time 6.78446626663208
Rank 4 - Image 854fee36-d54c-4cde-904d-ab77f5e2e091.png - Prediction 1 - Time 6.740571975708008
Rank 4 - Image baf8fe18-a7ca-4e9c-b3dc-5c80d474545b.png - Prediction 1 - Time 6.855870485305786
Rank 4 - Image a77b32f6-1999-4cc6-8a0d-1ef7e53850f0.png - Prediction 1 - Time 6.809138059616089
Rank 4 - Image 41bf2042-53a2-44a8-9a29-55e643af5ac0.png - Prediction 1 - Time 6.777469158172607
Rank 4 - Image ec09ddb3-9b0b-4749-9e0d-f94a4a7e5fed.png - Prediction 1 - Time 6.83703088760376
Rank 4 - Image abff4044-3c0a-458f-b0c7-04254be7fc0c.png - Prediction 1 - Time 6.735421657562256
Rank 4 - Image 27b32500-40ef-4c14-ab88-ace5e9ceea27.png - Prediction 1 - Time 6.786237478256226
Rank 0 - gathering data of length: 5
Created csv file: /p/project/joaiml/ingolfsson1/COVID_Net/results/covidx_test_5_224_560.csv
Total inference time: 560.0835607051849
