Correct: COVID-19
Predicted: COVID-19
Inference time: 47.95845437049866
Total time elapsed: 47.95845437049866

Correct: COVID-19
Predicted: COVID-19
Inference time: 48.039750814437866
Total time elapsed: 95.99820518493652

Correct: COVID-19
Predicted: COVID-19
Inference time: 49.087406158447266
Total time elapsed: 145.0856113433838

Correct: COVID-19
Predicted: COVID-19
Inference time: 47.885035276412964
Total time elapsed: 192.97064661979675

Correct: COVID-19
Predicted: COVID-19
Inference time: 48.38771438598633
Total time elapsed: 241.35836100578308

Correct: COVID-19
Predicted: COVID-19
Inference time: 47.82474160194397
Total time elapsed: 289.18310260772705

Correct: COVID-19
Predicted: COVID-19
Inference time: 48.405006885528564
Total time elapsed: 337.5881094932556

Correct: COVID-19
Predicted: normal
Inference time: 48.19791316986084
Total time elapsed: 385.78602266311646

Correct: COVID-19
Predicted: COVID-19
Inference time: 48.17364764213562
Total time elapsed: 433.9596703052521

Correct: COVID-19
Predicted: COVID-19
Inference time: 47.48400282859802
Total time elapsed: 481.4436731338501

Correct: COVID-19
Predicted: COVID-19
Inference time: 48.17557501792908
Total time elapsed: 529.6192481517792

Correct: COVID-19
Predicted: COVID-19
Inference time: 47.591635942459106
Total time elapsed: 577.2108840942383

Correct: COVID-19
Predicted: COVID-19
Inference time: 48.18628549575806
Total time elapsed: 625.3971695899963

Correct: COVID-19
Predicted: COVID-19
Inference time: 47.83100605010986
Total time elapsed: 673.2281756401062

Correct: COVID-19
Predicted: COVID-19
Inference time: 47.65905523300171
Total time elapsed: 720.8872308731079

Correct: COVID-19
Predicted: COVID-19
Inference time: 47.93254566192627
Total time elapsed: 768.8197765350342

Correct: COVID-19
Predicted: COVID-19
Inference time: 48.342397689819336
Total time elapsed: 817.1621742248535

Correct: COVID-19
Predicted: COVID-19
Inference time: 51.30597138404846
Total time elapsed: 868.468145608902

Correct: COVID-19
Predicted: COVID-19
Inference time: 48.723074197769165
Total time elapsed: 917.1912198066711

Correct: COVID-19
Predicted: COVID-19
Inference time: 48.97469997406006
Total time elapsed: 966.1659197807312

Correct: COVID-19
Predicted: COVID-19
Inference time: 49.71638822555542
Total time elapsed: 1015.8823080062866

Correct: COVID-19
Predicted: COVID-19
Inference time: 46.929527044296265
Total time elapsed: 1062.8118350505829

Correct: COVID-19
Predicted: COVID-19
Inference time: 48.94468379020691
Total time elapsed: 1111.7565188407898

Correct: COVID-19
Predicted: COVID-19
Inference time: 48.16790533065796
Total time elapsed: 1159.9244241714478

Correct: COVID-19
Predicted: COVID-19
Inference time: 48.11012935638428
Total time elapsed: 1208.034553527832

Correct: COVID-19
Predicted: COVID-19
Inference time: 47.87905240058899
Total time elapsed: 1255.913605928421

Correct: COVID-19
Predicted: COVID-19
Inference time: 48.787553787231445
Total time elapsed: 1304.7011597156525

Correct: COVID-19
Predicted: COVID-19
Inference time: 47.430458784103394
Total time elapsed: 1352.1316184997559

Correct: COVID-19
Predicted: COVID-19
Inference time: 49.213433265686035
Total time elapsed: 1401.345051765442

Correct: COVID-19
Predicted: COVID-19
Inference time: 47.9996554851532
Total time elapsed: 1449.344707250595

Correct: COVID-19
Predicted: COVID-19
Inference time: 47.7025043964386
Total time elapsed: 1497.0472116470337

Correct: COVID-19
Predicted: COVID-19
Inference time: 47.46702337265015
Total time elapsed: 1544.5142350196838

Correct: COVID-19
Predicted: COVID-19
Inference time: 48.94161534309387
Total time elapsed: 1593.4558503627777

Correct: COVID-19
Predicted: COVID-19
Inference time: 47.22477602958679
Total time elapsed: 1640.6806263923645

Correct: COVID-19
Predicted: COVID-19
Inference time: 48.945568323135376
Total time elapsed: 1689.6261947154999

Correct: COVID-19
Predicted: COVID-19
Inference time: 48.01987862586975
Total time elapsed: 1737.6460733413696

Correct: COVID-19
Predicted: COVID-19
Inference time: 47.77244973182678
Total time elapsed: 1785.4185230731964

Correct: COVID-19
Predicted: COVID-19
Inference time: 48.09204077720642
Total time elapsed: 1833.5105638504028

Correct: COVID-19
Predicted: COVID-19
Inference time: 48.52636122703552
Total time elapsed: 1882.0369250774384

Correct: COVID-19
Predicted: COVID-19
Inference time: 47.71446084976196
Total time elapsed: 1929.7513859272003

Correct: COVID-19
Predicted: COVID-19
Inference time: 48.303441762924194
Total time elapsed: 1978.0548276901245

Correct: COVID-19
Predicted: COVID-19
Inference time: 48.52984833717346
Total time elapsed: 2026.584676027298

Correct: COVID-19
Predicted: COVID-19
Inference time: 48.84011626243591
Total time elapsed: 2075.424792289734

Correct: COVID-19
Predicted: COVID-19
Inference time: 47.79903960227966
Total time elapsed: 2123.2238318920135

Correct: COVID-19
Predicted: COVID-19
Inference time: 49.05429124832153
Total time elapsed: 2172.278123140335

Correct: COVID-19
Predicted: COVID-19
Inference time: 48.55494260787964
Total time elapsed: 2220.8330657482147

Correct: COVID-19
Predicted: COVID-19
Inference time: 48.54355025291443
Total time elapsed: 2269.376616001129

Correct: COVID-19
Predicted: COVID-19
Inference time: 47.74689197540283
Total time elapsed: 2317.123507976532

Correct: COVID-19
Predicted: COVID-19
Inference time: 48.71804738044739
Total time elapsed: 2365.8415553569794

Correct: COVID-19
Predicted: COVID-19
Inference time: 47.97666096687317
Total time elapsed: 2413.8182163238525

Correct: COVID-19
Predicted: COVID-19
Inference time: 49.95000767707825
Total time elapsed: 2463.768224000931

Correct: COVID-19
Predicted: COVID-19
Inference time: 48.137781858444214
Total time elapsed: 2511.906005859375

Correct: COVID-19
Predicted: COVID-19
Inference time: 48.443639278411865
Total time elapsed: 2560.349645137787

Correct: COVID-19
Predicted: COVID-19
Inference time: 47.92006468772888
Total time elapsed: 2608.2697098255157

Correct: COVID-19
Predicted: COVID-19
Inference time: 49.111175537109375
Total time elapsed: 2657.380885362625

Correct: COVID-19
Predicted: COVID-19
Inference time: 48.35724449157715
Total time elapsed: 2705.7381298542023

Correct: COVID-19
Predicted: COVID-19
Inference time: 48.970696687698364
Total time elapsed: 2754.7088265419006

Correct: COVID-19
Predicted: COVID-19
Inference time: 48.629552364349365
Total time elapsed: 2803.33837890625

Correct: COVID-19
Predicted: COVID-19
Inference time: 48.76133489608765
Total time elapsed: 2852.0997138023376

Correct: COVID-19
Predicted: COVID-19
Inference time: 47.99179220199585
Total time elapsed: 2900.0915060043335

Correct: COVID-19
Predicted: COVID-19
Inference time: 49.01405739784241
Total time elapsed: 2949.105563402176

Correct: COVID-19
Predicted: COVID-19
Inference time: 48.44262766838074
Total time elapsed: 2997.5481910705566

Correct: COVID-19
Predicted: COVID-19
Inference time: 49.47561860084534
Total time elapsed: 3047.023809671402

Correct: COVID-19
Predicted: COVID-19
Inference time: 47.3360059261322
Total time elapsed: 3094.359815597534

Correct: COVID-19
Predicted: COVID-19
Inference time: 48.36827564239502
Total time elapsed: 3142.728091239929

Correct: COVID-19
Predicted: COVID-19
Inference time: 48.154497146606445
Total time elapsed: 3190.8825883865356

Correct: COVID-19
Predicted: COVID-19
Inference time: 48.59736347198486
Total time elapsed: 3239.4799518585205

Correct: COVID-19
Predicted: COVID-19
Inference time: 48.45423483848572
Total time elapsed: 3287.934186697006

Correct: COVID-19
Predicted: COVID-19
Inference time: 48.699028730392456
Total time elapsed: 3336.6332154273987

Correct: COVID-19
Predicted: COVID-19
Inference time: 48.91097807884216
Total time elapsed: 3385.544193506241

Correct: COVID-19
Predicted: COVID-19
Inference time: 49.64180302619934
Total time elapsed: 3435.18599653244

Correct: COVID-19
Predicted: COVID-19
Inference time: 47.77082681655884
Total time elapsed: 3482.956823348999

Correct: COVID-19
Predicted: COVID-19
Inference time: 48.93046593666077
Total time elapsed: 3531.88728928566

Correct: COVID-19
Predicted: COVID-19
Inference time: 48.13436317443848
Total time elapsed: 3580.0216524600983

Correct: COVID-19
Predicted: COVID-19
Inference time: 47.84757351875305
Total time elapsed: 3627.8692259788513

Correct: COVID-19
Predicted: COVID-19
Inference time: 47.6296489238739
Total time elapsed: 3675.498874902725

Correct: COVID-19
Predicted: normal
Inference time: 48.2112877368927
Total time elapsed: 3723.710162639618

Correct: COVID-19
Predicted: COVID-19
Inference time: 47.64625787734985
Total time elapsed: 3771.356420516968

Correct: COVID-19
Predicted: COVID-19
Inference time: 49.021607875823975
Total time elapsed: 3820.3780283927917

Correct: COVID-19
Predicted: COVID-19
Inference time: 47.53277540206909
Total time elapsed: 3867.910803794861

Correct: COVID-19
Predicted: COVID-19
Inference time: 48.76095461845398
Total time elapsed: 3916.671758413315

Correct: COVID-19
Predicted: COVID-19
Inference time: 46.835793256759644
Total time elapsed: 3963.5075516700745

Correct: COVID-19
Predicted: COVID-19
Inference time: 48.70743012428284
Total time elapsed: 4012.2149817943573

Correct: COVID-19
Predicted: COVID-19
Inference time: 47.72996401786804
Total time elapsed: 4059.9449458122253

Correct: COVID-19
Predicted: COVID-19
Inference time: 48.34682583808899
Total time elapsed: 4108.291771650314

Correct: COVID-19
Predicted: COVID-19
Inference time: 47.93781757354736
Total time elapsed: 4156.229589223862

Correct: COVID-19
Predicted: COVID-19
Inference time: 48.73701214790344
Total time elapsed: 4204.966601371765

Correct: COVID-19
Predicted: COVID-19
Inference time: 48.25056266784668
Total time elapsed: 4253.217164039612

Correct: COVID-19
Predicted: COVID-19
Inference time: 48.50380253791809
Total time elapsed: 4301.72096657753

Correct: COVID-19
Predicted: normal
Inference time: 47.69311261177063
Total time elapsed: 4349.4140791893005

Correct: COVID-19
Predicted: COVID-19
Inference time: 48.77686548233032
Total time elapsed: 4398.190944671631

Correct: COVID-19
Predicted: COVID-19
Inference time: 47.74267029762268
Total time elapsed: 4445.9336149692535

Correct: COVID-19
Predicted: COVID-19
Inference time: 49.47462344169617
Total time elapsed: 4495.40823841095

Correct: COVID-19
Predicted: COVID-19
Inference time: 47.46973729133606
Total time elapsed: 4542.877975702286

Correct: COVID-19
Predicted: COVID-19
Inference time: 48.50079011917114
Total time elapsed: 4591.378765821457

Correct: COVID-19
Predicted: COVID-19
Inference time: 47.85980558395386
Total time elapsed: 4639.238571405411

Correct: COVID-19
Predicted: COVID-19
Inference time: 48.13298726081848
Total time elapsed: 4687.371558666229

Correct: COVID-19
Predicted: COVID-19
Inference time: 47.75942325592041
Total time elapsed: 4735.13098192215

Correct: COVID-19
Predicted: COVID-19
Inference time: 48.59859037399292
Total time elapsed: 4783.729572296143

Correct: COVID-19
Predicted: COVID-19
Inference time: 47.30414962768555
Total time elapsed: 4831.033721923828

Correct: COVID-19
Predicted: COVID-19
Inference time: 48.554887533187866
Total time elapsed: 4879.588609457016

Correct: COVID-19
Predicted: COVID-19
Inference time: 47.87324404716492
Total time elapsed: 4927.461853504181

Correct: COVID-19
Predicted: COVID-19
Inference time: 49.03103518486023
Total time elapsed: 4976.492888689041

Correct: COVID-19
Predicted: COVID-19
Inference time: 47.59213900566101
Total time elapsed: 5024.085027694702

Correct: COVID-19
Predicted: COVID-19
Inference time: 49.01168346405029
Total time elapsed: 5073.096711158752

Correct: COVID-19
Predicted: COVID-19
Inference time: 49.25174307823181
Total time elapsed: 5122.348454236984

Correct: COVID-19
Predicted: COVID-19
Inference time: 47.893826484680176
Total time elapsed: 5170.242280721664

Correct: COVID-19
Predicted: COVID-19
Inference time: 48.071672677993774
Total time elapsed: 5218.313953399658

Correct: COVID-19
Predicted: COVID-19
Inference time: 48.17776846885681
Total time elapsed: 5266.491721868515

Correct: COVID-19
Predicted: COVID-19
Inference time: 48.228633880615234
Total time elapsed: 5314.72035574913

Correct: COVID-19
Predicted: COVID-19
Inference time: 48.59870719909668
Total time elapsed: 5363.319062948227

Correct: COVID-19
Predicted: COVID-19
Inference time: 48.51670956611633
Total time elapsed: 5411.835772514343

Correct: COVID-19
Predicted: COVID-19
Inference time: 48.918960094451904
Total time elapsed: 5460.754732608795

Correct: COVID-19
Predicted: COVID-19
Inference time: 48.0785813331604
Total time elapsed: 5508.833313941956

Correct: COVID-19
Predicted: COVID-19
Inference time: 48.21866822242737
Total time elapsed: 5557.051982164383

Correct: COVID-19
Predicted: COVID-19
Inference time: 47.605135917663574
Total time elapsed: 5604.6571180820465

Correct: COVID-19
Predicted: COVID-19
Inference time: 47.60060119628906
Total time elapsed: 5652.257719278336

Correct: COVID-19
Predicted: COVID-19
Inference time: 48.691253423690796
Total time elapsed: 5700.948972702026

Correct: COVID-19
Predicted: COVID-19
Inference time: 48.817633390426636
Total time elapsed: 5749.766606092453

Correct: COVID-19
Predicted: COVID-19
Inference time: 48.09832215309143
Total time elapsed: 5797.864928245544

Correct: COVID-19
Predicted: COVID-19
Inference time: 49.56117129325867
Total time elapsed: 5847.426099538803

Correct: COVID-19
Predicted: COVID-19
Inference time: 48.44579291343689
Total time elapsed: 5895.87189245224

Correct: COVID-19
Predicted: COVID-19
Inference time: 48.320563554763794
Total time elapsed: 5944.192456007004

Correct: COVID-19
Predicted: COVID-19
Inference time: 47.374635219573975
Total time elapsed: 5991.567091226578

Correct: COVID-19
Predicted: COVID-19
Inference time: 49.051345348358154
Total time elapsed: 6040.618436574936

Correct: COVID-19
Predicted: COVID-19
Inference time: 48.61969757080078
Total time elapsed: 6089.238134145737

Correct: COVID-19
Predicted: COVID-19
Inference time: 48.65574407577515
Total time elapsed: 6137.893878221512

Correct: COVID-19
Predicted: COVID-19
Inference time: 47.98624610900879
Total time elapsed: 6185.880124330521

Correct: COVID-19
Predicted: COVID-19
Inference time: 48.587039947509766
Total time elapsed: 6234.46716427803

Correct: COVID-19
Predicted: COVID-19
Inference time: 49.280364751815796
Total time elapsed: 6283.747529029846

Correct: COVID-19
Predicted: COVID-19
Inference time: 49.013537645339966
Total time elapsed: 6332.761066675186

Correct: COVID-19
Predicted: COVID-19
Inference time: 48.58341598510742
Total time elapsed: 6381.344482660294

Correct: COVID-19
Predicted: COVID-19
Inference time: 49.64987635612488
Total time elapsed: 6430.9943590164185

Correct: COVID-19
Predicted: COVID-19
Inference time: 48.390366315841675
Total time elapsed: 6479.38472533226

Correct: COVID-19
Predicted: COVID-19
Inference time: 49.38932943344116
Total time elapsed: 6528.774054765701

Correct: COVID-19
Predicted: COVID-19
Inference time: 48.50230360031128
Total time elapsed: 6577.276358366013

Correct: COVID-19
Predicted: COVID-19
Inference time: 49.21099400520325
Total time elapsed: 6626.487352371216

Correct: COVID-19
Predicted: COVID-19
Inference time: 48.244051933288574
Total time elapsed: 6674.731404304504

Correct: COVID-19
Predicted: COVID-19
Inference time: 48.57538294792175
Total time elapsed: 6723.306787252426

Correct: COVID-19
Predicted: normal
Inference time: 47.33022928237915
Total time elapsed: 6770.637016534805

Correct: COVID-19
Predicted: COVID-19
Inference time: 48.5156569480896
Total time elapsed: 6819.152673482895

Correct: COVID-19
Predicted: COVID-19
Inference time: 48.12025833129883
Total time elapsed: 6867.272931814194

Correct: COVID-19
Predicted: COVID-19
Inference time: 49.14864158630371
Total time elapsed: 6916.421573400497

Correct: COVID-19
Predicted: COVID-19
Inference time: 48.23159646987915
Total time elapsed: 6964.653169870377

Correct: COVID-19
Predicted: COVID-19
Inference time: 49.60662913322449
Total time elapsed: 7014.259799003601

Correct: COVID-19
Predicted: COVID-19
Inference time: 48.2690110206604
Total time elapsed: 7062.5288100242615

Correct: COVID-19
Predicted: COVID-19
Inference time: 48.33314323425293
Total time elapsed: 7110.861953258514

Correct: COVID-19
Predicted: COVID-19
Inference time: 48.660144090652466
Total time elapsed: 7159.522097349167

Correct: COVID-19
Predicted: COVID-19
Inference time: 48.83082628250122
Total time elapsed: 7208.352923631668

Correct: COVID-19
Predicted: COVID-19
Inference time: 48.43716740608215
Total time elapsed: 7256.79009103775

Correct: COVID-19
Predicted: pneumonia
Inference time: 49.075692653656006
Total time elapsed: 7305.865783691406

Correct: COVID-19
Predicted: COVID-19
Inference time: 48.48435664176941
Total time elapsed: 7354.350140333176

Correct: COVID-19
Predicted: COVID-19
Inference time: 48.50137686729431
Total time elapsed: 7402.85151720047

Correct: COVID-19
Predicted: COVID-19
Inference time: 48.27413582801819
Total time elapsed: 7451.125653028488

Correct: COVID-19
Predicted: COVID-19
Inference time: 49.43881177902222
Total time elapsed: 7500.56446480751

Correct: COVID-19
Predicted: COVID-19
Inference time: 48.187159061431885
Total time elapsed: 7548.751623868942

Correct: COVID-19
Predicted: COVID-19
Inference time: 48.9252667427063
Total time elapsed: 7597.676890611649

Correct: COVID-19
Predicted: COVID-19
Inference time: 47.538086891174316
Total time elapsed: 7645.214977502823

Correct: COVID-19
Predicted: COVID-19
Inference time: 48.44359278678894
Total time elapsed: 7693.658570289612

Correct: COVID-19
Predicted: COVID-19
Inference time: 49.11113238334656
Total time elapsed: 7742.769702672958

Correct: COVID-19
Predicted: COVID-19
Inference time: 48.60060501098633
Total time elapsed: 7791.370307683945

Correct: COVID-19
Predicted: COVID-19
Inference time: 47.5740385055542
Total time elapsed: 7838.944346189499

Correct: COVID-19
Predicted: COVID-19
Inference time: 48.810253858566284
Total time elapsed: 7887.754600048065

Correct: COVID-19
Predicted: COVID-19
Inference time: 47.54317784309387
Total time elapsed: 7935.297777891159

Correct: COVID-19
Predicted: COVID-19
Inference time: 49.52050185203552
Total time elapsed: 7984.818279743195

Correct: COVID-19
Predicted: COVID-19
Inference time: 48.59336614608765
Total time elapsed: 8033.411645889282

Correct: COVID-19
Predicted: COVID-19
Inference time: 48.66470742225647
Total time elapsed: 8082.076353311539

Correct: COVID-19
Predicted: COVID-19
Inference time: 47.85163331031799
Total time elapsed: 8129.927986621857

Correct: COVID-19
Predicted: COVID-19
Inference time: 49.02540946006775
Total time elapsed: 8178.953396081924

Correct: COVID-19
Predicted: COVID-19
Inference time: 48.0161669254303
Total time elapsed: 8226.969563007355

Correct: COVID-19
Predicted: COVID-19
Inference time: 49.14766526222229
Total time elapsed: 8276.117228269577

Correct: COVID-19
Predicted: COVID-19
Inference time: 48.12668824195862
Total time elapsed: 8324.243916511536

Correct: COVID-19
Predicted: COVID-19
Inference time: 48.783583879470825
Total time elapsed: 8373.027500391006

Correct: COVID-19
Predicted: COVID-19
Inference time: 48.654226779937744
Total time elapsed: 8421.681727170944

Correct: COVID-19
Predicted: COVID-19
Inference time: 49.182820081710815
Total time elapsed: 8470.864547252655

Correct: COVID-19
Predicted: COVID-19
Inference time: 48.95539593696594
Total time elapsed: 8519.819943189621

Correct: COVID-19
Predicted: COVID-19
Inference time: 48.54128050804138
Total time elapsed: 8568.361223697662

Correct: COVID-19
Predicted: COVID-19
Inference time: 48.39582943916321
Total time elapsed: 8616.757053136826

Correct: COVID-19
Predicted: COVID-19
Inference time: 48.84625267982483
Total time elapsed: 8665.60330581665

Correct: COVID-19
Predicted: COVID-19
Inference time: 47.366666316986084
Total time elapsed: 8712.969972133636

Correct: COVID-19
Predicted: COVID-19
Inference time: 48.573031425476074
Total time elapsed: 8761.543003559113

Correct: COVID-19
Predicted: COVID-19
Inference time: 48.173038721084595
Total time elapsed: 8809.716042280197

Correct: COVID-19
Predicted: COVID-19
Inference time: 49.058056116104126
Total time elapsed: 8858.774098396301

Correct: COVID-19
Predicted: COVID-19
Inference time: 48.64274621009827
Total time elapsed: 8907.4168446064

Correct: COVID-19
Predicted: COVID-19
Inference time: 48.66563677787781
Total time elapsed: 8956.082481384277

Correct: COVID-19
Predicted: COVID-19
Inference time: 48.177223205566406
Total time elapsed: 9004.259704589844

Correct: COVID-19
Predicted: COVID-19
Inference time: 48.72410249710083
Total time elapsed: 9052.983807086945

Correct: COVID-19
Predicted: COVID-19
Inference time: 48.43281102180481
Total time elapsed: 9101.41661810875

Correct: COVID-19
Predicted: COVID-19
Inference time: 49.32313585281372
Total time elapsed: 9150.739753961563

Correct: COVID-19
Predicted: COVID-19
Inference time: 48.34212398529053
Total time elapsed: 9199.081877946854

Correct: COVID-19
Predicted: COVID-19
Inference time: 48.719146490097046
Total time elapsed: 9247.80102443695

Correct: COVID-19
Predicted: COVID-19
Inference time: 48.79242134094238
Total time elapsed: 9296.593445777893

Correct: COVID-19
Predicted: COVID-19
Inference time: 48.40352821350098
Total time elapsed: 9344.996973991394

Correct: COVID-19
Predicted: COVID-19
Inference time: 48.52271819114685
Total time elapsed: 9393.51969218254

Correct: COVID-19
Predicted: COVID-19
Inference time: 48.98854374885559
Total time elapsed: 9442.508235931396

Correct: COVID-19
Predicted: COVID-19
Inference time: 48.25010275840759
Total time elapsed: 9490.758338689804

Correct: COVID-19
Predicted: COVID-19
Inference time: 48.98823857307434
Total time elapsed: 9539.746577262878

Correct: COVID-19
Predicted: COVID-19
Inference time: 47.534146308898926
Total time elapsed: 9587.280723571777

Correct: COVID-19
Predicted: COVID-19
Inference time: 48.74929976463318
Total time elapsed: 9636.03002333641

Correct: COVID-19
Predicted: COVID-19
Inference time: 47.98149132728577
Total time elapsed: 9684.011514663696

Correct: normal
Predicted: normal
Inference time: 48.69749045372009
Total time elapsed: 9732.709005117416

Correct: normal
Predicted: normal
Inference time: 48.11354064941406
Total time elapsed: 9780.82254576683

Correct: normal
Predicted: normal
Inference time: 48.98740577697754
Total time elapsed: 9829.809951543808

Correct: normal
Predicted: normal
Inference time: 48.026363134384155
Total time elapsed: 9877.836314678192

Correct: normal
Predicted: normal
Inference time: 48.74458432197571
Total time elapsed: 9926.580899000168

Correct: normal
Predicted: normal
Inference time: 47.911357402801514
Total time elapsed: 9974.49225640297

Correct: normal
Predicted: normal
Inference time: 48.67631649971008
Total time elapsed: 10023.16857290268

Correct: normal
Predicted: normal
Inference time: 48.51113271713257
Total time elapsed: 10071.679705619812

Correct: normal
Predicted: normal
Inference time: 47.96101665496826
Total time elapsed: 10119.64072227478

Correct: normal
Predicted: pneumonia
Inference time: 48.25576114654541
Total time elapsed: 10167.896483421326

Correct: normal
Predicted: normal
Inference time: 48.66515517234802
Total time elapsed: 10216.561638593674

Correct: normal
Predicted: normal
Inference time: 48.2504563331604
Total time elapsed: 10264.812094926834

Correct: normal
Predicted: normal
Inference time: 48.25354361534119
Total time elapsed: 10313.065638542175

Correct: normal
Predicted: normal
Inference time: 47.48918533325195
Total time elapsed: 10360.554823875427

Correct: normal
Predicted: normal
Inference time: 48.37755227088928
Total time elapsed: 10408.932376146317

Correct: normal
Predicted: normal
Inference time: 46.72100567817688
Total time elapsed: 10455.653381824493

Correct: normal
Predicted: normal
Inference time: 47.73623776435852
Total time elapsed: 10503.389619588852

Correct: normal
Predicted: normal
Inference time: 47.47763705253601
Total time elapsed: 10550.867256641388

Correct: normal
Predicted: pneumonia
Inference time: 48.711020708084106
Total time elapsed: 10599.578277349472

Correct: normal
Predicted: pneumonia
Inference time: 47.363038063049316
Total time elapsed: 10646.941315412521

Correct: normal
Predicted: normal
Inference time: 49.23565912246704
Total time elapsed: 10696.176974534988

Correct: normal
Predicted: normal
Inference time: 48.31741786003113
Total time elapsed: 10744.49439239502

Correct: normal
Predicted: normal
Inference time: 48.97807025909424
Total time elapsed: 10793.472462654114

Correct: normal
Predicted: normal
Inference time: 47.019118547439575
Total time elapsed: 10840.491581201553

Correct: normal
Predicted: normal
Inference time: 47.359705209732056
Total time elapsed: 10887.851286411285

Correct: normal
Predicted: normal
Inference time: 47.9460928440094
Total time elapsed: 10935.797379255295

Correct: normal
Predicted: normal
Inference time: 48.844510316848755
Total time elapsed: 10984.641889572144

Correct: normal
Predicted: normal
Inference time: 47.03807044029236
Total time elapsed: 11031.679960012436

Correct: normal
Predicted: normal
Inference time: 48.341567039489746
Total time elapsed: 11080.021527051926

Correct: normal
Predicted: normal
Inference time: 46.85014319419861
Total time elapsed: 11126.871670246124

Correct: normal
Predicted: normal
Inference time: 48.4981849193573
Total time elapsed: 11175.369855165482

Correct: normal
Predicted: normal
Inference time: 47.83561873435974
Total time elapsed: 11223.205473899841

Correct: normal
Predicted: normal
Inference time: 48.71045780181885
Total time elapsed: 11271.91593170166

Correct: normal
Predicted: normal
Inference time: 47.935447216033936
Total time elapsed: 11319.851378917694

Correct: normal
Predicted: normal
Inference time: 48.051955461502075
Total time elapsed: 11367.903334379196

Correct: normal
Predicted: normal
Inference time: 47.92086911201477
Total time elapsed: 11415.824203491211

Correct: normal
Predicted: normal
Inference time: 48.995105504989624
Total time elapsed: 11464.8193089962

Correct: normal
Predicted: normal
Inference time: 47.586655139923096
Total time elapsed: 11512.405964136124

Correct: normal
Predicted: normal
Inference time: 48.47615170478821
Total time elapsed: 11560.882115840912

Correct: normal
Predicted: normal
Inference time: 50.15890336036682
Total time elapsed: 11611.041019201279

Correct: normal
Predicted: normal
Inference time: 47.36819386482239
Total time elapsed: 11658.409213066101

Correct: normal
Predicted: normal
Inference time: 47.24050426483154
Total time elapsed: 11705.649717330933

Correct: normal
Predicted: normal
Inference time: 48.355085372924805
Total time elapsed: 11754.004802703857

Correct: normal
Predicted: normal
Inference time: 47.62661337852478
Total time elapsed: 11801.631416082382

Correct: normal
Predicted: normal
Inference time: 48.37965512275696
Total time elapsed: 11850.01107120514

Correct: normal
Predicted: normal
Inference time: 47.723236322402954
Total time elapsed: 11897.734307527542

Correct: normal
Predicted: normal
Inference time: 48.72127103805542
Total time elapsed: 11946.455578565598

Correct: normal
Predicted: normal
Inference time: 48.480732679367065
Total time elapsed: 11994.936311244965

Correct: normal
Predicted: normal
Inference time: 48.706345319747925
Total time elapsed: 12043.642656564713

Correct: normal
Predicted: normal
Inference time: 47.78574585914612
Total time elapsed: 12091.428402423859

Correct: normal
Predicted: pneumonia
Inference time: 48.74592685699463
Total time elapsed: 12140.174329280853

Correct: normal
Predicted: normal
Inference time: 48.119673013687134
Total time elapsed: 12188.29400229454

Correct: normal
Predicted: normal
Inference time: 47.96037817001343
Total time elapsed: 12236.254380464554

Correct: normal
Predicted: normal
Inference time: 48.001911640167236
Total time elapsed: 12284.256292104721

Correct: normal
Predicted: normal
Inference time: 48.13477063179016
Total time elapsed: 12332.391062736511

Correct: normal
Predicted: normal
Inference time: 47.904120206832886
Total time elapsed: 12380.295182943344

Correct: normal
Predicted: normal
Inference time: 49.33806037902832
Total time elapsed: 12429.633243322372

Correct: normal
Predicted: normal
Inference time: 47.84064340591431
Total time elapsed: 12477.473886728287

Correct: normal
Predicted: normal
Inference time: 48.57581400871277
Total time elapsed: 12526.049700737

Correct: normal
Predicted: normal
Inference time: 48.318198919296265
Total time elapsed: 12574.367899656296

Correct: normal
Predicted: normal
Inference time: 48.224289655685425
Total time elapsed: 12622.592189311981

Correct: normal
Predicted: normal
Inference time: 47.65224814414978
Total time elapsed: 12670.244437456131

Correct: normal
Predicted: normal
Inference time: 48.03361797332764
Total time elapsed: 12718.278055429459

Correct: normal
Predicted: normal
Inference time: 47.42827749252319
Total time elapsed: 12765.706332921982

Correct: normal
Predicted: normal
Inference time: 49.73932385444641
Total time elapsed: 12815.445656776428

Correct: normal
Predicted: normal
Inference time: 48.48469519615173
Total time elapsed: 12863.93035197258

Correct: normal
Predicted: normal
Inference time: 48.877557039260864
Total time elapsed: 12912.80790901184

Correct: normal
Predicted: normal
Inference time: 48.72907066345215
Total time elapsed: 12961.536979675293

Correct: normal
Predicted: normal
Inference time: 49.2199022769928
Total time elapsed: 13010.756881952286

Correct: normal
Predicted: normal
Inference time: 49.05192303657532
Total time elapsed: 13059.808804988861

Correct: normal
Predicted: normal
Inference time: 48.666568756103516
Total time elapsed: 13108.475373744965

Correct: normal
Predicted: normal
Inference time: 48.424020290374756
Total time elapsed: 13156.89939403534

Correct: normal
Predicted: normal
Inference time: 49.353238582611084
Total time elapsed: 13206.25263261795

Correct: normal
Predicted: normal
Inference time: 48.45972442626953
Total time elapsed: 13254.71235704422

Correct: normal
Predicted: normal
Inference time: 48.51514148712158
Total time elapsed: 13303.227498531342

Correct: normal
Predicted: normal
Inference time: 48.56366300582886
Total time elapsed: 13351.79116153717

Correct: normal
Predicted: normal
Inference time: 49.5510528087616
Total time elapsed: 13401.342214345932

Correct: normal
Predicted: normal
Inference time: 47.89177346229553
Total time elapsed: 13449.233987808228

Correct: normal
Predicted: normal
Inference time: 48.53813886642456
Total time elapsed: 13497.772126674652

Correct: normal
Predicted: normal
Inference time: 47.944124698638916
Total time elapsed: 13545.716251373291

Correct: normal
Predicted: normal
Inference time: 48.936617851257324
Total time elapsed: 13594.652869224548

Correct: normal
Predicted: normal
Inference time: 48.80641031265259
Total time elapsed: 13643.459279537201

Correct: normal
Predicted: normal
Inference time: 48.936500549316406
Total time elapsed: 13692.395780086517

Correct: normal
Predicted: normal
Inference time: 47.823840618133545
Total time elapsed: 13740.21962070465

Correct: normal
Predicted: normal
Inference time: 48.91030144691467
Total time elapsed: 13789.129922151566

Correct: normal
Predicted: normal
Inference time: 48.434091329574585
Total time elapsed: 13837.56401348114

Correct: normal
Predicted: normal
Inference time: 49.2222683429718
Total time elapsed: 13886.786281824112

Correct: normal
Predicted: normal
Inference time: 47.52974033355713
Total time elapsed: 13934.316022157669

Correct: normal
Predicted: normal
Inference time: 49.41421031951904
Total time elapsed: 13983.730232477188

Correct: normal
Predicted: normal
Inference time: 48.27388644218445
Total time elapsed: 14032.004118919373

Correct: normal
Predicted: normal
Inference time: 49.055853843688965
Total time elapsed: 14081.059972763062

Correct: normal
Predicted: pneumonia
Inference time: 48.742488622665405
Total time elapsed: 14129.802461385727

Correct: normal
Predicted: normal
Inference time: 49.810232162475586
Total time elapsed: 14179.612693548203

Correct: normal
Predicted: normal
Inference time: 49.1618926525116
Total time elapsed: 14228.774586200714

Correct: normal
Predicted: normal
Inference time: 48.89546346664429
Total time elapsed: 14277.670049667358

Correct: normal
Predicted: normal
Inference time: 48.0768826007843
Total time elapsed: 14325.746932268143

Correct: normal
Predicted: normal
Inference time: 49.337687730789185
Total time elapsed: 14375.084619998932

Correct: normal
Predicted: normal
Inference time: 48.04438066482544
Total time elapsed: 14423.129000663757

Correct: normal
Predicted: normal
Inference time: 48.78392672538757
Total time elapsed: 14471.912927389145

Correct: normal
Predicted: pneumonia
Inference time: 48.64857268333435
Total time elapsed: 14520.56150007248

Correct: pneumonia
Predicted: pneumonia
Inference time: 49.109328269958496
Total time elapsed: 14569.670828342438

Correct: pneumonia
Predicted: pneumonia
Inference time: 48.38845920562744
Total time elapsed: 14618.059287548065

Correct: pneumonia
Predicted: pneumonia
Inference time: 48.7436203956604
Total time elapsed: 14666.802907943726

Correct: pneumonia
Predicted: pneumonia
Inference time: 47.92890453338623
Total time elapsed: 14714.731812477112

Correct: pneumonia
Predicted: pneumonia
Inference time: 48.473949909210205
Total time elapsed: 14763.205762386322

Correct: pneumonia
Predicted: normal
Inference time: 48.09629440307617
Total time elapsed: 14811.302056789398

Correct: pneumonia
Predicted: pneumonia
Inference time: 48.944636821746826
Total time elapsed: 14860.246693611145

Correct: pneumonia
Predicted: pneumonia
Inference time: 48.15938591957092
Total time elapsed: 14908.406079530716

Correct: pneumonia
Predicted: pneumonia
Inference time: 49.80197048187256
Total time elapsed: 14958.208050012589

Correct: pneumonia
Predicted: pneumonia
Inference time: 47.95541787147522
Total time elapsed: 15006.163467884064

Correct: pneumonia
Predicted: pneumonia
Inference time: 48.49014329910278
Total time elapsed: 15054.653611183167

Correct: pneumonia
Predicted: pneumonia
Inference time: 47.95090961456299
Total time elapsed: 15102.60452079773

Correct: pneumonia
Predicted: pneumonia
Inference time: 47.871569871902466
Total time elapsed: 15150.476090669632

Correct: pneumonia
Predicted: pneumonia
Inference time: 48.277103424072266
Total time elapsed: 15198.753194093704

Correct: pneumonia
Predicted: pneumonia
Inference time: 49.18732213973999
Total time elapsed: 15247.940516233444

Correct: pneumonia
Predicted: pneumonia
Inference time: 48.29690456390381
Total time elapsed: 15296.237420797348

Correct: pneumonia
Predicted: pneumonia
Inference time: 49.389281034469604
Total time elapsed: 15345.626701831818

Correct: pneumonia
Predicted: pneumonia
Inference time: 47.8873405456543
Total time elapsed: 15393.514042377472

Correct: pneumonia
Predicted: pneumonia
Inference time: 49.05264449119568
Total time elapsed: 15442.566686868668

Correct: pneumonia
Predicted: pneumonia
Inference time: 48.19368815422058
Total time elapsed: 15490.760375022888

Correct: pneumonia
Predicted: pneumonia
Inference time: 48.92782473564148
Total time elapsed: 15539.68819975853

Correct: pneumonia
Predicted: pneumonia
Inference time: 47.79285287857056
Total time elapsed: 15587.4810526371

Correct: pneumonia
Predicted: pneumonia
Inference time: 48.92014670372009
Total time elapsed: 15636.40119934082

Correct: pneumonia
Predicted: pneumonia
Inference time: 48.16773796081543
Total time elapsed: 15684.568937301636

Correct: pneumonia
Predicted: pneumonia
Inference time: 48.920499324798584
Total time elapsed: 15733.489436626434

Correct: pneumonia
Predicted: pneumonia
Inference time: 48.48925542831421
Total time elapsed: 15781.978692054749

Correct: pneumonia
Predicted: pneumonia
Inference time: 48.36674427986145
Total time elapsed: 15830.34543633461

Correct: pneumonia
Predicted: pneumonia
Inference time: 49.05686855316162
Total time elapsed: 15879.402304887772

Correct: pneumonia
Predicted: pneumonia
Inference time: 48.73367214202881
Total time elapsed: 15928.1359770298

Correct: pneumonia
Predicted: pneumonia
Inference time: 48.41655659675598
Total time elapsed: 15976.552533626556

Correct: pneumonia
Predicted: pneumonia
Inference time: 48.94523048400879
Total time elapsed: 16025.497764110565

Correct: pneumonia
Predicted: pneumonia
Inference time: 47.843647956848145
Total time elapsed: 16073.341412067413

Correct: pneumonia
Predicted: pneumonia
Inference time: 48.96272873878479
Total time elapsed: 16122.304140806198

Correct: pneumonia
Predicted: pneumonia
Inference time: 48.385823011398315
Total time elapsed: 16170.689963817596

Correct: pneumonia
Predicted: pneumonia
Inference time: 48.332706451416016
Total time elapsed: 16219.022670269012

Correct: pneumonia
Predicted: pneumonia
Inference time: 48.05732560157776
Total time elapsed: 16267.07999587059

Correct: pneumonia
Predicted: pneumonia
Inference time: 49.1382851600647
Total time elapsed: 16316.218281030655

Correct: pneumonia
Predicted: pneumonia
Inference time: 48.55710315704346
Total time elapsed: 16364.775384187698

Correct: pneumonia
Predicted: pneumonia
Inference time: 47.95927357673645
Total time elapsed: 16412.734657764435

Correct: pneumonia
Predicted: pneumonia
Inference time: 48.3971107006073
Total time elapsed: 16461.131768465042

Correct: pneumonia
Predicted: pneumonia
Inference time: 48.53729701042175
Total time elapsed: 16509.669065475464

Correct: pneumonia
Predicted: pneumonia
Inference time: 48.28612661361694
Total time elapsed: 16557.95519208908

Correct: pneumonia
Predicted: pneumonia
Inference time: 48.812514305114746
Total time elapsed: 16606.767706394196

Correct: pneumonia
Predicted: pneumonia
Inference time: 48.63732075691223
Total time elapsed: 16655.405027151108

Correct: pneumonia
Predicted: pneumonia
Inference time: 49.09268379211426
Total time elapsed: 16704.497710943222

Correct: pneumonia
Predicted: pneumonia
Inference time: 48.02018475532532
Total time elapsed: 16752.517895698547

Correct: pneumonia
Predicted: pneumonia
Inference time: 48.7473509311676
Total time elapsed: 16801.265246629715

Correct: pneumonia
Predicted: pneumonia
Inference time: 48.27512049674988
Total time elapsed: 16849.540367126465

Correct: pneumonia
Predicted: pneumonia
Inference time: 48.85067057609558
Total time elapsed: 16898.39103770256

Correct: pneumonia
Predicted: pneumonia
Inference time: 48.19265031814575
Total time elapsed: 16946.583688020706

Correct: pneumonia
Predicted: pneumonia
Inference time: 48.65339517593384
Total time elapsed: 16995.23708319664

Correct: pneumonia
Predicted: pneumonia
Inference time: 48.234854221343994
Total time elapsed: 17043.471937417984

Correct: pneumonia
Predicted: pneumonia
Inference time: 47.93588972091675
Total time elapsed: 17091.4078271389

Correct: pneumonia
Predicted: pneumonia
Inference time: 48.07850623130798
Total time elapsed: 17139.48633337021

Correct: pneumonia
Predicted: pneumonia
Inference time: 48.85869812965393
Total time elapsed: 17188.345031499863

Correct: pneumonia
Predicted: pneumonia
Inference time: 48.768744707107544
Total time elapsed: 17237.11377620697

Correct: pneumonia
Predicted: pneumonia
Inference time: 49.02036929130554
Total time elapsed: 17286.134145498276

Correct: pneumonia
Predicted: pneumonia
Inference time: 48.4242217540741
Total time elapsed: 17334.55836725235

Correct: pneumonia
Predicted: pneumonia
Inference time: 49.09932518005371
Total time elapsed: 17383.657692432404

Correct: pneumonia
Predicted: pneumonia
Inference time: 48.64772033691406
Total time elapsed: 17432.305412769318

Correct: pneumonia
Predicted: normal
Inference time: 48.46276140213013
Total time elapsed: 17480.768174171448

Correct: pneumonia
Predicted: pneumonia
Inference time: 48.29637861251831
Total time elapsed: 17529.064552783966

Correct: pneumonia
Predicted: pneumonia
Inference time: 49.22824263572693
Total time elapsed: 17578.292795419693

Correct: pneumonia
Predicted: pneumonia
Inference time: 48.242631673812866
Total time elapsed: 17626.535427093506

Correct: pneumonia
Predicted: pneumonia
Inference time: 49.78208541870117
Total time elapsed: 17676.317512512207

Correct: pneumonia
Predicted: pneumonia
Inference time: 48.383143186569214
Total time elapsed: 17724.700655698776

Correct: pneumonia
Predicted: pneumonia
Inference time: 48.88111615180969
Total time elapsed: 17773.581771850586

Correct: pneumonia
Predicted: pneumonia
Inference time: 48.47030806541443
Total time elapsed: 17822.052079916

Correct: pneumonia
Predicted: pneumonia
Inference time: 49.14068102836609
Total time elapsed: 17871.192760944366

Correct: pneumonia
Predicted: pneumonia
Inference time: 48.38378143310547
Total time elapsed: 17919.576542377472

Correct: pneumonia
Predicted: normal
Inference time: 48.4838125705719
Total time elapsed: 17968.060354948044

Correct: pneumonia
Predicted: pneumonia
Inference time: 46.91138195991516
Total time elapsed: 18014.97173690796

Correct: pneumonia
Predicted: pneumonia
Inference time: 47.51304650306702
Total time elapsed: 18062.484783411026

Correct: pneumonia
Predicted: pneumonia
Inference time: 48.774569034576416
Total time elapsed: 18111.259352445602

Correct: pneumonia
Predicted: pneumonia
Inference time: 48.547574281692505
Total time elapsed: 18159.806926727295

Correct: pneumonia
Predicted: pneumonia
Inference time: 47.16843557357788
Total time elapsed: 18206.975362300873

Correct: pneumonia
Predicted: pneumonia
Inference time: 49.85850143432617
Total time elapsed: 18256.8338637352

Correct: pneumonia
Predicted: normal
Inference time: 48.336792945861816
Total time elapsed: 18305.17065668106

Correct: pneumonia
Predicted: normal
Inference time: 48.575634479522705
Total time elapsed: 18353.746291160583

Correct: pneumonia
Predicted: pneumonia
Inference time: 48.149083375930786
Total time elapsed: 18401.895374536514

Correct: pneumonia
Predicted: pneumonia
Inference time: 47.968344926834106
Total time elapsed: 18449.86371946335

Correct: pneumonia
Predicted: pneumonia
Inference time: 47.87912893295288
Total time elapsed: 18497.7428483963

Correct: pneumonia
Predicted: pneumonia
Inference time: 48.97657370567322
Total time elapsed: 18546.719422101974

Correct: pneumonia
Predicted: pneumonia
Inference time: 48.16030836105347
Total time elapsed: 18594.879730463028

Correct: pneumonia
Predicted: pneumonia
Inference time: 48.807374000549316
Total time elapsed: 18643.687104463577

Correct: pneumonia
Predicted: pneumonia
Inference time: 48.890891551971436
Total time elapsed: 18692.57799601555

Correct: pneumonia
Predicted: pneumonia
Inference time: 48.31453728675842
Total time elapsed: 18740.892533302307

Correct: pneumonia
Predicted: pneumonia
Inference time: 48.37002110481262
Total time elapsed: 18789.26255440712

Correct: pneumonia
Predicted: pneumonia
Inference time: 48.97896695137024
Total time elapsed: 18838.24152135849

Correct: pneumonia
Predicted: pneumonia
Inference time: 48.109912633895874
Total time elapsed: 18886.351433992386

Correct: pneumonia
Predicted: pneumonia
Inference time: 49.353251934051514
Total time elapsed: 18935.704685926437

Correct: pneumonia
Predicted: pneumonia
Inference time: 48.906580448150635
Total time elapsed: 18984.611266374588

Correct: pneumonia
Predicted: pneumonia
Inference time: 49.16540002822876
Total time elapsed: 19033.776666402817

Correct: pneumonia
Predicted: pneumonia
Inference time: 47.088810443878174
Total time elapsed: 19080.865476846695

Correct: pneumonia
Predicted: pneumonia
Inference time: 48.36905527114868
Total time elapsed: 19129.234532117844

Correct: pneumonia
Predicted: pneumonia
Inference time: 47.98283243179321
Total time elapsed: 19177.217364549637

Correct: pneumonia
Predicted: pneumonia
Inference time: 49.40213751792908
Total time elapsed: 19226.619502067566

Correct: pneumonia
Predicted: pneumonia
Inference time: 48.2829213142395
Total time elapsed: 19274.902423381805

Correct: pneumonia
Predicted: pneumonia
Inference time: 48.92891836166382
Total time elapsed: 19323.83134174347

Correct: pneumonia
Predicted: pneumonia
Inference time: 48.39139986038208
Total time elapsed: 19372.22274160385

Inference complete.
Total time elapsed: 19372.22274160385
