Sun Dec  5 17:57:04 2021       
+-----------------------------------------------------------------------------+
| NVIDIA-SMI 418.87.00    Driver Version: 418.87.00    CUDA Version: 10.1     |
|-------------------------------+----------------------+----------------------+
| GPU  Name        Persistence-M| Bus-Id        Disp.A | Volatile Uncorr. ECC |
| Fan  Temp  Perf  Pwr:Usage/Cap|         Memory-Usage | GPU-Util  Compute M. |
|===============================+======================+======================|
|   0  Tesla V100-PCIE...  On   | 00000000:AF:00.0 Off |                    0 |
| N/A   38C    P0    27W / 250W |      0MiB / 32480MiB |      0%      Default |
+-------------------------------+----------------------+----------------------+
                                                                               
+-----------------------------------------------------------------------------+
| Processes:                                                       GPU Memory |
|  GPU       PID   Type   Process name                             Usage      |
|=============================================================================|
|  No running processes found                                                 |
+-----------------------------------------------------------------------------+
Rank 0 - Image MIDRC-RICORD-1C-419639-003251-46647-0.png - Prediction 2 - Time 25.159276247024536
Rank 0 - Image MIDRC-RICORD-1C-419639-001464-39871-0.png - Prediction 2 - Time 19.669840574264526
Rank 0 - Image MIDRC-RICORD-1C-419639-000918-78965-0.png - Prediction 2 - Time 19.11327838897705
Rank 0 - Image MIDRC-RICORD-1C-419639-003318-64285-0.png - Prediction 2 - Time 19.504161596298218
Rank 0 - Image MIDRC-RICORD-1C-419639-001015-81591-0.png - Prediction 2 - Time 20.03350591659546
Rank 0 - Image MIDRC-RICORD-1C-SITE2-000265-99793-1.png - Prediction 2 - Time 20.142067193984985
Rank 0 - Image MIDRC-RICORD-1C-SITE2-000159-61155-0.png - Prediction 2 - Time 21.761209964752197
Rank 0 - Image MIDRC-RICORD-1C-419639-003169-42019-0.png - Prediction 0 - Time 21.155991315841675
Rank 0 - Image MIDRC-RICORD-1C-SITE2-000238-25854-1.png - Prediction 2 - Time 20.834574460983276
Rank 0 - Image MIDRC-RICORD-1C-419639-001464-33260-0.png - Prediction 2 - Time 21.069341897964478
Rank 0 - Image MIDRC-RICORD-1C-SITE2-000018-55212-0.png - Prediction 2 - Time 20.132295846939087
Rank 0 - Image MIDRC-RICORD-1C-419639-000025-50888-0.png - Prediction 2 - Time 19.50569725036621
Rank 0 - Image MIDRC-RICORD-1C-419639-001288-10277-0.png - Prediction 2 - Time 19.402047157287598
Rank 0 - Image MIDRC-RICORD-1C-419639-002757-16718-0.png - Prediction 2 - Time 21.097938299179077
Rank 0 - Image MIDRC-RICORD-1C-SITE2-000135-64564-1.png - Prediction 2 - Time 19.53140354156494
Rank 0 - Image MIDRC-RICORD-1C-SITE2-000147-13199-0.png - Prediction 2 - Time 19.620221376419067
Rank 0 - Image MIDRC-RICORD-1C-419639-002601-92699-0.png - Prediction 2 - Time 20.014933586120605
Rank 0 - Image MIDRC-RICORD-1C-419639-002310-52924-0.png - Prediction 2 - Time 19.226526737213135
Rank 0 - Image MIDRC-RICORD-1C-SITE2-000171-45676-0.png - Prediction 2 - Time 20.758495330810547
Rank 0 - Image MIDRC-RICORD-1C-419639-000025-56001-0.png - Prediction 2 - Time 20.290079355239868
Rank 0 - Image MIDRC-RICORD-1C-419639-003340-85716-0.png - Prediction 2 - Time 19.1388418674469
Rank 0 - Image MIDRC-RICORD-1C-419639-003257-00787-0.png - Prediction 2 - Time 20.22016215324402
Rank 0 - Image MIDRC-RICORD-1C-SITE2-000099-22857-0.png - Prediction 2 - Time 20.833351135253906
Rank 0 - Image MIDRC-RICORD-1C-SITE2-000155-37671-0.png - Prediction 2 - Time 20.079703330993652
Rank 0 - Image MIDRC-RICORD-1C-419639-000235-89929-0.png - Prediction 2 - Time 19.536014556884766
Rank 0 - Image MIDRC-RICORD-1C-419639-002376-07504-0.png - Prediction 2 - Time 19.828943014144897
Rank 0 - Image MIDRC-RICORD-1C-419639-001433-28259-0.png - Prediction 2 - Time 19.560909032821655
Rank 0 - Image MIDRC-RICORD-1C-419639-003116-57702-0.png - Prediction 2 - Time 20.074788808822632
Rank 0 - Image MIDRC-RICORD-1C-419639-001629-03737-0.png - Prediction 2 - Time 20.54063844680786
Rank 0 - Image MIDRC-RICORD-1C-SITE2-000211-85940-0.png - Prediction 2 - Time 19.530932426452637
Rank 0 - Image MIDRC-RICORD-1C-419639-003027-36839-0.png - Prediction 2 - Time 20.083577632904053
Rank 0 - Image MIDRC-RICORD-1C-419639-003021-81745-0.png - Prediction 2 - Time 20.57874345779419
Rank 0 - Image MIDRC-RICORD-1C-419639-003024-14703-0.png - Prediction 2 - Time 20.40192437171936
Rank 0 - Image MIDRC-RICORD-1C-419639-002724-03387-0.png - Prediction 2 - Time 21.268590688705444
Rank 0 - Image MIDRC-RICORD-1C-419639-001464-32013-0.png - Prediction 2 - Time 20.91998529434204
Rank 0 - Image MIDRC-RICORD-1C-SITE2-000116-25889-1.png - Prediction 2 - Time 20.336127758026123
Rank 0 - Image MIDRC-RICORD-1C-SITE2-000229-76177-0.png - Prediction 2 - Time 21.039361238479614
Rank 0 - Image MIDRC-RICORD-1C-419639-001222-46073-0.png - Prediction 2 - Time 19.829174995422363
Rank 0 - Image MIDRC-RICORD-1C-419639-003360-73998-0.png - Prediction 2 - Time 20.292189836502075
Rank 0 - Image MIDRC-RICORD-1C-419639-003334-51353-0.png - Prediction 2 - Time 19.87228775024414
Rank 0 - Image MIDRC-RICORD-1C-419639-000538-40522-0.png - Prediction 2 - Time 20.354259967803955
Rank 0 - Image MIDRC-RICORD-1C-419639-001735-74702-0.png - Prediction 2 - Time 20.690659284591675
Rank 0 - Image MIDRC-RICORD-1C-419639-000299-56159-0.png - Prediction 2 - Time 21.630841732025146
Rank 0 - Image MIDRC-RICORD-1C-SITE2-000178-89752-0.png - Prediction 2 - Time 21.16734480857849
Rank 0 - Image MIDRC-RICORD-1C-419639-001287-60951-0.png - Prediction 2 - Time 20.173829555511475
Rank 0 - Image MIDRC-RICORD-1C-SITE2-000182-35476-0.png - Prediction 2 - Time 21.247342348098755
Rank 0 - Image MIDRC-RICORD-1C-419639-000025-17477-0.png - Prediction 2 - Time 19.95480751991272
Rank 0 - Image MIDRC-RICORD-1C-419639-002528-57471-0.png - Prediction 2 - Time 20.78920555114746
Rank 0 - Image MIDRC-RICORD-1C-419639-001932-82193-0.png - Prediction 2 - Time 19.73455309867859
Rank 0 - Image MIDRC-RICORD-1C-419639-000002-10161-0.png - Prediction 2 - Time 20.24678611755371
Rank 0 - Image MIDRC-RICORD-1C-419639-001464-72163-0.png - Prediction 2 - Time 19.32170796394348
Rank 0 - Image MIDRC-RICORD-1C-SITE2-000239-21655-0.png - Prediction 2 - Time 20.4436514377594
Rank 0 - Image MIDRC-RICORD-1C-419639-003371-97350-0.png - Prediction 2 - Time 19.761375665664673
Rank 0 - Image MIDRC-RICORD-1C-419639-000432-86017-0.png - Prediction 2 - Time 20.63567018508911
Rank 0 - Image MIDRC-RICORD-1C-419639-001007-89903-0.png - Prediction 2 - Time 21.02499032020569
Rank 0 - Image MIDRC-RICORD-1C-419639-001464-39871-1.png - Prediction 2 - Time 19.933642864227295
Rank 0 - Image MIDRC-RICORD-1C-419639-002374-98411-0.png - Prediction 2 - Time 20.676945447921753
Rank 0 - Image MIDRC-RICORD-1C-SITE2-000028-53390-0.png - Prediction 2 - Time 20.83208990097046
Rank 0 - Image MIDRC-RICORD-1C-419639-001070-42385-0.png - Prediction 2 - Time 19.691338777542114
Rank 0 - Image MIDRC-RICORD-1C-SITE2-000283-41971-0.png - Prediction 2 - Time 20.196722745895386
Rank 0 - Image MIDRC-RICORD-1C-SITE2-000023-20254-0.png - Prediction 2 - Time 20.744304418563843
Rank 0 - Image MIDRC-RICORD-1C-SITE2-000181-63935-0.png - Prediction 2 - Time 20.740658283233643
Rank 0 - Image MIDRC-RICORD-1C-419639-003105-50900-0.png - Prediction 2 - Time 20.280731678009033
Rank 0 - Image MIDRC-RICORD-1C-SITE2-000185-39456-0.png - Prediction 2 - Time 21.045594215393066
Rank 0 - Image MIDRC-RICORD-1C-419639-003187-73922-0.png - Prediction 2 - Time 21.52304196357727
Rank 0 - Image MIDRC-RICORD-1C-SITE2-000066-97290-0.png - Prediction 2 - Time 21.389838695526123
Rank 0 - Image MIDRC-RICORD-1C-SITE2-000105-65881-0.png - Prediction 2 - Time 20.56255531311035
Rank 0 - Image MIDRC-RICORD-1C-419639-003080-09097-0.png - Prediction 2 - Time 20.109023809432983
Rank 0 - Image MIDRC-RICORD-1C-SITE2-000230-35167-0.png - Prediction 2 - Time 20.5753014087677
Rank 0 - Image MIDRC-RICORD-1C-419639-003365-72952-0.png - Prediction 2 - Time 20.823652267456055
Rank 0 - Image MIDRC-RICORD-1C-SITE2-000208-34584-0.png - Prediction 2 - Time 19.37826442718506
Rank 0 - Image MIDRC-RICORD-1C-419639-001464-53024-0.png - Prediction 2 - Time 21.349019765853882
Rank 0 - Image MIDRC-RICORD-1C-419639-003157-67493-0.png - Prediction 2 - Time 21.230754137039185
Rank 0 - Image MIDRC-RICORD-1C-SITE2-000048-66689-0.png - Prediction 2 - Time 20.25057077407837
Rank 0 - Image MIDRC-RICORD-1C-440808-000020-8.458-0.png - Prediction 2 - Time 20.328160524368286
Rank 0 - Image MIDRC-RICORD-1C-SITE2-000034-76728-1.png - Prediction 2 - Time 21.476699590682983
Rank 0 - Image MIDRC-RICORD-1C-419639-002784-76664-0.png - Prediction 0 - Time 20.4911687374115
Rank 0 - Image MIDRC-RICORD-1C-SITE2-000014-81802-0.png - Prediction 2 - Time 20.909430265426636
Rank 0 - Image MIDRC-RICORD-1C-SITE2-000068-39061-0.png - Prediction 2 - Time 20.8169686794281
Rank 0 - Image MIDRC-RICORD-1C-419639-000025-84235-0.png - Prediction 2 - Time 21.59022569656372
Rank 0 - Image MIDRC-RICORD-1C-SITE2-000001-16794-0.png - Prediction 2 - Time 20.267693519592285
Rank 0 - Image MIDRC-RICORD-1C-419639-001571-15270-0.png - Prediction 2 - Time 20.32420825958252
Rank 0 - Image MIDRC-RICORD-1C-419639-001903-65209-0.png - Prediction 2 - Time 19.63232421875
Rank 0 - Image MIDRC-RICORD-1C-SITE2-000244-77429-0.png - Prediction 2 - Time 20.325855016708374
Rank 0 - Image MIDRC-RICORD-1C-419639-000582-21506-0.png - Prediction 2 - Time 19.739665508270264
Rank 0 - Image MIDRC-RICORD-1C-419639-002088-09388-0.png - Prediction 2 - Time 20.150258779525757
Rank 0 - Image MIDRC-RICORD-1C-419639-002050-25234-0.png - Prediction 2 - Time 20.294193029403687
Rank 0 - Image MIDRC-RICORD-1C-SITE2-000235-44451-0.png - Prediction 2 - Time 20.003291606903076
Rank 0 - Image MIDRC-RICORD-1C-SITE2-000202-80939-0.png - Prediction 2 - Time 20.280619144439697
Rank 0 - Image MIDRC-RICORD-1C-419639-003203-21209-0.png - Prediction 0 - Time 20.223327159881592
Rank 0 - Image MIDRC-RICORD-1C-419639-000025-90087-1.png - Prediction 2 - Time 20.521009922027588
Rank 0 - Image MIDRC-RICORD-1C-SITE2-000136-21646-0.png - Prediction 2 - Time 19.696327924728394
Rank 0 - Image MIDRC-RICORD-1C-SITE2-000153-84142-0.png - Prediction 2 - Time 20.668562412261963
Rank 0 - Image MIDRC-RICORD-1C-419639-003216-61144-0.png - Prediction 2 - Time 19.510209321975708
Rank 0 - Image MIDRC-RICORD-1C-419639-001464-60601-0.png - Prediction 2 - Time 20.642048835754395
Rank 0 - Image MIDRC-RICORD-1C-419639-003380-99227-0.png - Prediction 2 - Time 20.850287437438965
Rank 0 - Image MIDRC-RICORD-1C-SITE2-000272-41527-0.png - Prediction 2 - Time 20.504794120788574
Rank 0 - Image MIDRC-RICORD-1C-419639-003338-57135-0.png - Prediction 2 - Time 20.062219619750977
Rank 0 - Image MIDRC-RICORD-1C-419639-003060-04928-0.png - Prediction 2 - Time 20.37373399734497
Rank 0 - Image MIDRC-RICORD-1C-419639-002889-42412-0.png - Prediction 2 - Time 19.747947931289673
Rank 0 - Image MIDRC-RICORD-1C-SITE2-000106-15732-0.png - Prediction 2 - Time 20.104841232299805
Rank 0 - Image MIDRC-RICORD-1C-SITE2-000297-71173-1.png - Prediction 2 - Time 19.641411542892456
Rank 0 - Image MIDRC-RICORD-1C-SITE2-000204-24409-0.png - Prediction 2 - Time 21.003007411956787
Rank 0 - Image MIDRC-RICORD-1C-419639-001464-82193-0.png - Prediction 2 - Time 20.474295377731323
Rank 0 - Image MIDRC-RICORD-1C-SITE2-000058-42859-0.png - Prediction 2 - Time 20.28297209739685
Rank 0 - Image MIDRC-RICORD-1C-SITE2-000149-71428-1.png - Prediction 2 - Time 20.63053870201111
Rank 0 - Image MIDRC-RICORD-1C-419639-002281-83348-0.png - Prediction 2 - Time 19.975013971328735
Rank 0 - Image MIDRC-RICORD-1C-419639-002733-79941-0.png - Prediction 2 - Time 20.48641347885132
Rank 0 - Image MIDRC-RICORD-1C-419639-000025-81112-0.png - Prediction 2 - Time 20.17135715484619
Rank 0 - Image MIDRC-RICORD-1C-419639-003186-86346-0.png - Prediction 2 - Time 20.46913743019104
Rank 0 - Image MIDRC-RICORD-1C-SITE2-000237-52517-0.png - Prediction 2 - Time 20.316128492355347
Rank 0 - Image MIDRC-RICORD-1C-SITE2-000002-65816-0.png - Prediction 2 - Time 20.481194734573364
Rank 0 - Image MIDRC-RICORD-1C-419639-000025-39552-1.png - Prediction 2 - Time 20.94750738143921
Rank 0 - Image MIDRC-RICORD-1C-419639-000082-79663-0.png - Prediction 2 - Time 19.97827386856079
Rank 0 - Image MIDRC-RICORD-1C-SITE2-000094-94497-0.png - Prediction 2 - Time 20.943292140960693
Rank 0 - Image MIDRC-RICORD-1C-SITE2-000131-16046-1.png - Prediction 2 - Time 21.611267805099487
Rank 0 - Image MIDRC-RICORD-1C-419639-002309-84923-0.png - Prediction 2 - Time 19.72087574005127
Rank 0 - Image MIDRC-RICORD-1C-419639-002768-13069-0.png - Prediction 2 - Time 21.171599626541138
Rank 0 - Image MIDRC-RICORD-1C-SITE2-000108-12642-0.png - Prediction 2 - Time 21.550488233566284
Rank 0 - Image MIDRC-RICORD-1C-SITE2-000170-25974-1.png - Prediction 2 - Time 20.851635456085205
Rank 0 - Image MIDRC-RICORD-1C-SITE2-000097-16347-1.png - Prediction 2 - Time 21.229567050933838
Rank 0 - Image MIDRC-RICORD-1C-419639-002043-49668-0.png - Prediction 2 - Time 21.131036281585693
Rank 0 - Image MIDRC-RICORD-1C-419639-000785-60200-0.png - Prediction 2 - Time 20.17774987220764
Rank 0 - Image MIDRC-RICORD-1C-SITE2-000035-19513-0.png - Prediction 2 - Time 20.85711121559143
Rank 0 - Image MIDRC-RICORD-1C-419639-001155-71955-0.png - Prediction 2 - Time 19.3959059715271
Rank 0 - Image MIDRC-RICORD-1C-SITE2-000207-20956-0.png - Prediction 2 - Time 20.37669539451599
Rank 0 - Image MIDRC-RICORD-1C-419639-002472-45590-0.png - Prediction 2 - Time 20.44303059577942
Rank 0 - Image MIDRC-RICORD-1C-419639-002114-73757-0.png - Prediction 2 - Time 20.484530210494995
Rank 0 - Image MIDRC-RICORD-1C-419639-002997-12964-0.png - Prediction 2 - Time 19.40065908432007
Rank 0 - Image MIDRC-RICORD-1C-419639-001464-73170-0.png - Prediction 2 - Time 20.562192916870117
Rank 0 - Image MIDRC-RICORD-1C-419639-003102-68604-0.png - Prediction 2 - Time 20.244979858398438
Rank 0 - Image MIDRC-RICORD-1C-419639-001464-63464-0.png - Prediction 2 - Time 20.666508436203003
Rank 0 - Image MIDRC-RICORD-1C-419639-001603-23454-0.png - Prediction 2 - Time 19.905548095703125
Rank 0 - Image MIDRC-RICORD-1C-419639-000025-39552-0.png - Prediction 2 - Time 20.396913051605225
Rank 0 - Image MIDRC-RICORD-1C-SITE2-000291-42841-0.png - Prediction 2 - Time 19.73258900642395
Rank 0 - Image MIDRC-RICORD-1C-419639-001782-15190-0.png - Prediction 2 - Time 19.75858783721924
Rank 0 - Image MIDRC-RICORD-1C-SITE2-000279-56879-0.png - Prediction 2 - Time 19.546055793762207
Rank 0 - Image MIDRC-RICORD-1C-SITE2-000067-11643-0.png - Prediction 2 - Time 20.757250785827637
Rank 0 - Image MIDRC-RICORD-1C-SITE2-000015-91071-0.png - Prediction 2 - Time 20.720750331878662
Rank 0 - Image MIDRC-RICORD-1C-440808-000016-8.281-0.png - Prediction 0 - Time 20.8790020942688
Rank 0 - Image MIDRC-RICORD-1C-419639-001829-30276-0.png - Prediction 2 - Time 20.95889401435852
Rank 0 - Image MIDRC-RICORD-1C-419639-000025-53641-0.png - Prediction 2 - Time 20.573268175125122
Rank 0 - Image MIDRC-RICORD-1C-SITE2-000124-65701-0.png - Prediction 2 - Time 20.18794584274292
Rank 0 - Image MIDRC-RICORD-1C-419639-001464-85049-0.png - Prediction 2 - Time 20.08716106414795
Rank 0 - Image MIDRC-RICORD-1C-419639-000025-90087-0.png - Prediction 2 - Time 19.750340461730957
Rank 0 - Image MIDRC-RICORD-1C-SITE2-000098-66227-0.png - Prediction 2 - Time 19.88349175453186
Rank 0 - Image MIDRC-RICORD-1C-SITE2-000188-54382-0.png - Prediction 2 - Time 20.475836753845215
Rank 0 - Image MIDRC-RICORD-1C-SITE2-000072-79474-0.png - Prediction 2 - Time 20.579773426055908
Rank 0 - Image MIDRC-RICORD-1C-419639-001882-13628-0.png - Prediction 2 - Time 19.37323522567749
Rank 0 - Image MIDRC-RICORD-1C-419639-000402-60433-0.png - Prediction 2 - Time 19.003066539764404
Rank 0 - Image MIDRC-RICORD-1C-440808-000019-8.433-0.png - Prediction 1 - Time 20.846280097961426
Rank 0 - Image MIDRC-RICORD-1C-419639-003319-99931-0.png - Prediction 2 - Time 20.06597399711609
Rank 0 - Image MIDRC-RICORD-1C-SITE2-000217-73086-0.png - Prediction 2 - Time 20.402180194854736
Rank 0 - Image MIDRC-RICORD-1C-419639-000586-49647-0.png - Prediction 2 - Time 19.594666481018066
Rank 0 - Image MIDRC-RICORD-1C-SITE2-000115-40758-0.png - Prediction 2 - Time 20.68220353126526
Rank 0 - Image MIDRC-RICORD-1C-419639-000025-56207-0.png - Prediction 2 - Time 20.364060640335083
Rank 0 - Image MIDRC-RICORD-1C-419639-001699-69345-0.png - Prediction 2 - Time 19.519235372543335
Rank 0 - Image MIDRC-RICORD-1C-SITE2-000003-00527-0.png - Prediction 2 - Time 19.661391258239746
Rank 0 - Image MIDRC-RICORD-1C-419639-003232-50592-0.png - Prediction 2 - Time 20.154841423034668
Rank 0 - Image MIDRC-RICORD-1C-419639-000025-04760-0.png - Prediction 2 - Time 19.749200344085693
Rank 0 - Image MIDRC-RICORD-1C-419639-000025-89853-0.png - Prediction 2 - Time 20.288825750350952
Rank 0 - Image MIDRC-RICORD-1C-419639-001425-17331-0.png - Prediction 2 - Time 21.042301177978516
Rank 0 - Image MIDRC-RICORD-1C-440808-000009-08.98-0.png - Prediction 2 - Time 20.318106174468994
Rank 0 - Image MIDRC-RICORD-1C-419639-000086-21140-0.png - Prediction 2 - Time 19.377321004867554
Rank 0 - Image MIDRC-RICORD-1C-SITE2-000270-57009-0.png - Prediction 2 - Time 19.95624041557312
Rank 0 - Image MIDRC-RICORD-1C-419639-000573-31324-0.png - Prediction 2 - Time 20.416568756103516
Rank 0 - Image MIDRC-RICORD-1C-SITE2-000154-41630-0.png - Prediction 2 - Time 20.75018572807312
Rank 0 - Image MIDRC-RICORD-1C-SITE2-000168-32448-0.png - Prediction 2 - Time 20.514334440231323
Rank 0 - Image MIDRC-RICORD-1C-SITE2-000125-08616-1.png - Prediction 2 - Time 20.050870656967163
Rank 0 - Image MIDRC-RICORD-1C-SITE2-000096-37358-0.png - Prediction 2 - Time 20.679755449295044
Rank 0 - Image MIDRC-RICORD-1C-SITE2-000221-43774-0.png - Prediction 2 - Time 19.761981964111328
Rank 0 - Image MIDRC-RICORD-1C-SITE2-000179-48742-0.png - Prediction 2 - Time 20.51607084274292
Rank 0 - Image MIDRC-RICORD-1C-SITE2-000176-81030-0.png - Prediction 2 - Time 20.718284606933594
Rank 0 - Image MIDRC-RICORD-1C-419639-003199-43900-0.png - Prediction 2 - Time 20.064318656921387
Rank 0 - Image MIDRC-RICORD-1C-419639-003191-84953-0.png - Prediction 2 - Time 20.8267719745636
Rank 0 - Image MIDRC-RICORD-1C-SITE2-000029-97068-0.png - Prediction 2 - Time 19.613667964935303
Rank 0 - Image MIDRC-RICORD-1C-419639-002401-32756-0.png - Prediction 2 - Time 20.225447177886963
Rank 0 - Image MIDRC-RICORD-1C-419639-001762-18334-0.png - Prediction 2 - Time 20.09077262878418
Rank 0 - Image MIDRC-RICORD-1C-SITE2-000210-51719-0.png - Prediction 2 - Time 20.185498237609863
Rank 0 - Image MIDRC-RICORD-1C-SITE2-000200-97745-0.png - Prediction 2 - Time 20.25792407989502
Rank 0 - Image MIDRC-RICORD-1C-419639-001374-75990-0.png - Prediction 2 - Time 20.631861686706543
Rank 0 - Image MIDRC-RICORD-1C-419639-003336-50845-0.png - Prediction 2 - Time 19.78445029258728
Rank 0 - Image MIDRC-RICORD-1C-419639-002929-69159-0.png - Prediction 2 - Time 20.287638425827026
Rank 0 - Image MIDRC-RICORD-1C-SITE2-000120-98054-0.png - Prediction 2 - Time 20.508658409118652
Rank 0 - Image MIDRC-RICORD-1C-SITE2-000127-30661-0.png - Prediction 2 - Time 20.421499490737915
Rank 0 - Image MIDRC-RICORD-1C-SITE2-000206-25871-0.png - Prediction 2 - Time 20.03035593032837
Rank 0 - Image MIDRC-RICORD-1C-SITE2-000141-46899-0.png - Prediction 2 - Time 19.902098894119263
Rank 0 - Image MIDRC-RICORD-1C-SITE2-000203-08712-0.png - Prediction 2 - Time 20.271541357040405
Rank 0 - Image MIDRC-RICORD-1C-SITE2-000045-76077-0.png - Prediction 2 - Time 19.90701651573181
Rank 0 - Image MIDRC-RICORD-1C-SITE2-000162-64489-0.png - Prediction 2 - Time 20.74039363861084
Rank 0 - Image MIDRC-RICORD-1C-419639-001505-21193-0.png - Prediction 2 - Time 20.112749576568604
Rank 0 - Image MIDRC-RICORD-1C-SITE2-000173-80432-1.png - Prediction 2 - Time 19.81759738922119
Rank 0 - Image MIDRC-RICORD-1C-419639-002871-45785-0.png - Prediction 2 - Time 20.607033491134644
Rank 0 - Image MIDRC-RICORD-1C-SITE2-000220-78771-1.png - Prediction 2 - Time 20.271206617355347
Rank 0 - Image MIDRC-RICORD-1C-419639-001661-28330-1.png - Prediction 2 - Time 19.250524282455444
Rank 0 - Image MIDRC-RICORD-1C-SITE2-000142-56843-0.png - Prediction 2 - Time 20.479624032974243
Rank 0 - Image MIDRC-RICORD-1C-419639-003099-52606-0.png - Prediction 2 - Time 19.59311532974243
Rank 0 - Image MIDRC-RICORD-1C-419639-002463-12463-0.png - Prediction 2 - Time 20.141823053359985
Rank 0 - Image MIDRC-RICORD-1C-419639-001085-09031-0.png - Prediction 2 - Time 19.568456411361694
Rank 0 - Image MIDRC-RICORD-1C-419639-002895-42704-0.png - Prediction 2 - Time 20.40784525871277
Rank 0 - Image 47c78742-4998-4878-aec4-37b11b1354ac.png - Prediction 0 - Time 20.110865354537964
Rank 0 - Image 8989e25c-a698-48fc-b428-fff56931fc8f.png - Prediction 0 - Time 19.39174795150757
Rank 0 - Image 7fb3786c-5045-4a90-981d-c55b53d4d5d3.png - Prediction 0 - Time 20.312092781066895
Rank 0 - Image 766b8aea-3b43-4a34-b675-09f373ca066b.png - Prediction 0 - Time 18.810912609100342
Rank 0 - Image f6236cb5-cc36-4ec4-895c-d11ce043341d.png - Prediction 0 - Time 20.596669673919678
Rank 0 - Image 153b7c2b-4909-4dca-8579-9523582bc4fe.png - Prediction 0 - Time 20.415996313095093
Rank 0 - Image 1afd6582-da9d-4e5a-a81f-62a188fe9366.png - Prediction 0 - Time 20.20811891555786
Rank 0 - Image 85bb48fe-e6d6-47de-bb71-d1636aced7dc.png - Prediction 0 - Time 20.878777027130127
Rank 0 - Image eaeb935a-7294-4dd3-8bf5-73ba781d28af.png - Prediction 0 - Time 20.63596773147583
Rank 0 - Image 5f137fa7-6539-499e-b0d5-0e481221bf5a.png - Prediction 1 - Time 20.36892795562744
Rank 0 - Image b5234584-1487-492c-8742-444b9ca41c3d.png - Prediction 0 - Time 20.701090097427368
Rank 0 - Image 71d8d6ec-253b-4272-a467-311828b2a35b.png - Prediction 0 - Time 19.97839617729187
Rank 0 - Image 0103fadb-1663-40a6-8a9e-09d626cd2091.png - Prediction 0 - Time 20.1888747215271
Rank 0 - Image e4cd65ae-65de-44fc-a6b2-ebbc46d2e8d8.png - Prediction 0 - Time 20.584030151367188
Rank 0 - Image 2f8fbfdc-56db-4eca-bf64-3c9a0637e28c.png - Prediction 0 - Time 20.301326990127563
Rank 0 - Image bc46651a-1314-44af-a834-1eb8a36e589e.png - Prediction 0 - Time 19.932010889053345
Rank 0 - Image 71d25920-4060-4a31-b7aa-cfbf4721a5c5.png - Prediction 0 - Time 19.2606303691864
Rank 0 - Image ca3c90e4-f7fe-4f6e-b20b-81473deab4f0.png - Prediction 0 - Time 20.31323003768921
Rank 0 - Image dab2f334-331c-42c7-af09-a997092464b0.png - Prediction 1 - Time 20.443962812423706
Rank 0 - Image 436dce2a-06c3-4281-bb8e-840497a49381.png - Prediction 1 - Time 19.7251296043396
Rank 0 - Image af6ef3d9-81c8-434e-bc5a-dbf89bc418aa.png - Prediction 0 - Time 19.639607429504395
Rank 0 - Image a7aef71b-0fc8-4837-be79-4ced56e03439.png - Prediction 0 - Time 20.404789924621582
Rank 0 - Image dfa57c1f-01fb-4417-a1b5-0641a9b4bb84.png - Prediction 0 - Time 19.36530590057373
Rank 0 - Image 5eb932e2-3455-40fe-93db-ae44f897d9e0.png - Prediction 0 - Time 20.492434978485107
Rank 0 - Image e8485b0f-293d-4ca8-8b71-92db61c8ee3e.png - Prediction 0 - Time 19.834720373153687
Rank 0 - Image 35cda03a-0898-4f8b-92d3-6f263aed23ff.png - Prediction 0 - Time 20.216906785964966
Rank 0 - Image d82e5841-2f43-4eab-ac17-e98a2d90c51b.png - Prediction 0 - Time 19.30963134765625
Rank 0 - Image af1d168c-4850-41e1-85b8-ff8fc645e671.png - Prediction 0 - Time 19.40888023376465
Rank 0 - Image 585f5059-8938-4885-accb-d7d0b1097c60.png - Prediction 0 - Time 20.823012828826904
Rank 0 - Image 5d4c7318-4739-4470-89f3-70bbbca95f10.png - Prediction 0 - Time 20.47716474533081
Rank 0 - Image d3ad2915-af30-426c-ad2d-1634df8c1b5f.png - Prediction 0 - Time 20.327945232391357
Rank 0 - Image dee054ff-0e1a-4167-b814-cbf339cf689c.png - Prediction 0 - Time 19.42827606201172
Rank 0 - Image bb068d57-86a8-4347-bee0-e29d59ddef6b.png - Prediction 0 - Time 20.749693393707275
Rank 0 - Image 354c3756-43ed-4921-adf8-60be49a8b7e8.png - Prediction 0 - Time 19.996071100234985
Rank 0 - Image b8dd7d32-b177-4d1e-982f-6f0a743828fa.png - Prediction 0 - Time 19.643882513046265
Rank 0 - Image a17f7e03-42a6-41d3-82ad-d8a656826936.png - Prediction 0 - Time 19.436210870742798
Rank 0 - Image c3c78e4e-1a31-4a92-be4b-0fc3c7f992a4.png - Prediction 0 - Time 19.157923460006714
Rank 0 - Image f1c8caa2-a6dc-40c0-ab85-4769688f1eec.png - Prediction 0 - Time 20.579211235046387
Rank 0 - Image d535a3c8-c4a4-4856-b5cd-17f6332eac8b.png - Prediction 0 - Time 20.610684633255005
Rank 0 - Image 2ed06be4-9f0e-4256-b8bf-a4b396cc6364.png - Prediction 0 - Time 18.936773538589478
Rank 0 - Image 168f4fcb-a87d-49fc-b167-4ed42fd1ec43.png - Prediction 0 - Time 19.268757343292236
Rank 0 - Image a8e3ea7d-0b63-45cf-85d8-1078d3e2449d.png - Prediction 0 - Time 19.688374757766724
Rank 0 - Image f31d1fb1-604b-4fec-b320-f07ce2694008.png - Prediction 0 - Time 20.615397214889526
Rank 0 - Image 069cfd47-0169-43e7-89a1-0be0fa24105b.png - Prediction 0 - Time 20.766180992126465
Rank 0 - Image 85d84453-ab2d-4666-98e6-5df3cbb81f5b.png - Prediction 0 - Time 20.4556827545166
Rank 0 - Image 8db71746-e837-43c2-bdf1-c44d1ab207e3.png - Prediction 0 - Time 20.286935329437256
Rank 0 - Image 275f9fff-2439-4f3f-9c48-7c21f348701a.png - Prediction 0 - Time 20.505975484848022
Rank 0 - Image 1d1968e2-88a5-4d72-9237-caf4cbad9423.png - Prediction 0 - Time 19.531718254089355
Rank 0 - Image 07aeb82e-773b-4498-95c0-fabdf4985bb2.png - Prediction 0 - Time 18.89985752105713
Rank 0 - Image 652d6bb3-56a0-4a89-9631-684ce27cfc4c.png - Prediction 0 - Time 20.505714178085327
Rank 0 - Image e155c13d-7ac7-4765-bb86-899349978413.png - Prediction 1 - Time 20.62693762779236
Rank 0 - Image 98bfaf7a-d80b-491e-a7e0-c5c7316bebe9.png - Prediction 0 - Time 19.692016124725342
Rank 0 - Image 76b180ab-242f-45d3-bce1-68df00c5ef45.png - Prediction 0 - Time 20.493083953857422
Rank 0 - Image 372b2fea-2013-4600-a06f-765c3f054a82.png - Prediction 0 - Time 20.447923183441162
Rank 0 - Image a52aa522-a1b3-4f15-8609-f44bf96da2e3.png - Prediction 0 - Time 19.999001264572144
Rank 0 - Image 6556ce72-1a60-40aa-aaf7-b50dbf07fae7.png - Prediction 0 - Time 19.456218004226685
Rank 0 - Image 633d9182-1809-41b7-a59b-1e60ac91f0c9.png - Prediction 0 - Time 20.742055654525757
Rank 0 - Image fd7bad9a-1bff-49ec-9c6c-c9aae9e65726.png - Prediction 0 - Time 20.02461004257202
Rank 0 - Image 99432aa3-8d61-4ff2-a79a-f0a0218d6fa2.png - Prediction 0 - Time 19.85828447341919
Rank 0 - Image 34bf2fcd-131a-428c-9a21-cd2fa9041f9b.png - Prediction 0 - Time 20.37890338897705
Rank 0 - Image b5007662-ff9c-49ad-9093-85ed7dc44bf4.png - Prediction 0 - Time 19.908839464187622
Rank 0 - Image 06b2f933-3ea2-4477-ac27-18f732d1f4e1.png - Prediction 0 - Time 19.613980054855347
Rank 0 - Image c2b24ebd-2c40-48c3-ba39-177224dd7db0.png - Prediction 0 - Time 19.647388458251953
Rank 0 - Image 63192a6c-02ba-48a5-932a-bb82aeacb1bc.png - Prediction 0 - Time 20.49305295944214
Rank 0 - Image 73dca3d1-5c58-4c72-80a9-201deca7ffec.png - Prediction 0 - Time 19.74312424659729
Rank 0 - Image c485a9bd-6e18-4328-8c5c-cf80f71aa35d.png - Prediction 0 - Time 19.877469301223755
Rank 0 - Image b540ba89-72f7-40f5-a916-376546c20014.png - Prediction 0 - Time 19.684385299682617
Rank 0 - Image 33e4e43b-054b-4537-9cd6-0fe574f7d337.png - Prediction 0 - Time 21.084559679031372
Rank 0 - Image 45dd0d26-0740-4c32-bd01-34246a41f3e3.png - Prediction 0 - Time 20.527260065078735
Rank 0 - Image ad446933-fb8e-4739-bb40-2063e796ffd8.png - Prediction 0 - Time 19.65407395362854
Rank 0 - Image 5b12801f-aaf7-442e-b994-ec8f15ce78e5.png - Prediction 0 - Time 20.880892992019653
Rank 0 - Image 3fe1550e-8bcb-4732-a343-725acce70531.png - Prediction 0 - Time 20.0526020526886
Rank 0 - Image 0bb24183-8b59-48f1-8bbf-4d889976fc82.png - Prediction 0 - Time 19.935571670532227
Rank 0 - Image 02e4191e-fb03-4581-914c-f0438a17e53e.png - Prediction 0 - Time 20.363872051239014
Rank 0 - Image a8dfd068-69e9-4486-bb22-2a04f2f2e1a5.png - Prediction 0 - Time 19.814164638519287
Rank 0 - Image 63f71157-7db6-476f-b320-ba2fcbe2543f.png - Prediction 0 - Time 20.52765130996704
Rank 0 - Image 1cdba4ee-0bb8-421d-9a24-7febeb399729.png - Prediction 0 - Time 20.053319692611694
Rank 0 - Image e1d23cbe-213d-48d6-a8c2-672c4e68285d.png - Prediction 0 - Time 20.161216974258423
Rank 0 - Image 4b1cab8a-c9bd-40e6-bc86-23c6be98a099.png - Prediction 0 - Time 19.082943201065063
Rank 0 - Image ec0492da-e6be-49cf-8b18-dc143180f1a2.png - Prediction 0 - Time 20.418680906295776
Rank 0 - Image 89dd8f63-8320-48f3-b142-d903f40d5c8c.png - Prediction 0 - Time 19.91942048072815
Rank 0 - Image b76728e6-f44b-40bf-8688-e703d10d2039.png - Prediction 0 - Time 20.565444231033325
Rank 0 - Image d9884def-b31a-4861-9eea-27f97bffeba2.png - Prediction 0 - Time 20.80305314064026
Rank 0 - Image ffba6230-71cf-4287-a0d1-887f5d16e95d.png - Prediction 0 - Time 20.799927949905396
Rank 0 - Image f3b015ab-e337-4e7f-971d-eb7cc3dd4e92.png - Prediction 0 - Time 20.212385177612305
Rank 0 - Image bca4aa4d-0cc9-4cc0-b06d-5b675194bf62.png - Prediction 0 - Time 20.997725009918213
Rank 0 - Image 9e2ddac8-9a4c-448b-98c8-a840a548d0f7.png - Prediction 0 - Time 19.615490436553955
Rank 0 - Image fc958b63-5da8-448d-8962-3c5167dc9410.png - Prediction 0 - Time 19.938733100891113
Rank 0 - Image cb7d021b-b273-436a-bd7a-e68c11ed3f6b.png - Prediction 0 - Time 19.399390697479248
Rank 0 - Image ff332704-48e0-445b-9188-b2a696d1f0d7.png - Prediction 0 - Time 19.931862831115723
Rank 0 - Image 3e1b619a-cdd9-495a-bcbf-a9d62b418991.png - Prediction 0 - Time 20.120587587356567
Rank 0 - Image 0977f16c-c343-42c9-95ed-d7ca996feb16.png - Prediction 1 - Time 20.5593421459198
Rank 0 - Image f8a11cd6-e541-4765-a41b-3d70b6f3481e.png - Prediction 0 - Time 21.157299041748047
Rank 0 - Image 960131aa-4ce4-4b26-aa12-5f73d8d81453.png - Prediction 0 - Time 20.5273916721344
Rank 0 - Image 3a5327d8-8830-4ae2-bd6b-293f5aa42d4b.png - Prediction 0 - Time 20.966057538986206
Rank 0 - Image a0b9597d-93f4-4a7c-a412-81cb78bccb66.png - Prediction 0 - Time 19.11970829963684
Rank 0 - Image cdac0980-033c-4685-b7e4-0a12c86a00a9.png - Prediction 0 - Time 20.658143758773804
Rank 0 - Image 7ca5c75a-1ec6-49a7-a3b0-93b6122a3170.png - Prediction 0 - Time 20.725840091705322
Rank 0 - Image d1e0d69c-a4df-485a-983c-535494221d1a.png - Prediction 0 - Time 19.86956262588501
Rank 0 - Image 6b969591-8a07-49ed-9f65-fa19a453df59.png - Prediction 1 - Time 18.969237089157104
Rank 0 - Image bd8facb9-dce0-4048-8249-e6078b28e1b7.png - Prediction 1 - Time 19.294260025024414
Rank 0 - Image 4dbc44ca-694a-4814-9a24-bc60c8d8d611.png - Prediction 1 - Time 19.550102710723877
Rank 0 - Image 3f504abe-2133-4e09-98af-743cdea486f9.png - Prediction 1 - Time 20.570960521697998
Rank 0 - Image af169d21-1c39-445e-82d8-5035182a3a8c.png - Prediction 1 - Time 19.304096698760986
Rank 0 - Image fcd159f4-21d3-4169-a94b-95a2b5ccddcb.png - Prediction 1 - Time 20.245399236679077
Rank 0 - Image b6db3041-1554-43ef-baca-58733b6717d6.png - Prediction 0 - Time 19.284969806671143
Rank 0 - Image a0a8370a-dc3f-4f70-a440-e3fa9827928a.png - Prediction 1 - Time 19.786093711853027
Rank 0 - Image 1dad3414-88c9-4c56-af5d-3a1488af452c.png - Prediction 1 - Time 20.125736474990845
Rank 0 - Image f760c946-a103-4991-a6e5-ff60c24cd99f.png - Prediction 1 - Time 20.199527502059937
Rank 0 - Image b021293c-4dd0-450c-b1a4-2d72cedab0a2.png - Prediction 1 - Time 20.42575764656067
Rank 0 - Image 349f10b4-dc3e-4f3f-b2e4-a5b81448ce87.png - Prediction 1 - Time 19.67886209487915
Rank 0 - Image 05d3817a-5535-4e77-8dda-d4412e496c81.png - Prediction 1 - Time 19.914916276931763
Rank 0 - Image c21157da-1f74-4966-ba4e-c144d8f5da2d.png - Prediction 1 - Time 20.243868350982666
Rank 0 - Image 5acc56a4-1b6e-4394-9364-9772047d583f.png - Prediction 1 - Time 20.320380210876465
Rank 0 - Image dd4d6a4c-1e67-4911-bda2-7d8af75b1b19.png - Prediction 1 - Time 19.853512048721313
Rank 0 - Image f0ba0019-718f-4677-a723-05c27dba2f3e.png - Prediction 1 - Time 19.538645267486572
Rank 0 - Image cc3177c8-6570-497c-aef3-6fbddef692f6.png - Prediction 1 - Time 20.477376699447632
Rank 0 - Image 0e03c2d7-9cea-4dc7-8e91-794a8b3ff58d.png - Prediction 1 - Time 19.194545030593872
Rank 0 - Image 070c921f-171c-420c-915b-e49e3f600c38.png - Prediction 1 - Time 20.10824227333069
Rank 0 - Image caa545b4-4eea-4e3a-90b1-c4c0789a1109.png - Prediction 1 - Time 20.434475421905518
Rank 0 - Image 7817b551-d220-479b-815f-395f83e1dba1.png - Prediction 1 - Time 20.637945413589478
Rank 0 - Image f743c21e-5876-460b-bbd6-2e2dcca41baa.png - Prediction 1 - Time 19.206188440322876
Rank 0 - Image e1d5a233-39ca-41dc-a289-b07c3e78cdb1.png - Prediction 1 - Time 20.357863426208496
Rank 0 - Image 40a2f7fd-342e-494b-a7e0-5857b73ec582.png - Prediction 1 - Time 19.696014881134033
Rank 0 - Image bcdd92c8-2cde-4899-a6fc-46b875aaab62.png - Prediction 1 - Time 19.564576864242554
Rank 0 - Image ac648f87-a79f-4ce0-9439-23a8dd886b71.png - Prediction 1 - Time 19.86843729019165
Rank 0 - Image 93b49de9-9267-43c2-a507-6885e4caeaba.png - Prediction 1 - Time 19.28804922103882
Rank 0 - Image af2ff93b-2f33-4c91-bde1-1490fc435b50.png - Prediction 1 - Time 19.341679573059082
Rank 0 - Image 31692137-f770-4cfe-a02e-fd207ce813ac.png - Prediction 1 - Time 19.214698791503906
Rank 0 - Image f7379744-be39-44b2-8816-a743857bd6a6.png - Prediction 1 - Time 20.005269765853882
Rank 0 - Image 3186d210-966f-4733-ba72-98729be9551a.png - Prediction 1 - Time 19.356364727020264
Rank 0 - Image b51c3c24-f9aa-4039-9fc1-527a5567dff6.png - Prediction 1 - Time 19.801613092422485
Rank 0 - Image e9e58e10-2795-4dec-a738-c9792ea8f685.png - Prediction 1 - Time 19.903839111328125
Rank 0 - Image cd9d2d22-4395-4e4d-8837-cfb33c2bdaab.png - Prediction 1 - Time 20.541537523269653
Rank 0 - Image b42eaeb8-b6d3-41d7-836c-56fd0922abf6.png - Prediction 1 - Time 20.25971817970276
Rank 0 - Image ae06b30f-ae30-40d3-b237-c934ce499774.png - Prediction 1 - Time 19.874093294143677
Rank 0 - Image f59ae80d-d98e-465f-963a-1064764211f8.png - Prediction 1 - Time 20.54493236541748
Rank 0 - Image 03a9498c-549d-4e7d-800b-e74797f7f625.png - Prediction 1 - Time 20.489307641983032
Rank 0 - Image 080f2b35-fcd5-473e-864b-a7dea3054cc7.png - Prediction 1 - Time 19.93683624267578
Rank 0 - Image b479635e-4c58-4d27-879b-fb0e87b2a1aa.png - Prediction 1 - Time 20.507754802703857
Rank 0 - Image 86853bbd-5af2-4551-8273-f2978dffdd76.png - Prediction 1 - Time 18.966517210006714
Rank 0 - Image acb5c720-f741-415c-993c-65855be08ffa.png - Prediction 1 - Time 19.277027368545532
Rank 0 - Image 1414c7d6-dff3-453c-8322-b25bb5899d78.png - Prediction 1 - Time 20.498307943344116
Rank 0 - Image c3a6ca22-c09b-4be0-a59d-e52718fbb645.png - Prediction 1 - Time 20.177722930908203
Rank 0 - Image bfd795ae-7656-40fc-b44e-566515e52ed2.png - Prediction 1 - Time 20.062552213668823
Rank 0 - Image 098906c5-cf22-43d3-9f0d-90e88e602090.png - Prediction 1 - Time 19.381110191345215
Rank 0 - Image b5714c0f-6d0f-4c56-833f-8b83f19e982a.png - Prediction 1 - Time 20.00904393196106
Rank 0 - Image 875b34e4-b58d-479f-954a-5b015071f448.png - Prediction 1 - Time 20.07700514793396
Rank 0 - Image 91e187a5-771d-4a83-9601-e22ed326bc8e.png - Prediction 1 - Time 19.460182666778564
Rank 0 - Image 3abb7176-035d-46cc-844e-820870e8154b.png - Prediction 1 - Time 19.031339168548584
Rank 0 - Image 3e4ee273-d5ca-4cf8-a75a-05772e0e12fe.png - Prediction 1 - Time 19.826316118240356
Rank 0 - Image bd9af100-1805-4e0a-8875-4a4b7195f0d8.png - Prediction 1 - Time 19.63681960105896
Rank 0 - Image 6804008c-94eb-4870-ba6e-b06514073e71.png - Prediction 1 - Time 19.709611892700195
Rank 0 - Image 0d9b1283-fc24-4fd3-a520-bc5d563e13e1.png - Prediction 1 - Time 19.9937264919281
Rank 0 - Image 0a8d486f-1aa6-4fcf-b7be-4bf04fc8628b.png - Prediction 1 - Time 20.436098098754883
Rank 0 - Image 37f17069-62ce-42ff-9fa4-d6a1056bd075.png - Prediction 1 - Time 19.753122806549072
Rank 0 - Image 3db7e979-5f97-4985-bf0c-cdea7951e246.png - Prediction 1 - Time 20.117924451828003
Rank 0 - Image e2e89418-6c0e-4f50-a2d9-6cd5e58feef0.png - Prediction 1 - Time 20.618969202041626
Rank 0 - Image 393b8e45-6d97-4013-8100-27ebf07a1dad.png - Prediction 1 - Time 20.51772713661194
Rank 0 - Image 2348e8ba-483f-476d-b29d-5ba8398d7abc.png - Prediction 1 - Time 19.483348608016968
Rank 0 - Image aef87dc2-a097-4683-9fb1-d1af6838a16a.png - Prediction 0 - Time 20.659947872161865
Rank 0 - Image afe1b6e2-203e-4ee5-856a-2f205d8bca2a.png - Prediction 1 - Time 20.185738563537598
Rank 0 - Image 3d070009-c877-4ed4-ac80-53781cb30fef.png - Prediction 1 - Time 20.151428699493408
Rank 0 - Image 34fbff70-fa6e-4709-ab07-17f739fce394.png - Prediction 1 - Time 20.9680814743042
Rank 0 - Image 2c68016e-5a63-4430-a834-efe5d43edd0e.png - Prediction 1 - Time 19.590354204177856
Rank 0 - Image 8ae822ae-a656-47ba-ac5b-848ce2256575.png - Prediction 1 - Time 20.07337737083435
Rank 0 - Image f661fe70-2fc1-4564-9f53-45504c0b0688.png - Prediction 1 - Time 19.998443365097046
Rank 0 - Image 78c33a1a-8f22-476c-ae97-8190192102df.png - Prediction 1 - Time 20.66895604133606
Rank 0 - Image 652b519d-5eb4-4abc-93f7-15ae661a431f.png - Prediction 1 - Time 19.85027837753296
Rank 0 - Image 2397b2f6-3dfa-476c-89ea-e9992c5bd9a9.png - Prediction 1 - Time 21.182246446609497
Rank 0 - Image ac10f43e-03b8-43d2-bcae-6fe000542397.png - Prediction 0 - Time 20.016080617904663
Rank 0 - Image 3c8cc0d1-be7f-493d-9570-542d851f623b.png - Prediction 1 - Time 20.34099507331848
Rank 0 - Image 6565a9e6-3f01-4de8-a18d-ade3121c5d7c.png - Prediction 1 - Time 20.8703875541687
Rank 0 - Image ed0c5d1e-934a-4e31-9221-3a6a69ec9c1b.png - Prediction 1 - Time 20.914512872695923
Rank 0 - Image 4bc8ce99-2420-48c2-a768-d067da67ced2.png - Prediction 1 - Time 19.92494225502014
Rank 0 - Image 6df82c7a-a91e-487c-ae3a-9022b17d7c7a.png - Prediction 1 - Time 20.759414434432983
Rank 0 - Image a6c364d2-b2d6-4b0b-a439-40b992ff65c7.png - Prediction 1 - Time 19.917670965194702
Rank 0 - Image 32a5977f-f8ab-41c9-9b51-5387248e4675.png - Prediction 0 - Time 20.23818302154541
Rank 0 - Image c3751c94-ea6f-4a7c-b3bf-87a54012fa80.png - Prediction 0 - Time 19.945017337799072
Rank 0 - Image 1c0a780d-1cac-4eee-b46d-470ecebc9ae0.png - Prediction 1 - Time 19.010179042816162
Rank 0 - Image b852bc3c-0de5-4448-aff8-f96b2cc13d51.png - Prediction 1 - Time 18.91121506690979
Rank 0 - Image a2616330-1f29-4019-928f-e2d62b3b737b.png - Prediction 1 - Time 20.53104877471924
Rank 0 - Image a6236ddd-6367-4569-b5f1-07d2df9390ad.png - Prediction 1 - Time 19.473350524902344
Rank 0 - Image b8d6b40d-2a3d-475f-88d3-03560f645223.png - Prediction 1 - Time 20.626848459243774
Rank 0 - Image 49b2fb17-b12c-4e5a-8c4a-02449027c42b.png - Prediction 1 - Time 20.25505304336548
Rank 0 - Image 3766b0a6-1769-4d82-b081-fa53531de34e.png - Prediction 1 - Time 19.540525197982788
Rank 0 - Image f12d7b12-0398-4533-8f55-8772cc434945.png - Prediction 1 - Time 19.104588270187378
Rank 0 - Image 0b7a4fb2-adab-484b-a0f7-23f5111bc745.png - Prediction 1 - Time 20.286420583724976
Rank 0 - Image 1565fd6c-9432-454a-87e4-937fd5ad5b60.png - Prediction 1 - Time 20.37808918952942
Rank 0 - Image 02002619-3dea-4038-8d4d-458db30ed8de.png - Prediction 1 - Time 19.91229248046875
Rank 0 - Image becefa4b-f719-48c6-a903-85e391e026a4.png - Prediction 1 - Time 20.412419319152832
Rank 0 - Image 3f2b878e-9e3b-410b-a739-b43d81b98692.png - Prediction 1 - Time 19.580646514892578
Rank 0 - Image adce8349-6836-4328-ab63-f356d0bbe298.png - Prediction 1 - Time 20.039504528045654
Rank 0 - Image 854fee36-d54c-4cde-904d-ab77f5e2e091.png - Prediction 1 - Time 19.36065411567688
Rank 0 - Image baf8fe18-a7ca-4e9c-b3dc-5c80d474545b.png - Prediction 1 - Time 20.921387434005737
Rank 0 - Image a77b32f6-1999-4cc6-8a0d-1ef7e53850f0.png - Prediction 1 - Time 19.661380290985107
Rank 0 - Image 41bf2042-53a2-44a8-9a29-55e643af5ac0.png - Prediction 1 - Time 20.529030799865723
Rank 0 - Image ec09ddb3-9b0b-4749-9e0d-f94a4a7e5fed.png - Prediction 1 - Time 20.587793827056885
Rank 0 - Image abff4044-3c0a-458f-b0c7-04254be7fc0c.png - Prediction 1 - Time 19.365843772888184
Rank 0 - Image 27b32500-40ef-4c14-ab88-ace5e9ceea27.png - Prediction 1 - Time 19.385574102401733
Rank 0 - gathering data of length: 1
Created csv file: /p/project/joaiml/ingolfsson1/COVID_Net/results/covidx_test_1_480_8077.csv
Total inference time: 8077.028603076935
